****************add_article.pyday2022_06_01*****************
執行中
2022-06-01 13:29:54
新增 [問卦] 被警察開單 可以催促警察
新增 [問卦] 異色檔案：一宗離奇車禍，疑點重重
DB連接成功...
https://www.ptt.cc/bbs/Gossiping/M.1654054611.A.C3F.html 文章新增失敗
DB連接成功...
https://www.ptt.cc/bbs/Gossiping/M.1654055224.A.527.html 文章新增成功
作業完畢...兩小時後再次執行
2022-06-01 15:29:55
新增 [新聞] 竹縣警局竟代發肇事者聲明 議員按鈴告發
新增 [新聞] 竹縣警局竟代發肇事者聲明 議員按鈴告發
新增 Re: [新聞] 交通違規檢舉新制滿月 警怨更忙
新增 Re: [新聞] 交通違規檢舉新制滿月 警怨更忙
新增 [新聞] 竹縣警局竟代發肇事者聲明 議員按鈴告發
新增 Re: [新聞] 「綁架孩子生命為政治利益」 顏若芳：國
新增 [新聞] 竹縣警局竟代發肇事者聲明 議員按鈴告發
新增 Re: [新聞] 交通違規檢舉新制滿月 警怨更忙
新增 [新聞] 竹縣警局竟代發肇事者聲明 議員按鈴告發
新增 [閒聊] 烏龍派出所的好看保證是誰？
新增 Re: [新聞] 交通違規檢舉新制滿月 警怨更忙
新增 [新聞] 竹縣警局竟代發肇事者聲明 議員按鈴告發
DB連接成功...
https://www.ptt.cc/bbs/Gossiping/M.1654061412.A.126.html 文章新增成功
DB連接成功...
https://www.ptt.cc/bbs/C_Chat/M.1654062381.A.D0D.html 文章新增成功
DB連接成功...
https://www.ptt.cc/bbs/Gossiping/M.1654061651.A.A01.html 文章新增成功
DB連接成功...
https://www.ptt.cc/bbs/Gossiping/M.1654062830.A.EED.html 文章新增成功
作業完畢...兩小時後再次執行
2022-06-01 17:29:57
新增 Re: [討論] 竹縣警關心天虹副總撞死人 藍扯羅秉成
新增 Re: [討論] 竹縣警關心天虹副總撞死人 藍扯羅秉成
新增 [新聞] 醉男路倒遭輾斃 肇事駕駛辯以為石頭
DB連接成功...
https://www.ptt.cc/bbs/HatePolitics/M.1654069239.A.EF5.html 文章新增成功
DB連接成功...
https://www.ptt.cc/bbs/HatePolitics/M.1654069882.A.42D.html 文章新增成功
DB連接成功...
https://www.ptt.cc/bbs/Gossiping/M.1654069360.A.344.html 文章新增成功
作業完畢...兩小時後再次執行
2022-06-01 19:29:58
新增 Re: [新聞] 美台安全關係深化！路透：美國國民兵擬和
新增 Fw: [新聞] 快訊／蔡其昌助理涉造謠 台中市警
DB連接成功...
https://www.ptt.cc/bbs/Baseball/M.1654076359.A.AF8.html 文章新增成功
DB連接成功...
https://www.ptt.cc/bbs/Gossiping/M.1654076803.A.141.html 文章新增成功
作業完畢...兩小時後再次執行
2022-06-01 21:30:00
新增 Re: [問題] 獵人OP最頂的是早安還是departure?
DB連接成功...
https://www.ptt.cc/bbs/C_Chat/M.1654083017.A.6D4.html 文章新增成功
作業完畢...兩小時後再次執行
2022-06-01 23:30:01
新增 Re: [問題] 最初快打旋風的隆肯有差很多嗎？
新增 [新聞] 上海從未「封城」？ 人道災難甩向居委會
新增 Re: [閒聊] 來分析一下美好世界三期跟外傳（公司音樂部門）
DB連接成功...
https://www.ptt.cc/bbs/Gossiping/M.1654090841.A.75B.html 文章新增成功
DB連接成功...
https://www.ptt.cc/bbs/C_Chat/M.1654090829.A.ED5.html 文章新增成功
DB連接成功...
https://www.ptt.cc/bbs/C_Chat/M.1654091662.A.B02.html 文章新增成功
作業完畢...兩小時後再次執行
2022-06-02 01:30:02
新增 [新聞] 打中國國產疫苗患白血病 民眾追責
新增 [新聞] 摩鐵藏針孔爆業者嗆「老闆是檢察官」 雄
新增 [閒聊] 446阿火星姐總長能算是大姐頭屬性嗎
新增 [新聞] 偷拍抓到丈夫外遇 女子反因妨害秘密被判刑
新增 [新聞] 摩鐵藏針孔爆業者嗆「老闆是檢察官」 雄
DB連接成功...
https://www.ptt.cc/bbs/C_Chat/M.1654098689.A.40A.html 文章新增成功
DB連接成功...
https://www.ptt.cc/bbs/Gossiping/M.1654097461.A.498.html 文章新增成功
DB連接成功...
https://www.ptt.cc/bbs/Gossiping/M.1654098445.A.E5B.html 文章新增成功
DB連接成功...
https://www.ptt.cc/bbs/Gossiping/M.1654098808.A.CFC.html 文章新增成功
作業完畢...兩小時後再次執行
2022-06-02 03:30:03
作業完畢...兩小時後再次執行
2022-06-02 05:30:04
作業完畢...兩小時後再次執行
2022-06-02 07:30:06
作業完畢...兩小時後再次執行
2022-06-02 09:30:07
新增 [新聞] 神鬼交鋒騙子犯案累累趴趴走／竟改與宏
新增 [新聞] 神鬼交鋒騙子犯案累累趴趴走／竟改與宏
DB連接成功...
https://www.ptt.cc/bbs/Gossiping/M.1654126538.A.6D0.html 文章新增成功
作業完畢...兩小時後再次執行
2022-06-02 11:30:08
作業完畢...兩小時後再次執行
2022-06-02 13:30:09
新增 [問卦] 冷凍水餃不買八方的理由??
DB連接成功...
https://www.ptt.cc/bbs/Gossiping/M.1654141237.A.E91.html 文章新增成功
作業完畢...兩小時後再次執行
