****************add_article.pyday2022_05_25*****************
執行中
2022-05-25 10:42:37
新增 [新聞] 避免303大停電惡夢重演 屏東號誌燈加裝
新增 Re: [新聞] 女車主違停被檢舉開單　副座車門還被刮「
新增 Re: [討論] 德州發生恐怖槍擊屠殺事件
新增 [新聞] 美德州重大槍擊案！高中生先殺祖母再闖小
新增 [新聞] 避免303大停電惡夢重演 屏東號誌燈加裝
新增 [新聞] 美德州重大槍擊案！高中生先殺祖母再闖小
新增 Re: [新聞] 女車主違停被檢舉開單　副座車門還被刮「
DB連接成功...
https://www.ptt.cc/bbs/Gossiping/M.1653442507.A.DB4.html 文章新增成功
DB連接成功...
https://www.ptt.cc/bbs/Gossiping/M.1653441176.A.F5D.html 文章新增成功
DB連接成功...
https://www.ptt.cc/bbs/HatePolitics/M.1653440350.A.898.html 文章新增成功
DB連接成功...
https://www.ptt.cc/bbs/Gossiping/M.1653443426.A.9BA.html 文章新增成功
作業完畢...兩小時後再次執行
2022-05-25 12:42:37
新增 [討論] 台南市防疫
新增 [問卦] 台灣啟示錄是不是有點好看= =
新增 Re: [討論] 苗博雅和周玉蔻對信義分局施壓
新增 [問卦] 台灣有哪個政黨支持槍枝合法化
新增 [新聞] 防制不法介入九合一 台南查察賄選及暴力
DB連接成功...
https://www.ptt.cc/bbs/Gossiping/M.1653449233.A.4B8.html 文章新增成功
DB連接成功...
https://www.ptt.cc/bbs/HatePolitics/M.1653450508.A.C66.html 文章新增成功
DB連接成功...
https://www.ptt.cc/bbs/Gossiping/M.1653448981.A.BCB.html 文章新增成功
DB連接成功...
https://www.ptt.cc/bbs/Gossiping/M.1653447391.A.C88.html 文章新增成功
DB連接成功...
https://www.ptt.cc/bbs/HatePolitics/M.1653448642.A.350.html 文章新增成功
作業完畢...兩小時後再次執行
2022-05-25 14:42:39
新增 Re: [新聞] 警方追殺徐巧芯違停案警員 民進黨立委看
新增 Re: [問卦] 美國為何還不廢除合法擁槍？
新增 Re: [討論] 苗博雅和周玉蔻對信義分局施壓
新增 Re: [問卦] 如果台灣允許持槍，治安會變好還是壞？
新增 [問卦] 竹北算是最友善的城市吧
新增 Re: [問卦] 路上違停真的有變多嗎？
新增 [問卦] 路上違停真的有變多嗎？
新增 [新聞] 憂四方安全對話遏制中國 北京由不理會改
新增 Re: [討論] 德州發生恐怖槍擊屠殺事件
新增 Re: [新聞] 警方追殺徐巧芯違停案警員 民進黨立委看
新增 Re: [新聞] 天虹科技副總撞死騎士！警高官陪作筆錄　
新增 [新聞] 天虹科技副總撞死騎士！警高官陪作筆錄　
新增 [新聞] 天虹科技副總撞死騎士！「害命3寶」竟甩
新增 [新聞] 天虹科技副總撞死騎士！「害命3寶」竟
新增 Re: [新聞] 警方追殺徐巧芯違停案警員 民進黨立委看
新增 [新聞] 天虹科技副總撞死騎士！「害命3寶」竟甩
新增 Re: [新聞] 天虹科技副總撞死騎士！警高官陪作筆錄　
新增 [新聞] 天虹科技副總撞死騎士！警高官陪作筆錄　
新增 [新聞] 天虹科技副總撞死騎士！「害命3寶」竟
DB連接成功...
https://www.ptt.cc/bbs/HatePolitics/M.1653456223.A.360.html 文章新增成功
DB連接成功...
https://www.ptt.cc/bbs/Gossiping/M.1653456104.A.8E4.html 文章新增成功
DB連接成功...
https://www.ptt.cc/bbs/Gossiping/M.1653456349.A.575.html 文章新增成功
DB連接成功...
https://www.ptt.cc/bbs/Gossiping/M.1653456976.A.5FA.html 文章新增成功
DB連接成功...
https://www.ptt.cc/bbs/Gossiping/M.1653454928.A.4B8.html 文章新增成功
DB連接成功...
https://www.ptt.cc/bbs/Gossiping/M.1653454334.A.06C.html 文章新增成功
DB連接成功...
https://www.ptt.cc/bbs/Gossiping/M.1653454848.A.689.html 文章新增成功
DB連接成功...
https://www.ptt.cc/bbs/HatePolitics/M.1653454427.A.0B1.html 文章新增成功
DB連接成功...
https://www.ptt.cc/bbs/Gossiping/M.1653455293.A.A21.html 文章新增成功
DB連接成功...
https://www.ptt.cc/bbs/Gossiping/M.1653455354.A.22C.html 文章新增成功
DB連接成功...
https://www.ptt.cc/bbs/Gossiping/M.1653453883.A.585.html 文章新增成功
DB連接成功...
https://www.ptt.cc/bbs/HatePolitics/M.1653457581.A.64C.html 文章新增成功
DB連接成功...
https://www.ptt.cc/bbs/Gossiping/M.1653455899.A.D85.html 文章新增成功
作業完畢...兩小時後再次執行
2022-05-25 16:42:40
新增 [討論] 超過92萬染疫台灣人康復了耶！
新增 [討論] 徐巧芯VS范雲
新增 Re: [新聞] 天虹科技副總撞死騎士！警高官陪作筆錄　
新增 Re: [新聞] 天虹科技副總撞死騎士！警高官陪作筆錄　
新增 [新聞] 死亡車禍問家屬自殺傾向是SOP？分局長還
新增 Re: [新聞] 天虹科技副總撞死騎士！警高官陪作筆錄　
新增 [新聞] 死亡車禍問家屬自殺傾向是SOP？分局長還
新增 [新聞] 死亡車禍問家屬自殺傾向是SOP？分局長還
新增 Re: [新聞] 天虹科技副總撞死騎士！警高官陪作筆錄　
DB連接成功...
https://www.ptt.cc/bbs/Gossiping/M.1653464010.A.0D1.html 文章新增成功
DB連接成功...
https://www.ptt.cc/bbs/HatePolitics/M.1653464026.A.D68.html 文章新增成功
DB連接成功...
https://www.ptt.cc/bbs/Gossiping/M.1653462728.A.70B.html 文章新增成功
DB連接成功...
https://www.ptt.cc/bbs/HatePolitics/M.1653465303.A.C0A.html 文章新增成功
DB連接成功...
https://www.ptt.cc/bbs/Gossiping/M.1653465184.A.52C.html 文章新增成功
作業完畢...兩小時後再次執行
2022-05-25 18:42:41
新增 Re: [新聞] 天虹科技副總撞死騎士！警高官陪作筆錄　
新增 [情報] 秉初運動娛樂經紀臉書
新增 [新聞] 不忍了！古林睿煬遭影射放水 確定對3人提告
新增 [新聞] 古林睿煬遭影射放水打假球 將對3人提告
新增 [新聞] 古林睿煬被影射打假球 經紀公司決定對3名
新增 Re: [新聞] 天虹科技副總撞死騎士！警高官陪作筆錄　
新增 [新聞] 猴痘為何突然在全球冒出頭 背後竟涉這筆2
新增 [討論] 蔣萬安被提名 會開始批評台北市政了吧?
新增 Re: [新聞] 天虹科技副總撞死騎士！警高官陪作筆錄　
DB連接成功...
https://www.ptt.cc/bbs/Baseball/M.1653470087.A.A9D.html 文章新增成功
DB連接成功...
https://www.ptt.cc/bbs/Gossiping/M.1653472116.A.17D.html 文章新增成功
DB連接成功...
https://www.ptt.cc/bbs/HatePolitics/M.1653470890.A.6C7.html 文章新增成功
DB連接成功...
https://www.ptt.cc/bbs/Gossiping/M.1653468290.A.84D.html 文章新增成功
DB連接成功...
https://www.ptt.cc/bbs/Gossiping/M.1653472694.A.2CB.html 文章新增成功
DB連接成功...
https://www.ptt.cc/bbs/Baseball/M.1653472293.A.9F0.html 文章新增成功
DB連接成功...
https://www.ptt.cc/bbs/Baseball/M.1653472186.A.6F2.html 文章新增成功
DB連接成功...
https://www.ptt.cc/bbs/Baseball/M.1653470079.A.F62.html 文章新增成功
作業完畢...兩小時後再次執行
2022-05-25 20:42:41
新增 [新聞] 科技副總撞死騎士 竹縣警局竟代發聲明澄
新增 [新聞] 中國自行解封運動持續擴大 北京工行發生擠
新增 [新聞] 天虹副總果然很夠力！撞死騎士分局長陪
新增 [新聞] 天虹副總果然很夠力！撞死騎士分局長陪
新增 [新聞] 有家暴令仍無法自救　逆孫打死88歲阿嬤！
新增 [新聞] 天虹副總果然很夠力！撞死騎士分局長陪
新增 [新聞] 有家暴令仍無法自救　逆孫打死88歲阿嬤！
新增 [新聞] 有家暴令仍無法自救　逆孫打死88歲阿嬤！
新增 [新聞] 天虹副總果然很夠力！撞死騎士分局長陪
新增 [新聞] 有家暴令仍無法自救　逆孫打死88歲阿嬤！
DB連接成功...
https://www.ptt.cc/bbs/Gossiping/M.1653476598.A.FA0.html 文章新增成功
DB連接成功...
https://www.ptt.cc/bbs/Gossiping/M.1653476277.A.116.html 文章新增成功
DB連接成功...
https://www.ptt.cc/bbs/Gossiping/M.1653479525.A.901.html 文章新增成功
DB連接成功...
https://www.ptt.cc/bbs/Gossiping/M.1653477495.A.92A.html 文章新增成功
作業完畢...兩小時後再次執行
2022-05-25 22:42:42
新增 [新聞] 上海老教授勸居委人員：文革中聽話的人都
新增 [新聞] 觀策站》蔡政府執政六年：側翼網軍國家養
新增 Re: [新聞] 天虹科技副總撞死騎士！警高官陪作筆錄　
新增 [新聞] 觀策站》蔡政府執政六年：側翼網軍國家養
新增 [討論] 要是讓兩津遇到馬斯克 會怎演下去???
新增 Re: [新聞] 天虹科技副總撞死騎士！警高官陪作筆錄　
DB連接成功...
https://www.ptt.cc/bbs/C_Chat/M.1653486614.A.839.html 文章新增成功
DB連接成功...
https://www.ptt.cc/bbs/Gossiping/M.1653486082.A.EA0.html 文章新增成功
DB連接成功...
https://www.ptt.cc/bbs/Gossiping/M.1653485385.A.8C2.html 文章新增成功
DB連接成功...
https://www.ptt.cc/bbs/HatePolitics/M.1653486465.A.EBE.html 文章新增成功
作業完畢...兩小時後再次執行
2022-05-26 00:42:43
新增 [新聞] 法輪功學員牛蘭雲遭綁架 14小時後蹊蹺離世
新增 [新聞] 習近平見巴舍萊：中國人人權得到前所未有
新增 [轉錄] 洪秀柱臉書：新疆行腳（１）
新增 Re: [新聞] 天虹副總果然很夠力！撞死騎士分局長陪
新增 Re: [新聞] 天虹副總果然很夠力！撞死騎士分局長陪
新增 Re: [新聞] 天虹副總果然很夠力！撞死騎士分局長陪
新增 [新聞] 男遭「假檢警」連騙3次損失396萬 警民約
新增 [新聞] 法輪功學員牛蘭雲遭綁架 14小時後蹊蹺離世
新增 [新聞] 法輪功學員牛蘭雲遭綁架 14小時後蹊蹺離世
新增 Re: [新聞] 天虹副總果然很夠力！撞死騎士分局長陪
新增 [生日] 祝5/25生日的角色和聲優生日快樂
DB連接成功...
https://www.ptt.cc/bbs/HatePolitics/M.1653492890.A.CF0.html 文章新增成功
DB連接成功...
https://www.ptt.cc/bbs/C_Chat/M.1653491626.A.E79.html 文章新增成功
DB連接成功...
https://www.ptt.cc/bbs/Gossiping/M.1653490646.A.284.html 文章新增成功
DB連接成功...
https://www.ptt.cc/bbs/Gossiping/M.1653489992.A.B85.html 文章新增成功
DB連接成功...
https://www.ptt.cc/bbs/HatePolitics/M.1653491236.A.289.html 文章新增成功
DB連接成功...
https://www.ptt.cc/bbs/Gossiping/M.1653493244.A.AF7.html 文章新增成功
作業完畢...兩小時後再次執行
2022-05-26 02:42:44
新增 [問卦] 戶外不戴口罩真的會罰錢嗎？
新增 [新聞] 防台3線成為大重機及青少年競技場 嘉縣
新增 [閒聊] 富堅是不是跟日暮很像啊？
新增 [新聞] 防台3線成為大重機及青少年競技場 嘉縣
DB連接成功...
https://www.ptt.cc/bbs/Gossiping/M.1653499652.A.427.html 文章新增成功
DB連接成功...
https://www.ptt.cc/bbs/C_Chat/M.1653498158.A.35A.html 文章新增成功
DB連接成功...
https://www.ptt.cc/bbs/Gossiping/M.1653498841.A.632.html 文章新增成功
作業完畢...兩小時後再次執行
2022-05-26 04:42:48
新增 Re: [問卦] 怎麼樣可以清楚的看台灣刑案屍體照
DB連接成功...
https://www.ptt.cc/bbs/Gossiping/M.1653505959.A.4FE.html 文章新增成功
作業完畢...兩小時後再次執行
2022-05-26 06:42:49
作業完畢...兩小時後再次執行
2022-05-26 08:42:49
新增 Re: [問卦] 美國警察拔槍速度是不是超快啊?
新增 Re: [轉錄] 洪秀柱臉書：新疆行腳（１）
新增 [新聞] 「違停事件」續燒！ 周玉蔻爆徐巧芯為密
DB連接成功...
https://www.ptt.cc/bbs/Gossiping/M.1653522459.A.266.html 文章新增成功
DB連接成功...
https://www.ptt.cc/bbs/HatePolitics/M.1653521898.A.D61.html 文章新增成功
DB連接成功...
https://www.ptt.cc/bbs/Gossiping/M.1653522086.A.CD8.html 文章新增成功
作業完畢...兩小時後再次執行
2022-05-26 10:42:50
新增 Re: [問卦] 美國警察拔槍速度是不是超快啊?
新增 [問卦] 美國警察看到黃種人會比較鬆懈嗎???
新增 Re: [新聞] 轉發「李遠哲爆料蔡英文心中沒有下一代」
新增 Re: [問卦] 收到Vek1112吳東穎的存證信函怎麼辦？
新增 Re: [問卦] 收到Vek1112吳東穎的存證信函怎麼辦？
新增 Re: [問卦] 收到Vek1112吳東穎的存證信函怎麼辦？
新增 Re: [問卦] 收到Vek1112吳東穎的存證信函怎麼辦？
新增 Re: [問卦] 屍體很好處理吧？
新增 Re: [新聞] 天虹科技副總撞死騎士！警高官陪作筆錄　
新增 Re: [新聞] 天虹科技副總撞死騎士！警高官陪作筆錄　
新增 Re: [討論] 土星六號隻狼疑似遇到4％冒充地檢署
新增 Re: [討論] 土星六號隻狼疑似遇到4％冒充地檢署
新增 Re: [討論] 土星六號隻狼疑似遇到4％冒充地檢署
新增 Re: [新聞] 天虹科技副總撞死騎士！警高官陪作筆錄　
新增 Re: [新聞] 天虹科技副總撞死騎士！警高官陪作筆錄　
DB連接成功...
https://www.ptt.cc/bbs/Gossiping/M.1653527786.A.169.html 文章新增成功
DB連接成功...
https://www.ptt.cc/bbs/Gossiping/M.1653526502.A.0BF.html 文章新增成功
DB連接成功...
https://www.ptt.cc/bbs/Gossiping/M.1653529339.A.2F0.html 文章新增成功
DB連接成功...
https://www.ptt.cc/bbs/Gossiping/M.1653526905.A.304.html 文章新增成功
DB連接成功...
https://www.ptt.cc/bbs/Gossiping/M.1653528416.A.F35.html 文章新增成功
DB連接成功...
https://www.ptt.cc/bbs/Gossiping/M.1653527566.A.F2D.html 文章新增成功
DB連接成功...
https://www.ptt.cc/bbs/Gossiping/M.1653529405.A.A99.html 文章新增成功
DB連接成功...
https://www.ptt.cc/bbs/Gossiping/M.1653529169.A.161.html 文章新增成功
DB連接成功...
https://www.ptt.cc/bbs/Gossiping/M.1653529372.A.AE8.html 文章新增成功
DB連接成功...
https://www.ptt.cc/bbs/Gossiping/M.1653529434.A.121.html 文章新增成功
DB連接成功...
https://www.ptt.cc/bbs/HatePolitics/M.1653530283.A.908.html 文章新增成功
作業完畢...兩小時後再次執行
2022-05-26 12:42:52
