****************add_article.pyday2022_05_21*****************
執行中
2022-05-21 20:05:20
新增 Re: [討論] CHEAP在幹譙台北市交通局
新增 [新聞] 告知前岳父母「新女婿黑歷史」　北市警挨
新增 [新聞] 天津變相封城 官方恐嚇市民違令影響子孫
新增 Re: [討論] CHEAP在幹譙台北市交通局
新增 Re: [討論] CHEAP在幹譙台北市交通局
新增 [討論] CHEAP在幹譙台北市交通局
新增 [新聞] 告知前岳父母「新女婿黑歷史」　北市警挨
新增 [新聞] 告知前岳父母「新女婿黑歷史」　北市警挨
DB連接成功...
https://www.ptt.cc/bbs/Gossiping/M.1653131264.A.7AF.html 文章新增成功
DB連接成功...
https://www.ptt.cc/bbs/HatePolitics/M.1653129487.A.443.html 文章新增成功
DB連接成功...
https://www.ptt.cc/bbs/HatePolitics/M.1653133408.A.C9F.html 文章新增成功
DB連接成功...
https://www.ptt.cc/bbs/HatePolitics/M.1653132631.A.492.html 文章新增成功
DB連接成功...
https://www.ptt.cc/bbs/HatePolitics/M.1653133040.A.49E.html 文章新增成功
DB連接成功...
https://www.ptt.cc/bbs/Gossiping/M.1653129430.A.C4C.html 文章新增成功
作業完畢...兩小時後再次執行
****************add_article.pyday2022_05_21*****************
執行中
2022-05-21 20:22:54
新增 Re: [討論] CHEAP在幹譙台北市交通局
新增 [新聞] 告知前岳父母「新女婿黑歷史」　北市警挨
新增 [新聞] 天津變相封城 官方恐嚇市民違令影響子孫
新增 Re: [討論] CHEAP在幹譙台北市交通局
新增 Re: [討論] CHEAP在幹譙台北市交通局
新增 [討論] CHEAP在幹譙台北市交通局
新增 [新聞] 告知前岳父母「新女婿黑歷史」　北市警挨
新增 [新聞] 告知前岳父母「新女婿黑歷史」　北市警挨
DB連接成功...
https://www.ptt.cc/bbs/HatePolitics/M.1653133040.A.49E.html 文章新增成功
DB連接成功...
https://www.ptt.cc/bbs/Gossiping/M.1653129430.A.C4C.html 文章新增成功
DB連接成功...
https://www.ptt.cc/bbs/HatePolitics/M.1653129487.A.443.html 文章新增成功
DB連接成功...
https://www.ptt.cc/bbs/Gossiping/M.1653131264.A.7AF.html 文章新增成功
DB連接成功...
https://www.ptt.cc/bbs/HatePolitics/M.1653132631.A.492.html 文章新增成功
DB連接成功...
https://www.ptt.cc/bbs/HatePolitics/M.1653133408.A.C9F.html 文章新增成功
作業完畢...兩小時後再次執行
****************add_article.pyday2022_05_21*****************
執行中
2022-05-21 20:25:31
新增 Re: [討論] CHEAP在幹譙台北市交通局
新增 [新聞] 告知前岳父母「新女婿黑歷史」　北市警挨
新增 [新聞] 天津變相封城 官方恐嚇市民違令影響子孫
新增 Re: [討論] CHEAP在幹譙台北市交通局
新增 Re: [討論] CHEAP在幹譙台北市交通局
新增 [討論] CHEAP在幹譙台北市交通局
新增 [新聞] 告知前岳父母「新女婿黑歷史」　北市警挨
新增 [新聞] 告知前岳父母「新女婿黑歷史」　北市警挨
DB連接成功...
****************add_article.pyday2022_05_21*****************
執行中
2022-05-21 20:26:00
新增 Re: [討論] CHEAP在幹譙台北市交通局
新增 [新聞] 告知前岳父母「新女婿黑歷史」　北市警挨
新增 [新聞] 天津變相封城 官方恐嚇市民違令影響子孫
新增 Re: [討論] CHEAP在幹譙台北市交通局
新增 Re: [討論] CHEAP在幹譙台北市交通局
新增 [討論] CHEAP在幹譙台北市交通局
新增 [新聞] 告知前岳父母「新女婿黑歷史」　北市警挨
新增 [新聞] 告知前岳父母「新女婿黑歷史」　北市警挨
DB連接成功...
https://www.ptt.cc/bbs/HatePolitics/M.1653133408.A.C9F.html 文章新增成功
DB連接成功...
https://www.ptt.cc/bbs/HatePolitics/M.1653132631.A.492.html 文章新增成功
DB連接成功...
https://www.ptt.cc/bbs/HatePolitics/M.1653133040.A.49E.html 文章新增成功
DB連接成功...
https://www.ptt.cc/bbs/HatePolitics/M.1653129487.A.443.html 文章新增成功
DB連接成功...
https://www.ptt.cc/bbs/Gossiping/M.1653131264.A.7AF.html 文章新增成功
DB連接成功...
https://www.ptt.cc/bbs/Gossiping/M.1653129430.A.C4C.html 文章新增成功
作業完畢...兩小時後再次執行
****************add_article.pyday2022_05_21*****************
執行中
2022-05-21 20:27:32
新增 Re: [問卦] Cheap開戰交通局 燒得起來嗎?\
新增 Re: [討論] CHEAP在幹譙台北市交通局
新增 [新聞] 告知前岳父母「新女婿黑歷史」　北市警挨
新增 [新聞] 天津變相封城 官方恐嚇市民違令影響子孫
新增 Re: [討論] CHEAP在幹譙台北市交通局
新增 Re: [討論] CHEAP在幹譙台北市交通局
新增 [討論] CHEAP在幹譙台北市交通局
新增 [新聞] 告知前岳父母「新女婿黑歷史」　北市警挨
新增 [新聞] 告知前岳父母「新女婿黑歷史」　北市警挨
DB連接成功...
****************add_article.pyday2022_05_21*****************
執行中
2022-05-21 20:27:39
新增 Re: [問卦] Cheap開戰交通局 燒得起來嗎?\
新增 Re: [討論] CHEAP在幹譙台北市交通局
新增 [新聞] 告知前岳父母「新女婿黑歷史」　北市警挨
新增 [新聞] 天津變相封城 官方恐嚇市民違令影響子孫
新增 Re: [討論] CHEAP在幹譙台北市交通局
新增 Re: [討論] CHEAP在幹譙台北市交通局
新增 [討論] CHEAP在幹譙台北市交通局
新增 [新聞] 告知前岳父母「新女婿黑歷史」　北市警挨
新增 [新聞] 告知前岳父母「新女婿黑歷史」　北市警挨
DB連接成功...
https://www.ptt.cc/bbs/Gossiping/M.1653131264.A.7AF.html 文章新增成功
DB連接成功...
https://www.ptt.cc/bbs/HatePolitics/M.1653129487.A.443.html 文章新增成功
DB連接成功...
https://www.ptt.cc/bbs/HatePolitics/M.1653132631.A.492.html 文章新增成功
DB連接成功...
https://www.ptt.cc/bbs/HatePolitics/M.1653133408.A.C9F.html 文章新增成功
DB連接成功...
https://www.ptt.cc/bbs/Gossiping/M.1653131842.A.913.html 文章新增成功
DB連接成功...
https://www.ptt.cc/bbs/Gossiping/M.1653129430.A.C4C.html 文章新增成功
DB連接成功...
https://www.ptt.cc/bbs/HatePolitics/M.1653133040.A.49E.html 文章新增成功
作業完畢...兩小時後再次執行
****************add_article.pyday2022_05_21*****************
執行中
2022-05-21 20:28:48
新增 Re: [問卦] Cheap開戰交通局 燒得起來嗎?\
新增 Re: [討論] CHEAP在幹譙台北市交通局
新增 [新聞] 告知前岳父母「新女婿黑歷史」　北市警挨
新增 [新聞] 天津變相封城 官方恐嚇市民違令影響子孫
新增 Re: [討論] CHEAP在幹譙台北市交通局
新增 Re: [討論] CHEAP在幹譙台北市交通局
新增 [討論] CHEAP在幹譙台北市交通局
新增 [新聞] 告知前岳父母「新女婿黑歷史」　北市警挨
新增 [新聞] 告知前岳父母「新女婿黑歷史」　北市警挨
DB連接成功...
https://www.ptt.cc/bbs/HatePolitics/M.1653132631.A.492.html 文章新增成功
DB連接成功...
https://www.ptt.cc/bbs/HatePolitics/M.1653129487.A.443.html 文章新增成功
DB連接成功...
https://www.ptt.cc/bbs/HatePolitics/M.1653133040.A.49E.html 文章新增成功
DB連接成功...
https://www.ptt.cc/bbs/Gossiping/M.1653131842.A.913.html 文章新增成功
DB連接成功...
https://www.ptt.cc/bbs/Gossiping/M.1653131264.A.7AF.html 文章新增成功
DB連接成功...
https://www.ptt.cc/bbs/HatePolitics/M.1653133408.A.C9F.html 文章新增成功
DB連接成功...
https://www.ptt.cc/bbs/Gossiping/M.1653129430.A.C4C.html 文章新增成功
作業完畢...兩小時後再次執行
****************add_article.pyday2022_05_21*****************
執行中
2022-05-21 20:29:23
新增 Re: [問卦] Cheap開戰交通局 燒得起來嗎?\
新增 Re: [討論] CHEAP在幹譙台北市交通局
新增 [新聞] 告知前岳父母「新女婿黑歷史」　北市警挨
新增 [新聞] 天津變相封城 官方恐嚇市民違令影響子孫
新增 Re: [討論] CHEAP在幹譙台北市交通局
新增 Re: [討論] CHEAP在幹譙台北市交通局
新增 [討論] CHEAP在幹譙台北市交通局
新增 [新聞] 告知前岳父母「新女婿黑歷史」　北市警挨
新增 [新聞] 告知前岳父母「新女婿黑歷史」　北市警挨
DB連接成功...
https://www.ptt.cc/bbs/Gossiping/M.1653131842.A.913.html 文章新增成功
DB連接成功...
https://www.ptt.cc/bbs/HatePolitics/M.1653132631.A.492.html 文章新增成功
DB連接成功...
https://www.ptt.cc/bbs/HatePolitics/M.1653129487.A.443.html 文章新增成功
DB連接成功...
https://www.ptt.cc/bbs/HatePolitics/M.1653133040.A.49E.html 文章新增成功
DB連接成功...
https://www.ptt.cc/bbs/Gossiping/M.1653131264.A.7AF.html 文章新增成功
DB連接成功...
https://www.ptt.cc/bbs/HatePolitics/M.1653133408.A.C9F.html 文章新增成功
DB連接成功...
https://www.ptt.cc/bbs/Gossiping/M.1653129430.A.C4C.html 文章新增成功
作業完畢...兩小時後再次執行
****************add_article.pyday2022_05_21*****************
執行中
2022-05-21 20:30:38
新增 Re: [問卦] Cheap開戰交通局 燒得起來嗎?\
新增 Re: [討論] CHEAP在幹譙台北市交通局
新增 [新聞] 告知前岳父母「新女婿黑歷史」　北市警挨
新增 [新聞] 天津變相封城 官方恐嚇市民違令影響子孫
新增 Re: [討論] CHEAP在幹譙台北市交通局
新增 Re: [討論] CHEAP在幹譙台北市交通局
新增 [討論] CHEAP在幹譙台北市交通局
新增 [新聞] 告知前岳父母「新女婿黑歷史」　北市警挨
新增 [新聞] 告知前岳父母「新女婿黑歷史」　北市警挨
DB連接成功...
https://www.ptt.cc/bbs/HatePolitics/M.1653133040.A.49E.html 文章新增成功
DB連接成功...
https://www.ptt.cc/bbs/Gossiping/M.1653131842.A.913.html 文章新增成功
DB連接成功...
https://www.ptt.cc/bbs/HatePolitics/M.1653133408.A.C9F.html 文章新增成功
DB連接成功...
https://www.ptt.cc/bbs/HatePolitics/M.1653129487.A.443.html 文章新增成功
DB連接成功...
https://www.ptt.cc/bbs/Gossiping/M.1653131264.A.7AF.html 文章新增成功
DB連接成功...
https://www.ptt.cc/bbs/Gossiping/M.1653129430.A.C4C.html 文章新增成功
DB連接成功...
https://www.ptt.cc/bbs/HatePolitics/M.1653132631.A.492.html 文章新增成功
作業完畢...兩小時後再次執行
2022-05-21 22:30:39
新增 [問卦] 問警察可以先勸導 這招有用嗎?
新增 [問卦] 問警察可以先勸導 這招有用嗎?
新增 Re: [新聞] 總統的「第六年魔咒」他提馬、扁2件事來
新增 [問卦] 台灣交通世界爛和 交通幫 有關係嗎？
新增 Re: [問卦] Cheap開戰交通局 燒得起來嗎?\
新增 [新聞] 穿山甲現身基隆大街 警民聯手捕獲野放
新增 [新聞] 穿山甲現身基隆大街 警民聯手捕獲野放
新增 [新聞] 穿山甲現身基隆大街 警民聯手捕獲野放
新增 [新聞] 穿山甲現身基隆大街 警民聯手捕獲野放
新增 [新聞] 穿山甲現身基隆大街 警民聯手捕獲野放
DB連接成功...
https://www.ptt.cc/bbs/Gossiping/M.1653138447.A.D89.html 文章新增成功
DB連接成功...
https://www.ptt.cc/bbs/Gossiping/M.1653137581.A.509.html 文章新增成功
DB連接成功...
https://www.ptt.cc/bbs/Gossiping/M.1653140225.A.6EF.html 文章新增成功
DB連接成功...
https://www.ptt.cc/bbs/Gossiping/M.1653138099.A.CF9.html 文章新增成功
DB連接成功...
https://www.ptt.cc/bbs/Gossiping/M.1653139669.A.779.html 文章新增成功
作業完畢...兩小時後再次執行
2022-05-22 00:30:51
新增 Re: [閒聊] 仙俠作品的定義是？
新增 Re: [討論] 柯粉素質是不是真的比塔綠班高 cheap事件
新增 Re: [討論] 球場禁菸區域
新增 [新聞] 機車騎士自撞死亡增加 新北警將加強取締
新增 Re: [問卦] Cheap開戰交通局 燒得起來嗎?\
新增 Re: [討論] CHEAP在幹譙台北市交通局
DB連接成功...
https://www.ptt.cc/bbs/Gossiping/M.1653146065.A.C61.html 文章新增成功
DB連接成功...
https://www.ptt.cc/bbs/C_Chat/M.1653145119.A.2A9.html 文章新增成功
DB連接成功...
https://www.ptt.cc/bbs/HatePolitics/M.1653145437.A.045.html 文章新增成功
DB連接成功...
https://www.ptt.cc/bbs/Gossiping/M.1653144534.A.CA0.html 文章新增成功
DB連接成功...
https://www.ptt.cc/bbs/Baseball/M.1653146406.A.D1C.html 文章新增成功
DB連接成功...
https://www.ptt.cc/bbs/HatePolitics/M.1653143862.A.370.html 文章新增成功
作業完畢...兩小時後再次執行
2022-05-22 02:31:02
新增 [閒聊] 對岸VUP被拐賣 半年後才被救出來
新增 [問卦] 中山區雙連站周邊是法外之地ㄇ
新增 [討論] 我英的最終章會怎麼收?
新增 [新聞]台灣長老教會接恐嚇電話　對方:炸掉你們大
DB連接成功...
https://www.ptt.cc/bbs/C_Chat/M.1653155667.A.4EB.html 文章新增成功
DB連接成功...
https://www.ptt.cc/bbs/Gossiping/M.1653154923.A.156.html 文章新增成功
DB連接成功...
https://www.ptt.cc/bbs/Gossiping/M.1653155562.A.DDB.html 文章新增成功
DB連接成功...
https://www.ptt.cc/bbs/C_Chat/M.1653152560.A.08C.html 文章新增成功
作業完畢...兩小時後再次執行
2022-05-22 04:31:07
新增 Re: [閒聊] 對岸VUP被拐賣 半年後才被救出來
新增 Re: [新聞] 徐巧芯違停爆「施壓」疑雲 立委陳椒華：
新增 Re: [新聞] 徐巧芯違停爆「施壓」疑雲 立委陳椒華：
新增 Re: [新聞] 徐巧芯違停爆「施壓」疑雲 立委陳椒華：
新增 Re: [新聞] 徐巧芯違停爆「施壓」疑雲 立委陳椒華：
新增 Re: [新聞] 徐巧芯違停爆「施壓」疑雲 立委陳椒華：
DB連接成功...
https://www.ptt.cc/bbs/Gossiping/M.1653157947.A.1E4.html 文章新增成功
DB連接成功...
https://www.ptt.cc/bbs/C_Chat/M.1653160456.A.A7F.html 文章新增成功
作業完畢...兩小時後再次執行
2022-05-22 06:31:19
新增 Re: [新聞] Cheap合作有疑慮　北市交通局回應了
DB連接成功...
https://www.ptt.cc/bbs/Gossiping/M.1653165093.A.33A.html 文章新增成功
作業完畢...兩小時後再次執行
2022-05-22 08:31:22
新增 Re: [閒聊] 對岸VUP被拐賣 半年後才被救出來 (文長)
DB連接成功...
https://www.ptt.cc/bbs/C_Chat/M.1653173404.A.C16.html 文章新增成功
作業完畢...兩小時後再次執行
2022-05-22 10:31:27
新增 Re: [討論] 議員都能告民眾了，百姓不能退訂?
新增 [討論] 鄭南榕自焚是不小心的嗎?
新增 [新聞] 徐巧芯違停爭議燒2天！「雪乳戰神」郭鬼
新增 Re: [爆卦] 徐巧芯停車地點 台北市系統上不是紅線
新增 Re: [新聞] 被控捲款172萬 興大畢聯會前會長：錢全
新增 [新聞] 被控捲款172萬 興大畢聯會前會長：錢全
新增 [新聞] 徐巧芯違停爭議燒2天！「雪乳戰神」郭鬼
新增 Re: [新聞] 被控捲款172萬 興大畢聯會前會長：錢全
新增 [新聞] 被控捲款172萬 興大畢聯會前會長：錢全
DB連接成功...
https://www.ptt.cc/bbs/Gossiping/M.1653180563.A.2B1.html 文章新增成功
DB連接成功...
https://www.ptt.cc/bbs/HatePolitics/M.1653183169.A.21B.html 文章新增成功
DB連接成功...
https://www.ptt.cc/bbs/HatePolitics/M.1653181865.A.5CE.html 文章新增成功
DB連接成功...
https://www.ptt.cc/bbs/Gossiping/M.1653179662.A.EA9.html 文章新增成功
DB連接成功...
https://www.ptt.cc/bbs/Gossiping/M.1653182214.A.FFB.html 文章新增成功
DB連接成功...
https://www.ptt.cc/bbs/Gossiping/M.1653183076.A.4A4.html 文章新增成功
作業完畢...兩小時後再次執行
2022-05-22 12:31:37
新增 [閒聊] 國外會對秘密警察很敏感嗎
新增 [問卦] 台灣如果真有奇樂，台灣警察抓得到嗎？
新增 Re: [問卦] 台灣越來越像中國的八卦？
新增 Re: Netflix小編是不是救了徐巧芯？
新增 Re: [新聞] Netflix慘 導演開第一槍退訂
新增 Re: [新聞] Netflix慘 導演開第一槍退訂
新增 Re: [問卦] 為何台灣現在充斥著側翼組織/網軍？
新增 Re: [問卦] 為何台灣現在充斥著側翼組織/網軍？
新增 Re: [問卦] 為何台灣現在充斥著側翼組織/網軍？
新增 Re: [問卦] 為何台灣現在充斥著側翼組織/網軍？
DB連接成功...
https://www.ptt.cc/bbs/Gossiping/M.1653189925.A.027.html 文章新增成功
DB連接成功...
https://www.ptt.cc/bbs/Gossiping/M.1653191701.A.32C.html 文章新增成功
DB連接成功...
https://www.ptt.cc/bbs/HatePolitics/M.1653191378.A.FDB.html 文章新增成功
DB連接成功...
https://www.ptt.cc/bbs/Gossiping/M.1653190516.A.4B1.html 文章新增成功
DB連接成功...
https://www.ptt.cc/bbs/C_Chat/M.1653187647.A.451.html 文章新增成功
DB連接成功...
https://www.ptt.cc/bbs/Gossiping/M.1653190194.A.66A.html 文章新增成功
DB連接成功...
https://www.ptt.cc/bbs/Gossiping/M.1653188224.A.BE6.html 文章新增成功
作業完畢...兩小時後再次執行
2022-05-22 14:31:37
新增 Re: [閒聊] 國外會對秘密警察很敏感嗎
新增 Re: [問卦] 老人家癌末或意外，哪一種讓家人比較難受
新增 [新聞] 為討280萬！　前妻夥同男友設局綁架前夫
新增 Re: [討論] netflix退訂的風向很好笑
新增 Re: [問卦]有沒有網紅做事情政府出來邀功的八卦?
新增 Re: [新聞] 女大生車熄火停路中央 高雄男警使出吃奶
新增 Re: [討論] CHEAP在幹譙台北市交通局
新增 Re: [閒聊] 對岸VUP被拐賣 半年後才被救出來 (文長)
新增 [新聞] 女大生車熄火停路中央 高雄男警使出吃奶
新增 Re: [新聞] 女大生車熄火停路中央 高雄男警使出吃奶
新增 [新聞] 為討280萬！　前妻夥同男友設局綁架前夫
新增 [新聞] 為加州槍擊案死者哀悼 長老教會遭不明男
新增 [新聞] 女大生車熄火停路中央 高雄男警使出吃奶
新增 Re: [新聞] 女大生車熄火停路中央 高雄男警使出吃奶
新增 Fw: [新聞] 為加州槍擊案死者哀悼 長老教會遭不明男
新增 [新聞] 獨家》「胎哥鬼」逃22年 涉北高多起性侵
新增 [新聞] 女大生車熄火停路中央 高雄男警使出吃奶
新增 Re: [新聞] 女大生車熄火停路中央 高雄男警使出吃奶
新增 [新聞] 女大生車熄火停路中央 高雄男警使出吃奶
新增 Re: [新聞] 女大生車熄火停路中央 高雄男警使出吃奶
DB連接成功...
https://www.ptt.cc/bbs/C_Chat/M.1653198851.A.7BB.html 文章新增成功
DB連接成功...
https://www.ptt.cc/bbs/HatePolitics/M.1653195017.A.8A6.html 文章新增成功
DB連接成功...
https://www.ptt.cc/bbs/Gossiping/M.1653196126.A.450.html 文章新增成功
DB連接成功...
https://www.ptt.cc/bbs/HatePolitics/M.1653196470.A.683.html 文章新增成功
DB連接成功...
https://www.ptt.cc/bbs/Gossiping/M.1653196444.A.4B7.html 文章新增成功
DB連接成功...
https://www.ptt.cc/bbs/Gossiping/M.1653196430.A.D1E.html 文章新增成功
DB連接成功...
https://www.ptt.cc/bbs/Gossiping/M.1653194809.A.E76.html 文章新增成功
DB連接成功...
https://www.ptt.cc/bbs/C_Chat/M.1653196443.A.99B.html 文章新增成功
DB連接成功...
https://www.ptt.cc/bbs/HatePolitics/M.1653196131.A.B7F.html 文章新增成功
DB連接成功...
https://www.ptt.cc/bbs/Gossiping/M.1653195020.A.E97.html 文章新增成功
DB連接成功...
https://www.ptt.cc/bbs/Gossiping/M.1653197173.A.178.html 文章新增成功
DB連接成功...
https://www.ptt.cc/bbs/Gossiping/M.1653198514.A.898.html 文章新增成功
作業完畢...兩小時後再次執行
2022-05-22 16:31:42
新增 [新聞] 廖老大飲料店「2周遭查2次」　砲轟衛局長
新增 [問卦] 警察進入大學校園之問題 ?
新增 [問卦] 為啥馬來西亞華人存在感這麼低？
新增 [閒聊] 寶可夢算是被抓拐的奴隸嗎?
新增 [問卦] 江湖路不好走為何還是有人想當兄弟
新增 [新聞] 廖老大飲料店「2周遭查2次」　砲轟衛局長
新增 [新聞] 南橫梅蘭明隧道落石多 山友不配合管制
DB連接成功...
https://www.ptt.cc/bbs/Gossiping/M.1653201517.A.070.html 文章新增成功
DB連接成功...
https://www.ptt.cc/bbs/Gossiping/M.1653201450.A.EE7.html 文章新增成功
DB連接成功...
https://www.ptt.cc/bbs/Gossiping/M.1653204188.A.985.html 文章新增成功
DB連接成功...
https://www.ptt.cc/bbs/Gossiping/M.1653202831.A.AD4.html 文章新增成功
DB連接成功...
https://www.ptt.cc/bbs/Gossiping/M.1653202241.A.1EF.html 文章新增成功
DB連接成功...
https://www.ptt.cc/bbs/C_Chat/M.1653202787.A.B33.html 文章新增成功
作業完畢...兩小時後再次執行
