****************add_article.pyday2022_05_20*****************
執行中
2022-05-20 13:37:44
新增 [討論] 老師造謠要怎麼處分
新增 Re: [爆卦] Vek1112 是柯粉的超譯天地的管理員
新增 Re: [爆卦] Vek1112 是柯粉的超譯天地的管理員
新增 Re: [新聞] 呱吉狂飆髒話！氣炸被指違停紛爭主謀
新增 [討論] 老師造謠要怎麼處分
新增 Re: [新聞] 呱吉狂飆髒話！氣炸被指違停紛爭主謀
新增 [討論] 老師造謠要怎麼處分
DB連接成功...
https://www.ptt.cc/bbs/HatePolitics/M.1653018434.A.D80.html 文章新增成功
DB連接成功...
https://www.ptt.cc/bbs/Gossiping/M.1653017992.A.61C.html 文章新增成功
DB連接成功...
https://www.ptt.cc/bbs/Gossiping/M.1653018580.A.813.html 文章新增成功
DB連接成功...
https://www.ptt.cc/bbs/Gossiping/M.1653018577.A.EEF.html 文章新增成功
作業完畢...兩小時後再次執行
****************add_article.pyday2022_05_20*****************
執行中
2022-05-20 15:13:23
新增 [討論] 違停的是男車主 跟巧芯沒關係吧
新增 [問卦] 請問這句話有威脅意味嗎？
新增 [問卦] 宜蘭高中是所怎樣的高中?
新增 Re: [問卦] 信義分局是不是說謊啊
新增 Re: [新聞] 呱吉狂飆髒話！氣炸被指違停紛爭主謀
新增 Re: [新聞] 徐巧芯違停畫面曝光 北市信義分局補開罰
新增 [新聞] 糗大了！警察查扣機車 車主半夜潛入派出
新增 Re: [新聞] 呱吉慘遭罵爆 徐巧芯道歉了 他31字曝真相
新增 [討論] 違停的是男車主 跟巧芯沒關係吧
新增 Re: [問卦] 信義分局是不是說謊啊
新增 Re: [問卦] 信義分局是不是說謊啊
新增 [新聞] 高雄美術館廣場驚見裸男逛大街 警逮回辯:
新增 Re: [新聞] 徐巧芯違停畫面曝光 北市信義分局補開罰
新增 Re: [新聞] 呱吉狂飆髒話！氣炸被指違停紛爭主謀
新增 [新聞] PTT抹黑徐巧芯!造謠者被起底是羅東國小
新增 [新聞] 糗大了！警察查扣機車 車主半夜潛入派出
新增 [新聞] 呱吉慘遭罵爆 徐巧芯道歉了 他31字曝真相
新增 Re: [新聞] 呱吉慘遭罵爆 徐巧芯道歉了 他31字曝真相
新增 [新聞] 糗大了！警察查扣機車 車主半夜潛入派出
新增 [新聞] 高雄美術館廣場驚見裸男逛大街 警逮回辯:
新增 Re: [新聞] 徐巧芯違停畫面曝光 北市信義分局補開罰
DB連接成功...
https://www.ptt.cc/bbs/Gossiping/M.1653024423.A.9F2.html 文章新增成功
DB連接成功...
https://www.ptt.cc/bbs/Gossiping/M.1653023684.A.3BA.html 文章新增成功
DB連接成功...
https://www.ptt.cc/bbs/Gossiping/M.1653025982.A.5B7.html 文章新增成功
DB連接成功...
https://www.ptt.cc/bbs/Gossiping/M.1653026004.A.DC2.html 文章新增成功
DB連接成功...
https://www.ptt.cc/bbs/HatePolitics/M.1653024448.A.208.html 文章新增成功
DB連接成功...
https://www.ptt.cc/bbs/Gossiping/M.1653023762.A.D0B.html 文章新增成功
DB連接成功...
https://www.ptt.cc/bbs/Gossiping/M.1653024522.A.996.html 文章新增成功
DB連接成功...
https://www.ptt.cc/bbs/HatePolitics/M.1653023644.A.C15.html 文章新增成功
DB連接成功...
https://www.ptt.cc/bbs/Gossiping/M.1653023992.A.1E2.html 文章新增成功
DB連接成功...
https://www.ptt.cc/bbs/Gossiping/M.1653025134.A.8B5.html 文章新增成功
DB連接成功...
https://www.ptt.cc/bbs/Gossiping/M.1653024558.A.D49.html 文章新增成功
DB連接成功...
https://www.ptt.cc/bbs/Gossiping/M.1653024070.A.94A.html 文章新增成功
作業完畢...兩小時後再次執行
2022-05-20 17:13:24
新增 Re: [新聞] PTT抹黑徐巧芯!造謠者被起底是羅東國小
新增 [討論] 綠營側翼真的很可怕
新增 Re: [問卦] Vek1112 是看了什麼影片才發文？
新增 Re: [問卦] 「造謠」要改成什麼才比較好聽？
新增 Re: [問卦] 為什麼菲律賓沒有發展起來
新增 Re: [問卦] 「造謠」要改成什麼才比較好聽？
新增 Re: [問卦] Vek1112 是看了什麼影片才發文？
新增 [新聞] PTT抹黑徐巧芯！造謠者被起底是羅東國小
新增 Re: [新聞] PTT抹黑徐巧芯！造謠者被起底是羅東國小
新增 Re: [新聞] PTT抹黑徐巧芯！造謠者被起底是羅東國小
新增 Re: [問卦] 「造謠」要改成什麼才比較好聽？
DB連接成功...
https://www.ptt.cc/bbs/Gossiping/M.1653032689.A.BAE.html 文章新增成功
DB連接成功...
https://www.ptt.cc/bbs/Gossiping/M.1653031801.A.FF6.html 文章新增成功
DB連接成功...
https://www.ptt.cc/bbs/Gossiping/M.1653030950.A.ED9.html 文章新增成功
DB連接成功...
https://www.ptt.cc/bbs/HatePolitics/M.1653032470.A.971.html 文章新增成功
DB連接成功...
https://www.ptt.cc/bbs/Gossiping/M.1653032548.A.AA3.html 文章新增成功
DB連接成功...
https://www.ptt.cc/bbs/Gossiping/M.1653031750.A.D7C.html 文章新增成功
DB連接成功...
https://www.ptt.cc/bbs/Gossiping/M.1653032811.A.A33.html 文章新增成功
DB連接成功...
https://www.ptt.cc/bbs/HatePolitics/M.1653033375.A.B31.html 文章新增成功
作業完畢...兩小時後再次執行
2022-05-20 19:13:25
新增 [討論] 「不追究處理違停警」！徐巧芯喊冤沒自
新增 [討論] 「不追究處理違停警」！徐巧芯喊冤沒自
新增 [新聞] 抹黑徐巧芯！造謠者疑「柯黑粉專」管理者　柯文哲：網軍無所
新增 [討論] 「不追究處理違停警」！徐巧芯喊冤沒自
新增 [新聞] 抹黑徐巧芯！造謠者疑「柯黑粉專」管理者　柯文哲：網軍無所
新增 [討論] 「不追究處理違停警」！徐巧芯喊冤沒自
DB連接成功...
https://www.ptt.cc/bbs/HatePolitics/M.1653040513.A.7DC.html 文章新增成功
DB連接成功...
https://www.ptt.cc/bbs/Gossiping/M.1653040057.A.139.html 文章新增成功
作業完畢...兩小時後再次執行
2022-05-20 21:13:26
新增 [討論] 該是恢復檢舉違停的時候了
新增 [討論] 如果違停事件改成綠色議員跟藍白粉專??
新增 Re: [新聞] 徐巧芯遭國小師「微克」PTT抹黑！警稱不
新增 [問卦] 返校是在說哪個年代的事情阿?
新增 [問卦] 媽祖擋在警局門口要怎麼報案??
新增 Re: [問卦]員警偉哲是不是最倒楣的那個?
新增 Re: [問卦]員警偉哲是不是最倒楣的那個?
新增 [黑特] 未來20年後的教育部長與警政署長
新增 [問卦] 在餐廳點罐裝可樂是很有錢的表現嗎？
新增 Re: [新聞] 徐巧芯遭國小師「微克」PTT抹黑！警稱不
新增 [新聞] 誇張！PCR 採檢者填報電話 高雄竟數十人
新增 Re: [新聞] 徐巧芯遭國小師「微克」PTT抹黑！警稱不
DB連接成功...
https://www.ptt.cc/bbs/Gossiping/M.1653045277.A.CCB.html 文章新增成功
DB連接成功...
https://www.ptt.cc/bbs/HatePolitics/M.1653047630.A.298.html 文章新增成功
DB連接成功...
https://www.ptt.cc/bbs/Gossiping/M.1653047509.A.BE2.html 文章新增成功
DB連接成功...
https://www.ptt.cc/bbs/HatePolitics/M.1653046934.A.560.html 文章新增成功
DB連接成功...
https://www.ptt.cc/bbs/Gossiping/M.1653046810.A.D68.html 文章新增成功
DB連接成功...
https://www.ptt.cc/bbs/Gossiping/M.1653047548.A.F68.html 文章新增成功
DB連接成功...
https://www.ptt.cc/bbs/HatePolitics/M.1653046326.A.22F.html 文章新增成功
DB連接成功...
https://www.ptt.cc/bbs/Gossiping/M.1653046022.A.4DE.html 文章新增成功
DB連接成功...
https://www.ptt.cc/bbs/HatePolitics/M.1653046137.A.667.html 文章新增成功
DB連接成功...
https://www.ptt.cc/bbs/HatePolitics/M.1653046550.A.AC2.html 文章新增成功
DB連接成功...
https://www.ptt.cc/bbs/Gossiping/M.1653045779.A.B71.html 文章新增成功
DB連接成功...
https://www.ptt.cc/bbs/Gossiping/M.1653045744.A.91A.html 文章新增成功
作業完畢...兩小時後再次執行
2022-05-20 23:13:28
新增 Re: [閒聊] 這個社會有很多JK內心鄙視討厭大叔嗎？
新增 [問卦] 慟！香港警察被墜樓
新增 Re: [閒聊] 救難小福星  迪士尼打算賠多少XD
新增 Re: [新聞] 警員認了！高中同學要在PTT爆料徐巧芯 他
新增 [新聞] 警員認了！高中同學要在PTT爆料徐巧芯 他
新增 Re: [新聞] 警員認了！高中同學要在PTT爆料徐巧芯 他
新增 [新聞] 警員認了！高中同學要在PTT爆料徐巧芯 他
新增 Re: [新聞] 警員認了！高中同學要在PTT爆料徐巧芯 他
新增 Re: [新聞] 警員認了！高中同學要在PTT爆料徐巧芯 他
新增 [新聞] 警員認了！高中同學要在PTT爆料徐巧芯 他
新增 Re: [新聞] 警員認了！高中同學要在PTT爆料徐巧芯 他
新增 [新聞] 警員認了！高中同學要在PTT爆料徐巧芯 他
新增 [新聞] 警員認了！高中同學要在PTT爆料徐巧芯 他
新增 Re: [新聞] 警員認了！高中同學要在PTT爆料徐巧芯 他
新增 [新聞] 警員認了！高中同學要在PTT爆料徐巧芯 他
新增 Re: [新聞] 警員認了！高中同學要在PTT爆料徐巧芯 他
新增 [討論] 徐巧芯事件是不是證明國民黨年底穩了？
新增 [新聞] 誆圈購未上市股票害慘300人 資產公司負責
新增 [新聞] 警員認了！高中同學要在PTT爆料徐巧芯 他
新增 Re: [新聞] 警員認了！高中同學要在PTT爆料徐巧芯 他
新增 [新聞] 警員認了！高中同學要在PTT爆料徐巧芯 他
DB連接成功...
https://www.ptt.cc/bbs/Gossiping/M.1653052975.A.D54.html 文章新增成功
DB連接成功...
https://www.ptt.cc/bbs/Gossiping/M.1653054885.A.46A.html 文章新增成功
DB連接成功...
https://www.ptt.cc/bbs/HatePolitics/M.1653054286.A.CDD.html 文章新增成功
DB連接成功...
https://www.ptt.cc/bbs/HatePolitics/M.1653052649.A.C8E.html 文章新增成功
DB連接成功...
https://www.ptt.cc/bbs/Gossiping/M.1653053025.A.C9A.html 文章新增成功
DB連接成功...
https://www.ptt.cc/bbs/Gossiping/M.1653053751.A.D58.html 文章新增成功
DB連接成功...
https://www.ptt.cc/bbs/Gossiping/M.1653052887.A.ADB.html 文章新增成功
DB連接成功...
https://www.ptt.cc/bbs/C_Chat/M.1653053767.A.AE8.html 文章新增成功
DB連接成功...
https://www.ptt.cc/bbs/C_Chat/M.1653053485.A.7B5.html 文章新增成功
作業完畢...兩小時後再次執行
2022-05-21 01:13:29
新增 Re: [討論] 員警是跟誰要證件
新增 [討論] 為什麼林益世貪污，檢方為何沒先勸導
新增 [討論] 徐巧芯：你開單啊x5
新增 [問卦] 最近是考教甄的季節吧？
新增 Re: [新聞] PTT抹黑徐巧芯！造謠者被起底是羅東國小
新增 Re: [討論] 美國民主黨的窘境
新增 [問卦] 為什麼要設套害人，不能當面明講
新增 [討論] 能公佈密錄器影像嗎？
新增 [黑特] 繼續打反而害了那個員警，真的
新增 [黑特] 幹違停好好被開單很難嗎
新增 [新聞]「單行道違停」爆爭議　徐巧芯再向員警致歉
新增 Re: [問卦] 伊斯蘭教為什麼傳教迅速？
新增 [新聞] 拜登安全團隊成員醉酒打人 韓國警方正式
新增 [黑特] 繼續打反而害了那個員警，真的
新增 [新聞]「單行道違停」爆爭議　徐巧芯再向員警致歉
新增 [討論] 員警是跟誰要證件
新增 [討論] 能公佈密錄器影像嗎？
新增 [黑特] 繼續打反而害了那個員警，真的
新增 [新聞]「單行道違停」爆爭議　徐巧芯再向員警致歉
新增 [黑特] 繼續打反而害了那個員警，真的
新增 [新聞]「單行道違停」爆爭議　徐巧芯再向員警致歉
新增 [討論] 員警是跟誰要證件
DB連接成功...
https://www.ptt.cc/bbs/HatePolitics/M.1653060704.A.6AF.html 文章新增成功
DB連接成功...
https://www.ptt.cc/bbs/HatePolitics/M.1653060858.A.A61.html 文章新增成功
DB連接成功...
https://www.ptt.cc/bbs/Gossiping/M.1653061218.A.BC8.html 文章新增成功
DB連接成功...
https://www.ptt.cc/bbs/HatePolitics/M.1653060213.A.58F.html 文章新增成功
DB連接成功...
https://www.ptt.cc/bbs/HatePolitics/M.1653061020.A.C05.html 文章新增成功
DB連接成功...
https://www.ptt.cc/bbs/HatePolitics/M.1653061347.A.398.html 文章新增成功
DB連接成功...
https://www.ptt.cc/bbs/HatePolitics/M.1653060606.A.295.html 文章新增成功
DB連接成功...
https://www.ptt.cc/bbs/Gossiping/M.1653061570.A.2EB.html 文章新增成功
DB連接成功...
https://www.ptt.cc/bbs/HatePolitics/M.1653060255.A.57B.html 文章新增成功
DB連接成功...
https://www.ptt.cc/bbs/Gossiping/M.1653060112.A.1D6.html 文章新增成功
DB連接成功...
https://www.ptt.cc/bbs/Gossiping/M.1653062012.A.032.html 文章新增成功
DB連接成功...
https://www.ptt.cc/bbs/Gossiping/M.1653061488.A.EBE.html 文章新增成功
DB連接成功...
https://www.ptt.cc/bbs/HatePolitics/M.1653059839.A.889.html 文章新增成功
DB連接成功...
https://www.ptt.cc/bbs/HatePolitics/M.1653061284.A.E5B.html 文章新增成功
作業完畢...兩小時後再次執行
2022-05-21 03:13:31
新增 Re: [討論] 要如何違停紅線讓警察不開單？
新增 Re: [討論] 要如何違停紅線讓警察不開單？
新增 Re: [討論] 要如何違停紅線讓警察不開單？
新增 Re: [討論] 要如何違停紅線讓警察不開單？
新增 [討論] 柯文哲治理的台北：特權文化嗎
新增 [討論] 要如何違停紅線讓警察不開單？
新增 Re: [討論] 要如何違停紅線讓警察不開單？
新增 Re: [爆卦] 警局公文出包（有圖）
新增 [討論] 要如何違停紅線讓警察不開單？
新增 Re: [討論] 要如何違停紅線讓警察不開單？
新增 Re: [討論] 要如何違停紅線讓警察不開單？
新增 Re: [討論] 要如何違停紅線讓警察不開單？
新增 [問卦] 被人放鴿子怎麼釋懷
新增 Re: [討論] 要如何違停紅線讓警察不開單？
DB連接成功...
https://www.ptt.cc/bbs/HatePolitics/M.1653067494.A.592.html 文章新增成功
DB連接成功...
https://www.ptt.cc/bbs/Gossiping/M.1653066827.A.4DE.html 文章新增成功
DB連接成功...
https://www.ptt.cc/bbs/HatePolitics/M.1653069022.A.BB2.html 文章新增成功
DB連接成功...
https://www.ptt.cc/bbs/Gossiping/M.1653067223.A.550.html 文章新增成功
DB連接成功...
https://www.ptt.cc/bbs/HatePolitics/M.1653067419.A.209.html 文章新增成功
DB連接成功...
https://www.ptt.cc/bbs/HatePolitics/M.1653067133.A.62E.html 文章新增成功
DB連接成功...
https://www.ptt.cc/bbs/HatePolitics/M.1653068291.A.10B.html 文章新增成功
DB連接成功...
https://www.ptt.cc/bbs/HatePolitics/M.1653066961.A.2BE.html 文章新增成功
DB連接成功...
https://www.ptt.cc/bbs/HatePolitics/M.1653068984.A.F5B.html 文章新增成功
作業完畢...兩小時後再次執行
2022-05-21 05:13:31
新增 Re: [討論] 停在台北市單行道紅線吃飯，勸導？
新增 Re: [討論] 停在台北市單行道紅線吃飯，勸導？
DB連接成功...
https://www.ptt.cc/bbs/HatePolitics/M.1653076280.A.4F9.html 文章新增成功
作業完畢...兩小時後再次執行
2022-05-21 07:13:33
新增 [黑特] 不是有人錯就代表另一個人是對的
新增 Re: [黑特] 不是有人錯就代表另一個人是對的
DB連接成功...
https://www.ptt.cc/bbs/HatePolitics/M.1653083545.A.222.html 文章新增成功
DB連接成功...
https://www.ptt.cc/bbs/HatePolitics/M.1653082881.A.9B9.html 文章新增成功
作業完畢...兩小時後再次執行
2022-05-21 09:13:33
新增 [討論] 塔綠班是不是上了失智列車
新增 Re: [黑特] ⊿■■□□塔□□綠□□斑□□號□□□
新增 Re: [討論] 柯文哲治理的台北：特權文化嗎
新增 Re: [新聞]「單行道違停」爆爭議　徐巧芯再向員警致歉
新增 Re: [新聞] 徐巧芯爆違停施壓喊冤！趙怡翔：觸法該
新增 Re: [新聞] 警員認了！高中同學要在PTT爆料徐巧芯 他
新增 [新聞] 羅東國小老師PTT造謠還「兼職」網軍 校
新增 [新聞] 新竹金山街成「違停一條街」？ 駕駛不停
新增 Re: [新聞] 警員認了！高中同學要在PTT爆料徐巧芯 他
新增 Re: [新聞]「單行道違停」爆爭議　徐巧芯再向員警致歉
新增 Re: [新聞] 警員認了！高中同學要在PTT爆料徐巧芯 他
新增 [新聞] 羅東國小老師PTT造謠還「兼職」網軍 校
新增 Re: [新聞]「單行道違停」爆爭議　徐巧芯再向員警致歉
新增 Re: [新聞] 警員認了！高中同學要在PTT爆料徐巧芯 他
新增 Re: [新聞]「單行道違停」爆爭議　徐巧芯再向員警致歉
DB連接成功...
https://www.ptt.cc/bbs/Gossiping/M.1653090487.A.3F0.html 文章新增成功
DB連接成功...
https://www.ptt.cc/bbs/HatePolitics/M.1653088914.A.779.html 文章新增成功
DB連接成功...
https://www.ptt.cc/bbs/Gossiping/M.1653090017.A.3D5.html 文章新增成功
DB連接成功...
https://www.ptt.cc/bbs/Gossiping/M.1653090900.A.4ED.html 文章新增成功
DB連接成功...
https://www.ptt.cc/bbs/Gossiping/M.1653090459.A.8E1.html 文章新增成功
DB連接成功...
https://www.ptt.cc/bbs/HatePolitics/M.1653090879.A.EBF.html 文章新增成功
DB連接成功...
https://www.ptt.cc/bbs/HatePolitics/M.1653088750.A.89B.html 文章新增成功
DB連接成功...
https://www.ptt.cc/bbs/HatePolitics/M.1653090093.A.8DC.html 文章新增成功
作業完畢...兩小時後再次執行
2022-05-21 11:13:34
新增 Re: [新聞] 警員認了！高中同學要在PTT爆料徐巧芯 他
新增 [問卦] 台灣大道是發生什麼事？
新增 Re: [討論] 塔綠班是不是上了失智列車
新增 Re: [討論] 政論節目都不討論徐巧芯，只講桃園選情
新增 [討論] 聽于北辰講2018年怎樣輔選陳學聖就很好笑
新增 Re: [討論] 政論節目都不討論徐巧芯，只講桃園選情
DB連接成功...
https://www.ptt.cc/bbs/Gossiping/M.1653096997.A.E72.html 文章新增成功
DB連接成功...
https://www.ptt.cc/bbs/HatePolitics/M.1653097019.A.728.html 文章新增成功
DB連接成功...
https://www.ptt.cc/bbs/HatePolitics/M.1653097442.A.C06.html 文章新增成功
DB連接成功...
https://www.ptt.cc/bbs/Gossiping/M.1653097915.A.26A.html 文章新增成功
DB連接成功...
https://www.ptt.cc/bbs/HatePolitics/M.1653097080.A.53D.html 文章新增成功
作業完畢...兩小時後再次執行
2022-05-21 13:13:35
新增 [討論] 巧芯跟警說:我再問問看警察局相關規定
新增 [討論] 徐巧芯的違停事件，特權文化吧
新增 Re: [討論] 巧芯跟警說:我再問問看警察局相關規定 
新增 Re: [討論] 巧芯跟警說:我再問問看警察局相關規定
新增 [問卦] 大家被開單都會安靜不說話嗎
新增 Re: [新聞] 誰家網軍又出包？反林昶佐「空白貼文」
新增 Re: [新聞] 檢舉限縮 紅黃線違停明起不受理
新增 [討論] 徐巧芯的違停事件，特權文化吧
新增 Re: [討論] 巧芯跟警說:我再問問看警察局相關規定 
新增 Re: [討論] 巧芯跟警說:我再問問看警察局相關規定
新增 [討論] 徐巧芯的違停事件，特權文化吧
新增 Re: [討論] 巧芯跟警說:我再問問看警察局相關規定 
新增 Re: [討論] 巧芯跟警說:我再問問看警察局相關規定
DB連接成功...
https://www.ptt.cc/bbs/HatePolitics/M.1653104641.A.1B3.html 文章新增成功
DB連接成功...
https://www.ptt.cc/bbs/HatePolitics/M.1653105136.A.30E.html 文章新增成功
DB連接成功...
https://www.ptt.cc/bbs/HatePolitics/M.1653103630.A.F39.html 文章新增成功
DB連接成功...
https://www.ptt.cc/bbs/HatePolitics/M.1653104859.A.80B.html 文章新增成功
DB連接成功...
https://www.ptt.cc/bbs/HatePolitics/M.1653103198.A.A96.html 文章新增成功
DB連接成功...
https://www.ptt.cc/bbs/HatePolitics/M.1653104018.A.776.html 文章新增成功
DB連接成功...
https://www.ptt.cc/bbs/Gossiping/M.1653104713.A.BF8.html 文章新增成功
作業完畢...兩小時後再次執行
2022-05-21 15:13:37
新增 [討論] 一般違規申訴不是要找交裁所嗎?怎找警局?
新增 Re: [討論] 違停本質是個嚴重的事嗎？
新增 Re: [問卦] 為何網軍查出來都綠的
新增 [討論] 警員芯生畏懼怎會一轉頭就爆料?
新增 Re: [討論] 違停本質是個嚴重的事嗎？
新增 [討論] 警員芯生畏懼怎會一轉頭就爆料?
DB連接成功...
https://www.ptt.cc/bbs/HatePolitics/M.1653110636.A.5E6.html 文章新增成功
DB連接成功...
https://www.ptt.cc/bbs/HatePolitics/M.1653111231.A.CD8.html 文章新增成功
DB連接成功...
https://www.ptt.cc/bbs/Gossiping/M.1653110305.A.522.html 文章新增成功
DB連接成功...
https://www.ptt.cc/bbs/HatePolitics/M.1653111570.A.33F.html 文章新增成功
DB連接成功...
https://www.ptt.cc/bbs/HatePolitics/M.1653111300.A.4BA.html 文章新增成功
作業完畢...兩小時後再次執行
2022-05-21 17:13:38
新增 [討論] 想要罰單為何要出面？
新增 [問卦] 韓韶禧在決戰前一晚破處還打得贏？
新增 [問卦] x調查的will都不露臉了?
DB連接成功...
https://www.ptt.cc/bbs/Gossiping/M.1653118343.A.064.html 文章新增成功
DB連接成功...
https://www.ptt.cc/bbs/HatePolitics/M.1653117237.A.470.html 文章新增成功
DB連接成功...
https://www.ptt.cc/bbs/Gossiping/M.1653117313.A.9CF.html 文章新增成功
作業完畢...兩小時後再次執行
2022-05-21 19:13:39
新增 Re: [討論] 綠共議員遇到在開單覺得丟臉等開完再去拿
新增 [新聞] 獨／「台灣淫賊」至少性侵9女　孤狼式犯
DB連接成功...
https://www.ptt.cc/bbs/Gossiping/M.1653124703.A.E2A.html 文章新增成功
DB連接成功...
https://www.ptt.cc/bbs/HatePolitics/M.1653124907.A.F9F.html 文章新增成功
作業完畢...兩小時後再次執行
