****************add_article.pyday2022_05_19*****************
執行中
2022-05-19 19:44:19 2022-05-19 21:44:19
新增 [黑特] 看政黑塔綠班翻車就4爽
新增 Re: [討論] 政黑失智列車發車囉
新增 Re: [新聞] 員警爆徐巧芯停紅線不給開單 她還原始末
新增 Re: [爆卦] 徐巧芯違停事件 警察局出面說明
新增 Re: [討論] 政黑失智列車發車囉
新增 Re: [爆卦] 徐巧芯違停事件 警察局出面說明
新增 Re: [爆卦] 徐巧芯違停事件 警察局出面說明
新增 Re: [討論] 政黑失智列車發車囉
新增 Re: [爆卦] 徐巧芯違停事件 警察局出面說明
DB連接成功...
https://www.ptt.cc/bbs/Gossiping/M.1652961187.A.4A1.html 文章新增失敗
DB連接成功...
https://www.ptt.cc/bbs/HatePolitics/M.1652961219.A.CF1.html 文章新增失敗
DB連接成功...
https://www.ptt.cc/bbs/HatePolitics/M.1652960840.A.5F5.html 文章新增失敗
DB連接成功...
https://www.ptt.cc/bbs/Gossiping/M.1652960925.A.16E.html 文章新增失敗
作業完畢...兩小時後再次執行
2022-05-19 21:44:20 2022-05-19 23:44:20
新增 [問卦] ㄧ般人遇到徐小姐事件會怎樣？！
新增 Re: [討論] 我怎麼看都覺得徐巧芯的回答根本有問題啊
新增 [新聞] 才隔3天虎尾今晚又無預警停電 民眾怨褲子
DB連接成功...
https://www.ptt.cc/bbs/Gossiping/M.1652968509.A.45D.html 文章新增成功
DB連接成功...
https://www.ptt.cc/bbs/Gossiping/M.1652968049.A.3E8.html 文章新增成功
DB連接成功...
https://www.ptt.cc/bbs/HatePolitics/M.1652967882.A.933.html 文章新增成功
作業完畢...兩小時後再次執行
2022-05-19 23:44:21 2022-05-20 01:44:21
新增 [討論] 雖然討厭違停，但巧芯是無辜的！壞的是
新增 [閒聊] 警察取締違停 也是蠻辛苦的吧？？
DB連接成功...
https://www.ptt.cc/bbs/C_Chat/M.1652975364.A.048.html 文章新增成功
DB連接成功...
https://www.ptt.cc/bbs/HatePolitics/M.1652975705.A.621.html 文章新增成功
作業完畢...兩小時後再次執行
2022-05-20 01:44:23 2022-05-20 03:44:23
新增 [黑特] 徐巧芯事件實在太大驚小怪
DB連接成功...
https://www.ptt.cc/bbs/HatePolitics/M.1652982740.A.ECE.html 文章新增成功
作業完畢...兩小時後再次執行
2022-05-20 03:44:24 2022-05-20 05:44:24
作業完畢...兩小時後再次執行
2022-05-20 05:44:25 2022-05-20 07:44:25
新增 Re: [新聞] 紅牌重機騎士下班回家 轉彎車疑未禮讓迎
DB連接成功...
https://www.ptt.cc/bbs/Gossiping/M.1652997470.A.F28.html 文章新增成功
作業完畢...兩小時後再次執行
2022-05-20 07:44:27 2022-05-20 09:44:27
新增 Re: [問卦] 你是警察 你真的敢開單嗎？
新增 [討論] 抹黑比違停嚴重多了
新增 [新聞] 徐巧芯違停畫面曝光 北市信義分局補開罰
新增 [新聞] 徐巧芯違停畫面曝光 北市信義分局補開罰
新增 [新聞] 徐巧芯違停畫面曝光 北市信義分局補開罰
DB連接成功...
https://www.ptt.cc/bbs/Gossiping/M.1653003964.A.B6E.html 文章新增成功
DB連接成功...
https://www.ptt.cc/bbs/Gossiping/M.1653004256.A.805.html 文章新增成功
DB連接成功...
https://www.ptt.cc/bbs/HatePolitics/M.1653004393.A.BC5.html 文章新增成功
作業完畢...兩小時後再次執行
2022-05-20 09:44:27 2022-05-20 11:44:27
新增 Re: [新聞] 高雄未禮讓行人當場秀車牌 違規降6成
新增 [新聞] 徐巧芯親揪爆料人道歉文2大疑點 質疑：你
新增 [新聞] 徐巧芯親揪爆料人道歉文2大疑點 質疑：你
DB連接成功...
https://www.ptt.cc/bbs/Gossiping/M.1653011272.A.8C1.html 文章新增成功
DB連接成功...
https://www.ptt.cc/bbs/HatePolitics/M.1653011541.A.331.html 文章新增成功
作業完畢...兩小時後再次執行
