****************add_article.pyday2022_06_02*****************
執行中
2022-06-02 13:30:40
新增 [問卦] 冷凍水餃不買八方的理由??
DB連接成功...
https://www.ptt.cc/bbs/Gossiping/M.1654141237.A.E91.html 文章新增失敗
作業完畢...兩小時後再次執行
****************add_article.pyday2022_06_02*****************
執行中
2022-06-02 14:32:25
新增 [黑特] 高雄酒駕二容忍 幹您娘
新增 Re: [新聞] 高雄三線一督察酒駕記大過挨轟「雙標」
新增 [新聞] 高雄三線一督察酒駕記大過挨轟「雙標」
新增 Re: [新聞] 高雄三線一督察酒駕記大過挨轟「雙標」
新增 [問卦] 美國警察怎等一小時才進被槍擊的校園？
新增 [新聞] 誰傳假消息？台中市兒童疫苗施打率 引
新增 [新聞] 高雄督察酒駕僅記大過 網酸：下面查得要
新增 Re: [新聞] 出大包了？藍委驚爆：福吉美原廠說明書
新增 [新聞] 高雄三線一督察酒駕記大過挨轟「雙標」
新增 [新聞] 高雄督察酒駕僅記大過 網酸：下面查得要
新增 Re: [新聞] 高雄三線一督察酒駕記大過挨轟「雙標」
新增 Re: [新聞] 高雄三線一督察酒駕記大過挨轟「雙標」
新增 Re: [新聞] 高雄三線一督察酒駕記大過挨轟「雙標」
新增 Re: [新聞] 高雄三線一督察酒駕記大過挨轟「雙標」
新增 Re: [新聞] 高雄三線一督察酒駕記大過挨轟「雙標」
新增 Re: [新聞] 高雄三線一督察酒駕記大過挨轟「雙標」
新增 [新聞] 高雄三線一督察酒駕記大過挨轟「雙標」
新增 Re: [新聞] 神反應！衰被撞機車噴飛 熱褲妹翻滾4圈「完美起身」狂追
新增 [新聞] 四叉貓爆被恐嚇「吃頓粗飽」　民眾黨「涉
新增 [新聞] 獨家／恐怖男求愛被拒騷擾10年！掐脖、
新增 Re: [新聞] 高雄三線一督察酒駕記大過挨轟「雙標」
新增 Re: [新聞] 高雄三線一督察酒駕記大過挨轟「雙標」
新增 [新聞] 獨家／恐怖男求愛被拒騷擾10年！掐脖、
新增 Re: [新聞] 高雄三線一督察酒駕記大過挨轟「雙標」
新增 Re: [新聞] 高雄三線一督察酒駕記大過挨轟「雙標」
DB連接成功...
https://www.ptt.cc/bbs/Gossiping/M.1654148461.A.575.html 文章新增成功
DB連接成功...
https://www.ptt.cc/bbs/Gossiping/M.1654146011.A.D94.html 文章新增成功
DB連接成功...
https://www.ptt.cc/bbs/Gossiping/M.1654144541.A.3CC.html 文章新增成功
DB連接成功...
https://www.ptt.cc/bbs/Gossiping/M.1654149164.A.C42.html 文章新增成功
DB連接成功...
https://www.ptt.cc/bbs/Gossiping/M.1654145371.A.78C.html 文章新增成功
DB連接成功...
https://www.ptt.cc/bbs/Gossiping/M.1654147838.A.B72.html 文章新增成功
DB連接成功...
https://www.ptt.cc/bbs/HatePolitics/M.1654147012.A.800.html 文章新增成功
DB連接成功...
https://www.ptt.cc/bbs/Gossiping/M.1654148695.A.152.html 文章新增成功
DB連接成功...
https://www.ptt.cc/bbs/Gossiping/M.1654147093.A.BDC.html 文章新增成功
DB連接成功...
https://www.ptt.cc/bbs/Gossiping/M.1654149118.A.051.html 文章新增成功
DB連接成功...
https://www.ptt.cc/bbs/Gossiping/M.1654144487.A.419.html 文章新增成功
作業完畢...兩小時後再次執行
2022-06-02 16:32:26
新增 [討論]侯友宜：這輩子警察出生不懂什麼叫政治口水
新增 [新聞] 「恩恩爸要資料4天給不出來」　林鶴明：
新增 [公告] 板規2-2-labell-水桶42天
新增 [新聞] 人行道椅子驚爆命案！男上半身赤裸坐著　
新增 [新聞] 人行道椅子驚爆命案！男上半身赤裸坐著　
DB連接成功...
https://www.ptt.cc/bbs/Gossiping/M.1654154153.A.808.html 文章新增成功
DB連接成功...
https://www.ptt.cc/bbs/HatePolitics/M.1654154278.A.75B.html 文章新增成功
DB連接成功...
https://www.ptt.cc/bbs/HatePolitics/M.1654152993.A.21B.html 文章新增成功
DB連接成功...
https://www.ptt.cc/bbs/Gossiping/M.1654154409.A.AE2.html 文章新增成功
作業完畢...兩小時後再次執行
2022-06-02 18:32:32
新增 Re: [新聞] 機車族注意！新北開全國先例 率先試辦機
新增 [問卦] 美國有沒有可能哪天不當世界警察了?
新增 [新聞] 蜘蛛人現蹤！跑酷達人徒手爬松菸外牆14
DB連接成功...
https://www.ptt.cc/bbs/Gossiping/M.1654161073.A.66C.html 文章新增成功
DB連接成功...
https://www.ptt.cc/bbs/Gossiping/M.1654162358.A.5D8.html 文章新增成功
DB連接成功...
https://www.ptt.cc/bbs/Gossiping/M.1654163137.A.C72.html 文章新增成功
作業完畢...兩小時後再次執行
2022-06-02 20:32:32
新增 [新聞] 北市一線防疫津嚴重被拖欠 議員:去年5月
新增 [新聞] 捍衛戰士正夯！桃園婦熱戀美國軍醫　匯
新增 [新聞] 捍衛戰士正夯！桃園婦熱戀美國軍醫　匯
新增 [新聞] 捍衛戰士正夯！桃園婦熱戀美國軍醫　匯
新增 [新聞] 捍衛戰士正夯！桃園婦熱戀美國軍醫　匯
新增 [新聞] 捍衛戰士正夯！桃園婦熱戀美國軍醫　匯
新增 [新聞] 三重喋血案！20多歲男雙手、腹部遭砍倒
DB連接成功...
https://www.ptt.cc/bbs/Gossiping/M.1654169879.A.80F.html 文章新增成功
DB連接成功...
https://www.ptt.cc/bbs/HatePolitics/M.1654166020.A.87B.html 文章新增成功
DB連接成功...
https://www.ptt.cc/bbs/Gossiping/M.1654168332.A.58C.html 文章新增成功
作業完畢...兩小時後再次執行
2022-06-02 22:32:34
新增 [新聞] 興大畢聯前會長涉吞172萬！學生僅拿回
新增 Re: [新聞] 恩爸拿無錄音 林鶴明轟侯友宜神隱：對陳
新增 [新聞] 恩爸拿無錄音 林鶴明轟侯友宜神隱：對陳
新增 [新聞] 興大畢聯前會長涉吞172萬！學生僅拿回
DB連接成功...
https://www.ptt.cc/bbs/Gossiping/M.1654174490.A.461.html 文章新增成功
DB連接成功...
https://www.ptt.cc/bbs/Gossiping/M.1654173268.A.D06.html 文章新增成功
DB連接成功...
https://www.ptt.cc/bbs/Gossiping/M.1654176740.A.EE8.html 文章新增成功
作業完畢...兩小時後再次執行
2022-06-03 00:32:36
新增 [LIVE](MLB)
新增 [新聞] 北京半夜敲門 強行逮人隔離 電焊焊門
新增 [新聞] 半夜溜出營區又酒駕 2海軍士官記大過汰除
新增 [新聞] 半夜溜出營區又酒駕 2海軍士官記大過汰除
DB連接成功...
https://www.ptt.cc/bbs/Gossiping/M.1654181816.A.02F.html 文章新增成功
DB連接成功...
https://www.ptt.cc/bbs/Gossiping/M.1654182040.A.85D.html 文章新增成功
DB連接成功...
https://www.ptt.cc/bbs/Baseball/M.1654183443.A.DD7.html 文章新增成功
作業完畢...兩小時後再次執行
2022-06-03 02:32:42
新增 Re: [討論] 靠北喔！說聲紋不是個資的進來道歉
新增 Re: [轉錄] 周軒臉書
新增 [新聞] 快訊／基隆雙屍命案！父女陳屍房內多日
DB連接成功...
https://www.ptt.cc/bbs/HatePolitics/M.1654190731.A.308.html 文章新增成功
DB連接成功...
https://www.ptt.cc/bbs/HatePolitics/M.1654189478.A.05B.html 文章新增成功
DB連接成功...
https://www.ptt.cc/bbs/Gossiping/M.1654191162.A.E83.html 文章新增成功
作業完畢...兩小時後再次執行
2022-06-03 04:32:44
作業完畢...兩小時後再次執行
2022-06-03 06:32:45
新增 Re: [新聞] 抓到了！IP在北市府、造謠妻小確診的是
DB連接成功...
https://www.ptt.cc/bbs/Gossiping/M.1654205185.A.09C.html 文章新增成功
作業完畢...兩小時後再次執行
2022-06-03 08:32:51
作業完畢...兩小時後再次執行
2022-06-03 10:32:52
新增 [新聞] 男童跌落6公尺化糞池！爸爸叔叔「跟著跳
新增 [新聞] 獨家「吞下去會長高喔！」性侵猥褻17男童
新增 [新聞] 蔡其昌特助圖卡未提「校園」　蘇貞昌幫
新增 [新聞] 基隆父女陳屍家中 檢警研判父先病故女
新增 [新聞] 基隆父女陳屍家中 檢警研判父先病故女
新增 [新聞] 基隆父女陳屍家中 檢警研判父先病故女
DB連接成功...
https://www.ptt.cc/bbs/Gossiping/M.1654221088.A.226.html 文章新增成功
DB連接成功...
https://www.ptt.cc/bbs/Gossiping/M.1654219271.A.FF7.html 文章新增成功
DB連接成功...
https://www.ptt.cc/bbs/Gossiping/M.1654221211.A.464.html 文章新增成功
DB連接成功...
https://www.ptt.cc/bbs/Gossiping/M.1654219170.A.575.html 文章新增成功
作業完畢...兩小時後再次執行
2022-06-03 12:32:57
新增 Re: [新聞] 蔡其昌特助圖卡未提「校園」蘇貞昌幫「
新增 [新聞] 台中女違停嗆警「看品牌開單」！找議員喬
新增 [新聞] 蔡其昌特助圖卡未提「校園」　蘇貞昌幫「
新增 Re: [新聞] 蔡其昌特助圖卡未提「校園」　蘇貞昌幫「
新增 [新聞] 蔡其昌特助圖卡未提「校園」蘇貞昌幫「
新增 Re: [新聞] 蔡其昌特助圖卡未提「校園」　蘇貞昌幫「
新增 [新聞] 端午連假載家人上烘爐地看夜景　引擎突然
新增 [新聞] 道交新制！紅黃線違停2小時內重複通報 
新增 [新聞] 端午連假載家人上烘爐地看夜景　引擎突然
新增 [新聞] 台中女違停嗆警「看品牌開單」！找議員喬
DB連接成功...
https://www.ptt.cc/bbs/Gossiping/M.1654225353.A.3D0.html 文章新增成功
DB連接成功...
https://www.ptt.cc/bbs/Gossiping/M.1654224067.A.278.html 文章新增成功
DB連接成功...
https://www.ptt.cc/bbs/HatePolitics/M.1654226508.A.612.html 文章新增成功
DB連接成功...
https://www.ptt.cc/bbs/Gossiping/M.1654227331.A.1B0.html 文章新增成功
DB連接成功...
https://www.ptt.cc/bbs/Gossiping/M.1654223607.A.527.html 文章新增成功
DB連接成功...
https://www.ptt.cc/bbs/Gossiping/M.1654225729.A.0AB.html 文章新增成功
DB連接成功...
https://www.ptt.cc/bbs/HatePolitics/M.1654228159.A.49E.html 文章新增成功
DB連接成功...
https://www.ptt.cc/bbs/Gossiping/M.1654226845.A.62F.html 文章新增成功
作業完畢...兩小時後再次執行
2022-06-03 14:32:59
新增 [晨晨] 髒話警察晨晨:你說髒話！
新增 [問卦] 做缺德事報復社會很爽的八卦？
新增 Re: [討論] LovError說錯了什麼大家這麼氣？
新增 Re: [新聞] 恩恩爸嘆「新北市府溝通難」 消防局長：
新增 Re: [轉錄] 恩恩爸發文（說明必須在家聽錄音原因）
新增 Re: [轉錄] 恩恩爸發文（說明必須在家聽錄音原因）
新增 [問卦] 鴿子封包甘你屁事
新增 [問題] 兩津如果去高譚市當警察會發生什麼事?
DB連接成功...
https://www.ptt.cc/bbs/HatePolitics/M.1654234987.A.047.html 文章新增成功
DB連接成功...
https://www.ptt.cc/bbs/Gossiping/M.1654230952.A.BD0.html 文章新增成功
DB連接成功...
https://www.ptt.cc/bbs/C_Chat/M.1654233315.A.64B.html 文章新增成功
DB連接成功...
https://www.ptt.cc/bbs/HatePolitics/M.1654231551.A.B8B.html 文章新增成功
DB連接成功...
https://www.ptt.cc/bbs/Gossiping/M.1654234553.A.389.html 文章新增成功
DB連接成功...
https://www.ptt.cc/bbs/HatePolitics/M.1654233620.A.C0C.html 文章新增成功
DB連接成功...
https://www.ptt.cc/bbs/Gossiping/M.1654231000.A.5A7.html 文章新增成功
DB連接成功...
https://www.ptt.cc/bbs/C_Chat/M.1654232475.A.C5F.html 文章新增成功
作業完畢...兩小時後再次執行
2022-06-03 16:33:00
新增 [問卦]  每天都有人走了？
新增 [情報] Marcus Semien近七場成績
新增 Re: [新聞] LovError上班發文遭記過　北市會展基金
新增 [新聞] 婚禮前晚辦案到深夜 彰化馬尾刑警出色獲
新增 Re: [新聞] 被指拒聽錄音檔 恩恩爸再出面：感到很失
新增 [新聞] 北市首例男涉跟騷法 警開書面告誡
新增 [新聞] 烏來娃娃谷烤肉喝酒　男失足「墜落1樓高
新增 Re: [新聞] 豐田違停罰300賓士卻罰900 中警挨罵開單
新增 [新聞] 跟騷法首例！狂打3百通電話「不殺你不甘
新增 [新聞] 豐田違停罰300賓士卻罰900 中警挨罵開單
新增 [新聞] 73歲色翁熊抱強吻20歲按摩女　竟辯：她
新增 [新聞] 婚禮前晚辦案到深夜 彰化馬尾刑警出色獲
新增 [新聞] 烏來娃娃谷烤肉喝酒　男失足「墜落1樓高
新增 [新聞] 北市首例男涉跟騷法 警開書面告誡
新增 [新聞] 豐田違停罰300賓士卻罰900 中警挨罵開單
新增 Re: [新聞] 豐田違停罰300賓士卻罰900 中警挨罵開單
新增 [新聞] 73歲色翁熊抱強吻20歲按摩女　竟辯：她
DB連接成功...
https://www.ptt.cc/bbs/Gossiping/M.1654239181.A.ADA.html 文章新增成功
DB連接成功...
https://www.ptt.cc/bbs/Baseball/M.1654238585.A.4AF.html 文章新增成功
DB連接成功...
https://www.ptt.cc/bbs/Gossiping/M.1654239374.A.A35.html 文章新增成功
DB連接成功...
https://www.ptt.cc/bbs/Gossiping/M.1654240704.A.3DE.html 文章新增成功
DB連接成功...
https://www.ptt.cc/bbs/Gossiping/M.1654242911.A.DE9.html 文章新增成功
DB連接成功...
https://www.ptt.cc/bbs/Gossiping/M.1654239931.A.14E.html 文章新增成功
DB連接成功...
https://www.ptt.cc/bbs/Gossiping/M.1654239396.A.446.html 文章新增成功
DB連接成功...
https://www.ptt.cc/bbs/Gossiping/M.1654241140.A.D14.html 文章新增成功
DB連接成功...
https://www.ptt.cc/bbs/Gossiping/M.1654242117.A.C8C.html 文章新增成功
DB連接成功...
https://www.ptt.cc/bbs/Gossiping/M.1654242926.A.321.html 文章新增成功
DB連接成功...
https://www.ptt.cc/bbs/Gossiping/M.1654239060.A.F24.html 文章新增成功
作業完畢...兩小時後再次執行
2022-06-03 18:33:01
新增 [問卦] 女友很自責 我該怎麼安慰她？
新增 [新聞] 暖哭！引擎蓋小貓救出來後萌翻眾人 警察
新增 Re: [新聞] 北市「交通CPR」7年 柯文哲：一樣爛
新增 [問卦] 在那邊哭機車區間測速的為什麼不買車?
新增 Re: [新聞] 北市「交通CPR」7年 柯文哲：一樣爛
新增 [新聞] 上海剛解封 多區又現陽性病例 再度封控
新增 [新聞] 暖哭！引擎蓋小貓救出來後萌翻眾人 警察
新增 [問卦] 有個穿白西裝開跑車的警察調來我們南區
新增 [新聞] 暖哭！引擎蓋小貓救出來後萌翻眾人 警察
DB連接成功...
https://www.ptt.cc/bbs/Gossiping/M.1654246718.A.E40.html 文章新增成功
DB連接成功...
https://www.ptt.cc/bbs/Gossiping/M.1654247110.A.523.html 文章新增成功
DB連接成功...
https://www.ptt.cc/bbs/Gossiping/M.1654245301.A.535.html 文章新增成功
DB連接成功...
https://www.ptt.cc/bbs/Gossiping/M.1654246947.A.82F.html 文章新增成功
DB連接成功...
https://www.ptt.cc/bbs/Gossiping/M.1654248479.A.277.html 文章新增成功
DB連接成功...
https://www.ptt.cc/bbs/Gossiping/M.1654248701.A.C86.html 文章新增成功
DB連接成功...
https://www.ptt.cc/bbs/Gossiping/M.1654250167.A.BDF.html 文章新增成功
作業完畢...兩小時後再次執行
2022-06-03 20:33:03
新增 [LOL] 哪個人開車撞死了人 凱特琳會陪同做筆錄?
新增 Re: [問卦] 美國警察怎等一小時才進被槍擊的校園？
新增 Re: [問卦] 菲律賓每日不到200例來台灣卻要隔離7天?
新增 Re: [新聞] 北市「交通CPR」7年 柯文哲：一樣爛
新增 [新聞] 整理親友遺物赫見上千顆子彈 警方傻眼追
新增 [新聞] 美威州墓園喪禮槍擊 至少2傷1人傷勢嚴重
新增 [新聞] 整理親友遺物赫見上千顆子彈 警方傻眼追
新增 [新聞] 整理親友遺物赫見上千顆子彈 警方傻眼追
新增 [新聞] 整理親友遺物赫見上千顆子彈 警方傻眼追
新增 [新聞] 整理親友遺物赫見上千顆子彈 警方傻眼追
DB連接成功...
https://www.ptt.cc/bbs/Gossiping/M.1654252585.A.EBA.html 文章新增成功
DB連接成功...
https://www.ptt.cc/bbs/Gossiping/M.1654255614.A.24B.html 文章新增成功
DB連接成功...
https://www.ptt.cc/bbs/Gossiping/M.1654253760.A.F4D.html 文章新增成功
DB連接成功...
https://www.ptt.cc/bbs/C_Chat/M.1654256184.A.DFC.html 文章新增成功
DB連接成功...
https://www.ptt.cc/bbs/Gossiping/M.1654256670.A.0AD.html 文章新增成功
DB連接成功...
https://www.ptt.cc/bbs/Gossiping/M.1654255060.A.5D5.html 文章新增成功
作業完畢...兩小時後再次執行
2022-06-03 22:33:05
新增 Re: [問卦] 美國警察怎等一小時才進被槍擊的校園？
新增 Re: [閒聊] 武俠小說要成真了
新增 [新聞] 美又傳槍擊奪醫生命　拜登沉痛：孩童死因
DB連接成功...
https://www.ptt.cc/bbs/Gossiping/M.1654260425.A.C5D.html 文章新增成功
DB連接成功...
https://www.ptt.cc/bbs/C_Chat/M.1654262177.A.1E0.html 文章新增成功
DB連接成功...
https://www.ptt.cc/bbs/Gossiping/M.1654260635.A.D38.html 文章新增成功
作業完畢...兩小時後再次執行
2022-06-04 00:33:07
新增 Re: [問卦] 當初為什麼要聲援香港?
新增 Re: [問卦] 為什麼恩恩爸爸在八卦版被很多推文攻擊？
新增 [討論] 一圖流為什麼不給聽錄音
DB連接成功...
https://www.ptt.cc/bbs/HatePolitics/M.1654268673.A.8D6.html 文章新增成功
DB連接成功...
https://www.ptt.cc/bbs/Gossiping/M.1654268101.A.1D5.html 文章新增成功
DB連接成功...
https://www.ptt.cc/bbs/Gossiping/M.1654269788.A.C8A.html 文章新增成功
作業完畢...兩小時後再次執行
2022-06-04 02:33:09
新增 [問卦] 大多人都不知道統神隱藏的好梗?
DB連接成功...
https://www.ptt.cc/bbs/Gossiping/M.1654278395.A.A6F.html 文章新增成功
作業完畢...兩小時後再次執行
2022-06-04 04:33:12
新增 [問卦] 整形完醒來就變成警察了怎辦
新增 [問卦] 紅線改成高價收費區域是不是就解決了
DB連接成功...
https://www.ptt.cc/bbs/Gossiping/M.1654283896.A.E8C.html 文章新增成功
DB連接成功...
https://www.ptt.cc/bbs/Gossiping/M.1654285159.A.873.html 文章新增成功
作業完畢...兩小時後再次執行
2022-06-04 06:33:14
作業完畢...兩小時後再次執行
2022-06-04 08:33:14
新增 [爆卦] 台中市警察局網站連車牌類型都會搞錯...
新增 Re: [新聞] 恩恩爸：若拿到錄音檔不會公布 消防局強調依法不能給音
新增 [新聞] 道交新制！紅黃線違停2小時內重複通報 
DB連接成功...
https://www.ptt.cc/bbs/Gossiping/M.1654300519.A.22E.html 文章新增成功
DB連接成功...
https://www.ptt.cc/bbs/Gossiping/M.1654297957.A.E67.html 文章新增成功
DB連接成功...
https://www.ptt.cc/bbs/HatePolitics/M.1654298687.A.B19.html 文章新增成功
作業完畢...兩小時後再次執行
2022-06-04 10:33:15
新增 [問卦] 支那64天安門事件有人死亡嗎？
新增 [問卦] 美國流氓會不會很難混？
新增 Re: [問卦] 七年級生都活成自己討厭的樣子了嗎？
新增 [新聞] 雄警督察酒駕 陳其邁：酒測值1.0就免職
新增 [新聞] 雄警督察酒駕 陳其邁：酒測值1.0就免職
DB連接成功...
https://www.ptt.cc/bbs/Gossiping/M.1654304251.A.E61.html 文章新增成功
DB連接成功...
https://www.ptt.cc/bbs/Gossiping/M.1654306814.A.852.html 文章新增成功
DB連接成功...
https://www.ptt.cc/bbs/Gossiping/M.1654303575.A.560.html 文章新增成功
DB連接成功...
https://www.ptt.cc/bbs/Gossiping/M.1654306595.A.EF6.html 文章新增成功
作業完畢...兩小時後再次執行
2022-06-04 12:33:16
新增 [問卦] 何時才能一起在凱道上唱<島嶼天光>?
新增 [問卦] 我朋友綁架了一個小學女生 該報警嗎?
新增 Re: [新聞] 違停2小時重複通報 桃警不派員處理
新增 Re: [問卦] 鄭南榕的死關侯友宜什麼事？
新增 Re: [問卦] 日本警察太誇張了吧
新增 Re: [討論] 侯友宜這麼孬是要怎麼選總統?
新增 [新聞] 前港警隊司機床下藏千顆子彈另有軍方步槍子彈 
新增 [Vtub] 今天沒有壱百満天原サロメ可看怎麼辦?
新增 Re: [問卦] line上詐騙集團
新增 Re: [問卦] 誰能解釋上帝為何全知全能
新增 [新聞] 前港警隊司機床下藏千顆子彈另有軍方步槍子彈 
新增 [新聞] 墾丁大街醉男砸杯鬧事！反遭6人圍毆　女
新增 [新聞] 前港警隊司機床下藏千顆子彈另有軍方步槍子彈 
DB連接成功...
https://www.ptt.cc/bbs/Gossiping/M.1654310369.A.BD1.html 文章新增成功
DB連接成功...
https://www.ptt.cc/bbs/HatePolitics/M.1654312361.A.05F.html 文章新增成功
DB連接成功...
https://www.ptt.cc/bbs/Gossiping/M.1654311673.A.F3B.html 文章新增成功
DB連接成功...
https://www.ptt.cc/bbs/Gossiping/M.1654314946.A.6F9.html 文章新增成功
DB連接成功...
https://www.ptt.cc/bbs/Gossiping/M.1654310896.A.BF1.html 文章新增成功
DB連接成功...
https://www.ptt.cc/bbs/HatePolitics/M.1654310126.A.F1E.html 文章新增成功
DB連接成功...
https://www.ptt.cc/bbs/Gossiping/M.1654310226.A.E9A.html 文章新增成功
DB連接成功...
https://www.ptt.cc/bbs/Gossiping/M.1654311698.A.6B5.html 文章新增成功
DB連接成功...
https://www.ptt.cc/bbs/Gossiping/M.1654312215.A.3E7.html 文章新增成功
DB連接成功...
https://www.ptt.cc/bbs/Gossiping/M.1654311085.A.790.html 文章新增成功
DB連接成功...
https://www.ptt.cc/bbs/C_Chat/M.1654311109.A.C19.html 文章新增成功
作業完畢...兩小時後再次執行
2022-06-04 14:33:18
新增 Re: [問卦] 美國槍枝氾濫無解了?
新增 [新聞] 高雄男酒駕被攔求援遭母親當場甩巴掌教育
新增 [新聞] 高雄男酒駕被攔求援遭母親當場甩巴掌教育
新增 [新聞] 3小貓關鼠籠兜售 新竹阿婆聽恐罰300萬嚇
DB連接成功...
https://www.ptt.cc/bbs/Gossiping/M.1654317431.A.0ED.html 文章新增成功
DB連接成功...
https://www.ptt.cc/bbs/Gossiping/M.1654319921.A.1CA.html 文章新增成功
DB連接成功...
https://www.ptt.cc/bbs/Gossiping/M.1654319072.A.0DF.html 文章新增成功
作業完畢...兩小時後再次執行
2022-06-04 16:33:28
新增 [問卦] 強尼戴普和安柏的官司拍實境秀有無搞頭
新增 Re: [新聞] 美又傳槍擊奪醫生命　拜登沉痛：孩童死因
DB連接成功...
https://www.ptt.cc/bbs/Gossiping/M.1654324527.A.0A0.html 文章新增成功
DB連接成功...
https://www.ptt.cc/bbs/Gossiping/M.1654329222.A.E27.html 文章新增成功
作業完畢...兩小時後再次執行
2022-06-04 18:33:29
新增 Re: [新聞]2歲「恩恩之死」林父悲痛求真相 新北119同
新增 [閒聊] 如果死亡筆記本掉在台灣 警察抓的到嗎
新增 [電競] 比賽高手，輕易拿到傑出人才綠卡
新增 [新聞] 李恆青:從「六四」學運到「我們是最後一代
新增 [問卦] 偷渡進動物園鳥園的鴿子
新增 Re: [問卦] 水肥車抽完的水肥，都是如何處理的？
DB連接成功...
https://www.ptt.cc/bbs/Gossiping/M.1654334998.A.88B.html 文章新增成功
DB連接成功...
https://www.ptt.cc/bbs/Gossiping/M.1654336661.A.A51.html 文章新增成功
DB連接成功...
https://www.ptt.cc/bbs/Gossiping/M.1654335918.A.CD9.html 文章新增成功
DB連接成功...
https://www.ptt.cc/bbs/C_Chat/M.1654333169.A.807.html 文章新增成功
DB連接成功...
https://www.ptt.cc/bbs/C_Chat/M.1654334114.A.69C.html 文章新增成功
DB連接成功...
https://www.ptt.cc/bbs/Gossiping/M.1654335255.A.B13.html 文章新增成功
作業完畢...兩小時後再次執行
2022-06-04 20:33:30
新增 Re: [新聞] 台中首例「跟騷法」法辦 常到店前對闆娘
新增 Re: [新聞] 台中首例「跟騷法」法辦 常到店前對闆娘
新增 [問卦] 鐵路警察被殺判無罪 父親活活氣死 (發錢)
新增 [討論] 台北市府真的很有趣
新增 Re: [問卦] 鐵路警察被殺判無罪 父親活活氣死 (發錢)
新增 [問卦] 跟騷法是不是讓女孩有夢可以賺第一桶金了
新增 Re: [問卦] 鐵路警察被殺判無罪 父親活活氣死 (發錢)
新增 [討論] 台北市府真的很有趣
新增 Re: [新聞] 台中首例「跟騷法」法辦 常到店前對闆娘
新增 [討論] 台北市府真的很有趣
DB連接成功...
https://www.ptt.cc/bbs/Gossiping/M.1654338852.A.099.html 文章新增成功
DB連接成功...
https://www.ptt.cc/bbs/Gossiping/M.1654339213.A.87D.html 文章新增成功
DB連接成功...
https://www.ptt.cc/bbs/HatePolitics/M.1654343772.A.BC3.html 文章新增成功
DB連接成功...
https://www.ptt.cc/bbs/Gossiping/M.1654343410.A.AF8.html 文章新增成功
DB連接成功...
https://www.ptt.cc/bbs/Gossiping/M.1654338924.A.6DE.html 文章新增成功
DB連接成功...
https://www.ptt.cc/bbs/Gossiping/M.1654343764.A.1A4.html 文章新增成功
DB連接成功...
https://www.ptt.cc/bbs/Gossiping/M.1654341467.A.948.html 文章新增成功
DB連接成功...
https://www.ptt.cc/bbs/Gossiping/M.1654341013.A.378.html 文章新增成功
作業完畢...兩小時後再次執行
2022-06-04 22:33:31
新增 Re: [問卦] 不能把跟騷法廢掉嗎
新增 [討論]巧芯穿戰袍,以後不用再說我是徐巧芯喔了吧
新增 Re: [問卦] 鐵路警察被殺判無罪 父親活活氣死 (發錢)
新增 Re: [新聞] 台中首例「跟騷法」法辦 常到店前對闆娘
新增 [新聞] 俄亥俄州頒新法 允許教師培訓24小時即可
新增 Re: [問卦] 不能把跟騷法廢掉嗎
新增 [閒聊] 在柯南裡面，你算幾梯的?
新增 [新聞] 值班喝酒涉性侵女警 中正一分局偵查隊長
新增 Re: [問卦] 不能把跟騷法廢掉嗎
新增 [新聞] 值班喝酒涉性侵女警 中正一分局偵查隊長
新增 Re: [新聞] 台中首例「跟騷法」法辦 常到店前對闆娘
新增 Re: [新聞] 台中首例「跟騷法」法辦 常到店前對闆娘
DB連接成功...
https://www.ptt.cc/bbs/Gossiping/M.1654348037.A.D3E.html 文章新增成功
DB連接成功...
https://www.ptt.cc/bbs/Gossiping/M.1654348546.A.1D0.html 文章新增成功
DB連接成功...
https://www.ptt.cc/bbs/HatePolitics/M.1654350494.A.2E2.html 文章新增成功
DB連接成功...
https://www.ptt.cc/bbs/Gossiping/M.1654348492.A.87F.html 文章新增成功
DB連接成功...
https://www.ptt.cc/bbs/Gossiping/M.1654347281.A.33B.html 文章新增成功
DB連接成功...
https://www.ptt.cc/bbs/C_Chat/M.1654350583.A.A43.html 文章新增成功
DB連接成功...
https://www.ptt.cc/bbs/Gossiping/M.1654349465.A.BA2.html 文章新增成功
作業完畢...兩小時後再次執行
2022-06-05 00:33:31
新增 [22春] 間諜家家酒 09
新增 Re: [新聞] 新／水上摩托車1女落海5天「全團無人知」
新增 Re: [新聞] 台中首例「跟騷法」法辦 常到店前對闆娘
新增 Re: [新聞] 新／水上摩托車1女落海5天「全團無人知」
新增 [閒聊] 沉默寡言型的主角有哪些
新增 Re: [新聞] 新／水上摩托車1女落海5天「全團無人知」
DB連接成功...
https://www.ptt.cc/bbs/Gossiping/M.1654355810.A.E04.html 文章新增成功
DB連接成功...
https://www.ptt.cc/bbs/Gossiping/M.1654354879.A.E8F.html 文章新增成功
DB連接成功...
https://www.ptt.cc/bbs/C_Chat/M.1654356915.A.000.html 文章新增成功
DB連接成功...
https://www.ptt.cc/bbs/C_Chat/M.1654358004.A.0F7.html 文章新增成功
作業完畢...兩小時後再次執行
2022-06-05 02:33:32
新增 [問卦] 該申訴罰單嗎？
新增 [問卦] 罰單簽名的用意是什麼？
新增 [閒聊] 我的現實是戀愛遊戲 57
新增 [新聞] 美國又有槍擊案！派對傳槍響1死5傷 兇手
新增 Re: [問卦]  六四 (64)天安門事件，中國年輕人不知道
新增 Re: [討論] 八卦在刪 2019~2021 的文？
DB連接成功...
https://www.ptt.cc/bbs/Gossiping/M.1654362502.A.DE2.html 文章新增成功
DB連接成功...
https://www.ptt.cc/bbs/Gossiping/M.1654363628.A.375.html 文章新增成功
DB連接成功...
https://www.ptt.cc/bbs/C_Chat/M.1654361388.A.729.html 文章新增成功
DB連接成功...
https://www.ptt.cc/bbs/Gossiping/M.1654364357.A.0E7.html 文章新增成功
DB連接成功...
https://www.ptt.cc/bbs/HatePolitics/M.1654365412.A.D01.html 文章新增成功
DB連接成功...
https://www.ptt.cc/bbs/Gossiping/M.1654362024.A.652.html 文章新增成功
作業完畢...兩小時後再次執行
2022-06-05 04:33:33
新增 [問卦] 日本警察幫鴨子開道指揮交通？
新增 [問卦] 台灣警察走火是不是訓練不足啊?小女孩示
DB連接成功...
https://www.ptt.cc/bbs/Gossiping/M.1654372455.A.E07.html 文章新增成功
DB連接成功...
https://www.ptt.cc/bbs/Gossiping/M.1654367945.A.A44.html 文章新增成功
作業完畢...兩小時後再次執行
2022-06-05 06:33:34
作業完畢...兩小時後再次執行
2022-06-05 08:33:35
新增 [討論] 為啥美國18歲能買長槍不能買手槍？
新增 Re: [討論] 八卦在刪 2019~2021 的文？
新增 Re: [討論] 八卦在刪 2019~2021 的文？
DB連接成功...
https://www.ptt.cc/bbs/HatePolitics/M.1654383054.A.2C4.html 文章新增成功
DB連接成功...
https://www.ptt.cc/bbs/HatePolitics/M.1654385897.A.C4E.html 文章新增成功
DB連接成功...
https://www.ptt.cc/bbs/HatePolitics/M.1654382039.A.1E4.html 文章新增成功
作業完畢...兩小時後再次執行
2022-06-05 10:33:36
新增 [LLSS] Love Live! Superstar 2：中配
DB連接成功...
https://www.ptt.cc/bbs/C_Chat/M.1654392202.A.2D5.html 文章新增成功
作業完畢...兩小時後再次執行
2022-06-05 12:33:37
新增 [新聞] 獨家｜白天就衝高雄極樂！應召女藏後門
新增 [新聞] 獨家｜白天就衝高雄極樂！應召女藏後門
新增 Re: [閒聊] 以前人對科技的發展速度太有自信？
DB連接成功...
https://www.ptt.cc/bbs/C_Chat/M.1654399774.A.C13.html 文章新增成功
DB連接成功...
https://www.ptt.cc/bbs/Gossiping/M.1654401163.A.910.html 文章新增成功
作業完畢...兩小時後再次執行
2022-06-05 14:33:38
新增 [問卦] 兩津紅什麼
新增 [問卦] 為什麼警察不主動取締啊
新增 Re: [討論] 八卦在刪 2019~2021 的文？
新增 [新聞] 「了解就好」蘇貞昌撇綠營助理造謠　她嗆
新增 [新聞] 警消家屬向總統請命 輪班公務員工時上限
新增 [新聞] 獨家｜女警開車撞賓士、特斯拉、NISSAN　
新增 [新聞] 可惡至極！逃逸移工闖紅燈撞女騎士棄車
新增 [新聞] 獨家｜女警開車撞賓士、特斯拉、NISSAN　
新增 [新聞] 獨家｜女警開車撞賓士、特斯拉、NISSAN　
新增 [新聞] 獨家｜女警開車撞賓士、特斯拉、NISSAN　
新增 Re: [問卦] 造成台灣男人地位如此卑賤的元兇是誰？
新增 [新聞] 獨家｜女警開車撞賓士、特斯拉、NISSAN　
DB連接成功...
https://www.ptt.cc/bbs/Gossiping/M.1654408124.A.339.html 文章新增成功
DB連接成功...
https://www.ptt.cc/bbs/Gossiping/M.1654403869.A.BE7.html 文章新增成功
DB連接成功...
https://www.ptt.cc/bbs/Gossiping/M.1654404214.A.739.html 文章新增成功
DB連接成功...
https://www.ptt.cc/bbs/Gossiping/M.1654404420.A.65F.html 文章新增成功
DB連接成功...
https://www.ptt.cc/bbs/Gossiping/M.1654406594.A.BC4.html 文章新增成功
DB連接成功...
https://www.ptt.cc/bbs/HatePolitics/M.1654406957.A.842.html 文章新增成功
DB連接成功...
https://www.ptt.cc/bbs/Gossiping/M.1654404937.A.78A.html 文章新增成功
DB連接成功...
https://www.ptt.cc/bbs/Gossiping/M.1654405682.A.B30.html 文章新增成功
作業完畢...兩小時後再次執行
2022-06-05 16:33:40
新增 [問卦] 為什麼沒有烙英文警察？
新增 [新聞] 酒駕妨害公務被帶回警局　高雄男竟猝死警
新增 Re: [新聞] 酒駕妨害公務被帶回警局　高雄男竟猝死警
新增 [新聞] 酒駕妨害公務被帶回警局　高雄男竟猝死警
新增 Re: [新聞] 酒駕妨害公務被帶回警局　高雄男竟猝死警
DB連接成功...
https://www.ptt.cc/bbs/Gossiping/M.1654415721.A.EDD.html 文章新增成功
DB連接成功...
https://www.ptt.cc/bbs/Gossiping/M.1654412122.A.92A.html 文章新增成功
DB連接成功...
https://www.ptt.cc/bbs/Gossiping/M.1654415052.A.112.html 文章新增成功
作業完畢...兩小時後再次執行
2022-06-05 18:33:47
新增 [新聞] 江少慶、林丞軒有多像？江媽認錯 體能教
新增 [問卦] 你覺得警察還剩多少威嚴?
新增 [問題] 左邊這位是cos成戰場原還是羽川翼？
新增 Re: [閒聊] 跟永遠娘蘿莉做愛會犯法嗎
新增 Re: [新聞] 獨家｜女警開車撞賓士、特斯拉、NISSAN　
新增 Re: [新聞] 獨家｜女警開車撞賓士、特斯拉、NISSAN
新增 [新聞] 腳骨折躺擔架轉院　隨車救護員竟趁他不
新增 Re: [新聞] 獨家｜女警開車撞賓士、特斯拉、NISSAN
新增 Re: [新聞] 獨家｜女警開車撞賓士、特斯拉、NISSAN
新增 Re: [新聞] 獨家｜女警開車撞賓士、特斯拉、NISSAN
新增 [問卦] 你覺得警察還剩多少威嚴?
新增 Re: [新聞] 獨家｜女警開車撞賓士、特斯拉、NISSAN
DB連接成功...
https://www.ptt.cc/bbs/C_Chat/M.1654422797.A.43B.html 文章新增成功
DB連接成功...
https://www.ptt.cc/bbs/Gossiping/M.1654421991.A.5D9.html 文章新增成功
DB連接成功...
https://www.ptt.cc/bbs/C_Chat/M.1654422248.A.952.html 文章新增成功
DB連接成功...
https://www.ptt.cc/bbs/Gossiping/M.1654420762.A.5B6.html 文章新增成功
DB連接成功...
https://www.ptt.cc/bbs/Gossiping/M.1654418904.A.CB8.html 文章新增成功
DB連接成功...
https://www.ptt.cc/bbs/Baseball/M.1654420643.A.F9B.html 文章新增成功
DB連接成功...
https://www.ptt.cc/bbs/Gossiping/M.1654420736.A.AAD.html 文章新增成功
作業完畢...兩小時後再次執行
2022-06-05 20:33:48
新增 Re: [新聞] 獨家｜女警開車撞賓士、特斯拉、NISSAN　
新增 Re: [新聞] 6逃逸移工闖紅燈撞人跑光！女騎士重傷昏
新增 Re: [新聞] 獨家｜女警開車撞賓士、特斯拉、NISSAN　
新增 Re: [新聞] 獨家｜女警開車撞賓士、特斯拉、NISSAN　
新增 Re: [新聞] 逃逸移工無照駕車撞傷女騎士 監理所：移
新增 Re: [新聞] 獨家｜女警開車撞賓士、特斯拉、NISSAN　
新增 [新聞] 保險只有50萬 林口小女警撞3車 遭車主怒
新增 [新聞] 保險只有50萬 林口小女警撞3車 遭車主怒
新增 [新聞] 酒駕騎士辱警被逮離奇暴斃警車上　身分是
新增 [新聞] 他騎Gogoro上中橫電力耗盡受困 警助赴36
新增 Re: [新聞] 獨家｜女警開車撞賓士、特斯拉、NISSAN　
新增 [新聞] 保險只有50萬 林口小女警撞3車 遭車主怒
新增 Re: [新聞] 獨家｜女警開車撞賓士、特斯拉、NISSAN　
新增 Re: [新聞] 獨家｜女警開車撞賓士、特斯拉、NISSAN　
新增 [新聞] 保險只有50萬 林口小女警撞3車 遭車主怒
新增 [新聞] 酒駕騎士辱警被逮離奇暴斃警車上　身分是
新增 Re: [新聞] 獨家｜女警開車撞賓士、特斯拉、NISSAN　
新增 [新聞] SPC-MLB》教士超狂大物10K三振秀！ 締造109年唯一紀錄（影
新增 Re: [新聞] 逃逸移工無照駕車撞傷女騎士 監理所：移
新增 [新聞] 逃逸移工無照駕車撞傷女騎士 監理所：移
新增 [新聞] 逃逸移工無照駕車撞傷女騎士 監理所：移
新增 [新聞] 特斯拉男喊「爸過世」！想先充電被拒絕　
新增 [新聞] 酒駕騎士辱警被逮離奇暴斃警車上　身分是
新增 [新聞] 他騎Gogoro上中橫電力耗盡受困 警助赴36
新增 Re: [新聞] 獨家｜女警開車撞賓士、特斯拉、NISSAN　
新增 [新聞] 保險只有50萬 林口小女警撞3車 遭車主怒
新增 Re: [新聞] 獨家｜女警開車撞賓士、特斯拉、NISSAN　
新增 [閒聊] 兩津勘吉和Amber同住一個屋簷下 會怎樣?
新增 [新聞] 他騎Gogoro上中橫電力耗盡受困 警助赴36
新增 [新聞] 酒駕騎士辱警被逮離奇暴斃警車上　身分是
新增 Re: [新聞] 獨家｜女警開車撞賓士、特斯拉、NISSAN　
新增 [新聞] 特斯拉男喊「爸過世」！想先充電被拒絕　
新增 [生日] 祝6/5生日的角色和聲優生日快樂
新增 Re: [新聞] 獨家｜女警開車撞賓士、特斯拉、NISSAN　
DB連接成功...
https://www.ptt.cc/bbs/Gossiping/M.1654427603.A.01F.html 文章新增成功
DB連接成功...
https://www.ptt.cc/bbs/Gossiping/M.1654428262.A.A30.html 文章新增成功
DB連接成功...
https://www.ptt.cc/bbs/Gossiping/M.1654426359.A.350.html 文章新增成功
DB連接成功...
https://www.ptt.cc/bbs/Gossiping/M.1654428106.A.4FC.html 文章新增成功
DB連接成功...
https://www.ptt.cc/bbs/Gossiping/M.1654425613.A.32A.html 文章新增成功
DB連接成功...
https://www.ptt.cc/bbs/C_Chat/M.1654426455.A.10F.html 文章新增成功
DB連接成功...
https://www.ptt.cc/bbs/Gossiping/M.1654428843.A.059.html 文章新增成功
DB連接成功...
https://www.ptt.cc/bbs/Gossiping/M.1654426535.A.A37.html 文章新增成功
DB連接成功...
https://www.ptt.cc/bbs/Gossiping/M.1654427980.A.A34.html 文章新增成功
DB連接成功...
https://www.ptt.cc/bbs/Gossiping/M.1654429229.A.FD7.html 文章新增成功
DB連接成功...
https://www.ptt.cc/bbs/C_Chat/M.1654429667.A.BA9.html 文章新增成功
DB連接成功...
https://www.ptt.cc/bbs/HatePolitics/M.1654429593.A.5B6.html 文章新增成功
DB連接成功...
https://www.ptt.cc/bbs/Baseball/M.1654429501.A.B14.html 文章新增成功
DB連接成功...
https://www.ptt.cc/bbs/Gossiping/M.1654427271.A.5C9.html 文章新增成功
DB連接成功...
https://www.ptt.cc/bbs/Gossiping/M.1654427672.A.F4C.html 文章新增成功
作業完畢...兩小時後再次執行
2022-06-05 22:33:49
新增 [討論] 台北市到底還有哪個局處是正常的?
新增 [漫畫] 小林家的龍女僕 117：失業的露可亞
新增 Re: [討論] (本文已被刪除) [kuloda]x31 多篇爆文
新增 [新聞] 男戴假髮持空氣槍搶檳榔攤 得手8800元判7
新增 [情報] 柯瑞BS
新增 [問卦] 台視是不是沒錢了？瘋狂重播欸？
DB連接成功...
https://www.ptt.cc/bbs/Gossiping/M.1654435334.A.3DF.html 文章新增成功
DB連接成功...
https://www.ptt.cc/bbs/Gossiping/M.1654433681.A.B45.html 文章新增成功
DB連接成功...
https://www.ptt.cc/bbs/HatePolitics/M.1654437411.A.4F8.html 文章新增成功
DB連接成功...
https://www.ptt.cc/bbs/HatePolitics/M.1654433971.A.32B.html 文章新增成功
DB連接成功...
https://www.ptt.cc/bbs/Baseball/M.1654433123.A.B7A.html 文章新增成功
DB連接成功...
https://www.ptt.cc/bbs/C_Chat/M.1654435369.A.A59.html 文章新增成功
作業完畢...兩小時後再次執行
2022-06-06 00:33:50
新增 [閒聊] 黃昏假扮成秘密警察 這風險不大嗎？
新增 [問卦] 現在要嘴公家機關是不是都怕怕的
新增 [新聞] 曾破史上最大68億運毒案！英雄淪性侵犯　
新增 [新聞] 曾破史上最大68億運毒案！英雄淪性侵犯　
新增 [新聞] 大火引發化學品爆炸 孟加拉吉大港至少49
新增 [新聞] 曾破史上最大68億運毒案！英雄淪性侵犯　
新增 [新聞] 大火引發化學品爆炸 孟加拉吉大港至少49
新增 [新聞] 少年與爸媽吵架「一怒變蜘蛛人」37樓徒
DB連接成功...
https://www.ptt.cc/bbs/Gossiping/M.1654443711.A.3BF.html 文章新增成功
DB連接成功...
https://www.ptt.cc/bbs/C_Chat/M.1654444479.A.B5C.html 文章新增成功
DB連接成功...
https://www.ptt.cc/bbs/Gossiping/M.1654441970.A.AC9.html 文章新增成功
DB連接成功...
https://www.ptt.cc/bbs/Gossiping/M.1654444485.A.392.html 文章新增成功
DB連接成功...
https://www.ptt.cc/bbs/Gossiping/M.1654441643.A.495.html 文章新增成功
作業完畢...兩小時後再次執行
2022-06-06 02:33:51
新增 Re: [新聞] 北市忠孝西路禁行機車逾40年 市府鬆口研
新增 Re: [新聞] 北市忠孝西路禁行機車逾40年 市府鬆口研
新增 Re: [閒聊] 楓之谷的誰適合當婆
DB連接成功...
https://www.ptt.cc/bbs/C_Chat/M.1654448871.A.A19.html 文章新增成功
DB連接成功...
https://www.ptt.cc/bbs/Gossiping/M.1654447090.A.D27.html 文章新增成功
作業完畢...兩小時後再次執行
2022-06-06 04:33:55
新增 [閒聊] 獵人的庫洛洛魯西魯
新增 [閒聊] 隆為什麼都不用上班
DB連接成功...
https://www.ptt.cc/bbs/C_Chat/M.1654457458.A.33A.html 文章新增成功
DB連接成功...
https://www.ptt.cc/bbs/C_Chat/M.1654456673.A.88A.html 文章新增成功
作業完畢...兩小時後再次執行
2022-06-06 06:33:56
作業完畢...兩小時後再次執行
2022-06-06 08:33:57
新增 Re: [問卦] 跟騷法是不是一部惡法 ？
新增 Re: [問卦] 跟騷法是不是一部惡法 ？
DB連接成功...
https://www.ptt.cc/bbs/Gossiping/M.1654473190.A.6F5.html 文章新增成功
作業完畢...兩小時後再次執行
2022-06-06 10:33:58
新增 [閒聊] 到底誰會覺得萬里花有可能贏??????
新增 [問卦] 如何檢舉在公共場所抽菸的人？
新增 Re: [新聞] 成治安隱憂 移民署︰失聯移工逾6萬人
新增 [討論] 立法禁止民進黨支持者擔任公務人員
新增 [暴雪] 暗黑不朽開箱課金：升滿得花好幾萬
新增 Re: [新聞] 獨家｜女警開車撞賓士、特斯拉、NISSAN　
新增 Re: [新聞] 獨家｜女警開車撞賓士、特斯拉、NISSAN　
DB連接成功...
https://www.ptt.cc/bbs/Gossiping/M.1654478679.A.1B5.html 文章新增成功
DB連接成功...
https://www.ptt.cc/bbs/Gossiping/M.1654479424.A.2F6.html 文章新增成功
DB連接成功...
https://www.ptt.cc/bbs/C_Chat/M.1654479909.A.CC5.html 文章新增成功
DB連接成功...
https://www.ptt.cc/bbs/Gossiping/M.1654480329.A.AEB.html 文章新增成功
DB連接成功...
https://www.ptt.cc/bbs/C_Chat/M.1654480503.A.D0F.html 文章新增成功
DB連接成功...
https://www.ptt.cc/bbs/HatePolitics/M.1654480683.A.FFD.html 文章新增成功
作業完畢...兩小時後再次執行
2022-06-06 12:34:05
新增 [暴雪] 暗黑不朽：Metacritic玩家評價0.8分
新增 Re: [新聞] 北市府「網軍」風波 又一人身份曝光》承
新增 Re: [新聞] 北市府「網軍」風波 又一人身份曝光》承
新增 [協尋] 2/16 8：10 桃園區行車記錄器畫面
新增 [新聞] 特斯拉開槍男到案了！坦承插隊被拒氣噗噗　「爆紅」嚇到槍拋
新增 [協尋] 2/16 8：10 桃園區行車記錄器畫面
新增 [新聞] 特斯拉開槍男到案了！坦承插隊被拒氣噗噗　「爆紅」嚇到槍拋
DB連接成功...
https://www.ptt.cc/bbs/Gossiping/M.1654483765.A.0F9.html 文章新增成功
DB連接成功...
https://www.ptt.cc/bbs/Gossiping/M.1654484171.A.51F.html 文章新增成功
DB連接成功...
https://www.ptt.cc/bbs/C_Chat/M.1654487174.A.F16.html 文章新增成功
DB連接成功...
https://www.ptt.cc/bbs/Gossiping/M.1654485600.A.96F.html 文章新增成功
DB連接成功...
https://www.ptt.cc/bbs/Gossiping/M.1654484559.A.264.html 文章新增成功
作業完畢...兩小時後再次執行
2022-06-06 14:34:06
新增 [問卦] sleeping dogs賣不好嗎？
新增 Re: [問卦] 我們甲甲會自律！...？
新增 [新聞] 直播坦克蛋糕 中國「帶貨一哥」遭打壓
新增 [新聞] 特斯拉開槍男自稱「最強網紅」　奔喪卻狂
新增 [新聞] 特斯拉開槍男自稱「最強網紅」　奔喪卻狂
DB連接成功...
https://www.ptt.cc/bbs/Gossiping/M.1654492951.A.F09.html 文章新增成功
DB連接成功...
https://www.ptt.cc/bbs/Gossiping/M.1654491563.A.37F.html 文章新增成功
DB連接成功...
https://www.ptt.cc/bbs/Gossiping/M.1654491347.A.57F.html 文章新增成功
DB連接成功...
https://www.ptt.cc/bbs/Gossiping/M.1654492168.A.6CB.html 文章新增成功
作業完畢...兩小時後再次執行
2022-06-06 16:34:07
新增 [新聞] 日退休LOL電競選手與15歲少女性交被捕
新增 Re: [閒聊] 中國的課本 太色了吧
新增 Re: [問卦] 你各位支持PTT全面實名制嗎？
新增 [新聞] 法拉利姊竟遭酸民公布住址　炎亞綸跳出來「我找人保護你」
新增 Re: [新聞] foodpanda開第一槍！明10時起外送加收平f
新增 Re: [新聞] 闖禍小女警憔悴現身！賓士和Juke都要賣給她　火爆調解內
新增 [新聞] 闖禍小女警憔悴現身！賓士和Juke都要賣給她　火爆調解內容曝
新增 Re: [新聞] 闖禍小女警憔悴現身！賓士和Juke都要賣給她　火爆調解內
新增 Re: [新聞] 闖禍小女警憔悴現身！賓士和Juke都要賣給她　火爆調解內
新增 [新聞] 特斯拉男訊後聚餐畫面曝！點滿桌超嗨　再
新增 [新聞] 闖禍小女警憔悴現身！賓士和Juke都要賣給她　火爆調解內容曝
新增 Re: [新聞] 闖禍小女警憔悴現身！賓士和Juke都要賣給她　火爆調解內
新增 Re: [新聞] 闖禍小女警憔悴現身！賓士和Juke都要賣給她　火爆調解內
新增 [新聞] 闖禍小女警憔悴現身！賓士和Juke都要賣給她　火爆調解內容曝
新增 Re: [新聞] 闖禍小女警憔悴現身！賓士和Juke都要賣給她　火爆調解內
新增 Re: [新聞] 闖禍小女警憔悴現身！賓士和Juke都要賣給她　火爆調解內
新增 Re: [新聞] 闖禍小女警憔悴現身！賓士和Juke都要賣給她　火爆調解內
新增 [新聞] 好消息！遭逃逸移工撞上昏迷 台中女騎
新增 [新聞] 法拉利姊竟遭酸民公布住址　炎亞綸跳出來「我找人保護你」
新增 [新聞] 闖禍小女警憔悴現身！賓士和Juke都要賣給她　火爆調解內容曝
新增 Re: [新聞] 闖禍小女警憔悴現身！賓士和Juke都要賣給她　火爆調解內
新增 Re: [新聞] 闖禍小女警憔悴現身！賓士和Juke都要賣給她　火爆調解內
DB連接成功...
https://www.ptt.cc/bbs/Gossiping/M.1654502232.A.ACC.html 文章新增成功
DB連接成功...
https://www.ptt.cc/bbs/C_Chat/M.1654501593.A.EDF.html 文章新增成功
DB連接成功...
https://www.ptt.cc/bbs/Gossiping/M.1654500830.A.96B.html 文章新增成功
DB連接成功...
https://www.ptt.cc/bbs/Gossiping/M.1654502016.A.F72.html 文章新增成功
DB連接成功...
https://www.ptt.cc/bbs/C_Chat/M.1654500178.A.5F5.html 文章新增成功
DB連接成功...
https://www.ptt.cc/bbs/Gossiping/M.1654500699.A.6D1.html 文章新增成功
DB連接成功...
https://www.ptt.cc/bbs/Gossiping/M.1654497960.A.492.html 文章新增成功
DB連接成功...
https://www.ptt.cc/bbs/Gossiping/M.1654501670.A.184.html 文章新增成功
DB連接成功...
https://www.ptt.cc/bbs/Gossiping/M.1654499745.A.83F.html 文章新增成功
DB連接成功...
https://www.ptt.cc/bbs/Gossiping/M.1654498772.A.553.html 文章新增成功
作業完畢...兩小時後再次執行
2022-06-06 18:34:12
新增 [討論] 侯友宜並未與陳進興談判
新增 Re: [新聞] 闖禍小女警憔悴現身！賓士和Juke都要賣給她　火爆調
新增 Re: [新聞] 闖禍小女警憔悴現身！賓士和Juke都要賣給她　火爆調
新增 [問卦] 為什麼沒有以會計師為主的職人劇
新增 Re: [新聞] 日退休LOL電競選手與15歲少女性交被捕
新增 Re: [討論] 侯友宜並未與陳進興談判
新增 Re: [問卦] 印尼泡麵不到9元為什麼要買60元便當?????
新增 [新聞] 舊金山驚天搶匪逃亡來台　結識2台女　靠
新增 Re: [轉錄] 王景弘：Lets make it clear.
新增 [新聞] 外送員檢舉抽菸錄影還拍桌　癮君子反嗆「
新增 Re: [新聞] 闖禍小女警憔悴現身！賓士和Juke都要賣給她　火爆調
新增 Re: [新聞] 闖禍小女警憔悴現身！賓士和Juke都要賣給她　火爆調
新增 Re: [轉錄] 王景弘：Lets make it clear.
新增 [問卦] 大違停時代到來了嗎？
新增 Re: [問卦] 大違停時代到來了嗎？
新增 [新聞] 竊賊3次光顧高雄千萬豪宅 誤將10萬鐘乳
DB連接成功...
https://www.ptt.cc/bbs/Gossiping/M.1654508612.A.A9B.html 文章新增成功
DB連接成功...
https://www.ptt.cc/bbs/Gossiping/M.1654506810.A.820.html 文章新增成功
DB連接成功...
https://www.ptt.cc/bbs/Gossiping/M.1654505468.A.F77.html 文章新增成功
DB連接成功...
https://www.ptt.cc/bbs/HatePolitics/M.1654509220.A.311.html 文章新增成功
DB連接成功...
https://www.ptt.cc/bbs/Gossiping/M.1654505643.A.854.html 文章新增成功
DB連接成功...
https://www.ptt.cc/bbs/Gossiping/M.1654507101.A.FBD.html 文章新增成功
DB連接成功...
https://www.ptt.cc/bbs/HatePolitics/M.1654507452.A.662.html 文章新增成功
DB連接成功...
https://www.ptt.cc/bbs/C_Chat/M.1654507204.A.B8D.html 文章新增成功
DB連接成功...
https://www.ptt.cc/bbs/Gossiping/M.1654507089.A.26F.html 文章新增成功
DB連接成功...
https://www.ptt.cc/bbs/HatePolitics/M.1654504896.A.353.html 文章新增成功
DB連接成功...
https://www.ptt.cc/bbs/Gossiping/M.1654506712.A.5E0.html 文章新增成功
DB連接成功...
https://www.ptt.cc/bbs/Gossiping/M.1654506567.A.EA3.html 文章新增成功
DB連接成功...
https://www.ptt.cc/bbs/Gossiping/M.1654508823.A.983.html 文章新增成功
作業完畢...兩小時後再次執行
2022-06-06 20:34:14
新增 [新聞] 扯！南韓警察性犯罪頻繁 5年內共99人被起
新增 Re: [問卦] 支那64天安門事件有人死亡嗎？
新增 Re: [新聞] 闖禍小女警憔悴現身！賓士和Juke都要賣給她　火爆調解
新增 Re: [新聞] 闖禍小女警憔悴現身！賓士和Juke都要賣給她　火爆調解內
新增 [新聞] 扯！南韓警察性犯罪頻繁 5年內共99人被起
新增 [新聞] 扯！南韓警察性犯罪頻繁 5年內共99人被起
新增 [閒聊] 烏龍派出所拍美劇 誰會變黑人?
DB連接成功...
https://www.ptt.cc/bbs/C_Chat/M.1654516412.A.9A2.html 文章新增成功
DB連接成功...
https://www.ptt.cc/bbs/Gossiping/M.1654514773.A.4C9.html 文章新增成功
DB連接成功...
https://www.ptt.cc/bbs/Gossiping/M.1654512951.A.3A0.html 文章新增成功
DB連接成功...
https://www.ptt.cc/bbs/Gossiping/M.1654513747.A.133.html 文章新增成功
DB連接成功...
https://www.ptt.cc/bbs/Gossiping/M.1654513522.A.5E1.html 文章新增成功
作業完畢...兩小時後再次執行
2022-06-06 22:34:15
新增 [問卦] 世界上有鬼嗎
新增 Re: [新聞] 闖禍小女警憔悴現身！賓士和Juke都要賣給她　火爆調解內
新增 Re: [新聞] 闖禍小女警憔悴現身！賓士和Juke都要賣給她　火爆調解內
新增 [新聞] 高雄酒駕男警車上休息突暴斃　身分竟是退休消防員
新增 Re: [新聞] 闖禍小女警憔悴現身！賓士和Juke都要賣給她　火爆調解內
新增 Re: [新聞] 闖禍小女警憔悴現身！賓士和Juke都要賣給她　火爆調解內
新增 [新聞] 高雄酒駕男警車上休息突暴斃　身分竟是退休消防員
新增 Re: [新聞] 闖禍小女警憔悴現身！賓士和Juke都要賣給她　火爆調解內
DB連接成功...
https://www.ptt.cc/bbs/Gossiping/M.1654519119.A.470.html 文章新增成功
DB連接成功...
https://www.ptt.cc/bbs/HatePolitics/M.1654522292.A.459.html 文章新增成功
DB連接成功...
https://www.ptt.cc/bbs/Gossiping/M.1654520890.A.59E.html 文章新增成功
作業完畢...兩小時後再次執行
2022-06-07 00:34:19
新增 [新聞] 短裙妹吵架下車！心寒男友竟沒追來　暖警
新增 [新聞] 涉鐵鏈女案抓人所長獲評「全國優秀警察」
新增 [新聞] 母打掃房間聞惡臭！ 打開衣櫃驚見女兒偷
新增 Re: [新聞] 闖禍小女警憔悴現身！賓士和Juke都要賣給她　火爆調解內
新增 [新聞] 短裙妹吵架下車！心寒男友竟沒追來　暖警
新增 [新聞] 短裙妹吵架下車！心寒男友竟沒追來　暖警
新增 [新聞] 短裙妹吵架下車！心寒男友竟沒追來　暖警
新增 [新聞] 涉鐵鏈女案抓人所長獲評「全國優秀警察」
新增 [新聞] 短裙妹吵架下車！心寒男友竟沒追來　暖警
DB連接成功...
https://www.ptt.cc/bbs/Gossiping/M.1654527526.A.50E.html 文章新增成功
DB連接成功...
https://www.ptt.cc/bbs/Gossiping/M.1654528274.A.4CA.html 文章新增成功
DB連接成功...
https://www.ptt.cc/bbs/Gossiping/M.1654530015.A.29F.html 文章新增成功
DB連接成功...
https://www.ptt.cc/bbs/Gossiping/M.1654529588.A.A87.html 文章新增成功
作業完畢...兩小時後再次執行
2022-06-07 02:34:21
新增 Re: [新聞] 獨家｜女警開車撞賓士、特斯拉、NISSAN　
新增 Re: [問卦] 有沒有好棒BUMP救人被收割的八卦？
新增 [新聞] 已婚男警被控逼女警下跪當小三　大逆轉
新增 [新聞] 已婚男警被控逼女警下跪當小三　大逆轉
DB連接成功...
https://www.ptt.cc/bbs/Gossiping/M.1654533532.A.664.html 文章新增成功
DB連接成功...
https://www.ptt.cc/bbs/Gossiping/M.1654535126.A.37A.html 文章新增成功
DB連接成功...
https://www.ptt.cc/bbs/Gossiping/M.1654534524.A.201.html 文章新增成功
作業完畢...兩小時後再次執行
2022-06-07 04:34:25
新增 Re: [問卦] 原來"盛夏光年"是關於gay的愛情故事
DB連接成功...
https://www.ptt.cc/bbs/Gossiping/M.1654541844.A.E84.html 文章新增成功
作業完畢...兩小時後再次執行
2022-06-07 06:34:28
作業完畢...兩小時後再次執行
2022-06-07 08:34:29
新增 Re: [新聞] 30歲男網紅陳屍大安區豪宅　屋主竟是捧紅
新增 Re: [新聞] 闖禍小女警憔悴現身！賓士和Juke都要賣給她　火爆調解內
新增 [新聞] 台南白車違規迴轉、惡意擋道被檢舉 警依
新增 [新聞] 神獸級鳥類「粉紅鴿」降落社區花園　母
新增 [新聞] 台南白車違規迴轉、惡意擋道被檢舉 警依
新增 Re: [新聞] 闖禍小女警憔悴現身！賓士和Juke都要賣給她　火爆調解內
DB連接成功...
https://www.ptt.cc/bbs/Gossiping/M.1654559229.A.68C.html 文章新增成功
DB連接成功...
https://www.ptt.cc/bbs/Gossiping/M.1654558236.A.345.html 文章新增成功
DB連接成功...
https://www.ptt.cc/bbs/Gossiping/M.1654556753.A.4B2.html 文章新增成功
DB連接成功...
https://www.ptt.cc/bbs/Gossiping/M.1654558404.A.EA9.html 文章新增成功
作業完畢...兩小時後再次執行
2022-06-07 10:34:39
新增 [情報] 太鼓人球場 2017冠軍錦旗遭竊
新增 [新聞] 英周休3日薪水照領實驗開跑！CEO：
新增 Re: [新聞] 網紅借住蔣承縉家猝死　前晚狀況曝！母
DB連接成功...
https://www.ptt.cc/bbs/Gossiping/M.1654565426.A.4BC.html 文章新增成功
DB連接成功...
https://www.ptt.cc/bbs/Gossiping/M.1654563615.A.F72.html 文章新增成功
DB連接成功...
https://www.ptt.cc/bbs/Baseball/M.1654566154.A.657.html 文章新增成功
作業完畢...兩小時後再次執行
2022-06-07 12:34:40
新增 [問卦] 有沒有電動機車環島的掛？
新增 [問卦] 獨居者過世後的財物484很容易被幹走啊？
新增 Re: [問題] 你願意接受超級士兵計畫的改造嗎?
新增 [新聞] 小女警猛撞3車翻覆！天價賠償金曝光　恐賠200萬買2車
新增 [新聞] 小女警猛撞3車翻覆！天價賠償金曝光　恐賠200萬買2車
新增 [新聞] 小女警猛撞3車翻覆！天價賠償金曝光　恐賠200萬買2車
新增 [新聞] 小女警猛撞3車翻覆！天價賠償金曝光　恐賠200萬買2車
新增 [新聞] 小女警猛撞3車翻覆！天價賠償金曝光　恐賠200萬買2車
DB連接成功...
https://www.ptt.cc/bbs/C_Chat/M.1654571521.A.82D.html 文章新增成功
DB連接成功...
https://www.ptt.cc/bbs/Gossiping/M.1654572060.A.755.html 文章新增成功
DB連接成功...
https://www.ptt.cc/bbs/Gossiping/M.1654571923.A.1C8.html 文章新增成功
DB連接成功...
https://www.ptt.cc/bbs/Gossiping/M.1654570835.A.59F.html 文章新增成功
作業完畢...兩小時後再次執行
2022-06-07 14:34:46
新增 Re: [新聞] 小女警猛撞3車翻覆！天價賠償金曝光　恐賠200萬買2車
新增 Re: [新聞] 小女警猛撞3車翻覆！天價賠償金曝光　恐賠200萬買2車
新增 Re: [問卦] 4X在政黑公審人的八卦?
新增 [問卦] 大陸還是中國？
新增 [討論] 劉宇席你被檢舉了
新增 [問卦] 小女警事件是不是想用輿論去壓警方？
新增 Re: [討論] 侯友宜並未與陳進興談判
新增 Re: [新聞] 小女警猛撞3車翻覆！天價賠償金曝光　恐賠200萬買2車
新增 Re: [問卦] 小女警事件是不是想用輿論去壓警方？
新增 Re: [問卦] 大陸還是中國？
新增 Re: [新聞] 小女警猛撞3車翻覆！天價賠償金曝光　恐賠200萬買2車
新增 Re: [新聞] 小女警猛撞3車翻覆！天價賠償金曝光　恐賠200萬買2車
新增 Re: [新聞] 小女警猛撞3車翻覆！天價賠償金曝光　恐賠200萬買2車
新增 [新聞] 茶室女街頭專找半茫男「獵艷」 竊得財
新增 Re: [新聞] 恩恩爸聽錄音：不夠還原經過
新增 Re: [新聞] 小女警猛撞3車翻覆！天價賠償金曝光　恐賠200萬買2車
新增 [討論] 去龜有公園前派出所工作還不錯吧?
新增 Re: [新聞] 小女警猛撞3車翻覆！天價賠償金曝光　恐賠200萬買2車
DB連接成功...
https://www.ptt.cc/bbs/HatePolitics/M.1654578138.A.9A1.html 文章新增成功
DB連接成功...
https://www.ptt.cc/bbs/Gossiping/M.1654581213.A.D4F.html 文章新增成功
DB連接成功...
https://www.ptt.cc/bbs/Gossiping/M.1654579535.A.351.html 文章新增成功
DB連接成功...
https://www.ptt.cc/bbs/Gossiping/M.1654576923.A.588.html 文章新增成功
DB連接成功...
https://www.ptt.cc/bbs/Gossiping/M.1654580022.A.A13.html 文章新增成功
DB連接成功...
https://www.ptt.cc/bbs/C_Chat/M.1654578992.A.E73.html 文章新增成功
DB連接成功...
https://www.ptt.cc/bbs/Gossiping/M.1654578621.A.E3E.html 文章新增成功
DB連接成功...
https://www.ptt.cc/bbs/Gossiping/M.1654578183.A.9D2.html 文章新增成功
DB連接成功...
https://www.ptt.cc/bbs/Gossiping/M.1654581364.A.0DC.html 文章新增成功
DB連接成功...
https://www.ptt.cc/bbs/Gossiping/M.1654576517.A.866.html 文章新增成功
DB連接成功...
https://www.ptt.cc/bbs/Gossiping/M.1654577249.A.775.html 文章新增成功
DB連接成功...
https://www.ptt.cc/bbs/HatePolitics/M.1654580567.A.ACF.html 文章新增成功
作業完畢...兩小時後再次執行
2022-06-07 16:34:57
新增 Re: [新聞] 小女警猛撞3車翻覆！天價賠償金曝光　恐賠200萬買2車
新增 [討論] 被創世神點名能幹嘛?
新增 Re: [討論] 為什麼八卦反對4X貓肉搜?
新增 Re: [討論] 劉宇席你被檢舉了
新增 Re: [討論] 被創世神點名能幹嘛?
新增 Re: [新聞] 小女警猛撞3車翻覆！天價賠償金曝光　恐賠200萬買2車
新增 Re: [新聞] 小女警猛撞3車翻覆！天價賠償金曝光
新增 Re: [新聞] 小女警猛撞3車翻覆！天價賠償金曝光　恐賠200萬買2車
新增 [新聞] 「秋子」撒嬌裝潢沒錢 嘉義男差點匯款30
新增 [新聞] 新北女警恍神撞賓士、特斯拉 賠償金恐飆
新增 Re: [新聞] 小女警猛撞3車翻覆！天價賠償金曝光
新增 Re: [新聞] 小女警猛撞3車翻覆！天價賠償金曝光　恐賠200萬買2車
新增 Re: [新聞] 小女警猛撞3車翻覆！天價賠償金曝光
新增 Re: [新聞] 小女警猛撞3車翻覆！天價賠償金曝光　恐賠200萬買2車
新增 Re: [新聞] 小女警猛撞3車翻覆！天價賠償金曝光
新增 Re: [新聞] 小女警猛撞3車翻覆！天價賠償金曝光
新增 [新聞] 「秋子」撒嬌裝潢沒錢 嘉義男差點匯款30
新增 Re: [新聞] 小女警猛撞3車翻覆！天價賠償金曝光　恐賠200萬買2車
DB連接成功...
https://www.ptt.cc/bbs/Gossiping/M.1654587170.A.83B.html 文章新增成功
DB連接成功...
https://www.ptt.cc/bbs/HatePolitics/M.1654585130.A.DDD.html 文章新增成功
DB連接成功...
https://www.ptt.cc/bbs/HatePolitics/M.1654584521.A.AB3.html 文章新增成功
DB連接成功...
https://www.ptt.cc/bbs/Gossiping/M.1654586790.A.8DA.html 文章新增成功
DB連接成功...
https://www.ptt.cc/bbs/Gossiping/M.1654587113.A.41D.html 文章新增成功
DB連接成功...
https://www.ptt.cc/bbs/Gossiping/M.1654586669.A.BE6.html 文章新增成功
DB連接成功...
https://www.ptt.cc/bbs/HatePolitics/M.1654587319.A.949.html 文章新增成功
DB連接成功...
https://www.ptt.cc/bbs/HatePolitics/M.1654588267.A.203.html 文章新增成功
DB連接成功...
https://www.ptt.cc/bbs/Gossiping/M.1654585604.A.9C5.html 文章新增成功
作業完畢...兩小時後再次執行
2022-06-07 18:34:58
新增 [問卦] 成龍是不是真的紅的太晚了?
新增 [新聞] 警大校園深夜驚傳女子尖叫！竟是大四生
新增 Re: [問卦] 台灣薪資484要屌打日本惹
新增 [新聞] 警大校園深夜驚傳女子尖叫！竟是大四生
新增 [新聞] 偵查隊長警局內涉性侵　遭停職卻換地方
新增 [新聞] 偵查隊長警局內涉性侵　遭停職卻換地方
新增 Re: [問卦] 為什麼公務員上班用批踢踢不會被抓
新增 [新聞] 偵查隊長警局內涉性侵　遭停職卻換地方
DB連接成功...
https://www.ptt.cc/bbs/Gossiping/M.1654594220.A.6D5.html 文章新增成功
DB連接成功...
https://www.ptt.cc/bbs/Gossiping/M.1654593487.A.557.html 文章新增成功
DB連接成功...
https://www.ptt.cc/bbs/Gossiping/M.1654590905.A.4E9.html 文章新增成功
DB連接成功...
https://www.ptt.cc/bbs/Gossiping/M.1654591204.A.26C.html 文章新增成功
DB連接成功...
https://www.ptt.cc/bbs/Gossiping/M.1654592461.A.8A3.html 文章新增成功
作業完畢...兩小時後再次執行
2022-06-07 20:34:59
新增 [新聞] 離職消防員曝：恩恩爸聽偽造錄音檔！　新
DB連接成功...
https://www.ptt.cc/bbs/HatePolitics/M.1654601040.A.58E.html 文章新增成功
作業完畢...兩小時後再次執行
2022-06-07 22:35:10
新增 [黑特] 怎麼有人就是不明白做壞事要乖一點
新增 Re: [問卦] 如果是麗子撞爛賓士
新增 [Vtub] Hololive二十一點直播單 (220607)
新增 Re: [新聞] 小女警猛撞3車翻覆！天價賠償金曝光　恐賠200萬買2車
新增 [新聞] 遭封城3月 廣西東興逾千人聚市府前要求解封
新增 Re: [新聞] 小女警猛撞3車翻覆！天價賠償金曝光　恐賠200萬買2車
新增 Re: [新聞] 小女警猛撞3車翻覆！天價賠償金曝光　恐賠200萬買2車
新增 Re: [新聞] 小女警猛撞3車翻覆！天價賠償金曝光　恐賠200萬買2車
新增 [問卦] 如果是麗子撞爛賓士
新增 Re: [問卦] 如果是麗子撞爛賓士
新增 Re: [新聞] 小女警猛撞3車翻覆！天價賠償金曝光　恐賠200萬買2車
DB連接成功...
https://www.ptt.cc/bbs/Gossiping/M.1654608762.A.132.html 文章新增成功
DB連接成功...
https://www.ptt.cc/bbs/HatePolitics/M.1654609901.A.C21.html 文章新增成功
DB連接成功...
https://www.ptt.cc/bbs/Gossiping/M.1654605525.A.A2D.html 文章新增成功
DB連接成功...
https://www.ptt.cc/bbs/C_Chat/M.1654606843.A.596.html 文章新增成功
DB連接成功...
https://www.ptt.cc/bbs/Gossiping/M.1654606974.A.F2E.html 文章新增成功
DB連接成功...
https://www.ptt.cc/bbs/Gossiping/M.1654609513.A.4C3.html 文章新增成功
作業完畢...兩小時後再次執行
2022-06-08 00:35:19
新增 [問卦]  台灣警察做得到像日本這樣嗎？
新增 [黑特] 猴子真的很噁耶
新增 [閒聊] 幾張奇怪的綠燈俠劇情
新增 [新聞] 鐵鏈女所屬派出所所長獲全國優秀 網絡沸
新增 Re: [新聞] 都是演的！消防局「還原」勤務中心狀況
新增 Re: [新聞] 都是演的！消防局「還原」勤務中心狀況
新增 Re: [新聞] 小女警猛撞3車翻覆！天價賠償金曝光　恐賠200萬買2車
新增 [新聞] 德國「台灣中心」被爆性騷案 僑委會4點聲
新增 [新聞] 阿嬤腳踏車不見了！ 竟是70歲阿伯偷騎走
新增 [新聞] 
新增 [新聞] 鐵鏈女所屬派出所所長獲全國優秀 網絡沸
新增 [新聞] 阿嬤腳踏車不見了！ 竟是70歲阿伯偷騎走
DB連接成功...
https://www.ptt.cc/bbs/Gossiping/M.1654614876.A.867.html 文章新增成功
DB連接成功...
https://www.ptt.cc/bbs/Gossiping/M.1654616212.A.3E6.html 文章新增成功
DB連接成功...
https://www.ptt.cc/bbs/Gossiping/M.1654613682.A.BAB.html 文章新增成功
DB連接成功...
https://www.ptt.cc/bbs/Gossiping/M.1654613291.A.E73.html 文章新增成功
DB連接成功...
https://www.ptt.cc/bbs/Gossiping/M.1654612612.A.C34.html 文章新增成功
DB連接成功...
https://www.ptt.cc/bbs/Gossiping/M.1654613786.A.A10.html 文章新增成功
DB連接成功...
https://www.ptt.cc/bbs/C_Chat/M.1654614299.A.756.html 文章新增成功
DB連接成功...
https://www.ptt.cc/bbs/Gossiping/M.1654615927.A.498.html 文章新增成功
DB連接成功...
https://www.ptt.cc/bbs/HatePolitics/M.1654617101.A.E3A.html 文章新增成功
DB連接成功...
https://www.ptt.cc/bbs/Gossiping/M.1654614080.A.C36.html 文章新增成功
作業完畢...兩小時後再次執行
2022-06-08 02:35:20
新增 [問卦] 警察是不是最愛情緒勒索的職業？
新增 [問題] 為什麼機動警察劇場版三集都...
新增 [綴歌] 馬份家的公主死神篇第十七章：高爾的願望
新增 [問題] 為什麼機動警察劇場版三集都...
DB連接成功...
https://www.ptt.cc/bbs/C_Chat/M.1654621128.A.A20.html 文章新增成功
DB連接成功...
https://www.ptt.cc/bbs/Gossiping/M.1654623310.A.F96.html 文章新增成功
DB連接成功...
https://www.ptt.cc/bbs/C_Chat/M.1654620703.A.6A6.html 文章新增成功
作業完畢...兩小時後再次執行
2022-06-08 04:35:21
作業完畢...兩小時後再次執行
2022-06-08 06:35:23
新增 [問卦] 肥宅是不是都很好騙？
DB連接成功...
https://www.ptt.cc/bbs/Gossiping/M.1654636934.A.495.html 文章新增成功
作業完畢...兩小時後再次執行
2022-06-08 08:35:23
新增 Re: [討論] 肉搜是否合法
DB連接成功...
https://www.ptt.cc/bbs/HatePolitics/M.1654644660.A.EB3.html 文章新增成功
作業完畢...兩小時後再次執行
2022-06-08 10:35:24
新增 [問卦] 美國警察開槍的時候有在瞄準嗎?
新增 Re: [問卦] 公務員上班為什麼可以滑手機？
新增 Re: [黑特] 為啥一堆人幫公務員護航
DB連接成功...
https://www.ptt.cc/bbs/Gossiping/M.1654650491.A.E27.html 文章新增成功
DB連接成功...
https://www.ptt.cc/bbs/Gossiping/M.1654652882.A.09F.html 文章新增成功
DB連接成功...
https://www.ptt.cc/bbs/HatePolitics/M.1654649626.A.2C6.html 文章新增成功
作業完畢...兩小時後再次執行
2022-06-08 12:35:25
新增 [問卦] 女生開車是不是真的很可怕?
新增 Re: [問卦] 很多人不知道二戰義大利是同盟國?
新增 [新聞]創作臺灣歷史小說、漫畫，角色到底該穿什
新增 [轉錄] 吳崑玉／蠢字怎麼寫？就寫在老大的屁股上
新增 [新聞] 時代的眼淚！全台最後公娼館熄燈　桃園「
新增 [新聞] 全國最後公娼 桃市「天天樂」熄燈
DB連接成功...
https://www.ptt.cc/bbs/Gossiping/M.1654658664.A.29D.html 文章新增成功
DB連接成功...
https://www.ptt.cc/bbs/C_Chat/M.1654659855.A.D2D.html 文章新增成功
DB連接成功...
https://www.ptt.cc/bbs/Gossiping/M.1654656326.A.ACA.html 文章新增成功
DB連接成功...
https://www.ptt.cc/bbs/Gossiping/M.1654658425.A.D30.html 文章新增成功
DB連接成功...
https://www.ptt.cc/bbs/Gossiping/M.1654657824.A.6E5.html 文章新增成功
DB連接成功...
https://www.ptt.cc/bbs/HatePolitics/M.1654658002.A.817.html 文章新增成功
作業完畢...兩小時後再次執行
2022-06-08 14:35:27
新增 [問卦] 警局備案讓對方收傳單保留法律追訴權
新增 [問題] 米花市警察會很腐敗嗎
新增 Re: [問卦] 美國警察開槍的時候有在瞄準嗎?
新增 [新聞] 平均1天2件 ！《跟騷法》上路 台北市首週
新增 [新聞] 女子和15歲表妹談戀愛　表哥撂人約談判！
新增 [新聞] 女子和15歲表妹談戀愛　表哥撂人約談判！
新增 [新聞] 討不到網路吃到飽手機男連刺16刀弒父判10
DB連接成功...
https://www.ptt.cc/bbs/Gossiping/M.1654665047.A.CDE.html 文章新增成功
DB連接成功...
https://www.ptt.cc/bbs/Gossiping/M.1654666200.A.058.html 文章新增成功
DB連接成功...
https://www.ptt.cc/bbs/Gossiping/M.1654663440.A.367.html 文章新增成功
DB連接成功...
https://www.ptt.cc/bbs/Gossiping/M.1654663105.A.C89.html 文章新增成功
DB連接成功...
https://www.ptt.cc/bbs/Gossiping/M.1654665496.A.430.html 文章新增成功
DB連接成功...
https://www.ptt.cc/bbs/C_Chat/M.1654665600.A.74D.html 文章新增成功
作業完畢...兩小時後再次執行
2022-06-08 16:35:27
新增 Re: [新聞] 林秉樞是渣男？ 律師稱閱卷才知他與高嘉
新增 Re: [問卦] 與其抗議跟騷法惡法，為什麼不認清自己 
新增 Re: [閒聊] 七合變體魔王 當年為什麼這麼紅?
新增 [新聞] 新婚驚見男男性愛照！人夫婚後5年出櫃　
新增 [新聞] 民眾到派出所領回遺失皮夾　驚覺少了8000
新增 [新聞] 民眾到派出所領回遺失皮夾　驚覺少了8000
新增 [新聞] 民眾到派出所領回遺失皮夾　驚覺少了8000
新增 [新聞] 民眾到派出所領回遺失皮夾　驚覺少了8000
新增 [問卦] 為什麼轉筒電話＝復古？
DB連接成功...
https://www.ptt.cc/bbs/Gossiping/M.1654671224.A.B59.html 文章新增成功
DB連接成功...
https://www.ptt.cc/bbs/Gossiping/M.1654674562.A.5E5.html 文章新增成功
DB連接成功...
https://www.ptt.cc/bbs/C_Chat/M.1654672665.A.A19.html 文章新增成功
DB連接成功...
https://www.ptt.cc/bbs/Gossiping/M.1654670193.A.F2B.html 文章新增成功
DB連接成功...
https://www.ptt.cc/bbs/Gossiping/M.1654670863.A.C7E.html 文章新增成功
DB連接成功...
https://www.ptt.cc/bbs/Gossiping/M.1654674698.A.ADD.html 文章新增成功
作業完畢...兩小時後再次執行
2022-06-08 18:35:29
新增 [問卦] 我朋友是不是破解了停紅線？
新增 [新聞] 6旬男愛上業務員！狂傳「太喜歡妳」還
新增 [閒聊] 人龍七的劇情不錯耶
新增 [新聞] 6旬男愛上業務員！狂傳「太喜歡妳」還
DB連接成功...
https://www.ptt.cc/bbs/Gossiping/M.1654680878.A.D95.html 文章新增成功
DB連接成功...
https://www.ptt.cc/bbs/C_Chat/M.1654677995.A.A8A.html 文章新增成功
DB連接成功...
https://www.ptt.cc/bbs/Gossiping/M.1654677901.A.39A.html 文章新增成功
作業完畢...兩小時後再次執行
2022-06-08 20:35:29
新增 [討論] 3+4和300+4不是一樣嗎
新增 [新聞] 平均1天2件 ！《跟騷法》上路 台北市首週
新增 Re: [討論] 為啥美國18歲能買長槍不能買手槍？
新增 [新聞] 又是你？網爆「特斯拉男」疑國道開自駕還
新增 [問卦] 抓到賣幻夢的背後主使-高義了！
新增 [新聞] 又是你？網爆「特斯拉男」疑國道開自駕還
新增 [問卦] 烏龍派出所哪一集最頂
DB連接成功...
https://www.ptt.cc/bbs/Gossiping/M.1654688157.A.663.html 文章新增成功
DB連接成功...
https://www.ptt.cc/bbs/Gossiping/M.1654687149.A.01C.html 文章新增成功
DB連接成功...
https://www.ptt.cc/bbs/HatePolitics/M.1654687413.A.2C7.html 文章新增成功
DB連接成功...
https://www.ptt.cc/bbs/Gossiping/M.1654687773.A.0EC.html 文章新增成功
DB連接成功...
https://www.ptt.cc/bbs/HatePolitics/M.1654688377.A.80C.html 文章新增成功
DB連接成功...
https://www.ptt.cc/bbs/HatePolitics/M.1654688865.A.89A.html 文章新增成功
作業完畢...兩小時後再次執行
2022-06-08 22:35:30
新增 Re: [新聞] 快訊／超馬好手林義傑遭搜索　涉無律師執照「包攬訴訟」
新增 [新聞] 超馬好手涉非法包攬訴訟事務 林義傑20萬
新增 Re: [新聞] 超馬好手涉非法包攬訴訟事務 林義傑20萬
新增 Re: [新聞] 超馬好手涉非法包攬訴訟事務 林義傑20萬
新增 [新聞] 南京女子批評當局防疫政策 被送精神病院
新增 [新聞] 監視器都拍到了！強拖女子進寢室性侵　北
新增 [新聞] 人妻帶2子偷吃水電工　還誤撥電話給老公
新增 [新聞] 監視器都拍到了！強拖女子進寢室性侵　北
新增 [新聞] 監視器都拍到了！強拖女子進寢室性侵　北
新增 [新聞] 納智捷衝賓士再撞大學生情侶　女兵接電
新增 [新聞] 南京女子批評當局防疫政策 被送精神病院
DB連接成功...
https://www.ptt.cc/bbs/Gossiping/M.1654693072.A.E6B.html 文章新增成功
DB連接成功...
https://www.ptt.cc/bbs/Gossiping/M.1654692009.A.CA8.html 文章新增成功
DB連接成功...
https://www.ptt.cc/bbs/Gossiping/M.1654692329.A.300.html 文章新增成功
DB連接成功...
https://www.ptt.cc/bbs/Gossiping/M.1654694398.A.B57.html 文章新增成功
DB連接成功...
https://www.ptt.cc/bbs/Gossiping/M.1654692613.A.B52.html 文章新增成功
DB連接成功...
https://www.ptt.cc/bbs/Gossiping/M.1654692159.A.837.html 文章新增成功
DB連接成功...
https://www.ptt.cc/bbs/Gossiping/M.1654694748.A.DF7.html 文章新增成功
DB連接成功...
https://www.ptt.cc/bbs/Gossiping/M.1654693984.A.881.html 文章新增成功
作業完畢...兩小時後再次執行
2022-06-09 00:35:42
新增 Re: [問卦] 怎會有人花錢請人打蟑螂啊？
新增 Re: [討論] 為啥美國18歲能買長槍不能買手槍？
新增 [新聞] 高雄大雷雨！ 甲仙農地淹水 南橫玉穗溪暴
新增 Re: [問卦] 怎會有人花錢請人打蟑螂啊？
DB連接成功...
https://www.ptt.cc/bbs/HatePolitics/M.1654702424.A.723.html 文章新增成功
DB連接成功...
https://www.ptt.cc/bbs/Gossiping/M.1654699939.A.A05.html 文章新增成功
DB連接成功...
https://www.ptt.cc/bbs/Gossiping/M.1654699508.A.05C.html 文章新增成功
作業完畢...兩小時後再次執行
2022-06-09 02:35:42
新增 Re: [新聞] 林義傑涉案情節曝光！「比著作權蟑螂還進
新增 Re: [新聞] 超馬好手涉非法包攬訴訟事務 林義傑20萬
新增 Re: [情報] 施建新告google勝訴了耶
新增 Re: [情報] 施建新告google勝訴了耶
DB連接成功...
https://www.ptt.cc/bbs/Baseball/M.1654706877.A.633.html 文章新增成功
DB連接成功...
https://www.ptt.cc/bbs/Gossiping/M.1654706483.A.3F7.html 文章新增成功
DB連接成功...
https://www.ptt.cc/bbs/Gossiping/M.1654707695.A.0AC.html 文章新增成功
作業完畢...兩小時後再次執行
2022-06-09 04:35:44
作業完畢...兩小時後再次執行
2022-06-09 06:35:45
新增 [問題] 純愛的館林如果不正會不會覺得是個變態
新增 [新聞] 坐咖啡館騎樓「抽菸」　民眾錄影嗆：熄
新增 Re: [問卦] 講中華職棒打假球犯了什麼法？
新增 [新聞] 坐咖啡館騎樓「抽菸」　民眾錄影嗆：熄
DB連接成功...
https://www.ptt.cc/bbs/Gossiping/M.1654725438.A.514.html 文章新增成功
DB連接成功...
https://www.ptt.cc/bbs/Gossiping/M.1654724396.A.0C3.html 文章新增成功
DB連接成功...
https://www.ptt.cc/bbs/C_Chat/M.1654720823.A.989.html 文章新增成功
作業完畢...兩小時後再次執行
2022-06-09 08:35:46
新增 Re: [新聞] 林義傑喊冤被「查水表」　律師揭2隱藏關
新增 Re: [問卦] 美國這次有可能進行槍枝管制嗎？
新增 Re: [新聞] 德國「台灣中心」被爆性騷案 僑委會4點聲
新增 [新聞] 男潛入捷運女廁偷窺失風 「爬越隔板」猥
新增 [新聞] 執勤追劇當薪水小偷 台中3警遭懲處
新增 [新聞] 執勤追劇當薪水小偷 台中3警遭懲處
新增 [新聞] 執勤追劇當薪水小偷 台中3警遭懲處
新增 [新聞] 男潛入捷運女廁偷窺失風 「爬越隔板」猥
DB連接成功...
https://www.ptt.cc/bbs/Gossiping/M.1654728588.A.C5E.html 文章新增成功
DB連接成功...
https://www.ptt.cc/bbs/Gossiping/M.1654730071.A.5F7.html 文章新增成功
DB連接成功...
https://www.ptt.cc/bbs/Gossiping/M.1654731590.A.667.html 文章新增成功
DB連接成功...
https://www.ptt.cc/bbs/Gossiping/M.1654728366.A.1E9.html 文章新增成功
DB連接成功...
https://www.ptt.cc/bbs/Gossiping/M.1654729886.A.6E0.html 文章新增成功
作業完畢...兩小時後再次執行
2022-06-09 10:35:46
新增 Re: [問卦] 美國這次有可能進行槍枝管制嗎？
新增 Re: [討論] 以後是不是犯罪罵一下政府就有人相挺
新增 Re: [新聞] 恩恩父親指音檔無他人個資 沒理由不提供
DB連接成功...
https://www.ptt.cc/bbs/Gossiping/M.1654736669.A.7D8.html 文章新增成功
DB連接成功...
https://www.ptt.cc/bbs/HatePolitics/M.1654736828.A.FE8.html 文章新增成功
DB連接成功...
https://www.ptt.cc/bbs/HatePolitics/M.1654736461.A.F90.html 文章新增成功
作業完畢...兩小時後再次執行
2022-06-09 12:35:47
新增 [寵粉] PS+開始退款升級超收費用，再送NT300
新增 [新聞] 如廁逮色男偷窺！誆「我是律師」索200萬
新增 [新聞] 6歲童馬路遊蕩僅知自己讀綿羊班 警打遍
新增 [新聞] 火拚影片｜歸仁圓環談判互開35槍　1人慘
新增 [新聞] 恐怖粉絲入侵住處銬手囚禁餵毒 女直播
新增 [新聞] 不是賠錢就是挨告！永康火車站前這塊地母
新增 [新聞] 6歲童馬路遊蕩僅知自己讀綿羊班 警打遍
新增 [新聞] 6歲童馬路遊蕩僅知自己讀綿羊班 警打遍
新增 [新聞] 恐怖粉絲入侵住處銬手囚禁餵毒 女直播
新增 [新聞] 「桃園8歲女被巴頭」鄉民潑漆蛋洗　真相
DB連接成功...
https://www.ptt.cc/bbs/Gossiping/M.1654745159.A.700.html 文章新增成功
DB連接成功...
https://www.ptt.cc/bbs/Gossiping/M.1654745971.A.03E.html 文章新增成功
DB連接成功...
https://www.ptt.cc/bbs/Gossiping/M.1654742473.A.621.html 文章新增成功
DB連接成功...
https://www.ptt.cc/bbs/Gossiping/M.1654743627.A.80C.html 文章新增成功
DB連接成功...
https://www.ptt.cc/bbs/C_Chat/M.1654743815.A.88E.html 文章新增成功
DB連接成功...
https://www.ptt.cc/bbs/Gossiping/M.1654742959.A.1EA.html 文章新增成功
DB連接成功...
https://www.ptt.cc/bbs/Gossiping/M.1654742764.A.E94.html 文章新增成功
作業完畢...兩小時後再次執行
2022-06-09 14:35:48
新增 Re: [新聞] 遭控著作權蟑螂進化版！林義傑錯愕發聲
新增 [新聞] 公園溜滑梯綁西瓜刀割傷童 元凶竟是過世
新增 [新聞] 公園溜滑梯綁西瓜刀割傷童 元凶竟是過世
DB連接成功...
https://www.ptt.cc/bbs/Gossiping/M.1654751073.A.222.html 文章新增成功
DB連接成功...
https://www.ptt.cc/bbs/Gossiping/M.1654752700.A.731.html 文章新增成功
作業完畢...兩小時後再次執行
2022-06-09 16:35:49
作業完畢...兩小時後再次執行
2022-06-09 18:35:50
新增 [問題] 還在實驗階段的疫苗為何可以打
新增 [新聞] 毛嘉慶桃園客博會世界館陳抗衝突 法官裁定不罰
新增 [問卦] 是不是只有我好奇反詐騙165專線也是廢物
新增 [新聞] 毛嘉慶桃園客博會世界館陳抗衝突 法官裁定不罰
新增 [新聞] 影／台南歸仁圓環槍擊案1死1傷 現場駁火
DB連接成功...
https://www.ptt.cc/bbs/HatePolitics/M.1654766019.A.75F.html 文章新增成功
DB連接成功...
https://www.ptt.cc/bbs/C_Chat/M.1654768304.A.3F4.html 文章新增成功
DB連接成功...
https://www.ptt.cc/bbs/Gossiping/M.1654764498.A.2B5.html 文章新增成功
DB連接成功...
https://www.ptt.cc/bbs/Gossiping/M.1654767358.A.902.html 文章新增成功
作業完畢...兩小時後再次執行
2022-06-09 20:35:54
新增 [問卦] 買了一束花要送漢堡店的女服務生
新增 Re: [新聞] 殯葬官員被爆「打麻將喬事」人頭費30萬
新增 [新聞] 上海權貴享防疫特權？ 知情市民透露：
DB連接成功...
https://www.ptt.cc/bbs/Gossiping/M.1654770977.A.4C6.html 文章新增成功
DB連接成功...
https://www.ptt.cc/bbs/Gossiping/M.1654771577.A.639.html 文章新增成功
DB連接成功...
https://www.ptt.cc/bbs/HatePolitics/M.1654775286.A.63C.html 文章新增成功
作業完畢...兩小時後再次執行
2022-06-09 22:35:55
新增 [新聞] 台鐵135周年慶 交長：這是台鐵跨時代的
新增 [問卦] 英國會有美語警察嗎？
新增 [新聞] 跟騷法施行1週  桃市婦幼隊已開出4張書面
新增 Re: [討論] 台北市殯葬處副處長3月多就被搜索過了阿
新增 [新聞] 重新橋機車道區間測速 首日當機
新增 Re: [問卦] 台灣是不是很難大發厥詞？
DB連接成功...
https://www.ptt.cc/bbs/HatePolitics/M.1654780935.A.72B.html 文章新增成功
DB連接成功...
https://www.ptt.cc/bbs/Gossiping/M.1654782784.A.EF0.html 文章新增成功
DB連接成功...
https://www.ptt.cc/bbs/Gossiping/M.1654780915.A.87E.html 文章新增成功
DB連接成功...
https://www.ptt.cc/bbs/Gossiping/M.1654778779.A.8D5.html 文章新增成功
DB連接成功...
https://www.ptt.cc/bbs/Gossiping/M.1654781060.A.5FE.html 文章新增成功
DB連接成功...
https://www.ptt.cc/bbs/Gossiping/M.1654779579.A.543.html 文章新增成功
作業完畢...兩小時後再次執行
2022-06-10 00:35:56
新增 Re: [新聞] 遲不開放！大型重機不忍了　「高速公路
新增 Re: [新聞] 危險！村民放牛遇黑熊倒地「裝死」 幸運
新增 [新聞] 討不到網路吃到飽 37歲男殺父判10年
DB連接成功...
https://www.ptt.cc/bbs/Gossiping/M.1654788260.A.252.html 文章新增成功
DB連接成功...
https://www.ptt.cc/bbs/Gossiping/M.1654787564.A.4FE.html 文章新增成功
DB連接成功...
https://www.ptt.cc/bbs/Gossiping/M.1654787263.A.B5C.html 文章新增成功
作業完畢...兩小時後再次執行
2022-06-10 02:35:57
新增 [討論] 面對政府不公 進入體制改變 有什麼錯？
新增 Re: [新聞] 收賄安插人事？北市殯葬處祕書：打麻將
DB連接成功...
https://www.ptt.cc/bbs/HatePolitics/M.1654796325.A.56D.html 文章新增成功
DB連接成功...
https://www.ptt.cc/bbs/Gossiping/M.1654795849.A.F34.html 文章新增成功
作業完畢...兩小時後再次執行
2022-06-10 04:36:07
新增 Re: [新聞] 收賄安插人事？北市殯葬處祕書：打麻將
DB連接成功...
https://www.ptt.cc/bbs/Gossiping/M.1654802832.A.26A.html 文章新增成功
作業完畢...兩小時後再次執行
2022-06-10 06:36:08
作業完畢...兩小時後再次執行
2022-06-10 08:36:09
作業完畢...兩小時後再次執行
2022-06-10 10:36:10
新增 [討論] 1922,110,119的不同
新增 Re: [問卦] 德國性侵事件怎麼燒不起來
新增 [新聞] 他酒駕載小孩上學 一場車禍害老婆挨罰8.5
DB連接成功...
https://www.ptt.cc/bbs/Gossiping/M.1654825611.A.A4E.html 文章新增成功
DB連接成功...
https://www.ptt.cc/bbs/Gossiping/M.1654825455.A.AD2.html 文章新增成功
DB連接成功...
https://www.ptt.cc/bbs/HatePolitics/M.1654825207.A.5FD.html 文章新增成功
作業完畢...兩小時後再次執行
2022-06-10 12:36:11
新增 [問卦] 不忍了 為什麼外勞電動車不能上國道呢
新增 [問卦] 死媽重機不要增加政府負擔好嗎? 發錢
新增 Re: [新聞] 林義傑公司很囂張！把檢警當「討債公司」
新增 Re: [問卦] 我就問一句"大型重機上國道"到底要幹嘛??
新增 Re: [問卦] 不只警界！天虹副總撞死人關說有調查局？
新增 [問卦] 不只警界！天虹副總撞死人關說有調查局？
新增 Re: [問卦] 不只警界！天虹副總撞死人關說有調查局？
新增 Re: [問卦] 技職教育在台灣是不是被長期汙名化了?
新增 [新聞] 基隆天后宮5面金牌被偷　警循線逮捕「
新增 Re: [問卦] 不只警界！天虹副總撞死人關說有調查局？
新增 Re: [問卦] 技職教育在台灣是不是被長期汙名化了?
DB連接成功...
https://www.ptt.cc/bbs/Gossiping/M.1654830351.A.480.html 文章新增成功
DB連接成功...
https://www.ptt.cc/bbs/Gossiping/M.1654829982.A.785.html 文章新增成功
DB連接成功...
https://www.ptt.cc/bbs/Gossiping/M.1654832249.A.DE6.html 文章新增成功
DB連接成功...
https://www.ptt.cc/bbs/Gossiping/M.1654831612.A.810.html 文章新增成功
DB連接成功...
https://www.ptt.cc/bbs/Gossiping/M.1654830024.A.645.html 文章新增成功
DB連接成功...
https://www.ptt.cc/bbs/Gossiping/M.1654831985.A.356.html 文章新增成功
DB連接成功...
https://www.ptt.cc/bbs/Gossiping/M.1654830955.A.0BE.html 文章新增成功
DB連接成功...
https://www.ptt.cc/bbs/Gossiping/M.1654829350.A.97B.html 文章新增成功
作業完畢...兩小時後再次執行
2022-06-10 14:36:12
新增 [問卦] 檢察官看到幾線幾的警察才會收斂
新增 [問卦] 不是解隔離了嗎？
新增 [問卦] 中國的城管真的是招募當地8+9擔任？
新增 [問卦] 錢要捐哪邊？
新增 [討論] 為了成就時鐘,就放倒楣鬼去死!?
新增 [討論] Re.[新聞]林義傑公司超囂張！把人民保母當討債工
新增 Re: [爆卦] 台灣5月出生人數為9442人
新增 Re: [新聞] 媽媽接送1歲女兒違停紅線遭開4張罰單 法
新增 Re: [新聞] 林義傑公司很囂張！把檢警當「討債公司」
新增 [新聞] 破紀錄！富二代夫妻豪宅煉毒、開瑪莎拉
新增 [新聞] 媽媽接送1歲女兒違停紅線遭開4張罰單 法
新增 [新聞] 破紀錄！富二代夫妻豪宅煉毒、開瑪莎拉
新增 [新聞] 媽媽接送1歲女兒違停紅線遭開4張罰單 法
新增 [新聞] 雲林某科大驚爆「窒息式鎖喉」　大四生宿
DB連接成功...
https://www.ptt.cc/bbs/Gossiping/M.1654839524.A.9DC.html 文章新增成功
DB連接成功...
https://www.ptt.cc/bbs/Gossiping/M.1654837820.A.04F.html 文章新增成功
DB連接成功...
https://www.ptt.cc/bbs/Gossiping/M.1654838097.A.C90.html 文章新增成功
DB連接成功...
https://www.ptt.cc/bbs/Gossiping/M.1654838761.A.440.html 文章新增成功
DB連接成功...
https://www.ptt.cc/bbs/Gossiping/M.1654836373.A.DE9.html 文章新增成功
DB連接成功...
https://www.ptt.cc/bbs/Gossiping/M.1654838831.A.0C2.html 文章新增成功
DB連接成功...
https://www.ptt.cc/bbs/HatePolitics/M.1654839949.A.AD4.html 文章新增成功
DB連接成功...
https://www.ptt.cc/bbs/Gossiping/M.1654839868.A.3F0.html 文章新增成功
DB連接成功...
https://www.ptt.cc/bbs/Gossiping/M.1654839661.A.251.html 文章新增成功
DB連接成功...
https://www.ptt.cc/bbs/Gossiping/M.1654838582.A.F14.html 文章新增成功
DB連接成功...
https://www.ptt.cc/bbs/C_Chat/M.1654837914.A.5B5.html 文章新增成功
DB連接成功...
https://www.ptt.cc/bbs/Gossiping/M.1654840552.A.DD8.html 文章新增成功
作業完畢...兩小時後再次執行
2022-06-10 16:36:13
新增 Re: [問卦] 少子化風暴已浮現！
新增 [新聞] 習近平訪四川 特斯拉汽車不准進成都市區
新增 [新聞] 台鐵司機員煞不住 男闖花蓮水車寮平交道
新增 [新聞] 台鐵司機員煞不住 男闖花蓮水車寮平交道
新增 [新聞] 3P最慘代價！他提早繳械被女伴酸「那麼
DB連接成功...
https://www.ptt.cc/bbs/Gossiping/M.1654846659.A.024.html 文章新增成功
DB連接成功...
https://www.ptt.cc/bbs/Gossiping/M.1654845727.A.CA2.html 文章新增成功
DB連接成功...
https://www.ptt.cc/bbs/Gossiping/M.1654845708.A.947.html 文章新增成功
DB連接成功...
https://www.ptt.cc/bbs/Gossiping/M.1654847042.A.A0F.html 文章新增成功
作業完畢...兩小時後再次執行
