****************add_article.pyday2022_06_10*****************
執行中
2022-06-10 18:31:28
新增 [問卦] 懷疑房客跟兒童有不倫關係，怎麼辦
新增 [新聞]  外送員向錢莊借錢買股票慘賠！年利率763%狂吸血　警方出手
新增 [新聞]  外送員向錢莊借錢買股票慘賠！年利率763%狂吸血　警方出手
DB連接成功...
https://www.ptt.cc/bbs/Gossiping/M.1654854314.A.D9A.html 文章新增成功
DB連接成功...
https://www.ptt.cc/bbs/Gossiping/M.1654851881.A.573.html 文章新增成功
作業完畢...兩小時後再次執行
2022-06-10 20:31:30
新增 [新聞] 小女警驚天一撞調解最終局！100萬買下
新增 [黑特] 你開啊你開啊你開啊你開啊你開啊
新增 [問卦] 窮人才買手搖飲料？
新增 [新聞] 小女警驚天一撞調解最終局！100萬買下
新增 [新聞] 桃園高鐵站2屍4命案！「妻懷龍鳳胎」棄
新增 [新聞] 確定從政！謝和弦參選中正萬華區　借房遷
新增 [新聞] 殺害李進進的凶嫌張曉寧出庭 毫無悔意反
新增 [新聞] 小女警驚天一撞調解最終局！100萬買下
新增 [新聞] 小女警驚天一撞調解最終局！100萬買下
新增 [新聞] 外送員向錢莊借錢買股票慘賠！年利率763%
新增 [新聞] 小女警驚天一撞調解最終局！100萬買下
新增 [新聞] 外送員向錢莊借錢買股票慘賠！年利率763%
DB連接成功...
https://www.ptt.cc/bbs/Gossiping/M.1654857560.A.7DC.html 文章新增成功
DB連接成功...
https://www.ptt.cc/bbs/HatePolitics/M.1654858844.A.1ED.html 文章新增成功
DB連接成功...
https://www.ptt.cc/bbs/Stock/M.1654858636.A.25F.html 文章新增成功
DB連接成功...
https://www.ptt.cc/bbs/Gossiping/M.1654861315.A.E87.html 文章新增成功
DB連接成功...
https://www.ptt.cc/bbs/Gossiping/M.1654858419.A.A23.html 文章新增成功
DB連接成功...
https://www.ptt.cc/bbs/Gossiping/M.1654860022.A.156.html 文章新增成功
DB連接成功...
https://www.ptt.cc/bbs/Gossiping/M.1654861113.A.15C.html 文章新增成功
作業完畢...兩小時後再次執行
2022-06-10 22:31:31
新增 Re: [新聞] 小女警驚天一撞調解最終局！100萬買下
新增 [問卦] 小女警願意出大錢買車，大家欣賞嗎？
新增 Re: [新聞] 破紀錄！富二代夫妻豪宅煉毒、開瑪莎拉
新增 Re: [新聞] 小女警驚天一撞調解最終局！100萬買下
新增 [新聞] 車手老翁變裝走騙全國 法院羈押不成他金
新增 Re: [新聞] 小女警驚天一撞調解最終局！100萬買下
新增 [閒聊] 搭虛擬網紅熱潮 嘉縣警局找Vtuber談法律
新增 [新聞] 經營移工仲介分潤爆殺機！男與孕妻2屍4命
新增 [新聞] 台南女遭家暴「13天後離奇亡」！同居男二
新增 Re: [新聞] 小女警驚天一撞調解最終局！100萬買下
新增 [新聞] 台南女遭家暴「13天後離奇亡」！同居男二
新增 [新聞] 車手老翁變裝走騙全國 法院羈押不成他金
新增 [新聞] 職業賭場藏身樹林內 台南警逮18人送辦
新增 Re: [新聞] 小女警驚天一撞調解最終局！100萬買下
新增 Re: [新聞] 小女警驚天一撞調解最終局！100萬買下
新增 [新聞] 台南女遭家暴「13天後離奇亡」！同居男二
DB連接成功...
https://www.ptt.cc/bbs/Gossiping/M.1654866545.A.62C.html 文章新增成功
DB連接成功...
https://www.ptt.cc/bbs/Gossiping/M.1654865164.A.3DB.html 文章新增成功
DB連接成功...
https://www.ptt.cc/bbs/Gossiping/M.1654865965.A.FC5.html 文章新增成功
DB連接成功...
https://www.ptt.cc/bbs/Gossiping/M.1654867598.A.F5E.html 文章新增成功
DB連接成功...
https://www.ptt.cc/bbs/Gossiping/M.1654865183.A.F0C.html 文章新增成功
DB連接成功...
https://www.ptt.cc/bbs/Gossiping/M.1654867887.A.34B.html 文章新增成功
DB連接成功...
https://www.ptt.cc/bbs/C_Chat/M.1654867466.A.5F0.html 文章新增成功
DB連接成功...
https://www.ptt.cc/bbs/Gossiping/M.1654865709.A.7CE.html 文章新增成功
DB連接成功...
https://www.ptt.cc/bbs/Gossiping/M.1654866586.A.FEE.html 文章新增成功
作業完畢...兩小時後再次執行
2022-06-11 00:31:32
新增 [問卦] 小女警事件是不是顯示鄉民都外行?
新增 [問卦] 竹東男神天峰要出事了？
新增 [問卦] 幫忙扶被弄倒的機車有沒有風險
新增 [問卦] 當廚師要當哪一種最囂張？
新增 [新聞] 走路笨笨的…1家5口黑冠麻鷺 住進台南學
DB連接成功...
https://www.ptt.cc/bbs/Gossiping/M.1654872559.A.1D6.html 文章新增成功
DB連接成功...
https://www.ptt.cc/bbs/Gossiping/M.1654874682.A.A81.html 文章新增成功
DB連接成功...
https://www.ptt.cc/bbs/Gossiping/M.1654876223.A.7DF.html 文章新增成功
DB連接成功...
https://www.ptt.cc/bbs/Gossiping/M.1654872983.A.BCC.html 文章新增成功
DB連接成功...
https://www.ptt.cc/bbs/Gossiping/M.1654873646.A.6DC.html 文章新增成功
作業完畢...兩小時後再次執行
2022-06-11 02:31:45
新增 [問卦] 在路上遇到五個大漢圍毆女子的正確作法
新增 [新聞] 超衰！紐約女學生在家中寫作業 竟遭天外
新增 [新聞] 快訊／桃園高鐵站2屍4命　泰國籍兇嫌「已
DB連接成功...
https://www.ptt.cc/bbs/HatePolitics/M.1654882519.A.FE7.html 文章新增成功
DB連接成功...
https://www.ptt.cc/bbs/Gossiping/M.1654882018.A.865.html 文章新增成功
DB連接成功...
https://www.ptt.cc/bbs/Gossiping/M.1654878825.A.D20.html 文章新增成功
作業完畢...兩小時後再次執行
2022-06-11 04:31:46
新增 【噬謊者】主線劇情整理．賭局分析
DB連接成功...
https://www.ptt.cc/bbs/C_Chat/M.1654887764.A.FCD.html 文章新增成功
作業完畢...兩小時後再次執行
2022-06-11 06:31:58
作業完畢...兩小時後再次執行
2022-06-11 08:31:59
作業完畢...兩小時後再次執行
2022-06-11 10:32:00
新增 Re: [討論] 到底為什麼王世堅可以這樣左右逢源??
新增 [討論] 南非武官為什麼批評侯
新增 Re: [問卦] 在路上遇到五個大漢圍毆女子的正確作法
新增 [新聞] 南投國3重大車禍 4部大車追撞 1死3傷
新增 Re: [新聞] 道交新制！紅黃線違停2小時內重複通報 
新增 [新聞] 南投國3重大車禍 4部大車追撞 1死3傷
新增 [新聞] 疑起口角狠心弒父 63歲不孝女砍死99歲父
新增 Re: [新聞] 道交新制！紅黃線違停2小時內重複通報 
DB連接成功...
https://www.ptt.cc/bbs/Gossiping/M.1654909804.A.56F.html 文章新增成功
DB連接成功...
https://www.ptt.cc/bbs/HatePolitics/M.1654911343.A.DD1.html 文章新增成功
DB連接成功...
https://www.ptt.cc/bbs/Gossiping/M.1654909627.A.A30.html 文章新增成功
DB連接成功...
https://www.ptt.cc/bbs/Gossiping/M.1654911625.A.1AB.html 文章新增成功
DB連接成功...
https://www.ptt.cc/bbs/Gossiping/M.1654909128.A.AB4.html 文章新增成功
DB連接成功...
https://www.ptt.cc/bbs/HatePolitics/M.1654907785.A.000.html 文章新增成功
作業完畢...兩小時後再次執行
2022-06-11 12:32:01
新增 [問卦] 警察爸爸利用法律漏洞包庇罪犯兒子的電影
新增 Re: [討論] 南非武官為什麼批評侯
新增 Re: [請益] 為什麼創造崩盤可以抑制通膨
DB連接成功...
https://www.ptt.cc/bbs/Gossiping/M.1654919667.A.D42.html 文章新增成功
DB連接成功...
https://www.ptt.cc/bbs/Stock/M.1654916269.A.1E4.html 文章新增成功
DB連接成功...
https://www.ptt.cc/bbs/HatePolitics/M.1654918500.A.784.html 文章新增成功
作業完畢...兩小時後再次執行
2022-06-11 14:32:03
新增 Re: [新聞] 小女警驚天一撞調解最終局！100萬買
新增 Re: [新聞] 小女警驚天一撞調解最終局！100萬買
新增 [閒聊] 對面翻過來看動畫瘋的人有多少？
新增 Re: [問卦] 這10年政府有傾全國之力做過什麼事嗎?
新增 [新聞] 高雄男無照開Volvo 車內驚見毒品刀槍卻辯
新增 [問題] 有沒有想讓他「養我一輩子」的角色？
DB連接成功...
https://www.ptt.cc/bbs/Gossiping/M.1654925384.A.E24.html 文章新增成功
DB連接成功...
https://www.ptt.cc/bbs/Gossiping/M.1654923770.A.0CA.html 文章新增成功
DB連接成功...
https://www.ptt.cc/bbs/C_Chat/M.1654924712.A.395.html 文章新增成功
DB連接成功...
https://www.ptt.cc/bbs/Gossiping/M.1654924638.A.D1C.html 文章新增成功
DB連接成功...
https://www.ptt.cc/bbs/C_Chat/M.1654924383.A.515.html 文章新增成功
作業完畢...兩小時後再次執行
2022-06-11 16:32:04
新增 [新聞] 2屍4命慘案｜兇嫌照片曝光！他為這原因殺
DB連接成功...
https://www.ptt.cc/bbs/Gossiping/M.1654929341.A.1D7.html 文章新增成功
作業完畢...兩小時後再次執行
2022-06-11 18:32:04
新增 Re: [新聞] 「1922沒公權力」顛覆民眾認知！侯友
新增 [討論] 白小英犯了什麼罪?? 竟然被警察帶走!!
新增 [22春] 理科生墜入情網第二季10  
新增 [新聞] 嘉義男子喝酒買春遭拒大吵 警察來了、經
新增 [新聞] 噁男迷戀3女前同事「寄裝毛信」　女廁放
DB連接成功...
https://www.ptt.cc/bbs/C_Chat/M.1654939574.A.24C.html 文章新增成功
DB連接成功...
https://www.ptt.cc/bbs/Gossiping/M.1654939755.A.9A1.html 文章新增成功
DB連接成功...
https://www.ptt.cc/bbs/C_Chat/M.1654940081.A.7ED.html 文章新增成功
DB連接成功...
https://www.ptt.cc/bbs/HatePolitics/M.1654940520.A.97F.html 文章新增成功
DB連接成功...
https://www.ptt.cc/bbs/Gossiping/M.1654940335.A.F2A.html 文章新增成功
作業完畢...兩小時後再次執行
2022-06-11 20:32:05
新增 Re: [問卦] 為何Bignana能擔任站方法務?
新增 [新聞] 《省港旗兵》港星沈威病逝享壽71歲　
新增 Re: [新聞] 噁男迷戀3女前同事「寄裝毛信」　女廁放
DB連接成功...
https://www.ptt.cc/bbs/Gossiping/M.1654947290.A.E82.html 文章新增成功
DB連接成功...
https://www.ptt.cc/bbs/Gossiping/M.1654944964.A.F43.html 文章新增成功
DB連接成功...
https://www.ptt.cc/bbs/Gossiping/M.1654946254.A.2AE.html 文章新增成功
作業完畢...兩小時後再次執行
2022-06-11 22:32:06
新增 [問卦] 在跑跑玩兩輪可以上城高嗎？
新增 [新聞]熟客偷十萬精品!闆娘心軟沒報案反被剪刀腳
新增 [生日] 祝6/11生日的角色和聲優生日快樂
新增 [問卦] 這次板主要選哪位比較有噴
新增 [新聞] 花蓮秀林民宅1男多處刀傷身亡 警擴大追查
新增 [新聞] 吳亦凡在北京祕密受審 被控強姦、聚眾淫
新增 [問卦] 這次板主要選哪位比較有噴
新增 [新聞]熟客偷十萬精品!闆娘心軟沒報案反被剪刀腳
DB連接成功...
https://www.ptt.cc/bbs/Gossiping/M.1654954276.A.E2D.html 文章新增成功
DB連接成功...
https://www.ptt.cc/bbs/Gossiping/M.1654955664.A.06A.html 文章新增成功
DB連接成功...
https://www.ptt.cc/bbs/Gossiping/M.1654954129.A.81C.html 文章新增成功
DB連接成功...
https://www.ptt.cc/bbs/C_Chat/M.1654955017.A.499.html 文章新增成功
DB連接成功...
https://www.ptt.cc/bbs/Gossiping/M.1654954335.A.221.html 文章新增成功
DB連接成功...
https://www.ptt.cc/bbs/Gossiping/M.1654953611.A.5D1.html 文章新增成功
作業完畢...兩小時後再次執行
2022-06-12 00:32:10
新增 [問卦] 阿湯哥騎重機上國道會被攔嗎？
新增 [問卦] 碰到一群男人在群毆女人要怎麼幫？
新增 Re: [問卦] 碰到一群男人在群毆女人要怎麼幫？
新增 [問卦] 吳英雄是不是無時無刻都在暴怒？
新增 [問題] 為什麼烏龍派出所動畫不出了？
新增 Re: [問卦] 衛視中文台看日劇動畫的都幾歲了
DB連接成功...
https://www.ptt.cc/bbs/Gossiping/M.1654960487.A.ECB.html 文章新增成功
DB連接成功...
https://www.ptt.cc/bbs/Gossiping/M.1654959818.A.A69.html 文章新增成功
DB連接成功...
https://www.ptt.cc/bbs/Gossiping/M.1654962665.A.E98.html 文章新增成功
DB連接成功...
https://www.ptt.cc/bbs/Gossiping/M.1654962459.A.1BB.html 文章新增成功
DB連接成功...
https://www.ptt.cc/bbs/C_Chat/M.1654958335.A.5C2.html 文章新增成功
DB連接成功...
https://www.ptt.cc/bbs/Gossiping/M.1654961809.A.4C7.html 文章新增成功
作業完畢...兩小時後再次執行
2022-06-12 02:32:12
新增 Re: [問卦] 碰到一群男人在群毆女人要怎麼幫？
新增 Re: [問卦] 碰到一群男人在群毆女人要怎麼幫？
DB連接成功...
https://www.ptt.cc/bbs/Gossiping/M.1654966169.A.206.html 文章新增成功
DB連接成功...
https://www.ptt.cc/bbs/Gossiping/M.1654968064.A.3F6.html 文章新增成功
作業完畢...兩小時後再次執行
2022-06-12 04:32:18
作業完畢...兩小時後再次執行
2022-06-12 06:32:19
新增 [問卦] 泰國又發生街頭遊行抗議示威？
新增 Re: [討論] 徵洗碗歐巴桑 有必要罰30萬？
DB連接成功...
https://www.ptt.cc/bbs/HatePolitics/M.1654980524.A.F7A.html 文章新增成功
DB連接成功...
https://www.ptt.cc/bbs/Gossiping/M.1654983349.A.CCB.html 文章新增成功
作業完畢...兩小時後再次執行
2022-06-12 08:32:24
新增 [問卦] 美國警察對精神有問題的人處境是不是兩難
新增 Re: [問卦] 想播音樂給隔壁聽求推薦
新增 [討論] 你會這樣做嗎？入獄12年
新增 [新聞] 首例！ 看FB愛上OL 傳不雅照又恐嚇　保全
DB連接成功...
https://www.ptt.cc/bbs/HatePolitics/M.1654990437.A.1C4.html 文章新增成功
DB連接成功...
https://www.ptt.cc/bbs/Gossiping/M.1654987307.A.D21.html 文章新增成功
DB連接成功...
https://www.ptt.cc/bbs/Gossiping/M.1654990974.A.744.html 文章新增成功
DB連接成功...
https://www.ptt.cc/bbs/Gossiping/M.1654989025.A.D26.html 文章新增成功
作業完畢...兩小時後再次執行
2022-06-12 10:32:27
新增 Re: [閒聊] 夜神月錯在哪裡？
新增 Re: [閒聊] 夜神月錯在哪裡？
DB連接成功...
https://www.ptt.cc/bbs/C_Chat/M.1654995242.A.E13.html 文章新增成功
DB連接成功...
https://www.ptt.cc/bbs/C_Chat/M.1654995666.A.2B0.html 文章新增成功
作業完畢...兩小時後再次執行
2022-06-12 12:32:28
新增 [討論] 一堆人打一個 要怎麼幫忙？
新增 [新聞] 王心凌狂粉北捷脫序！男無罩放送《愛你
新增 Re: [新聞] 警大單小開／圖利定罪率低 關鍵在有無主
新增 [新聞] 警大單小開／圖利定罪率低 關鍵在有無主
新增 [新聞] 警大單小開／圖利定罪率低 關鍵在有無主
新增 [新聞] 嚇！行進中的車子突滾出一女面朝下趴地　真相曝光太噴飯
新增 [新聞] 快訊／林口社區傳5聲槍響！球棒隊猛砸車.
新增 [新聞] 警大單小開／圖利定罪率低 關鍵在有無主
新增 [新聞] 獨家｜杏仁哥、高鈞鈞踢爆假韓粉　控直
DB連接成功...
https://www.ptt.cc/bbs/Gossiping/M.1655004841.A.79D.html 文章新增成功
DB連接成功...
https://www.ptt.cc/bbs/Gossiping/M.1655005018.A.DF2.html 文章新增成功
DB連接成功...
https://www.ptt.cc/bbs/Gossiping/M.1655004528.A.9B0.html 文章新增成功
DB連接成功...
https://www.ptt.cc/bbs/Gossiping/M.1655006106.A.A41.html 文章新增成功
DB連接成功...
https://www.ptt.cc/bbs/Gossiping/M.1655002221.A.486.html 文章新增成功
DB連接成功...
https://www.ptt.cc/bbs/Gossiping/M.1655003880.A.CD4.html 文章新增成功
DB連接成功...
https://www.ptt.cc/bbs/HatePolitics/M.1655004986.A.606.html 文章新增成功
作業完畢...兩小時後再次執行
2022-06-12 14:32:29
新增 [討論] 政黑要不要改名捧懶和諧版算了
新增 [新聞] 高雄長髮妹突開門跳車！　撞地「四肢癱軟
DB連接成功...
https://www.ptt.cc/bbs/HatePolitics/M.1655012976.A.3E2.html 文章新增成功
DB連接成功...
https://www.ptt.cc/bbs/Gossiping/M.1655010343.A.1F8.html 文章新增成功
作業完畢...兩小時後再次執行
2022-06-12 16:32:30
新增 [問卦] 在台灣掌權者是不是都能無視法律
新增 [討論] 日本人報考警察多以刑警為目標??
新增 [新聞] 載2孩出門遇陌生人尾隨「兇狠往車內看」
新增 [新聞] 日本或首派現役自衛官駐台專家:不會因中
新增 [討論] 日本人報考警察多以刑警為目標??
DB連接成功...
https://www.ptt.cc/bbs/Gossiping/M.1655018155.A.E70.html 文章新增成功
DB連接成功...
https://www.ptt.cc/bbs/HatePolitics/M.1655016025.A.2CB.html 文章新增成功
DB連接成功...
https://www.ptt.cc/bbs/Gossiping/M.1655017592.A.552.html 文章新增成功
DB連接成功...
https://www.ptt.cc/bbs/C_Chat/M.1655016678.A.B57.html 文章新增成功
作業完畢...兩小時後再次執行
2022-06-12 18:32:37
新增 Re: [閒聊] 太極拳的傳武大師比八極拳多？
新增 [討論] 防爆仔是不是以為政黑只能談藍綠柯？
新增 [閒聊] 艦娘在現實世界也會變成軍特對立嗎？
DB連接成功...
https://www.ptt.cc/bbs/C_Chat/M.1655025921.A.82D.html 文章新增成功
DB連接成功...
https://www.ptt.cc/bbs/C_Chat/M.1655024310.A.E0D.html 文章新增成功
DB連接成功...
https://www.ptt.cc/bbs/HatePolitics/M.1655024150.A.2F7.html 文章新增成功
作業完畢...兩小時後再次執行
2022-06-12 20:32:41
新增 [新聞] 男喊「我有槍」！華府支持槍管5000人集會
新增 [新聞] 警因違規老翁「經濟不佳」未開單一時心軟
DB連接成功...
https://www.ptt.cc/bbs/Gossiping/M.1655032926.A.29B.html 文章新增成功
DB連接成功...
https://www.ptt.cc/bbs/Gossiping/M.1655033664.A.738.html 文章新增成功
作業完畢...兩小時後再次執行
2022-06-12 22:32:43
新增 Re: [討論] 動畫瘋還能怎樣提高付費比率?
DB連接成功...
https://www.ptt.cc/bbs/C_Chat/M.1655037698.A.91D.html 文章新增成功
作業完畢...兩小時後再次執行
2022-06-13 00:32:43
新增 Re: [新聞] 警因違規老翁「經濟不佳」未開單一時心軟
新增 [新聞] 紅線違停不滿被開單辱女警「流氓」 碩士
新增 [新聞] 反送中3周年大遊行 港人台北集會：抗爭未
新增 [新聞] 唐山再傳暴力事件 女歌手遭關狗籠 警方求
新增 [新聞] 紅線違停不滿被開單辱女警「流氓」 碩士
新增 [新聞] 快訊/被擄到南投虐打 台中男送醫宣告不治
新增 [新聞] 北宜公路飆112公里 重機騎士遭開罰8千吊
新增 Re: [新聞] 高雄長髮妹突開門跳車！　撞地「四肢癱軟
新增 [新聞] 紅線違停不滿被開單辱女警「流氓」 碩士
新增 [新聞] 唐山再傳暴力事件 女歌手遭關狗籠 警方求
新增 [新聞] 逆子44歲沉迷電玩啃老　險逼死絕望母親
DB連接成功...
https://www.ptt.cc/bbs/Gossiping/M.1655045231.A.7E3.html 文章新增成功
DB連接成功...
https://www.ptt.cc/bbs/Gossiping/M.1655045683.A.B1E.html 文章新增成功
DB連接成功...
https://www.ptt.cc/bbs/Gossiping/M.1655044482.A.845.html 文章新增成功
DB連接成功...
https://www.ptt.cc/bbs/Gossiping/M.1655045065.A.13F.html 文章新增成功
DB連接成功...
https://www.ptt.cc/bbs/Gossiping/M.1655045175.A.EC6.html 文章新增成功
DB連接成功...
https://www.ptt.cc/bbs/Gossiping/M.1655044814.A.048.html 文章新增成功
DB連接成功...
https://www.ptt.cc/bbs/Gossiping/M.1655048877.A.3EF.html 文章新增成功
DB連接成功...
https://www.ptt.cc/bbs/Gossiping/M.1655045451.A.D25.html 文章新增成功
作業完畢...兩小時後再次執行
2022-06-13 02:32:51
新增 [問卦] 警察在私人土地能開單嗎？
DB連接成功...
https://www.ptt.cc/bbs/Gossiping/M.1655056025.A.9CF.html 文章新增成功
作業完畢...兩小時後再次執行
2022-06-13 04:33:03
新增 Re: [問卦] 警察在私人土地能開單嗎？
新增 Re: [問卦] 警察在私人土地能開單嗎？
新增 Re: [問卦] ai真的有可能出現自我意識？
DB連接成功...
https://www.ptt.cc/bbs/Gossiping/M.1655063376.A.4CC.html 文章新增成功
DB連接成功...
https://www.ptt.cc/bbs/Gossiping/M.1655062109.A.2AB.html 文章新增成功
DB連接成功...
https://www.ptt.cc/bbs/Gossiping/M.1655063727.A.39F.html 文章新增成功
作業完畢...兩小時後再次執行
2022-06-13 06:33:13
作業完畢...兩小時後再次執行
2022-06-13 08:33:21
新增 Re: [問卦] 警察在私人土地能開單嗎？
新增 [問卦] 吵架根本不是有理的那方贏？
新增 [新聞] 東方明珠早已褪色 調查顯示：六成港人盼2
DB連接成功...
https://www.ptt.cc/bbs/Gossiping/M.1655077483.A.02C.html 文章新增成功
DB連接成功...
https://www.ptt.cc/bbs/Gossiping/M.1655075554.A.E0A.html 文章新增成功
DB連接成功...
https://www.ptt.cc/bbs/HatePolitics/M.1655075286.A.F65.html 文章新增成功
作業完畢...兩小時後再次執行
2022-06-13 10:33:23
新增 [新聞] 幫確診妻買便當  高雄男被抓包酒駕還快篩
新增 [新聞] 幫確診妻買便當  高雄男被抓包酒駕還快篩
DB連接成功...
https://www.ptt.cc/bbs/Gossiping/M.1655083822.A.C8B.html 文章新增成功
作業完畢...兩小時後再次執行
2022-06-13 12:33:23
新增 Re: [問卦] 警察在私人土地能開單嗎？
新增 Re: [閒聊] 無腦廢奴是不是更毒吧？
新增 [新聞] 母衝警局報案！北市男欠150萬　偕2友一꠱
DB連接成功...
https://www.ptt.cc/bbs/C_Chat/M.1655092397.A.CC8.html 文章新增成功
DB連接成功...
https://www.ptt.cc/bbs/Gossiping/M.1655089438.A.6F9.html 文章新增成功
DB連接成功...
https://www.ptt.cc/bbs/Gossiping/M.1655092582.A.D31.html 文章新增成功
作業完畢...兩小時後再次執行
2022-06-13 14:33:24
新增 [問卦] 如何解救被9個肥壯男子圍毆的女人?
新增 [神通王] 很在意的某個設定
新增 [新聞] 釣國寶魚櫻花鉤吻鮭po網炫耀成鐵證男遭送
新增 [新聞] 情趣店闆娘兼賣壯陽禁藥　60歲婦買200盒
DB連接成功...
https://www.ptt.cc/bbs/Gossiping/M.1655095370.A.F5B.html 文章新增成功
DB連接成功...
https://www.ptt.cc/bbs/C_Chat/M.1655095572.A.F12.html 文章新增成功
DB連接成功...
https://www.ptt.cc/bbs/Gossiping/M.1655096653.A.B33.html 文章新增成功
DB連接成功...
https://www.ptt.cc/bbs/Gossiping/M.1655099626.A.913.html 文章新增成功
作業完畢...兩小時後再次執行
2022-06-13 16:33:30
新增 [問卦] 真的當公務員不要用公務電腦上ptt
新增 Re: [問卦] 真的當公務員不要用公務電腦上ptt
新增 [新聞] 高雄男未戴安全帽4警視若無睹 影片瘋傳後
新增 Re: [新聞] 恩恩爸律師：未收到新北市橫向聯繫說明 
新增 [新聞] 影／美國螯蝦再入侵新竹護城河 市府一周撈500隻
新增 [新聞] 高雄男未戴安全帽4警視若無睹 影片瘋傳後
新增 Re: [新聞] 美高通膨美股炸鍋　聯準會6月一次
DB連接成功...
https://www.ptt.cc/bbs/Gossiping/M.1655105306.A.55A.html 文章新增成功
DB連接成功...
https://www.ptt.cc/bbs/Gossiping/M.1655104224.A.00C.html 文章新增成功
DB連接成功...
https://www.ptt.cc/bbs/HatePolitics/M.1655105161.A.902.html 文章新增成功
DB連接成功...
https://www.ptt.cc/bbs/Gossiping/M.1655104145.A.DCC.html 文章新增成功
DB連接成功...
https://www.ptt.cc/bbs/Gossiping/M.1655104681.A.1D9.html 文章新增成功
DB連接成功...
https://www.ptt.cc/bbs/Gossiping/M.1655104556.A.947.html 文章新增成功
作業完畢...兩小時後再次執行
2022-06-13 18:33:31
新增 Re: [問卦] 房思琪的初戀樂園作者自殺調查後有後續嗎
新增 Re: [問卦] 房思琪的初戀樂園作者自殺調查後有後續嗎
新增 [新聞] 台中馬尾女酒駕不想吹　摀耳衝回家摔跤！
新增 [新聞] 拳頭硬了！ 入室偷竊失風毒打獨居8旬翁
新增 [新聞] 台中馬尾女酒駕不想吹　摀耳衝回家摔跤！
DB連接成功...
https://www.ptt.cc/bbs/Gossiping/M.1655109474.A.952.html 文章新增成功
DB連接成功...
https://www.ptt.cc/bbs/Gossiping/M.1655112055.A.73C.html 文章新增成功
DB連接成功...
https://www.ptt.cc/bbs/HatePolitics/M.1655111062.A.FB8.html 文章新增成功
DB連接成功...
https://www.ptt.cc/bbs/Gossiping/M.1655111588.A.CDA.html 文章新增成功
作業完畢...兩小時後再次執行
2022-06-13 20:33:32
新增 [新聞] 靜岡警方逮捕120人雜交派對的主辦人
新增 [新聞] 唐山女遭圍毆是冰山一角 外媒質問根源
新增 [新聞] 唐山女遭圍毆是冰山一角 外媒質問根源
新增 [新聞] 葛斯齊戳破王心凌私下真面目！「拍戲遇1
新增 [討論] 烏龍派出所那個麻里晚能制伏唐山流氓嗎??
新增 [新聞] 唐山女遭圍毆是冰山一角 外媒質問根源
DB連接成功...
https://www.ptt.cc/bbs/Gossiping/M.1655118194.A.210.html 文章新增成功
DB連接成功...
https://www.ptt.cc/bbs/Gossiping/M.1655118693.A.9A9.html 文章新增成功
DB連接成功...
https://www.ptt.cc/bbs/C_Chat/M.1655120326.A.3DA.html 文章新增成功
DB連接成功...
https://www.ptt.cc/bbs/Gossiping/M.1655118380.A.479.html 文章新增成功
作業完畢...兩小時後再次執行
2022-06-13 22:33:32
新增 Re: [問卦] 真的當公務員不要用公務電腦上ptt
新增 Re: [問卦] 真的當公務員不要用公務電腦上ptt
新增 [問卦] 驚! 北斗晶夫婦&新婚兒媳上節目的卦?
新增 [新聞] 陳椒華下鄉會勘 大林鎮長慘遭潑汙水 男：
DB連接成功...
https://www.ptt.cc/bbs/Gossiping/M.1655128525.A.603.html 文章新增成功
DB連接成功...
https://www.ptt.cc/bbs/Gossiping/M.1655125001.A.A9E.html 文章新增成功
DB連接成功...
https://www.ptt.cc/bbs/Gossiping/M.1655128283.A.AAF.html 文章新增成功
DB連接成功...
https://www.ptt.cc/bbs/Gossiping/M.1655128505.A.937.html 文章新增成功
作業完畢...兩小時後再次執行
2022-06-14 00:33:33
新增 [討論] 侯友宜是不是打壓言論自由?
新增 [問卦] 每天都去派出所行乞會怎樣？
新增 [Holo] 如果要找聊天 要選哪四位？
新增 [新聞] 外籍英語教師也不放過 香港就職需宣誓效
新增 Re: [新聞] 唐山燒烤店打人案5嫌有前科　涉非法拘禁
新增 [問卦] 每天都去派出所行乞會怎樣？
DB連接成功...
https://www.ptt.cc/bbs/Gossiping/M.1655134677.A.C58.html 文章新增成功
DB連接成功...
https://www.ptt.cc/bbs/Gossiping/M.1655134806.A.E79.html 文章新增成功
DB連接成功...
https://www.ptt.cc/bbs/Gossiping/M.1655135258.A.CEA.html 文章新增成功
DB連接成功...
https://www.ptt.cc/bbs/HatePolitics/M.1655131565.A.4B7.html 文章新增成功
DB連接成功...
https://www.ptt.cc/bbs/C_Chat/M.1655133877.A.DC7.html 文章新增成功
作業完畢...兩小時後再次執行
2022-06-14 02:33:37
新增 Re: [問卦] 如果被逼公開朗讀在自己在西斯或表特推文
新增 Re: [新聞] 公開處刑現場！北市府kuloda上班PTT帶風
DB連接成功...
https://www.ptt.cc/bbs/Gossiping/M.1655138299.A.7B2.html 文章新增成功
DB連接成功...
https://www.ptt.cc/bbs/Gossiping/M.1655140781.A.01D.html 文章新增成功
作業完畢...兩小時後再次執行
2022-06-14 04:33:48
作業完畢...兩小時後再次執行
2022-06-14 06:33:49
新增 [新聞] 情趣用品店淘寶進口壯陽藥　下游女老闆
DB連接成功...
https://www.ptt.cc/bbs/Gossiping/M.1655155291.A.D9D.html 文章新增成功
作業完畢...兩小時後再次執行
2022-06-14 08:33:50
新增 Re: [新聞] 公開處刑現場！北市府kuloda上班PTT
DB連接成功...
https://www.ptt.cc/bbs/Gossiping/M.1655163438.A.173.html 文章新增成功
作業完畢...兩小時後再次執行
2022-06-14 10:33:50
新增 [新聞] 桃園市長鄭文燦快篩陽 目前視訊看診確
新增 [閒聊] 念出給痔瘡醫生信的暗號有多羞恥？
新增 [新聞]公務員上班用Ptt等於柯文哲有網軍？陳
新增 [新聞] 辣模飯店極樂趴！「只穿內衣」詭異8樓墜
新增 Re: [黑特] 苗博雅最終變成了她最討厭的人
新增 [新聞] 酒駕男有夠黑心 不賠修車費還誣指腿是被
新增 [新聞] 酒駕男有夠黑心 不賠修車費還誣指腿是被
DB連接成功...
https://www.ptt.cc/bbs/C_Chat/M.1655170862.A.5DA.html 文章新增成功
DB連接成功...
https://www.ptt.cc/bbs/HatePolitics/M.1655168170.A.BC9.html 文章新增成功
DB連接成功...
https://www.ptt.cc/bbs/HatePolitics/M.1655170087.A.112.html 文章新增成功
DB連接成功...
https://www.ptt.cc/bbs/Gossiping/M.1655170377.A.30D.html 文章新增成功
DB連接成功...
https://www.ptt.cc/bbs/Gossiping/M.1655171617.A.6C7.html 文章新增成功
DB連接成功...
https://www.ptt.cc/bbs/Gossiping/M.1655171507.A.C70.html 文章新增成功
作業完畢...兩小時後再次執行
2022-06-14 12:33:51
新增 Re: [新聞] 公開處刑現場！北市府kuloda上班PTT帶風
新增 Re: [新聞] 苗博雅要公務員大聲唸「呵呵」推文　四叉
DB連接成功...
https://www.ptt.cc/bbs/Gossiping/M.1655176665.A.88E.html 文章新增成功
DB連接成功...
https://www.ptt.cc/bbs/Gossiping/M.1655175765.A.A8D.html 文章新增成功
作業完畢...兩小時後再次執行
2022-06-14 14:33:59
新增 [閒聊] 馬娘警察是不是又鬆懈了？
新增 Re: [新聞] 唐山女拒絕調戲，遭多名男子街上圍毆（影
新增 [新聞] 「八百壯士」反年改爆衝突 吳斯懷一審獲
新增 [新聞] 快訊／26歲國道警凌晨避車彎「舉槍自戕」
新增 [閒聊] 《惡靈古堡4 重製版》愛許莉沒受到「海外
新增 Re: [新聞] 公開處刑現場！北市府kuloda上班PTT帶風
新增 Re: [新聞] 公開處刑現場！北市府kuloda上班PTT帶風
新增 Re: [新聞] 唐山女拒絕調戲，遭多名男子街上圍毆（影
新增 [新聞] 公車淫男6度性騷擾被抓... 這次「掀裙
新增 [新聞] 公車淫男6度性騷擾被抓... 這次「掀裙
DB連接成功...
https://www.ptt.cc/bbs/Gossiping/M.1655182946.A.726.html 文章新增成功
DB連接成功...
https://www.ptt.cc/bbs/Gossiping/M.1655181732.A.A88.html 文章新增成功
DB連接成功...
https://www.ptt.cc/bbs/Gossiping/M.1655184876.A.864.html 文章新增成功
DB連接成功...
https://www.ptt.cc/bbs/Gossiping/M.1655185926.A.2BB.html 文章新增成功
DB連接成功...
https://www.ptt.cc/bbs/Gossiping/M.1655185100.A.BC8.html 文章新增成功
DB連接成功...
https://www.ptt.cc/bbs/Gossiping/M.1655185965.A.F38.html 文章新增成功
DB連接成功...
https://www.ptt.cc/bbs/C_Chat/M.1655181652.A.802.html 文章新增成功
DB連接成功...
https://www.ptt.cc/bbs/C_Chat/M.1655184348.A.974.html 文章新增成功
作業完畢...兩小時後再次執行
2022-06-14 16:33:59
新增 Re: [新聞] 快訊／26歲國道警凌晨避車彎「舉槍自戕」
新增 [新聞] 仿謝金河詐騙投資再起！受害者親筆信讓
新增 [新聞] 高雄多間汽車旅館房間遭裝針孔 1名房客涉案稱自己欣賞
新增 [問卦] 有點色色的漫畫推薦哪一部
新增 Re: [問卦] 有點色色的漫畫推薦哪一部
新增 [新聞] 深圳女控訴遭性侵 公安讓她向強姦犯道歉
DB連接成功...
https://www.ptt.cc/bbs/Stock/M.1655189761.A.378.html 文章新增成功
DB連接成功...
https://www.ptt.cc/bbs/Gossiping/M.1655190143.A.B60.html 文章新增成功
DB連接成功...
https://www.ptt.cc/bbs/Gossiping/M.1655193250.A.F1D.html 文章新增成功
DB連接成功...
https://www.ptt.cc/bbs/Gossiping/M.1655190132.A.95E.html 文章新增成功
DB連接成功...
https://www.ptt.cc/bbs/Gossiping/M.1655192144.A.E9C.html 文章新增成功
DB連接成功...
https://www.ptt.cc/bbs/Gossiping/M.1655189504.A.689.html 文章新增成功
作業完畢...兩小時後再次執行
2022-06-14 18:34:00
新增 Re: [討論] 有人明天要出面在民進黨門口開記者會
新增 [新聞] 超大膽！喬裝台電外包商 爬電桿剪電線當
新增 [新聞] 摩鐵針孔魔人已裝3房偷拍4個月　檢警遠端
DB連接成功...
https://www.ptt.cc/bbs/Gossiping/M.1655196710.A.31E.html 文章新增成功
DB連接成功...
https://www.ptt.cc/bbs/HatePolitics/M.1655197031.A.EA8.html 文章新增成功
DB連接成功...
https://www.ptt.cc/bbs/Gossiping/M.1655199313.A.A33.html 