****************add_article.pyday2022_05_22*****************
執行中
2022-05-22 16:34:39
新增 [新聞] 廖老大飲料店「2周遭查2次」　砲轟衛局長
新增 [問卦] 警察進入大學校園之問題 ?
新增 [問卦] 為啥馬來西亞華人存在感這麼低？
新增 [閒聊] 寶可夢算是被抓拐的奴隸嗎?
新增 [問卦] 江湖路不好走為何還是有人想當兄弟
新增 [新聞] 廖老大飲料店「2周遭查2次」　砲轟衛局長
新增 [新聞] 南橫梅蘭明隧道落石多 山友不配合管制
DB連接成功...
https://www.ptt.cc/bbs/C_Chat/M.1653202787.A.B33.html 文章新增失敗
DB連接成功...
https://www.ptt.cc/bbs/Gossiping/M.1653202831.A.AD4.html 文章新增失敗
DB連接成功...
https://www.ptt.cc/bbs/Gossiping/M.1653204188.A.985.html 文章新增失敗
DB連接成功...
https://www.ptt.cc/bbs/Gossiping/M.1653202241.A.1EF.html 文章新增失敗
DB連接成功...
https://www.ptt.cc/bbs/Gossiping/M.1653201450.A.EE7.html 文章新增失敗
DB連接成功...
https://www.ptt.cc/bbs/Gossiping/M.1653201517.A.070.html 文章新增失敗
作業完畢...兩小時後再次執行
****************add_article.pyday2022_05_22*****************
執行中
2022-05-22 16:37:47
新增 [新聞] 廖老大飲料店「2周遭查2次」　砲轟衛局長
新增 [問卦] 警察進入大學校園之問題 ?
新增 [問卦] 為啥馬來西亞華人存在感這麼低？
新增 [閒聊] 寶可夢算是被抓拐的奴隸嗎?
新增 [問卦] 江湖路不好走為何還是有人想當兄弟
新增 [新聞] 廖老大飲料店「2周遭查2次」　砲轟衛局長
DB連接成功...
https://www.ptt.cc/bbs/Gossiping/M.1653201517.A.070.html 文章新增成功
DB連接成功...
https://www.ptt.cc/bbs/Gossiping/M.1653204188.A.985.html 文章新增成功
DB連接成功...
https://www.ptt.cc/bbs/C_Chat/M.1653202787.A.B33.html 文章新增成功
DB連接成功...
https://www.ptt.cc/bbs/Gossiping/M.1653202831.A.AD4.html 文章新增成功
DB連接成功...
https://www.ptt.cc/bbs/Gossiping/M.1653202241.A.1EF.html 文章新增成功
作業完畢...兩小時後再次執行
****************add_article.pyday2022_05_22*****************
執行中
2022-05-22 16:40:59
新增 [新聞] 廖老大飲料店「2周遭查2次」　砲轟衛局長
新增 [問卦] 為啥馬來西亞華人存在感這麼低？
新增 [閒聊] 寶可夢算是被抓拐的奴隸嗎?
新增 [問卦] 江湖路不好走為何還是有人想當兄弟
新增 [新聞] 廖老大飲料店「2周遭查2次」　砲轟衛局長
DB連接成功...
https://www.ptt.cc/bbs/C_Chat/M.1653202787.A.B33.html 文章新增成功
DB連接成功...
https://www.ptt.cc/bbs/Gossiping/M.1653202831.A.AD4.html 文章新增成功
DB連接成功...
https://www.ptt.cc/bbs/Gossiping/M.1653202241.A.1EF.html 文章新增成功
DB連接成功...
https://www.ptt.cc/bbs/Gossiping/M.1653204188.A.985.html 文章新增成功
作業完畢...兩小時後再次執行
2022-05-22 18:41:00
新增 Re: [問卦] 中國哪些方面比台灣好？
新增 [新聞] 民進黨全國黨公職選舉 蔡英文完成投票
DB連接成功...
https://www.ptt.cc/bbs/Gossiping/M.1653209518.A.A4E.html 文章新增成功
DB連接成功...
https://www.ptt.cc/bbs/Gossiping/M.1653213035.A.B16.html 文章新增成功
作業完畢...兩小時後再次執行
2022-05-22 20:41:01
新增 [問卦] 有沒有拖吊車輛不貼7日公告的八卦
新增 [問卦] 阿勞的電動自行車車是怎麼改成重機速度
新增 Re: [新聞] Netflix慘 導演開第一槍退訂
新增 [新聞] 大街拍抖音遭制止　管太多！北市4少亮刀
DB連接成功...
https://www.ptt.cc/bbs/Gossiping/M.1653220664.A.8F9.html 文章新增成功
DB連接成功...
https://www.ptt.cc/bbs/Gossiping/M.1653218303.A.A76.html 文章新增成功
DB連接成功...
https://www.ptt.cc/bbs/Gossiping/M.1653218656.A.075.html 文章新增成功
DB連接成功...
https://www.ptt.cc/bbs/Gossiping/M.1653219759.A.9C9.html 文章新增成功
作業完畢...兩小時後再次執行
2022-05-22 22:41:02
新增 [問卦] 搭捷運看到女生的腿想舔是生病了嗎?
新增 [問卦] 在高中職成立校規法庭有搞頭嗎???
新增 Re: [新聞] Netflix之亂！《國際橋牌社》製作人補刀
新增 [新聞] 醉漢拒臨檢竟「拔走警車鑰匙逃逸」…警原
新增 [新聞] 澳大利亞政黨輪替後 對中鷹派防長或將
新增 [新聞] 醉漢拒臨檢竟「拔走警車鑰匙逃逸」…警原
新增 [新聞] 影／高雄噁男書店亂晃下體頂撞女 警一查
新增 [新聞] 情侶喝醉男睡死醒來問「女友呢？」才知酒
新增 [新聞] 醉漢拒臨檢竟「拔走警車鑰匙逃逸」…警原
新增 [新聞] 醉漢拒臨檢竟「拔走警車鑰匙逃逸」…警原
新增 [新聞] 情侶喝醉男睡死醒來問「女友呢？」才知酒
新增 [新聞] 影／高雄噁男書店亂晃下體頂撞女 警一查
DB連接成功...
https://www.ptt.cc/bbs/Gossiping/M.1653225036.A.8AA.html 文章新增成功
DB連接成功...
https://www.ptt.cc/bbs/HatePolitics/M.1653223989.A.0D3.html 文章新增成功
DB連接成功...
https://www.ptt.cc/bbs/Gossiping/M.1653224004.A.382.html 文章新增成功
DB連接成功...
https://www.ptt.cc/bbs/Gossiping/M.1653227258.A.3D6.html 文章新增成功
DB連接成功...
https://www.ptt.cc/bbs/Gossiping/M.1653224524.A.00C.html 文章新增成功
DB連接成功...
https://www.ptt.cc/bbs/Gossiping/M.1653225654.A.3CD.html 文章新增成功
DB連接成功...
https://www.ptt.cc/bbs/Gossiping/M.1653226694.A.38B.html 文章新增成功
作業完畢...兩小時後再次執行
2022-05-23 00:41:03
新增 Re: [問卦] 在台灣被陌生人性侵的機率高嗎
新增 [新聞] 洋基小將後援連21局無失分　隊史近10年首見！
DB連接成功...
https://www.ptt.cc/bbs/Gossiping/M.1653232295.A.EBF.html 文章新增成功
DB連接成功...
https://www.ptt.cc/bbs/Baseball/M.1653233867.A.8E3.html 文章新增成功
作業完畢...兩小時後再次執行
2022-05-23 02:41:04
新增 [新聞] 人妻下班遭強押上摩鐵　家暴夫等3男慘了
新增 [新聞] 人妻下班遭強押上摩鐵　家暴夫等3男慘了
新增 [新聞] 外科醫稱「喝高粱殺菌沒染疫」　栽了！
新增 [新聞] 人妻下班遭強押上摩鐵　家暴夫等3男慘了
DB連接成功...
https://www.ptt.cc/bbs/Gossiping/M.1653238251.A.233.html 文章新增成功
DB連接成功...
https://www.ptt.cc/bbs/Gossiping/M.1653237678.A.01D.html 文章新增成功
作業完畢...兩小時後再次執行
2022-05-23 04:41:05
作業完畢...兩小時後再次執行
2022-05-23 06:41:05
新增 [問卦] 怎麼沒人抱怨一蘭拉麵要排很久
DB連接成功...
https://www.ptt.cc/bbs/Gossiping/M.1653252316.A.F78.html 文章新增成功
作業完畢...兩小時後再次執行
2022-05-23 08:41:06
新增 [新聞] 基隆爆「停車場之亂」！繳停車費排隊2小
DB連接成功...
https://www.ptt.cc/bbs/Gossiping/M.1653262085.A.A3C.html 文章新增成功
作業完畢...兩小時後再次執行
2022-05-23 10:41:07
新增 Re: [問卦] 有沒有好棒BUMP救人被收割的八卦？
新增 [新聞] 外科醫稱警友會8人喝高粱免疫 警方澄清
DB連接成功...
https://www.ptt.cc/bbs/Gossiping/M.1653268014.A.879.html 文章新增成功
DB連接成功...
https://www.ptt.cc/bbs/Gossiping/M.1653267945.A.0F5.html 文章新增成功
作業完畢...兩小時後再次執行
2022-05-23 12:41:08
新增 Re: [新聞] 醫師娘偷吃183藥廠業務　初次見面就激戰
新增 [新聞] 小黃違停阻礙公車出入　騎士控「義交」視
DB連接成功...
https://www.ptt.cc/bbs/Gossiping/M.1653276161.A.31A.html 文章新增成功
DB連接成功...
https://www.ptt.cc/bbs/Gossiping/M.1653274587.A.0D1.html 文章新增成功
作業完畢...兩小時後再次執行
