****************add_article.pyday2022_05_31*****************
執行中
2022-05-31 22:10:08
新增 [問卦] 勾惡會出面踢爆天虹科技副總車禍案嗎
新增 [新聞] 天虹科技副總撞死人爆關說疑雲　警政署加
新增 Re: [轉錄] 劉宇 四叉貓 FB
新增 [新聞] 天虹科技副總撞死人爆關說疑雲　警政署加
新增 [新聞] 宜蘭22歲男結婚前2天慘死！騎車擦撞遇橫
新增 Re: [轉錄] 劉宇 四叉貓 FB
新增 Re: [轉錄] 劉宇 四叉貓 FB
新增 [新聞] 天虹科技副總撞死人爆關說疑雲　警政署加
新增 [新聞] 宜蘭22歲男結婚前2天慘死！騎車擦撞遇橫
新增 [新聞] 宜蘭22歲男結婚前2天慘死！騎車擦撞遇橫
新增 [新聞] 「您的夥伴正在決鬥！」外送員雨中開戰駕
DB連接成功...
https://www.ptt.cc/bbs/Gossiping/M.1654000796.A.7A3.html 文章新增成功
DB連接成功...
https://www.ptt.cc/bbs/Gossiping/M.1654001238.A.C5F.html 文章新增成功
DB連接成功...
https://www.ptt.cc/bbs/Gossiping/M.1654001894.A.3E8.html 文章新增成功
DB連接成功...
https://www.ptt.cc/bbs/HatePolitics/M.1654000821.A.AE4.html 文章新增成功
DB連接成功...
https://www.ptt.cc/bbs/Gossiping/M.1654003738.A.57C.html 文章新增成功
DB連接成功...
https://www.ptt.cc/bbs/HatePolitics/M.1654001850.A.351.html 文章新增成功
作業完畢...兩小時後再次執行
2022-06-01 00:10:10
新增 [問卦] 很多人都染疫了
新增 Re: [新聞] 天虹科技副總撞死人爆關說疑雲　警政署加
新增 Re: [新聞] 美台安全關係深化！路透：美國國民兵擬和
新增 Re: [新聞] 促轉會建議國幣換掉蔣中正肖像 蔣萬安：
新增 Re: [新聞] 天虹科技副總撞死人爆關說疑雲　警政署加
新增 Re: [新聞] 台北東區逛街遭「隨機攻擊」警員未到場　
新增 Re: [新聞] 天虹科技副總撞死人爆關說疑雲　警政署加
新增 Re: [新聞] 天虹科技副總撞死人爆關說疑雲　警政署加
新增 Re: [新聞] 台北東區逛街遭「隨機攻擊」警員未到場　
新增 [新聞] 慟！原訂6/1媽媽生日登記結婚 孝子騎士擦
新增 Re: [新聞] 台北東區逛街遭「隨機攻擊」警員未到場　
新增 Re: [新聞] 天虹科技副總撞死人爆關說疑雲　警政署加
新增 Re: [新聞] 台北東區逛街遭「隨機攻擊」警員未到場　
DB連接成功...
https://www.ptt.cc/bbs/Gossiping/M.1654011293.A.C71.html 文章新增成功
DB連接成功...
https://www.ptt.cc/bbs/Gossiping/M.1654010317.A.31A.html 文章新增成功
DB連接成功...
https://www.ptt.cc/bbs/Gossiping/M.1654008031.A.F86.html 文章新增成功
DB連接成功...
https://www.ptt.cc/bbs/Gossiping/M.1654012454.A.43D.html 文章新增成功
DB連接成功...
https://www.ptt.cc/bbs/Gossiping/M.1654010746.A.EB7.html 文章新增成功
DB連接成功...
https://www.ptt.cc/bbs/Gossiping/M.1654012336.A.A41.html 文章新增成功
作業完畢...兩小時後再次執行
2022-06-01 02:10:14
新增 [問卦] 天虹科技副總撞死騎士！評價4星????
新增 Re: [問卦] 共產不一定極權吧？
新增 Fw: [問卦] 共產不一定極權吧？
新增 Re: [新聞] 天虹科技副總撞死人爆關說疑雲　警政署加
DB連接成功...
https://www.ptt.cc/bbs/Gossiping/M.1654014146.A.C57.html 文章新增成功
DB連接成功...
https://www.ptt.cc/bbs/Gossiping/M.1654014069.A.7D4.html 文章新增成功
DB連接成功...
https://www.ptt.cc/bbs/HatePolitics/M.1654014084.A.E7B.html 文章新增成功
DB連接成功...
https://www.ptt.cc/bbs/Gossiping/M.1654015812.A.F1D.html 文章新增成功
作業完畢...兩小時後再次執行
2022-06-01 04:10:21
作業完畢...兩小時後再次執行
2022-06-01 06:10:30
作業完畢...兩小時後再次執行
2022-06-01 08:10:39
新增 [新聞] 挺徐巧芯？柯文哲罵「大家雙標」 自爆松
新增 [新聞] 交通違規檢舉新制滿月 警怨更忙
新增 [新聞] 交通違規檢舉新制滿月 警怨更忙
新增 [新聞] 挺徐巧芯？柯文哲罵「大家雙標」 自爆松
新增 [新聞] 交通違規檢舉新制滿月 警怨更忙
新增 [新聞] 交通違規檢舉新制滿月 警怨更忙
DB連接成功...
https://www.ptt.cc/bbs/HatePolitics/M.1654035210.A.542.html 文章新增成功
DB連接成功...
https://www.ptt.cc/bbs/Gossiping/M.1654040788.A.863.html 文章新增成功
作業完畢...兩小時後再次執行
2022-06-01 10:10:43
新增 Re: [新聞] 交通違規檢舉新制滿月 警怨更忙
新增 Re: [問卦] YT熱議！車禍事主一下車40萬網友驚呆了
新增 Re: [新聞] 交通違規檢舉新制滿月 警怨更忙
新增 [新聞] 女大生上網約炮失敗嗆對方 反遭傳血腥照
新增 Re: [新聞] 女大生上網約炮失敗嗆對方 反遭傳血腥照
新增 [討論] 徐巧芯違停事件 背後主謀是柯文哲嗎??
新增 [新聞] 警方為何掩護天虹科技副總？ 驚爆法律顧
新增 [新聞] 恐怖！公園兒童遊具竟綁西瓜刀　血跡斑
新增 [新聞] 發大財？高雄婦異想天開影印美鈔到銀行
新增 [新聞] 警方為何掩護天虹科技副總？ 驚爆法律顧
新增 [新聞] 獨家｜快篩陽居隔4天趴趴走挨撞　台南七旬阿伯慘了！受傷又傷荷包
新增 Re: [新聞] 交通違規檢舉新制滿月 警怨更忙
新增 [新聞] 發大財？高雄婦異想天開影印美鈔到銀行
DB連接成功...
https://www.ptt.cc/bbs/Gossiping/M.1654048455.A.B70.html 文章新增成功
DB連接成功...
https://www.ptt.cc/bbs/Gossiping/M.1654043835.A.D9B.html 文章新增成功
DB連接成功...
https://www.ptt.cc/bbs/Gossiping/M.1654047532.A.2CD.html 文章新增成功
DB連接成功...
https://www.ptt.cc/bbs/Gossiping/M.1654046706.A.EB2.html 文章新增成功
DB連接成功...
https://www.ptt.cc/bbs/Gossiping/M.1654043631.A.234.html 文章新增成功
DB連接成功...
https://www.ptt.cc/bbs/Gossiping/M.1654045088.A.005.html 文章新增成功
DB連接成功...
https://www.ptt.cc/bbs/Gossiping/M.1654043971.A.DE3.html 文章新增成功
DB連接成功...
https://www.ptt.cc/bbs/Gossiping/M.1654046625.A.C5A.html 文章新增成功
DB連接成功...
https://www.ptt.cc/bbs/Gossiping/M.1654047406.A.5C8.html 文章新增成功
DB連接成功...
https://www.ptt.cc/bbs/HatePolitics/M.1654048430.A.00D.html 文章新增成功
DB連接成功...
https://www.ptt.cc/bbs/Gossiping/M.1654045286.A.E44.html 文章新增成功
作業完畢...兩小時後再次執行
2022-06-01 12:10:48
新增 [問卦] 被警察開單 可以催促警察
新增 [問卦] 黑道關公和警察關公哪個比較猛
新增 Re: [新聞] 交通違規檢舉新制滿月 警怨更忙
新增 [問卦] 違停根本是無解的吧
新增 Re: [新聞] 交通違規檢舉新制滿月 警怨更忙
新增 [新聞] 「跟蹤騷擾防制法」今上路！去年每小時1
新增 [新聞] 交通違規檢舉新制滿月 警怨更忙
新增 Re: [新聞] 警方為何掩護天虹科技副總？ 驚爆法律顧
新增 [新聞] 交通違規檢舉新制滿月 警怨更忙
新增 Re: [新聞] 警方為何掩護天虹科技副總？ 驚爆法律顧
新增 [新聞] 交通違規檢舉新制滿月 警怨更忙
新增 [情報] 佐藤日向Twitter
新增 [新聞] 交通違規檢舉新制滿月 警怨更忙
DB連接成功...
https://www.ptt.cc/bbs/Gossiping/M.1654053889.A.2A9.html 文章新增成功
DB連接成功...
https://www.ptt.cc/bbs/Gossiping/M.1654052314.A.7FB.html 文章新增成功
DB連接成功...
https://www.ptt.cc/bbs/Gossiping/M.1654051981.A.129.html 文章新增成功
DB連接成功...
https://www.ptt.cc/bbs/Gossiping/M.1654054611.A.C3F.html 文章新增成功
DB連接成功...
https://www.ptt.cc/bbs/Gossiping/M.1654049620.A.F31.html 文章新增成功
DB連接成功...
https://www.ptt.cc/bbs/Gossiping/M.1654050937.A.A52.html 文章新增成功
DB連接成功...
https://www.ptt.cc/bbs/Gossiping/M.1654050245.A.9F7.html 文章新增成功
DB連接成功...
https://www.ptt.cc/bbs/Gossiping/M.1654051210.A.146.html 文章新增成功
DB連接成功...
https://www.ptt.cc/bbs/C_Chat/M.1654050782.A.E2E.html 文章新增成功
作業完畢...兩小時後再次執行
