****************add_article.pyday2022_05_24*****************
執行中
2022-05-24 17:00:42
****************add_article.pyday2022_05_24*****************
執行中
2022-05-24 17:16:14
新增 Re: [討論] 如果是王浩宇違停
新增 Re: [討論] 如果是王浩宇違停
新增 [新聞] 愛不到就撞！　跟9年男友提分手女士官遭
新增 Re: [討論] 如果是王浩宇違停
新增 Re: [討論] 如果是王浩宇違停
DB連接成功...
https://www.ptt.cc/bbs/HatePolitics/M.1653376907.A.D66.html 文章新增失敗
DB連接成功...
https://www.ptt.cc/bbs/Gossiping/M.1653378463.A.D9C.html 文章新增失敗
作業完畢...兩小時後再次執行
2022-05-24 19:16:15
新增 [爆卦] 新疆極秘文件被BBC明鏡等英美德日媒流出
新增 [討論] 你各位理想的政治體制是什麼
DB連接成功...
https://www.ptt.cc/bbs/Gossiping/M.1653384915.A.DFF.html 文章新增成功
DB連接成功...
https://www.ptt.cc/bbs/HatePolitics/M.1653385786.A.878.html 文章新增成功
作業完畢...兩小時後再次執行
****************add_article.pyday2022_05_24*****************
執行中
2022-05-24 20:59:54
