*******************track.pyday2022_05_24********************
2022-05-24 17:16:17
執行中
DB連接成功
--------------------------------------------------
ERROR   https://www.ptt.cc/bbs/Gossiping/M.1653232295.A.EBF.html
--------------------------------------------------
推噓數更新完畢...分析文章熱門程度
取消追蹤 https://www.ptt.cc/bbs/Gossiping/M.1653371367.A.F4B.html
文章無人回應 刪除
不熱門了
分析完成
--------------------------------------------------
推噓數更新完畢...分析文章熱門程度
取消追蹤 https://www.ptt.cc/bbs/Gossiping/M.1653368328.A.BAB.html
文章無人回應 刪除
不熱門了
分析完成
--------------------------------------------------
推噓數更新完畢...分析文章熱門程度
取消追蹤 https://www.ptt.cc/bbs/Gossiping/M.1653367170.A.BB8.html
文章無人回應 刪除
不熱門了
分析完成
--------------------------------------------------
推噓數更新完畢...分析文章熱門程度
分析完成
--------------------------------------------------
推噓數更新完畢...分析文章熱門程度
取消追蹤 https://www.ptt.cc/bbs/HatePolitics/M.1653371007.A.A2E.html
文章無人回應 刪除
不熱門了
分析完成
--------------------------------------------------
推噓數更新完畢...分析文章熱門程度
分析完成
--------------------------------------------------
推噓數更新完畢...分析文章熱門程度
分析完成
--------------------------------------------------
推噓數更新完畢...分析文章熱門程度
分析完成
--------------------------------------------------
推噓數更新完畢...分析文章熱門程度
取消追蹤 https://www.ptt.cc/bbs/HatePolitics/M.1653371477.A.C28.html
文章無人回應 刪除
不熱門了
分析完成
--------------------------------------------------
推噓數更新完畢...分析文章熱門程度
取消追蹤 https://www.ptt.cc/bbs/Gossiping/M.1653368858.A.C29.html
文章無人回應 刪除
不熱門了
分析完成
--------------------------------------------------
推噓數更新完畢...分析文章熱門程度
取消追蹤 https://www.ptt.cc/bbs/Gossiping/M.1653365949.A.77E.html
文章無人回應 刪除
不熱門了
分析完成
--------------------------------------------------
推噓數更新完畢...分析文章熱門程度
分析完成
--------------------------------------------------
推噓數更新完畢...分析文章熱門程度
資料量:  1
ERROR   https://www.ptt.cc/bbs/HatePolitics/M.1653373921.A.ED1.html
--------------------------------------------------
推噓數更新完畢...分析文章熱門程度
資料量:  1
ERROR   https://www.ptt.cc/bbs/HatePolitics/M.1653376907.A.D66.html
--------------------------------------------------
推噓數更新完畢...分析文章熱門程度
資料量:  1
ERROR   https://www.ptt.cc/bbs/HatePolitics/M.1653372779.A.EA3.html
--------------------------------------------------
推噓數更新完畢...分析文章熱門程度
資料量:  1
ERROR   https://www.ptt.cc/bbs/Gossiping/M.1653378463.A.D9C.html
--------------------------------------------------
推噓數更新完畢...分析文章熱門程度
資料量:  1
ERROR   https://www.ptt.cc/bbs/Gossiping/M.1653376233.A.B7C.html
--------------------------------------------------
推噓數更新完畢...分析文章熱門程度
資料量:  1
ERROR   https://www.ptt.cc/bbs/HatePolitics/M.1653374452.A.97A.html
--------------------------------------------------
推噓數更新完畢...分析文章熱門程度
資料量:  1
ERROR   https://www.ptt.cc/bbs/Gossiping/M.1653372926.A.6D4.html
--------------------------------------------------
推噓數更新完畢...分析文章熱門程度
資料量:  1
ERROR   https://www.ptt.cc/bbs/Gossiping/M.1653374735.A.974.html
--------------------------------------------------
推噓數更新完畢...分析文章熱門程度
取消追蹤 https://www.ptt.cc/bbs/Gossiping/M.1653373406.A.F41.html
文章無人回應 刪除
不熱門了
分析完成
--------------------------------------------------
推噓數更新完畢...分析文章熱門程度
取消追蹤 https://www.ptt.cc/bbs/Gossiping/M.1653372894.A.621.html
文章無人回應 刪除
不熱門了
分析完成
--------------------------------------------------
推播列表 [{'文章標題': '[閒聊] 當年魔改秋本麗子人設有被炎上嗎？', '文章網址': 'https://www.ptt.cc/bbs/C_Chat/M.1653370463.A.027.html', 'state': '熱烈討論'}, {'文章標題': '[新聞] 獨家》違停案外案！徐巧芯口罩拉到下巴', '文章網址': 'https://www.ptt.cc/bbs/HatePolitics/M.1653369506.A.A2D.html', 'state': '熱烈討論'}, {'文章標題': 'Re: [新聞] 快訊／徐巧芯口罩拉到下巴「詢問」違停 ', '文章網址': 'https://www.ptt.cc/bbs/Gossiping/M.1653371871.A.2E5.html', 'state': '熱烈討論'}, {'文章標題': '[新聞] 獨家》違停案外案！徐巧芯口罩拉到下巴', '文章網址': 'https://www.ptt.cc/bbs/Gossiping/M.1653370764.A.B76.html', 'state': '熱烈討論'}, {'文章標題': 'Re: [新聞] 獨家》違停案外案！徐巧芯口罩拉到下巴', '文章網址': 'https://www.ptt.cc/bbs/HatePolitics/M.1653370248.A.4B6.html', 'state': '熱烈討論'}]
{'文章標題': '[閒聊] 當年魔改秋本麗子人設有被炎上嗎？', '文章網址': 'https://www.ptt.cc/bbs/C_Chat/M.1653370463.A.027.html', 'state': '熱烈討論'}
200
{'文章標題': '[新聞] 獨家》違停案外案！徐巧芯口罩拉到下巴', '文章網址': 'https://www.ptt.cc/bbs/HatePolitics/M.1653369506.A.A2D.html', 'state': '熱烈討論'}
200
{'文章標題': 'Re: [新聞] 快訊／徐巧芯口罩拉到下巴「詢問」違停 ', '文章網址': 'https://www.ptt.cc/bbs/Gossiping/M.1653371871.A.2E5.html', 'state': '熱烈討論'}
200
{'文章標題': '[新聞] 獨家》違停案外案！徐巧芯口罩拉到下巴', '文章網址': 'https://www.ptt.cc/bbs/Gossiping/M.1653370764.A.B76.html', 'state': '熱烈討論'}
200
{'文章標題': 'Re: [新聞] 獨家》違停案外案！徐巧芯口罩拉到下巴', '文章網址': 'https://www.ptt.cc/bbs/HatePolitics/M.1653370248.A.4B6.html', 'state': '熱烈討論'}
200
{'文章標題': '[閒聊] 當年魔改秋本麗子人設有被炎上嗎？', '文章網址': 'https://www.ptt.cc/bbs/C_Chat/M.1653370463.A.027.html', 'state': '熱烈討論'}
200
{'文章標題': '[新聞] 獨家》違停案外案！徐巧芯口罩拉到下巴', '文章網址': 'https://www.ptt.cc/bbs/HatePolitics/M.1653369506.A.A2D.html', 'state': '熱烈討論'}
200
{'文章標題': 'Re: [新聞] 快訊／徐巧芯口罩拉到下巴「詢問」違停 ', '文章網址': 'https://www.ptt.cc/bbs/Gossiping/M.1653371871.A.2E5.html', 'state': '熱烈討論'}
200
{'文章標題': '[新聞] 獨家》違停案外案！徐巧芯口罩拉到下巴', '文章網址': 'https://www.ptt.cc/bbs/Gossiping/M.1653370764.A.B76.html', 'state': '熱烈討論'}
200
{'文章標題': 'Re: [新聞] 獨家》違停案外案！徐巧芯口罩拉到下巴', '文章網址': 'https://www.ptt.cc/bbs/HatePolitics/M.1653370248.A.4B6.html', 'state': '熱烈討論'}
200
作業完畢...兩小時後再次執行
DB連接成功
--------------------------------------------------
ERROR   https://www.ptt.cc/bbs/Gossiping/M.1653232295.A.EBF.html
--------------------------------------------------
推噓數更新完畢...分析文章熱門程度
取消追蹤 https://www.ptt.cc/bbs/C_Chat/M.1653370463.A.027.html
文章無人回應 刪除
不熱門了
分析完成
--------------------------------------------------
推噓數更新完畢...分析文章熱門程度
取消追蹤 https://www.ptt.cc/bbs/HatePolitics/M.1653369506.A.A2D.html
文章無人回應 刪除
不熱門了
分析完成
--------------------------------------------------
推噓數更新完畢...分析文章熱門程度
取消追蹤 https://www.ptt.cc/bbs/Gossiping/M.1653371871.A.2E5.html
文章無人回應 刪除
不熱門了
分析完成
--------------------------------------------------
推噓數更新完畢...分析文章熱門程度
取消追蹤 https://www.ptt.cc/bbs/Gossiping/M.1653370764.A.B76.html
文章無人回應 刪除
不熱門了
分析完成
--------------------------------------------------
推噓數更新完畢...分析文章熱門程度
取消追蹤 https://www.ptt.cc/bbs/HatePolitics/M.1653370248.A.4B6.html
文章無人回應 刪除
不熱門了
分析完成
--------------------------------------------------
推噓數更新完畢...分析文章熱門程度
取消追蹤 https://www.ptt.cc/bbs/HatePolitics/M.1653373921.A.ED1.html
文章無人回應 刪除
不熱門了
分析完成
--------------------------------------------------
推噓數更新完畢...分析文章熱門程度
取消追蹤 https://www.ptt.cc/bbs/HatePolitics/M.1653376907.A.D66.html
文章無人回應 刪除
不熱門了
分析完成
--------------------------------------------------
推噓數更新完畢...分析文章熱門程度
取消追蹤 https://www.ptt.cc/bbs/HatePolitics/M.1653372779.A.EA3.html
文章無人回應 刪除
不熱門了
分析完成
--------------------------------------------------
推噓數更新完畢...分析文章熱門程度
分析完成
--------------------------------------------------
推噓數更新完畢...分析文章熱門程度
取消追蹤 https://www.ptt.cc/bbs/Gossiping/M.1653376233.A.B7C.html
文章無人回應 刪除
不熱門了
分析完成
--------------------------------------------------
推噓數更新完畢...分析文章熱門程度
取消追蹤 https://www.ptt.cc/bbs/HatePolitics/M.1653374452.A.97A.html
文章無人回應 刪除
不熱門了
分析完成
--------------------------------------------------
推噓數更新完畢...分析文章熱門程度
取消追蹤 https://www.ptt.cc/bbs/Gossiping/M.1653372926.A.6D4.html
文章無人回應 刪除
不熱門了
分析完成
--------------------------------------------------
推噓數更新完畢...分析文章熱門程度
取消追蹤 https://www.ptt.cc/bbs/Gossiping/M.1653374735.A.974.html
文章無人回應 刪除
不熱門了
分析完成
--------------------------------------------------
推噓數更新完畢...分析文章熱門程度
資料量:  1
ERROR   https://www.ptt.cc/bbs/Gossiping/M.1653384915.A.DFF.html
--------------------------------------------------
推噓數更新完畢...分析文章熱門程度
資料量:  1
ERROR   https://www.ptt.cc/bbs/HatePolitics/M.1653385786.A.878.html
--------------------------------------------------
推播列表 [{'文章標題': '[新聞] 愛不到就撞！\u3000跟9年男友提分手女士官遭', '文章網址': 'https://www.ptt.cc/bbs/Gossiping/M.1653378463.A.D9C.html', 'state': '熱烈討論'}]
{'文章標題': '[新聞] 愛不到就撞！\u3000跟9年男友提分手女士官遭', '文章網址': 'https://www.ptt.cc/bbs/Gossiping/M.1653378463.A.D9C.html', 'state': '熱烈討論'}
200
{'文章標題': '[新聞] 愛不到就撞！\u3000跟9年男友提分手女士官遭', '文章網址': 'https://www.ptt.cc/bbs/Gossiping/M.1653378463.A.D9C.html', 'state': '熱烈討論'}
200
作業完畢...兩小時後再次執行
