*******************track.pyday2022_05_21********************
2022-05-21 20:05:31
執行中
DB連接成功
--------------------------------------------------
推噓數更新完畢...分析文章熱門程度
分析完成
--------------------------------------------------
推噓數更新完畢...分析文章熱門程度
分析完成
--------------------------------------------------
推噓數更新完畢...分析文章熱門程度
分析完成
--------------------------------------------------
推噓數更新完畢...分析文章熱門程度
分析完成
--------------------------------------------------
推噓數更新完畢...分析文章熱門程度
分析完成
--------------------------------------------------
推噓數更新完畢...分析文章熱門程度
分析完成
--------------------------------------------------
推噓數更新完畢...分析文章熱門程度
分析完成
--------------------------------------------------
推噓數更新完畢...分析文章熱門程度
分析完成
--------------------------------------------------
推噓數更新完畢...分析文章熱門程度
分析完成
--------------------------------------------------
推噓數更新完畢...分析文章熱門程度
分析完成
--------------------------------------------------
推噓數更新完畢...分析文章熱門程度
分析完成
--------------------------------------------------
推噓數更新完畢...分析文章熱門程度
分析完成
--------------------------------------------------
推噓數更新完畢...分析文章熱門程度
分析完成
--------------------------------------------------
推噓數更新完畢...分析文章熱門程度
分析完成
--------------------------------------------------
推噓數更新完畢...分析文章熱門程度
分析完成
--------------------------------------------------
推噓數更新完畢...分析文章熱門程度
分析完成
--------------------------------------------------
推噓數更新完畢...分析文章熱門程度
分析完成
--------------------------------------------------
推噓數更新完畢...分析文章熱門程度
分析完成
--------------------------------------------------
推噓數更新完畢...分析文章熱門程度
分析完成
--------------------------------------------------
推噓數更新完畢...分析文章熱門程度
分析完成
--------------------------------------------------
推噓數更新完畢...分析文章熱門程度
分析完成
--------------------------------------------------
推噓數更新完畢...分析文章熱門程度
分析完成
--------------------------------------------------
推噓數更新完畢...分析文章熱門程度
分析完成
--------------------------------------------------
推噓數更新完畢...分析文章熱門程度
分析完成
--------------------------------------------------
ERROR   https://www.ptt.cc/bbs/HatePolitics/M.1652960840.A.5F5.html
*******************track.pyday2022_05_21********************
2022-05-21 20:06:40
執行中
DB連接成功
--------------------------------------------------
推噓數更新完畢...分析文章熱門程度
分析完成
--------------------------------------------------
推噓數更新完畢...分析文章熱門程度
分析完成
--------------------------------------------------
推噓數更新完畢...分析文章熱門程度
分析完成
--------------------------------------------------
推噓數更新完畢...分析文章熱門程度
分析完成
--------------------------------------------------
推噓數更新完畢...分析文章熱門程度
分析完成
--------------------------------------------------
推噓數更新完畢...分析文章熱門程度
分析完成
--------------------------------------------------
推噓數更新完畢...分析文章熱門程度
分析完成
--------------------------------------------------
推噓數更新完畢...分析文章熱門程度
分析完成
--------------------------------------------------
推噓數更新完畢...分析文章熱門程度
分析完成
--------------------------------------------------
推噓數更新完畢...分析文章熱門程度
分析完成
--------------------------------------------------
推噓數更新完畢...分析文章熱門程度
分析完成
--------------------------------------------------
推噓數更新完畢...分析文章熱門程度
分析完成
--------------------------------------------------
推噓數更新完畢...分析文章熱門程度
分析完成
--------------------------------------------------
推噓數更新完畢...分析文章熱門程度
分析完成
--------------------------------------------------
推噓數更新完畢...分析文章熱門程度
分析完成
--------------------------------------------------
推噓數更新完畢...分析文章熱門程度
分析完成
--------------------------------------------------
推噓數更新完畢...分析文章熱門程度
分析完成
--------------------------------------------------
推噓數更新完畢...分析文章熱門程度
分析完成
--------------------------------------------------
推噓數更新完畢...分析文章熱門程度
分析完成
--------------------------------------------------
推噓數更新完畢...分析文章熱門程度
分析完成
--------------------------------------------------
推噓數更新完畢...分析文章熱門程度
分析完成
--------------------------------------------------
推噓數更新完畢...分析文章熱門程度
分析完成
--------------------------------------------------
推噓數更新完畢...分析文章熱門程度
分析完成
--------------------------------------------------
推噓數更新完畢...分析文章熱門程度
分析完成
--------------------------------------------------
ERROR   https://www.ptt.cc/bbs/HatePolitics/M.1652960840.A.5F5.html
取消追蹤 https://www.ptt.cc/bbs/HatePolitics/M.1652960840.A.5F5.html
刪除紀錄 https://www.ptt.cc/bbs/HatePolitics/M.1652960840.A.5F5.html
--------------------------------------------------
推噓數更新完畢...分析文章熱門程度
分析完成
--------------------------------------------------
推噓數更新完畢...分析文章熱門程度
分析完成
--------------------------------------------------
推噓數更新完畢...分析文章熱門程度
分析完成
--------------------------------------------------
推噓數更新完畢...分析文章熱門程度
分析完成
--------------------------------------------------
推噓數更新完畢...分析文章熱門程度
分析完成
--------------------------------------------------
推噓數更新完畢...分析文章熱門程度
分析完成
--------------------------------------------------
推噓數更新完畢...分析文章熱門程度
分析完成
--------------------------------------------------
推噓數更新完畢...分析文章熱門程度
分析完成
--------------------------------------------------
推噓數更新完畢...分析文章熱門程度
分析完成
--------------------------------------------------
推噓數更新完畢...分析文章熱門程度
分析完成
--------------------------------------------------
推噓數更新完畢...分析文章熱門程度
分析完成
--------------------------------------------------
ERROR   https://www.ptt.cc/bbs/Gossiping/M.1652968049.A.3E8.html
取消追蹤 https://www.ptt.cc/bbs/Gossiping/M.1652968049.A.3E8.html
刪除紀錄 https://www.ptt.cc/bbs/Gossiping/M.1652968049.A.3E8.html
--------------------------------------------------
推噓數更新完畢...分析文章熱門程度
分析完成
--------------------------------------------------
推噓數更新完畢...分析文章熱門程度
分析完成
--------------------------------------------------
推噓數更新完畢...分析文章熱門程度
分析完成
--------------------------------------------------
推噓數更新完畢...分析文章熱門程度
分析完成
--------------------------------------------------
推噓數更新完畢...分析文章熱門程度
分析完成
--------------------------------------------------
推噓數更新完畢...分析文章熱門程度
分析完成
--------------------------------------------------
推噓數更新完畢...分析文章熱門程度
分析完成
--------------------------------------------------
推噓數更新完畢...分析文章熱門程度
分析完成
--------------------------------------------------
推噓數更新完畢...分析文章熱門程度
分析完成
--------------------------------------------------
推噓數更新完畢...分析文章熱門程度
分析完成
--------------------------------------------------
推噓數更新完畢...分析文章熱門程度
分析完成
--------------------------------------------------
推噓數更新完畢...分析文章熱門程度
分析完成
--------------------------------------------------
推噓數更新完畢...分析文章熱門程度
分析完成
--------------------------------------------------
推噓數更新完畢...分析文章熱門程度
分析完成
--------------------------------------------------
推噓數更新完畢...分析文章熱門程度
分析完成
--------------------------------------------------
推噓數更新完畢...分析文章熱門程度
分析完成
--------------------------------------------------
推噓數更新完畢...分析文章熱門程度
分析完成
--------------------------------------------------
推噓數更新完畢...分析文章熱門程度
分析完成
--------------------------------------------------
推噓數更新完畢...分析文章熱門程度
分析完成
--------------------------------------------------
推噓數更新完畢...分析文章熱門程度
分析完成
--------------------------------------------------
推噓數更新完畢...分析文章熱門程度
分析完成
--------------------------------------------------
推噓數更新完畢...分析文章熱門程度
分析完成
--------------------------------------------------
推噓數更新完畢...分析文章熱門程度
分析完成
--------------------------------------------------
推噓數更新完畢...分析文章熱門程度
分析完成
--------------------------------------------------
推噓數更新完畢...分析文章熱門程度
分析完成
--------------------------------------------------
推噓數更新完畢...分析文章熱門程度
分析完成
--------------------------------------------------
推噓數更新完畢...分析文章熱門程度
分析完成
--------------------------------------------------
推噓數更新完畢...分析文章熱門程度
分析完成
--------------------------------------------------
推噓數更新完畢...分析文章熱門程度
分析完成
--------------------------------------------------
推噓數更新完畢...分析文章熱門程度
分析完成
--------------------------------------------------
推噓數更新完畢...分析文章熱門程度
分析完成
--------------------------------------------------
推噓數更新完畢...分析文章熱門程度
分析完成
--------------------------------------------------
推噓數更新完畢...分析文章熱門程度
分析完成
--------------------------------------------------
推噓數更新完畢...分析文章熱門程度
分析完成
--------------------------------------------------
推噓數更新完畢...分析文章熱門程度
分析完成
--------------------------------------------------
推噓數更新完畢...分析文章熱門程度
分析完成
--------------------------------------------------
推噓數更新完畢...分析文章熱門程度
分析完成
--------------------------------------------------
推噓數更新完畢...分析文章熱門程度
分析完成
--------------------------------------------------
推噓數更新完畢...分析文章熱門程度
分析完成
--------------------------------------------------
推噓數更新完畢...分析文章熱門程度
分析完成
--------------------------------------------------
推噓數更新完畢...分析文章熱門程度
分析完成
--------------------------------------------------
推噓數更新完畢...分析文章熱門程度
分析完成
--------------------------------------------------
推噓數更新完畢...分析文章熱門程度
分析完成
--------------------------------------------------
推噓數更新完畢...分析文章熱門程度
分析完成
--------------------------------------------------
推噓數更新完畢...分析文章熱門程度
分析完成
--------------------------------------------------
推噓數更新完畢...分析文章熱門程度
分析完成
--------------------------------------------------
推噓數更新完畢...分析文章熱門程度
分析完成
--------------------------------------------------
推噓數更新完畢...分析文章熱門程度
分析完成
--------------------------------------------------
推噓數更新完畢...分析文章熱門程度
分析完成
--------------------------------------------------
推噓數更新完畢...分析文章熱門程度
分析完成
--------------------------------------------------
推噓數更新完畢...分析文章熱門程度
分析完成
--------------------------------------------------
推噓數更新完畢...分析文章熱門程度
分析完成
--------------------------------------------------
推噓數更新完畢...分析文章熱門程度
分析完成
--------------------------------------------------
推噓數更新完畢...分析文章熱門程度
分析完成
--------------------------------------------------
推噓數更新完畢...分析文章熱門程度
分析完成
--------------------------------------------------
推噓數更新完畢...分析文章熱門程度
分析完成
--------------------------------------------------
推噓數更新完畢...分析文章熱門程度
分析完成
--------------------------------------------------
推噓數更新完畢...分析文章熱門程度
分析完成
--------------------------------------------------
ERROR   https://www.ptt.cc/bbs/HatePolitics/M.1653060858.A.A61.html
取消追蹤 https://www.ptt.cc/bbs/HatePolitics/M.1653060858.A.A61.html
刪除紀錄 https://www.ptt.cc/bbs/HatePolitics/M.1653060858.A.A61.html
--------------------------------------------------
推噓數更新完畢...分析文章熱門程度
分析完成
--------------------------------------------------
推噓數更新完畢...分析文章熱門程度
分析完成
--------------------------------------------------
推噓數更新完畢...分析文章熱門程度
分析完成
--------------------------------------------------
推噓數更新完畢...分析文章熱門程度
分析完成
--------------------------------------------------
推噓數更新完畢...分析文章熱門程度
分析完成
--------------------------------------------------
推噓數更新完畢...分析文章熱門程度
分析完成
--------------------------------------------------
推噓數更新完畢...分析文章熱門程度
分析完成
--------------------------------------------------
推噓數更新完畢...分析文章熱門程度
分析完成
--------------------------------------------------
推噓數更新完畢...分析文章熱門程度
分析完成
--------------------------------------------------
推噓數更新完畢...分析文章熱門程度
分析完成
--------------------------------------------------
推噓數更新完畢...分析文章熱門程度
分析完成
--------------------------------------------------
推噓數更新完畢...分析文章熱門程度
分析完成
--------------------------------------------------
推噓數更新完畢...分析文章熱門程度
分析完成
--------------------------------------------------
推噓數更新完畢...分析文章熱門程度
分析完成
--------------------------------------------------
推噓數更新完畢...分析文章熱門程度
分析完成
--------------------------------------------------
推噓數更新完畢...分析文章熱門程度
分析完成
--------------------------------------------------
推噓數更新完畢...分析文章熱門程度
分析完成
--------------------------------------------------
推噓數更新完畢...分析文章熱門程度
分析完成
--------------------------------------------------
推噓數更新完畢...分析文章熱門程度
分析完成
--------------------------------------------------
推噓數更新完畢...分析文章熱門程度
分析完成
--------------------------------------------------
推噓數更新完畢...分析文章熱門程度
分析完成
--------------------------------------------------
推噓數更新完畢...分析文章熱門程度
分析完成
--------------------------------------------------
推噓數更新完畢...分析文章熱門程度
分析完成
--------------------------------------------------
推噓數更新完畢...分析文章熱門程度
分析完成
--------------------------------------------------
推噓數更新完畢...分析文章熱門程度
分析完成
--------------------------------------------------
推噓數更新完畢...分析文章熱門程度
分析完成
--------------------------------------------------
推噓數更新完畢...分析文章熱門程度
分析完成
--------------------------------------------------
推噓數更新完畢...分析文章熱門程度
分析完成
--------------------------------------------------
推噓數更新完畢...分析文章熱門程度
分析完成
--------------------------------------------------
推噓數更新完畢...分析文章熱門程度
分析完成
--------------------------------------------------
推噓數更新完畢...分析文章熱門程度
分析完成
--------------------------------------------------
推噓數更新完畢...分析文章熱門程度
分析完成
--------------------------------------------------
推噓數更新完畢...分析文章熱門程度
分析完成
--------------------------------------------------
推噓數更新完畢...分析文章熱門程度
分析完成
--------------------------------------------------
推噓數更新完畢...分析文章熱門程度
分析完成
--------------------------------------------------
推噓數更新完畢...分析文章熱門程度
分析完成
--------------------------------------------------
推噓數更新完畢...分析文章熱門程度
分析完成
--------------------------------------------------
推噓數更新完畢...分析文章熱門程度
分析完成
--------------------------------------------------
推噓數更新完畢...分析文章熱門程度
分析完成
--------------------------------------------------
推噓數更新完畢...分析文章熱門程度
分析完成
--------------------------------------------------
推噓數更新完畢...分析文章熱門程度
分析完成
--------------------------------------------------
推噓數更新完畢...分析文章熱門程度
分析完成
--------------------------------------------------
推噓數更新完畢...分析文章熱門程度
分析完成
--------------------------------------------------
推噓數更新完畢...分析文章熱門程度
分析完成
--------------------------------------------------
推噓數更新完畢...分析文章熱門程度
分析完成
--------------------------------------------------
推噓數更新完畢...分析文章熱門程度
分析完成
--------------------------------------------------
推噓數更新完畢...分析文章熱門程度
分析完成
--------------------------------------------------
推噓數更新完畢...分析文章熱門程度
分析完成
--------------------------------------------------
推噓數更新完畢...分析文章熱門程度
分析完成
--------------------------------------------------
推噓數更新完畢...分析文章熱門程度
分析完成
--------------------------------------------------
推噓數更新完畢...分析文章熱門程度
分析完成
--------------------------------------------------
推噓數更新完畢...分析文章熱門程度
分析完成
--------------------------------------------------
推噓數更新完畢...分析文章熱門程度
分析完成
--------------------------------------------------
推噓數更新完畢...分析文章熱門程度
分析完成
--------------------------------------------------
推噓數更新完畢...分析文章熱門程度
分析完成
--------------------------------------------------
推噓數更新完畢...分析文章熱門程度
分析完成
--------------------------------------------------
推噓數更新完畢...分析文章熱門程度
分析完成
--------------------------------------------------
推噓數更新完畢...分析文章熱門程度
分析完成
--------------------------------------------------
推噓數更新完畢...分析文章熱門程度
分析完成
--------------------------------------------------
推噓數更新完畢...分析文章熱門程度
分析完成
--------------------------------------------------
推播列表 [{'文章標題': 'Re: [新聞] 徐巧芯爆違停施壓喊冤！趙怡翔：觸法該', '文章網址': 'https://www.ptt.cc/bbs/Gossiping/M.1653090900.A.4ED.html', 'status': '熱烈討論'}, {'文章標題': '[新聞] 獨／「台灣淫賊」至少性侵9女\u3000孤狼式犯', '文章網址': 'https://www.ptt.cc/bbs/Gossiping/M.1653124703.A.E2A.html', 'status': '熱烈討論'}]
作業完畢...兩小時後再次執行
*******************track.pyday2022_05_21********************
2022-05-21 20:15:24
執行中
DB連接成功
--------------------------------------------------
推噓數更新完畢...分析文章熱門程度
取消追蹤 https://www.ptt.cc/bbs/HatePolitics/M.1652952447.A.D19.html
刪除紀錄 https://www.ptt.cc/bbs/HatePolitics/M.1652952447.A.D19.html
文章無人回應 刪除
ERROR   https://www.ptt.cc/bbs/HatePolitics/M.1652952447.A.D19.html
取消追蹤 https://www.ptt.cc/bbs/HatePolitics/M.1652952447.A.D19.html
刪除紀錄 https://www.ptt.cc/bbs/HatePolitics/M.1652952447.A.D19.html
--------------------------------------------------
ERROR   https://www.ptt.cc/bbs/HatePolitics/M.1652951611.A.E92.html
*******************track.pyday2022_05_21********************
2022-05-21 20:19:18
執行中
DB連接成功
--------------------------------------------------
ERROR   https://www.ptt.cc/bbs/HatePolitics/M.1652951611.A.E92.html
*******************track.pyday2022_05_21********************
2022-05-21 20:23:18
執行中
DB連接成功
--------------------------------------------------
推噓數更新完畢...分析文章熱門程度
文章無人回應 刪除
ERROR   https://www.ptt.cc/bbs/HatePolitics/M.1653133040.A.49E.html
取消追蹤 https://www.ptt.cc/bbs/HatePolitics/M.1653133040.A.49E.html
--------------------------------------------------
推噓數更新完畢...分析文章熱門程度
文章無人回應 刪除
ERROR   https://www.ptt.cc/bbs/Gossiping/M.1653129430.A.C4C.html
取消追蹤 https://www.ptt.cc/bbs/Gossiping/M.1653129430.A.C4C.html
--------------------------------------------------
推噓數更新完畢...分析文章熱門程度
文章無人回應 刪除
ERROR   https://www.ptt.cc/bbs/HatePolitics/M.1653129487.A.443.html
取消追蹤 https://www.ptt.cc/bbs/HatePolitics/M.1653129487.A.443.html
--------------------------------------------------
推噓數更新完畢...分析文章熱門程度
文章無人回應 刪除
ERROR   https://www.ptt.cc/bbs/Gossiping/M.1653131264.A.7AF.html
取消追蹤 https://www.ptt.cc/bbs/Gossiping/M.1653131264.A.7AF.html
--------------------------------------------------
推噓數更新完畢...分析文章熱門程度
文章無人回應 刪除
ERROR   https://www.ptt.cc/bbs/HatePolitics/M.1653132631.A.492.html
取消追蹤 https://www.ptt.cc/bbs/HatePolitics/M.1653132631.A.492.html
--------------------------------------------------
推噓數更新完畢...分析文章熱門程度
文章無人回應 刪除
ERROR   https://www.ptt.cc/bbs/HatePolitics/M.1653133408.A.C9F.html
取消追蹤 https://www.ptt.cc/bbs/HatePolitics/M.1653133408.A.C9F.html
--------------------------------------------------
推播列表 []
作業完畢...兩小時後再次執行
*******************track.pyday2022_05_21********************
2022-05-21 20:26:09
執行中
DB連接成功
--------------------------------------------------
推噓數更新完畢...分析文章熱門程度
ERROR   https://www.ptt.cc/bbs/HatePolitics/M.1653133408.A.C9F.html
取消追蹤 https://www.ptt.cc/bbs/HatePolitics/M.1653133408.A.C9F.html
--------------------------------------------------
推噓數更新完畢...分析文章熱門程度
ERROR   https://www.ptt.cc/bbs/HatePolitics/M.1653132631.A.492.html
取消追蹤 https://www.ptt.cc/bbs/HatePolitics/M.1653132631.A.492.html
--------------------------------------------------
推噓數更新完畢...分析文章熱門程度
ERROR   https://www.ptt.cc/bbs/HatePolitics/M.1653133040.A.49E.html
取消追蹤 https://www.ptt.cc/bbs/HatePolitics/M.1653133040.A.49E.html
--------------------------------------------------
推噓數更新完畢...分析文章熱門程度
ERROR   https://www.ptt.cc/bbs/HatePolitics/M.1653129487.A.443.html
取消追蹤 https://www.ptt.cc/bbs/HatePolitics/M.1653129487.A.443.html
--------------------------------------------------
推噓數更新完畢...分析文章熱門程度
ERROR   https://www.ptt.cc/bbs/Gossiping/M.1653131264.A.7AF.html
取消追蹤 https://www.ptt.cc/bbs/Gossiping/M.1653131264.A.7AF.html
--------------------------------------------------
推噓數更新完畢...分析文章熱門程度
ERROR   https://www.ptt.cc/bbs/Gossiping/M.1653129430.A.C4C.html
取消追蹤 https://www.ptt.cc/bbs/Gossiping/M.1653129430.A.C4C.html
--------------------------------------------------
推播列表 []
作業完畢...兩小時後再次執行
*******************track.pyday2022_05_21********************
2022-05-21 20:27:44
執行中
DB連接成功
--------------------------------------------------
推噓數更新完畢...分析文章熱門程度
資料量:  1
ERROR   https://www.ptt.cc/bbs/Gossiping/M.1653131264.A.7AF.html
取消追蹤 https://www.ptt.cc/bbs/Gossiping/M.1653131264.A.7AF.html
--------------------------------------------------
推噓數更新完畢...分析文章熱門程度
資料量:  1
ERROR   https://www.ptt.cc/bbs/HatePolitics/M.1653129487.A.443.html
取消追蹤 https://www.ptt.cc/bbs/HatePolitics/M.1653129487.A.443.html
--------------------------------------------------
推噓數更新完畢...分析文章熱門程度
資料量:  1
ERROR   https://www.ptt.cc/bbs/HatePolitics/M.1653132631.A.492.html
取消追蹤 https://www.ptt.cc/bbs/HatePolitics/M.1653132631.A.492.html
--------------------------------------------------
推噓數更新完畢...分析文章熱門程度
資料量:  1
ERROR   https://www.ptt.cc/bbs/HatePolitics/M.1653133408.A.C9F.html
取消追蹤 https://www.ptt.cc/bbs/HatePolitics/M.1653133408.A.C9F.html
--------------------------------------------------
推噓數更新完畢...分析文章熱門程度
資料量:  1
ERROR   https://www.ptt.cc/bbs/Gossiping/M.1653131842.A.913.html
取消追蹤 https://www.ptt.cc/bbs/Gossiping/M.1653131842.A.913.html
--------------------------------------------------
推噓數更新完畢...分析文章熱門程度
資料量:  1
ERROR   https://www.ptt.cc/bbs/Gossiping/M.1653129430.A.C4C.html
取消追蹤 https://www.ptt.cc/bbs/Gossiping/M.1653129430.A.C4C.html
--------------------------------------------------
推噓數更新完畢...分析文章熱門程度
資料量:  1
ERROR   https://www.ptt.cc/bbs/HatePolitics/M.1653133040.A.49E.html
取消追蹤 https://www.ptt.cc/bbs/HatePolitics/M.1653133040.A.49E.html
--------------------------------------------------
推播列表 []
作業完畢...兩小時後再次執行
*******************track.pyday2022_05_21********************
2022-05-21 20:28:52
執行中
DB連接成功
--------------------------------------------------
推噓數更新完畢...分析文章熱門程度
文章無人回應 刪除
ERROR   https://www.ptt.cc/bbs/HatePolitics/M.1653132631.A.492.html
取消追蹤 https://www.ptt.cc/bbs/HatePolitics/M.1653132631.A.492.html
--------------------------------------------------
推噓數更新完畢...分析文章熱門程度
文章無人回應 刪除
ERROR   https://www.ptt.cc/bbs/HatePolitics/M.1653129487.A.443.html
取消追蹤 https://www.ptt.cc/bbs/HatePolitics/M.1653129487.A.443.html
--------------------------------------------------
推噓數更新完畢...分析文章熱門程度
文章無人回應 刪除
ERROR   https://www.ptt.cc/bbs/HatePolitics/M.1653133040.A.49E.html
取消追蹤 https://www.ptt.cc/bbs/HatePolitics/M.1653133040.A.49E.html
--------------------------------------------------
推噓數更新完畢...分析文章熱門程度
文章無人回應 刪除
ERROR   https://www.ptt.cc/bbs/Gossiping/M.1653131842.A.913.html
取消追蹤 https://www.ptt.cc/bbs/Gossiping/M.1653131842.A.913.html
--------------------------------------------------
推噓數更新完畢...分析文章熱門程度
文章無人回應 刪除
ERROR   https://www.ptt.cc/bbs/Gossiping/M.1653131264.A.7AF.html
取消追蹤 https://www.ptt.cc/bbs/Gossiping/M.1653131264.A.7AF.html
--------------------------------------------------
推噓數更新完畢...分析文章熱門程度
文章無人回應 刪除
ERROR   https://www.ptt.cc/bbs/HatePolitics/M.1653133408.A.C9F.html
取消追蹤 https://www.ptt.cc/bbs/HatePolitics/M.1653133408.A.C9F.html
--------------------------------------------------
推噓數更新完畢...分析文章熱門程度
文章無人回應 刪除
ERROR   https://www.ptt.cc/bbs/Gossiping/M.1653129430.A.C4C.html
取消追蹤 https://www.ptt.cc/bbs/Gossiping/M.1653129430.A.C4C.html
--------------------------------------------------
推播列表 []
作業完畢...兩小時後再次執行
*******************track.pyday2022_05_21********************
2022-05-21 20:29:28
執行中
DB連接成功
--------------------------------------------------
推噓數更新完畢...分析文章熱門程度
文章無人回應 刪除
ERROR   https://www.ptt.cc/bbs/Gossiping/M.1653131842.A.913.html
取消追蹤 https://www.ptt.cc/bbs/Gossiping/M.1653131842.A.913.html
--------------------------------------------------
推噓數更新完畢...分析文章熱門程度
文章無人回應 刪除
ERROR   https://www.ptt.cc/bbs/HatePolitics/M.1653132631.A.492.html
取消追蹤 https://www.ptt.cc/bbs/HatePolitics/M.1653132631.A.492.html
--------------------------------------------------
推噓數更新完畢...分析文章熱門程度
文章無人回應 刪除
ERROR   https://www.ptt.cc/bbs/HatePolitics/M.1653129487.A.443.html
取消追蹤 https://www.ptt.cc/bbs/HatePolitics/M.1653129487.A.443.html
--------------------------------------------------
推噓數更新完畢...分析文章熱門程度
文章無人回應 刪除
ERROR   https://www.ptt.cc/bbs/HatePolitics/M.1653133040.A.49E.html
取消追蹤 https://www.ptt.cc/bbs/HatePolitics/M.1653133040.A.49E.html
--------------------------------------------------
推噓數更新完畢...分析文章熱門程度
文章無人回應 刪除
ERROR   https://www.ptt.cc/bbs/Gossiping/M.1653131264.A.7AF.html
取消追蹤 https://www.ptt.cc/bbs/Gossiping/M.1653131264.A.7AF.html
--------------------------------------------------
推噓數更新完畢...分析文章熱門程度
文章無人回應 刪除
ERROR   https://www.ptt.cc/bbs/HatePolitics/M.1653133408.A.C9F.html
取消追蹤 https://www.ptt.cc/bbs/HatePolitics/M.1653133408.A.C9F.html
--------------------------------------------------
推噓數更新完畢...分析文章熱門程度
文章無人回應 刪除
ERROR   https://www.ptt.cc/bbs/Gossiping/M.1653129430.A.C4C.html
取消追蹤 https://www.ptt.cc/bbs/Gossiping/M.1653129430.A.C4C.html
--------------------------------------------------
推播列表 []
作業完畢...兩小時後再次執行
*******************track.pyday2022_05_21********************
2022-05-21 20:30:41
執行中
DB連接成功
--------------------------------------------------
推噓數更新完畢...分析文章熱門程度
文章無人回應 刪除
1
分析完成
--------------------------------------------------
推噓數更新完畢...分析文章熱門程度
文章無人回應 刪除
1
分析完成
--------------------------------------------------
推噓數更新完畢...分析文章熱門程度
文章無人回應 刪除
1
分析完成
--------------------------------------------------
推噓數更新完畢...分析文章熱門程度
文章無人回應 刪除
1
分析完成
--------------------------------------------------
推噓數更新完畢...分析文章熱門程度
文章無人回應 刪除
1
分析完成
--------------------------------------------------
推噓數更新完畢...分析文章熱門程度
文章無人回應 刪除
1
分析完成
--------------------------------------------------
推噓數更新完畢...分析文章熱門程度
文章無人回應 刪除
1
分析完成
--------------------------------------------------
推播列表 []
作業完畢...兩小時後再次執行
DB連接成功
--------------------------------------------------
推噓數更新完畢...分析文章熱門程度
文章無人回應 刪除
1
分析完成
--------------------------------------------------
推噓數更新完畢...分析文章熱門程度
文章無人回應 刪除
1
分析完成
--------------------------------------------------
推噓數更新完畢...分析文章熱門程度
文章無人回應 刪除
1
分析完成
--------------------------------------------------
推噓數更新完畢...分析文章熱門程度
分析完成
--------------------------------------------------
推噓數更新完畢...分析文章熱門程度
分析完成
--------------------------------------------------
推噓數更新完畢...分析文章熱門程度
文章無人回應 刪除
1
分析完成
--------------------------------------------------
推噓數更新完畢...分析文章熱門程度
文章無人回應 刪除
1
分析完成
--------------------------------------------------
推播列表 [{'文章標題': '[討論] CHEAP在幹譙台北市交通局', '文章網址': 'https://www.ptt.cc/bbs/HatePolitics/M.1653129487.A.443.html', 'status': '熱烈討論'}, {'文章標題': '[新聞] 告知前岳父母「新女婿黑歷史」\u3000北市警挨', '文章網址': 'https://www.ptt.cc/bbs/Gossiping/M.1653131264.A.7AF.html', 'status': '熱烈討論'}]
作業完畢...兩小時後再次執行
DB連接成功
--------------------------------------------------
推噓數更新完畢...分析文章熱門程度
文章無人回應 刪除
1
分析完成
--------------------------------------------------
推噓數更新完畢...分析文章熱門程度
文章無人回應 刪除
1
分析完成
--------------------------------------------------
推噓數更新完畢...分析文章熱門程度
文章無人回應 刪除
1
分析完成
--------------------------------------------------
推噓數更新完畢...分析文章熱門程度
分析完成
--------------------------------------------------
推噓數更新完畢...分析文章熱門程度
分析完成
--------------------------------------------------
推噓數更新完畢...分析文章熱門程度
文章無人回應 刪除
1
分析完成
--------------------------------------------------
推噓數更新完畢...分析文章熱門程度
文章無人回應 刪除
1
分析完成
--------------------------------------------------
推噓數更新完畢...分析文章熱門程度
資料量:  1
ERROR   https://www.ptt.cc/bbs/Gossiping/M.1653138447.A.D89.html
取消追蹤 https://www.ptt.cc/bbs/Gossiping/M.1653138447.A.D89.html
--------------------------------------------------
推噓數更新完畢...分析文章熱門程度
資料量:  1
ERROR   https://www.ptt.cc/bbs/Gossiping/M.1653137581.A.509.html
取消追蹤 https://www.ptt.cc/bbs/Gossiping/M.1653137581.A.509.html
--------------------------------------------------
推噓數更新完畢...分析文章熱門程度
資料量:  1
ERROR   https://www.ptt.cc/bbs/Gossiping/M.1653140225.A.6EF.html
取消追蹤 https://www.ptt.cc/bbs/Gossiping/M.1653140225.A.6EF.html
--------------------------------------------------
推噓數更新完畢...分析文章熱門程度
資料量:  1
ERROR   https://www.ptt.cc/bbs/Gossiping/M.1653138099.A.CF9.html
取消追蹤 https://www.ptt.cc/bbs/Gossiping/M.1653138099.A.CF9.html
--------------------------------------------------
推噓數更新完畢...分析文章熱門程度
資料量:  1
ERROR   https://www.ptt.cc/bbs/Gossiping/M.1653139669.A.779.html
取消追蹤 https://www.ptt.cc/bbs/Gossiping/M.1653139669.A.779.html
--------------------------------------------------
推播列表 [{'文章標題': '[討論] CHEAP在幹譙台北市交通局', '文章網址': 'https://www.ptt.cc/bbs/HatePolitics/M.1653129487.A.443.html', 'status': '熱烈討論'}, {'文章標題': '[新聞] 告知前岳父母「新女婿黑歷史」\u3000北市警挨', '文章網址': 'https://www.ptt.cc/bbs/Gossiping/M.1653131264.A.7AF.html', 'status': '熱烈討論'}]
作業完畢...兩小時後再次執行
DB連接成功
--------------------------------------------------
推噓數更新完畢...分析文章熱門程度
文章無人回應 刪除
1
分析完成
--------------------------------------------------
推噓數更新完畢...分析文章熱門程度
文章無人回應 刪除
1
分析完成
--------------------------------------------------
推噓數更新完畢...分析文章熱門程度
文章無人回應 刪除
1
分析完成
--------------------------------------------------
推噓數更新完畢...分析文章熱門程度
文章無人回應 刪除
1
分析完成
--------------------------------------------------
推噓數更新完畢...分析文章熱門程度
分析完成
--------------------------------------------------
推噓數更新完畢...分析文章熱門程度
文章無人回應 刪除
1
分析完成
--------------------------------------------------
推噓數更新完畢...分析文章熱門程度
文章無人回應 刪除
1
分析完成
--------------------------------------------------
推噓數更新完畢...分析文章熱門程度
資料量:  1
ERROR   https://www.ptt.cc/bbs/Gossiping/M.1653146065.A.C61.html
取消追蹤 https://www.ptt.cc/bbs/Gossiping/M.1653146065.A.C61.html
--------------------------------------------------
推噓數更新完畢...分析文章熱門程度
資料量:  1
ERROR   https://www.ptt.cc/bbs/C_Chat/M.1653145119.A.2A9.html
取消追蹤 https://www.ptt.cc/bbs/C_Chat/M.1653145119.A.2A9.html
--------------------------------------------------
推噓數更新完畢...分析文章熱門程度
資料量:  1
ERROR   https://www.ptt.cc/bbs/HatePolitics/M.1653145437.A.045.html
取消追蹤 https://www.ptt.cc/bbs/HatePolitics/M.1653145437.A.045.html
--------------------------------------------------
推噓數更新完畢...分析文章熱門程度
資料量:  1
ERROR   https://www.ptt.cc/bbs/Gossiping/M.1653144534.A.CA0.html
取消追蹤 https://www.ptt.cc/bbs/Gossiping/M.1653144534.A.CA0.html
--------------------------------------------------
推噓數更新完畢...分析文章熱門程度
資料量:  1
ERROR   https://www.ptt.cc/bbs/Baseball/M.1653146406.A.D1C.html
取消追蹤 https://www.ptt.cc/bbs/Baseball/M.1653146406.A.D1C.html
--------------------------------------------------
推噓數更新完畢...分析文章熱門程度
資料量:  1
ERROR   https://www.ptt.cc/bbs/HatePolitics/M.1653143862.A.370.html
取消追蹤 https://www.ptt.cc/bbs/HatePolitics/M.1653143862.A.370.html
--------------------------------------------------
推播列表 [{'文章標題': '[新聞] 告知前岳父母「新女婿黑歷史」\u3000北市警挨', '文章網址': 'https://www.ptt.cc/bbs/Gossiping/M.1653131264.A.7AF.html', 'status': '熱烈討論'}]
作業完畢...兩小時後再次執行
DB連接成功
--------------------------------------------------
推噓數更新完畢...分析文章熱門程度
文章無人回應 刪除
1
分析完成
--------------------------------------------------
推噓數更新完畢...分析文章熱門程度
文章無人回應 刪除
1
分析完成
--------------------------------------------------
推噓數更新完畢...分析文章熱門程度
文章無人回應 刪除
1
分析完成
--------------------------------------------------
推噓數更新完畢...分析文章熱門程度
文章無人回應 刪除
1
分析完成
--------------------------------------------------
推噓數更新完畢...分析文章熱門程度
文章無人回應 刪除
1
分析完成
--------------------------------------------------
推噓數更新完畢...分析文章熱門程度
文章無人回應 刪除
1
分析完成
--------------------------------------------------
推噓數更新完畢...分析文章熱門程度
文章無人回應 刪除
1
分析完成
--------------------------------------------------
推噓數更新完畢...分析文章熱門程度
資料量:  1
ERROR   https://www.ptt.cc/bbs/C_Chat/M.1653155667.A.4EB.html
取消追蹤 https://www.ptt.cc/bbs/C_Chat/M.1653155667.A.4EB.html
--------------------------------------------------
推噓數更新完畢...分析文章熱門程度
資料量:  1
ERROR   https://www.ptt.cc/bbs/Gossiping/M.1653154923.A.156.html
取消追蹤 https://www.ptt.cc/bbs/Gossiping/M.1653154923.A.156.html
--------------------------------------------------
推噓數更新完畢...分析文章熱門程度
資料量:  1
ERROR   https://www.ptt.cc/bbs/Gossiping/M.1653155562.A.DDB.html
取消追蹤 https://www.ptt.cc/bbs/Gossiping/M.1653155562.A.DDB.html
--------------------------------------------------
推噓數更新完畢...分析文章熱門程度
資料量:  1
ERROR   https://www.ptt.cc/bbs/C_Chat/M.1653152560.A.08C.html
取消追蹤 https://www.ptt.cc/bbs/C_Chat/M.1653152560.A.08C.html
--------------------------------------------------
推播列表 []
作業完畢...兩小時後再次執行
DB連接成功
--------------------------------------------------
推噓數更新完畢...分析文章熱門程度
文章無人回應 刪除
1
分析完成
--------------------------------------------------
推噓數更新完畢...分析文章熱門程度
文章無人回應 刪除
1
分析完成
--------------------------------------------------
推噓數更新完畢...分析文章熱門程度
文章無人回應 刪除
1
分析完成
--------------------------------------------------
推噓數更新完畢...分析文章熱門程度
文章無人回應 刪除
1
分析完成
--------------------------------------------------
推噓數更新完畢...分析文章熱門程度
文章無人回應 刪除
1
分析完成
--------------------------------------------------
推噓數更新完畢...分析文章熱門程度
文章無人回應 刪除
1
分析完成
--------------------------------------------------
推噓數更新完畢...分析文章熱門程度
文章無人回應 刪除
1
分析完成
--------------------------------------------------
推噓數更新完畢...分析文章熱門程度
資料量:  1
ERROR   https://www.ptt.cc/bbs/Gossiping/M.1653157947.A.1E4.html
取消追蹤 https://www.ptt.cc/bbs/Gossiping/M.1653157947.A.1E4.html
--------------------------------------------------
推噓數更新完畢...分析文章熱門程度
資料量:  1
ERROR   https://www.ptt.cc/bbs/C_Chat/M.1653160456.A.A7F.html
取消追蹤 https://www.ptt.cc/bbs/C_Chat/M.1653160456.A.A7F.html
--------------------------------------------------
推播列表 []
作業完畢...兩小時後再次執行
DB連接成功
--------------------------------------------------
推噓數更新完畢...分析文章熱門程度
文章無人回應 刪除
1
分析完成
--------------------------------------------------
推噓數更新完畢...分析文章熱門程度
文章無人回應 刪除
1
分析完成
--------------------------------------------------
推噓數更新完畢...分析文章熱門程度
文章無人回應 刪除
1
分析完成
--------------------------------------------------
推噓數更新完畢...分析文章熱門程度
文章無人回應 刪除
1
分析完成
--------------------------------------------------
推噓數更新完畢...分析文章熱門程度
文章無人回應 刪除
1
分析完成
--------------------------------------------------
推噓數更新完畢...分析文章熱門程度
文章無人回應 刪除
1
分析完成
--------------------------------------------------
推噓數更新完畢...分析文章熱門程度
文章無人回應 刪除
1
分析完成
--------------------------------------------------
推噓數更新完畢...分析文章熱門程度
資料量:  1
ERROR   https://www.ptt.cc/bbs/Gossiping/M.1653165093.A.33A.html
取消追蹤 https://www.ptt.cc/bbs/Gossiping/M.1653165093.A.33A.html
--------------------------------------------------
推播列表 []
作業完畢...兩小時後再次執行
DB連接成功
--------------------------------------------------
推噓數更新完畢...分析文章熱門程度
文章無人回應 刪除
1
分析完成
--------------------------------------------------
推噓數更新完畢...分析文章熱門程度
文章無人回應 刪除
1
分析完成
--------------------------------------------------
推噓數更新完畢...分析文章熱門程度
文章無人回應 刪除
1
分析完成
--------------------------------------------------
推噓數更新完畢...分析文章熱門程度
文章無人回應 刪除
1
分析完成
--------------------------------------------------
推噓數更新完畢...分析文章熱門程度
文章無人回應 刪除
1
分析完成
--------------------------------------------------
推噓數更新完畢...分析文章熱門程度
文章無人回應 刪除
1
分析完成
--------------------------------------------------
推噓數更新完畢...分析文章熱門程度
文章無人回應 刪除
1
分析完成
--------------------------------------------------
推噓數更新完畢...分析文章熱門程度
資料量:  1
ERROR   https://www.ptt.cc/bbs/C_Chat/M.1653173404.A.C16.html
取消追蹤 https://www.ptt.cc/bbs/C_Chat/M.1653173404.A.C16.html
--------------------------------------------------
推播列表 []
作業完畢...兩小時後再次執行
DB連接成功
--------------------------------------------------
推噓數更新完畢...分析文章熱門程度
文章無人回應 刪除
1
分析完成
--------------------------------------------------
推噓數更新完畢...分析文章熱門程度
文章無人回應 刪除
1
分析完成
--------------------------------------------------
推噓數更新完畢...分析文章熱門程度
文章無人回應 刪除
1
分析完成
--------------------------------------------------
推噓數更新完畢...分析文章熱門程度
分析完成
--------------------------------------------------
推噓數更新完畢...分析文章熱門程度
文章無人回應 刪除
1
分析完成
--------------------------------------------------
推噓數更新完畢...分析文章熱門程度
文章無人回應 刪除
1
分析完成
--------------------------------------------------
推噓數更新完畢...分析文章熱門程度
文章無人回應 刪除
1
分析完成
--------------------------------------------------
推噓數更新完畢...分析文章熱門程度
資料量:  1
ERROR   https://www.ptt.cc/bbs/Gossiping/M.1653180563.A.2B1.html
取消追蹤 https://www.ptt.cc/bbs/Gossiping/M.1653180563.A.2B1.html
--------------------------------------------------
推噓數更新完畢...分析文章熱門程度
資料量:  1
ERROR   https://www.ptt.cc/bbs/HatePolitics/M.1653183169.A.21B.html
取消追蹤 https://www.ptt.cc/bbs/HatePolitics/M.1653183169.A.21B.html
--------------------------------------------------
推噓數更新完畢...分析文章熱門程度
資料量:  1
ERROR   https://www.ptt.cc/bbs/HatePolitics/M.1653181865.A.5CE.html
取消追蹤 https://www.ptt.cc/bbs/HatePolitics/M.1653181865.A.5CE.html
--------------------------------------------------
推噓數更新完畢...分析文章熱門程度
資料量:  1
ERROR   https://www.ptt.cc/bbs/Gossiping/M.1653179662.A.EA9.html
取消追蹤 https://www.ptt.cc/bbs/Gossiping/M.1653179662.A.EA9.html
--------------------------------------------------
推噓數更新完畢...分析文章熱門程度
資料量:  1
ERROR   https://www.ptt.cc/bbs/Gossiping/M.1653182214.A.FFB.html
取消追蹤 https://www.ptt.cc/bbs/Gossiping/M.1653182214.A.FFB.html
--------------------------------------------------
推噓數更新完畢...分析文章熱門程度
資料量:  1
ERROR   https://www.ptt.cc/bbs/Gossiping/M.1653183076.A.4A4.html
取消追蹤 https://www.ptt.cc/bbs/Gossiping/M.1653183076.A.4A4.html
--------------------------------------------------
推播列表 [{'文章標題': '[討論] CHEAP在幹譙台北市交通局', '文章網址': 'https://www.ptt.cc/bbs/HatePolitics/M.1653129487.A.443.html', 'status': '熱烈討論'}]
作業完畢...兩小時後再次執行
DB連接成功
--------------------------------------------------
推噓數更新完畢...分析文章熱門程度
文章無人回應 刪除
1
分析完成
--------------------------------------------------
推噓數更新完畢...分析文章熱門程度
文章無人回應 刪除
1
分析完成
--------------------------------------------------
推噓數更新完畢...分析文章熱門程度
文章無人回應 刪除
1
分析完成
--------------------------------------------------
推噓數更新完畢...分析文章熱門程度
文章無人回應 刪除
1
分析完成
--------------------------------------------------
推噓數更新完畢...分析文章熱門程度
文章無人回應 刪除
1
分析完成
--------------------------------------------------
推噓數更新完畢...分析文章熱門程度
文章無人回應 刪除
1
分析完成
--------------------------------------------------
推噓數更新完畢...分析文章熱門程度
文章無人回應 刪除
1
分析完成
--------------------------------------------------
推噓數更新完畢...分析文章熱門程度
資料量:  1
ERROR   https://www.ptt.cc/bbs/Gossiping/M.1653189925.A.027.html
取消追蹤 https://www.ptt.cc/bbs/Gossiping/M.1653189925.A.027.html
--------------------------------------------------
推噓數更新完畢...分析文章熱門程度
資料量:  1
ERROR   https://www.ptt.cc/bbs/Gossiping/M.1653191701.A.32C.html
取消追蹤 https://www.ptt.cc/bbs/Gossiping/M.1653191701.A.32C.html
--------------------------------------------------
推噓數更新完畢...分析文章熱門程度
資料量:  1
ERROR   https://www.ptt.cc/bbs/HatePolitics/M.1653191378.A.FDB.html
取消追蹤 https://www.ptt.cc/bbs/HatePolitics/M.1653191378.A.FDB.html
--------------------------------------------------
推噓數更新完畢...分析文章熱門程度
資料量:  1
ERROR   https://www.ptt.cc/bbs/Gossiping/M.1653190516.A.4B1.html
取消追蹤 https://www.ptt.cc/bbs/Gossiping/M.1653190516.A.4B1.html
--------------------------------------------------
推噓數更新完畢...分析文章熱門程度
資料量:  1
ERROR   https://www.ptt.cc/bbs/C_Chat/M.1653187647.A.451.html
取消追蹤 https://www.ptt.cc/bbs/C_Chat/M.1653187647.A.451.html
--------------------------------------------------
推噓數更新完畢...分析文章熱門程度
資料量:  1
ERROR   https://www.ptt.cc/bbs/Gossiping/M.1653190194.A.66A.html
取消追蹤 https://www.ptt.cc/bbs/Gossiping/M.1653190194.A.66A.html
--------------------------------------------------
推噓數更新完畢...分析文章熱門程度
資料量:  1
ERROR   https://www.ptt.cc/bbs/Gossiping/M.1653188224.A.BE6.html
取消追蹤 https://www.ptt.cc/bbs/Gossiping/M.1653188224.A.BE6.html
--------------------------------------------------
推播列表 []
作業完畢...兩小時後再次執行
DB連接成功
--------------------------------------------------
推噓數更新完畢...分析文章熱門程度
文章無人回應 刪除
1
分析完成
--------------------------------------------------
推噓數更新完畢...分析文章熱門程度
文章無人回應 刪除
1
分析完成
--------------------------------------------------
推噓數更新完畢...分析文章熱門程度
文章無人回應 刪除
1
分析完成
--------------------------------------------------
推噓數更新完畢...分析文章熱門程度
文章無人回應 刪除
1
分析完成
--------------------------------------------------
推噓數更新完畢...分析文章熱門程度
文章無人回應 刪除
1
分析完成
--------------------------------------------------
推噓數更新完畢...分析文章熱門程度
文章無人回應 刪除
1
分析完成
--------------------------------------------------
推噓數更新完畢...分析文章熱門程度
文章無人回應 刪除
1
分析完成
--------------------------------------------------
推噓數更新完畢...分析文章熱門程度
資料量:  1
ERROR   https://www.ptt.cc/bbs/C_Chat/M.1653198851.A.7BB.html
取消追蹤 https://www.ptt.cc/bbs/C_Chat/M.1653198851.A.7BB.html
--------------------------------------------------
推噓數更新完畢...分析文章熱門程度
資料量:  1
ERROR   https://www.ptt.cc/bbs/HatePolitics/M.1653195017.A.8A6.html
取消追蹤 https://www.ptt.cc/bbs/HatePolitics/M.1653195017.A.8A6.html
--------------------------------------------------
推噓數更新完畢...分析文章熱門程度
資料量:  1
ERROR   https://www.ptt.cc/bbs/Gossiping/M.1653196126.A.450.html
取消追蹤 https://www.ptt.cc/bbs/Gossiping/M.1653196126.A.450.html
--------------------------------------------------
推噓數更新完畢...分析文章熱門程度
資料量:  1
ERROR   https://www.ptt.cc/bbs/HatePolitics/M.1653196470.A.683.html
取消追蹤 https://www.ptt.cc/bbs/HatePolitics/M.1653196470.A.683.html
--------------------------------------------------
推噓數更新完畢...分析文章熱門程度
資料量:  1
ERROR   https://www.ptt.cc/bbs/Gossiping/M.1653196444.A.4B7.html
取消追蹤 https://www.ptt.cc/bbs/Gossiping/M.1653196444.A.4B7.html
--------------------------------------------------
推噓數更新完畢...分析文章熱門程度
資料量:  1
ERROR   https://www.ptt.cc/bbs/Gossiping/M.1653196430.A.D1E.html
取消追蹤 https://www.ptt.cc/bbs/Gossiping/M.1653196430.A.D1E.html
--------------------------------------------------
推噓數更新完畢...分析文章熱門程度
資料量:  1
ERROR   https://www.ptt.cc/bbs/Gossiping/M.1653194809.A.E76.html
取消追蹤 https://www.ptt.cc/bbs/Gossiping/M.1653194809.A.E76.html
--------------------------------------------------
推噓數更新完畢...分析文章熱門程度
資料量:  1
ERROR   https://www.ptt.cc/bbs/C_Chat/M.1653196443.A.99B.html
取消追蹤 https://www.ptt.cc/bbs/C_Chat/M.1653196443.A.99B.html
--------------------------------------------------
推噓數更新完畢...分析文章熱門程度
資料量:  1
ERROR   https://www.ptt.cc/bbs/HatePolitics/M.1653196131.A.B7F.html
取消追蹤 https://www.ptt.cc/bbs/HatePolitics/M.1653196131.A.B7F.html
--------------------------------------------------
推噓數更新完畢...分析文章熱門程度
資料量:  1
ERROR   https://www.ptt.cc/bbs/Gossiping/M.1653195020.A.E97.html
取消追蹤 https://www.ptt.cc/bbs/Gossiping/M.1653195020.A.E97.html
--------------------------------------------------
推噓數更新完畢...分析文章熱門程度
資料量:  1
ERROR   https://www.ptt.cc/bbs/Gossiping/M.1653197173.A.178.html
取消追蹤 https://www.ptt.cc/bbs/Gossiping/M.1653197173.A.178.html
--------------------------------------------------
推噓數更新完畢...分析文章熱門程度
資料量:  1
ERROR   https://www.ptt.cc/bbs/Gossiping/M.1653198514.A.898.html
取消追蹤 https://www.ptt.cc/bbs/Gossiping/M.1653198514.A.898.html
--------------------------------------------------
推播列表 []
作業完畢...兩小時後再次執行
