*******************track.pyday2022_05_22********************
2022-05-22 16:35:06
執行中
DB連接成功
--------------------------------------------------
推噓數更新完畢...分析文章熱門程度
文章無人回應 刪除
1
分析完成
--------------------------------------------------
推噓數更新完畢...分析文章熱門程度
文章無人回應 刪除
1
分析完成
--------------------------------------------------
推噓數更新完畢...分析文章熱門程度
文章無人回應 刪除
1
分析完成
--------------------------------------------------
推噓數更新完畢...分析文章熱門程度
文章無人回應 刪除
1
分析完成
--------------------------------------------------
推噓數更新完畢...分析文章熱門程度
文章無人回應 刪除
1
分析完成
--------------------------------------------------
推噓數更新完畢...分析文章熱門程度
文章無人回應 刪除
1
分析完成
--------------------------------------------------
推噓數更新完畢...分析文章熱門程度
文章無人回應 刪除
1
分析完成
--------------------------------------------------
推噓數更新完畢...分析文章熱門程度
資料量:  1
ERROR   https://www.ptt.cc/bbs/Gossiping/M.1653201517.A.070.html
取消追蹤 https://www.ptt.cc/bbs/Gossiping/M.1653201517.A.070.html
--------------------------------------------------
推噓數更新完畢...分析文章熱門程度
資料量:  1
ERROR   https://www.ptt.cc/bbs/Gossiping/M.1653201450.A.EE7.html
取消追蹤 https://www.ptt.cc/bbs/Gossiping/M.1653201450.A.EE7.html
--------------------------------------------------
推噓數更新完畢...分析文章熱門程度
資料量:  1
ERROR   https://www.ptt.cc/bbs/Gossiping/M.1653204188.A.985.html
取消追蹤 https://www.ptt.cc/bbs/Gossiping/M.1653204188.A.985.html
--------------------------------------------------
推噓數更新完畢...分析文章熱門程度
資料量:  1
ERROR   https://www.ptt.cc/bbs/Gossiping/M.1653202831.A.AD4.html
取消追蹤 https://www.ptt.cc/bbs/Gossiping/M.1653202831.A.AD4.html
--------------------------------------------------
推噓數更新完畢...分析文章熱門程度
資料量:  1
ERROR   https://www.ptt.cc/bbs/Gossiping/M.1653202241.A.1EF.html
取消追蹤 https://www.ptt.cc/bbs/Gossiping/M.1653202241.A.1EF.html
--------------------------------------------------
推噓數更新完畢...分析文章熱門程度
資料量:  1
ERROR   https://www.ptt.cc/bbs/C_Chat/M.1653202787.A.B33.html
取消追蹤 https://www.ptt.cc/bbs/C_Chat/M.1653202787.A.B33.html
--------------------------------------------------
推播列表 []
作業完畢...兩小時後再次執行
*******************track.pyday2022_05_22********************
2022-05-22 16:38:03
執行中
DB連接成功
--------------------------------------------------
推噓數更新完畢...分析文章熱門程度
文章無人回應 刪除
不熱門了
分析完成
--------------------------------------------------
推噓數更新完畢...分析文章熱門程度
文章無人回應 刪除
不熱門了
分析完成
--------------------------------------------------
推噓數更新完畢...分析文章熱門程度
文章無人回應 刪除
不熱門了
分析完成
--------------------------------------------------
推噓數更新完畢...分析文章熱門程度
文章無人回應 刪除
不熱門了
分析完成
--------------------------------------------------
推噓數更新完畢...分析文章熱門程度
文章無人回應 刪除
不熱門了
分析完成
--------------------------------------------------
推噓數更新完畢...分析文章熱門程度
文章無人回應 刪除
不熱門了
分析完成
--------------------------------------------------
推噓數更新完畢...分析文章熱門程度
文章無人回應 刪除
不熱門了
分析完成
--------------------------------------------------
推噓數更新完畢...分析文章熱門程度
文章無人回應 刪除
不熱門了
分析完成
--------------------------------------------------
推噓數更新完畢...分析文章熱門程度
文章無人回應 刪除
不熱門了
分析完成
--------------------------------------------------
推噓數更新完畢...分析文章熱門程度
文章無人回應 刪除
不熱門了
分析完成
--------------------------------------------------
推噓數更新完畢...分析文章熱門程度
文章無人回應 刪除
不熱門了
分析完成
--------------------------------------------------
推噓數更新完畢...分析文章熱門程度
文章無人回應 刪除
不熱門了
分析完成
--------------------------------------------------
推播列表 []
作業完畢...兩小時後再次執行
*******************track.pyday2022_05_22********************
2022-05-22 16:39:03
執行中
DB連接成功
--------------------------------------------------
推噓數更新完畢...分析文章熱門程度
[(168, 'https://www.ptt.cc/bbs/HatePolitics/M.1653133040.A.49E.html', 'Re: [討論] CHEAP在幹譙台北市交通局', 11, 0, 16, '2022-05-22 16:39:03'), (156, 'https://www.ptt.cc/bbs/HatePolitics/M.1653133040.A.49E.html', 'Re: [討論] CHEAP在幹譙台北市交通局', 11, 0, 16, '2022-05-22 16:38:03'), (143, 'https://www.ptt.cc/bbs/HatePolitics/M.1653133040.A.49E.html', 'Re: [討論] CHEAP在幹譙台北市交通局', 11, 0, 16, '2022-05-22 16:35:07'), (124, 'https://www.ptt.cc/bbs/HatePolitics/M.1653133040.A.49E.html', 'Re: [討論] CHEAP在幹譙台北市交通局', 11, 0, 16, '2022-05-22 16:31:10'), (110, 'https://www.ptt.cc/bbs/HatePolitics/M.1653133040.A.49E.html', 'Re: [討論] CHEAP在幹譙台北市交通局', 10, 0, 15, '2022-05-22 14:31:06'), (97, 'https://www.ptt.cc/bbs/HatePolitics/M.1653133040.A.49E.html', 'Re: [討論] CHEAP在幹譙台北市交通局', 10, 0, 15, '2022-05-22 12:31:03')]
文章無人回應 刪除
不熱門了
分析完成
--------------------------------------------------
推噓數更新完畢...分析文章熱門程度
[(169, 'https://www.ptt.cc/bbs/Gossiping/M.1653131842.A.913.html', 'Re: [問卦] Cheap開戰交通局 燒得起來嗎?\\', 1, 0, 1, '2022-05-22 16:39:03'), (157, 'https://www.ptt.cc/bbs/Gossiping/M.1653131842.A.913.html', 'Re: [問卦] Cheap開戰交通局 燒得起來嗎?\\', 1, 0, 1, '2022-05-22 16:38:03'), (144, 'https://www.ptt.cc/bbs/Gossiping/M.1653131842.A.913.html', 'Re: [問卦] Cheap開戰交通局 燒得起來嗎?\\', 1, 0, 1, '2022-05-22 16:35:07'), (125, 'https://www.ptt.cc/bbs/Gossiping/M.1653131842.A.913.html', 'Re: [問卦] Cheap開戰交通局 燒得起來嗎?\\', 1, 0, 1, '2022-05-22 16:31:10'), (111, 'https://www.ptt.cc/bbs/Gossiping/M.1653131842.A.913.html', 'Re: [問卦] Cheap開戰交通局 燒得起來嗎?\\', 1, 0, 1, '2022-05-22 14:31:07'), (98, 'https://www.ptt.cc/bbs/Gossiping/M.1653131842.A.913.html', 'Re: [問卦] Cheap開戰交通局 燒得起來嗎?\\', 1, 0, 1, '2022-05-22 12:31:03')]
文章無人回應 刪除
不熱門了
分析完成
--------------------------------------------------
推噓數更新完畢...分析文章熱門程度
[(170, 'https://www.ptt.cc/bbs/HatePolitics/M.1653133408.A.C9F.html', 'Re: [討論] CHEAP在幹譙台北市交通局', 0, 0, 1, '2022-05-22 16:39:04'), (158, 'https://www.ptt.cc/bbs/HatePolitics/M.1653133408.A.C9F.html', 'Re: [討論] CHEAP在幹譙台北市交通局', 0, 0, 1, '2022-05-22 16:38:03'), (145, 'https://www.ptt.cc/bbs/HatePolitics/M.1653133408.A.C9F.html', 'Re: [討論] CHEAP在幹譙台北市交通局', 0, 0, 1, '2022-05-22 16:35:07'), (126, 'https://www.ptt.cc/bbs/HatePolitics/M.1653133408.A.C9F.html', 'Re: [討論] CHEAP在幹譙台北市交通局', 0, 0, 1, '2022-05-22 16:31:11'), (112, 'https://www.ptt.cc/bbs/HatePolitics/M.1653133408.A.C9F.html', 'Re: [討論] CHEAP在幹譙台北市交通局', 0, 0, 1, '2022-05-22 14:31:07'), (99, 'https://www.ptt.cc/bbs/HatePolitics/M.1653133408.A.C9F.html', 'Re: [討論] CHEAP在幹譙台北市交通局', 0, 0, 1, '2022-05-22 12:31:03')]
文章無人回應 刪除
不熱門了
分析完成
--------------------------------------------------
推噓數更新完畢...分析文章熱門程度
[(171, 'https://www.ptt.cc/bbs/HatePolitics/M.1653129487.A.443.html', '[討論] CHEAP在幹譙台北市交通局', 87, 4, 80, '2022-05-22 16:39:04'), (159, 'https://www.ptt.cc/bbs/HatePolitics/M.1653129487.A.443.html', '[討論] CHEAP在幹譙台北市交通局', 87, 4, 80, '2022-05-22 16:38:04'), (146, 'https://www.ptt.cc/bbs/HatePolitics/M.1653129487.A.443.html', '[討論] CHEAP在幹譙台北市交通局', 87, 4, 80, '2022-05-22 16:35:07'), (127, 'https://www.ptt.cc/bbs/HatePolitics/M.1653129487.A.443.html', '[討論] CHEAP在幹譙台北市交通局', 87, 4, 80, '2022-05-22 16:31:11'), (113, 'https://www.ptt.cc/bbs/HatePolitics/M.1653129487.A.443.html', '[討論] CHEAP在幹譙台北市交通局', 87, 4, 80, '2022-05-22 14:31:07'), (100, 'https://www.ptt.cc/bbs/HatePolitics/M.1653129487.A.443.html', '[討論] CHEAP在幹譙台北市交通局', 87, 4, 80, '2022-05-22 12:31:04')]
文章無人回應 刪除
不熱門了
分析完成
--------------------------------------------------
推噓數更新完畢...分析文章熱門程度
[(172, 'https://www.ptt.cc/bbs/Gossiping/M.1653131264.A.7AF.html', '[新聞] 告知前岳父母「新女婿黑歷史」\u3000北市警挨', 69, 8, 47, '2022-05-22 16:39:04'), (160, 'https://www.ptt.cc/bbs/Gossiping/M.1653131264.A.7AF.html', '[新聞] 告知前岳父母「新女婿黑歷史」\u3000北市警挨', 69, 8, 47, '2022-05-22 16:38:04'), (147, 'https://www.ptt.cc/bbs/Gossiping/M.1653131264.A.7AF.html', '[新聞] 告知前岳父母「新女婿黑歷史」\u3000北市警挨', 69, 8, 47, '2022-05-22 16:35:08'), (128, 'https://www.ptt.cc/bbs/Gossiping/M.1653131264.A.7AF.html', '[新聞] 告知前岳父母「新女婿黑歷史」\u3000北市警挨', 69, 8, 47, '2022-05-22 16:31:11'), (114, 'https://www.ptt.cc/bbs/Gossiping/M.1653131264.A.7AF.html', '[新聞] 告知前岳父母「新女婿黑歷史」\u3000北市警挨', 69, 7, 47, '2022-05-22 14:31:07'), (101, 'https://www.ptt.cc/bbs/Gossiping/M.1653131264.A.7AF.html', '[新聞] 告知前岳父母「新女婿黑歷史」\u3000北市警挨', 68, 7, 47, '2022-05-22 12:31:04')]
文章無人回應 刪除
不熱門了
分析完成
--------------------------------------------------
推噓數更新完畢...分析文章熱門程度
[(173, 'https://www.ptt.cc/bbs/Gossiping/M.1653129430.A.C4C.html', '[新聞] 天津變相封城 官方恐嚇市民違令影響子孫', 3, 1, 3, '2022-05-22 16:39:04'), (161, 'https://www.ptt.cc/bbs/Gossiping/M.1653129430.A.C4C.html', '[新聞] 天津變相封城 官方恐嚇市民違令影響子孫', 3, 1, 3, '2022-05-22 16:38:04'), (148, 'https://www.ptt.cc/bbs/Gossiping/M.1653129430.A.C4C.html', '[新聞] 天津變相封城 官方恐嚇市民違令影響子孫', 3, 1, 3, '2022-05-22 16:35:08'), (129, 'https://www.ptt.cc/bbs/Gossiping/M.1653129430.A.C4C.html', '[新聞] 天津變相封城 官方恐嚇市民違令影響子孫', 3, 1, 3, '2022-05-22 16:31:11'), (115, 'https://www.ptt.cc/bbs/Gossiping/M.1653129430.A.C4C.html', '[新聞] 天津變相封城 官方恐嚇市民違令影響子孫', 3, 1, 3, '2022-05-22 14:31:08'), (102, 'https://www.ptt.cc/bbs/Gossiping/M.1653129430.A.C4C.html', '[新聞] 天津變相封城 官方恐嚇市民違令影響子孫', 3, 1, 3, '2022-05-22 12:31:04')]
文章無人回應 刪除
不熱門了
分析完成
--------------------------------------------------
推噓數更新完畢...分析文章熱門程度
[(174, 'https://www.ptt.cc/bbs/HatePolitics/M.1653132631.A.492.html', 'Re: [討論] CHEAP在幹譙台北市交通局', 1, 0, 1, '2022-05-22 16:39:05'), (162, 'https://www.ptt.cc/bbs/HatePolitics/M.1653132631.A.492.html', 'Re: [討論] CHEAP在幹譙台北市交通局', 1, 0, 1, '2022-05-22 16:38:04'), (149, 'https://www.ptt.cc/bbs/HatePolitics/M.1653132631.A.492.html', 'Re: [討論] CHEAP在幹譙台北市交通局', 1, 0, 1, '2022-05-22 16:35:08'), (130, 'https://www.ptt.cc/bbs/HatePolitics/M.1653132631.A.492.html', 'Re: [討論] CHEAP在幹譙台北市交通局', 1, 0, 1, '2022-05-22 16:31:12'), (116, 'https://www.ptt.cc/bbs/HatePolitics/M.1653132631.A.492.html', 'Re: [討論] CHEAP在幹譙台北市交通局', 1, 0, 1, '2022-05-22 14:31:08'), (103, 'https://www.ptt.cc/bbs/HatePolitics/M.1653132631.A.492.html', 'Re: [討論] CHEAP在幹譙台北市交通局', 1, 0, 1, '2022-05-22 12:31:04')]
文章無人回應 刪除
不熱門了
分析完成
--------------------------------------------------
推噓數更新完畢...分析文章熱門程度
[(175, 'https://www.ptt.cc/bbs/Gossiping/M.1653201517.A.070.html', '[問卦] 警察進入大學校園之問題 ?', 2, 9, 49, '2022-05-22 16:39:05'), (163, 'https://www.ptt.cc/bbs/Gossiping/M.1653201517.A.070.html', '[問卦] 警察進入大學校園之問題 ?', 2, 9, 49, '2022-05-22 16:38:05'), (150, 'https://www.ptt.cc/bbs/Gossiping/M.1653201517.A.070.html', '[問卦] 警察進入大學校園之問題 ?', 2, 9, 49, '2022-05-22 16:35:08')]
文章無人回應 刪除
不熱門了
分析完成
--------------------------------------------------
推噓數更新完畢...分析文章熱門程度
[(176, 'https://www.ptt.cc/bbs/Gossiping/M.1653204188.A.985.html', '[問卦] 江湖路不好走為何還是有人想當兄弟', 2, 2, 11, '2022-05-22 16:39:05'), (164, 'https://www.ptt.cc/bbs/Gossiping/M.1653204188.A.985.html', '[問卦] 江湖路不好走為何還是有人想當兄弟', 2, 2, 11, '2022-05-22 16:38:05'), (152, 'https://www.ptt.cc/bbs/Gossiping/M.1653204188.A.985.html', '[問卦] 江湖路不好走為何還是有人想當兄弟', 2, 2, 11, '2022-05-22 16:35:09')]
文章無人回應 刪除
不熱門了
分析完成
--------------------------------------------------
推噓數更新完畢...分析文章熱門程度
[(177, 'https://www.ptt.cc/bbs/C_Chat/M.1653202787.A.B33.html', '[閒聊] 寶可夢算是被抓拐的奴隸嗎?', 5, 0, 2, '2022-05-22 16:39:05'), (165, 'https://www.ptt.cc/bbs/C_Chat/M.1653202787.A.B33.html', '[閒聊] 寶可夢算是被抓拐的奴隸嗎?', 5, 0, 2, '2022-05-22 16:38:05'), (155, 'https://www.ptt.cc/bbs/C_Chat/M.1653202787.A.B33.html', '[閒聊] 寶可夢算是被抓拐的奴隸嗎?', 5, 0, 2, '2022-05-22 16:35:09')]
文章無人回應 刪除
不熱門了
分析完成
--------------------------------------------------
推噓數更新完畢...分析文章熱門程度
[(178, 'https://www.ptt.cc/bbs/Gossiping/M.1653202831.A.AD4.html', '[新聞] 廖老大飲料店「2周遭查2次」\u3000砲轟衛局長', 13, 14, 18, '2022-05-22 16:39:05'), (166, 'https://www.ptt.cc/bbs/Gossiping/M.1653202831.A.AD4.html', '[新聞] 廖老大飲料店「2周遭查2次」\u3000砲轟衛局長', 13, 14, 18, '2022-05-22 16:38:05'), (153, 'https://www.ptt.cc/bbs/Gossiping/M.1653202831.A.AD4.html', '[新聞] 廖老大飲料店「2周遭查2次」\u3000砲轟衛局長', 13, 14, 18, '2022-05-22 16:35:09')]
文章無人回應 刪除
不熱門了
分析完成
--------------------------------------------------
推噓數更新完畢...分析文章熱門程度
[(179, 'https://www.ptt.cc/bbs/Gossiping/M.1653202241.A.1EF.html', '[問卦] 為啥馬來西亞華人存在感這麼低？', 9, 3, 7, '2022-05-22 16:39:06'), (167, 'https://www.ptt.cc/bbs/Gossiping/M.1653202241.A.1EF.html', '[問卦] 為啥馬來西亞華人存在感這麼低？', 9, 3, 7, '2022-05-22 16:38:05'), (154, 'https://www.ptt.cc/bbs/Gossiping/M.1653202241.A.1EF.html', '[問卦] 為啥馬來西亞華人存在感這麼低？', 9, 3, 7, '2022-05-22 16:35:09')]
文章無人回應 刪除
不熱門了
分析完成
--------------------------------------------------
推播列表 []
作業完畢...兩小時後再次執行
*******************track.pyday2022_05_22********************
2022-05-22 16:40:50
執行中
DB連接成功
--------------------------------------------------
推噓數更新完畢...分析文章熱門程度
取消追蹤 https://www.ptt.cc/bbs/HatePolitics/M.1653133040.A.49E.html
文章無人回應 刪除
不熱門了
分析完成
--------------------------------------------------
推噓數更新完畢...分析文章熱門程度
取消追蹤 https://www.ptt.cc/bbs/Gossiping/M.1653131842.A.913.html
文章無人回應 刪除
不熱門了
分析完成
--------------------------------------------------
推噓數更新完畢...分析文章熱門程度
取消追蹤 https://www.ptt.cc/bbs/HatePolitics/M.1653133408.A.C9F.html
文章無人回應 刪除
不熱門了
分析完成
--------------------------------------------------
推噓數更新完畢...分析文章熱門程度
取消追蹤 https://www.ptt.cc/bbs/HatePolitics/M.1653129487.A.443.html
文章無人回應 刪除
不熱門了
分析完成
--------------------------------------------------
推噓數更新完畢...分析文章熱門程度
取消追蹤 https://www.ptt.cc/bbs/Gossiping/M.1653131264.A.7AF.html
文章無人回應 刪除
不熱門了
分析完成
--------------------------------------------------
推噓數更新完畢...分析文章熱門程度
取消追蹤 https://www.ptt.cc/bbs/Gossiping/M.1653129430.A.C4C.html
文章無人回應 刪除
不熱門了
分析完成
--------------------------------------------------
推噓數更新完畢...分析文章熱門程度
取消追蹤 https://www.ptt.cc/bbs/HatePolitics/M.1653132631.A.492.html
文章無人回應 刪除
不熱門了
分析完成
--------------------------------------------------
推噓數更新完畢...分析文章熱門程度
取消追蹤 https://www.ptt.cc/bbs/Gossiping/M.1653201517.A.070.html
文章無人回應 刪除
不熱門了
分析完成
--------------------------------------------------
推噓數更新完畢...分析文章熱門程度
取消追蹤 https://www.ptt.cc/bbs/Gossiping/M.1653204188.A.985.html
文章無人回應 刪除
不熱門了
分析完成
--------------------------------------------------
推噓數更新完畢...分析文章熱門程度
取消追蹤 https://www.ptt.cc/bbs/C_Chat/M.1653202787.A.B33.html
文章無人回應 刪除
不熱門了
分析完成
--------------------------------------------------
推噓數更新完畢...分析文章熱門程度
取消追蹤 https://www.ptt.cc/bbs/Gossiping/M.1653202831.A.AD4.html
文章無人回應 刪除
不熱門了
分析完成
--------------------------------------------------
推噓數更新完畢...分析文章熱門程度
取消追蹤 https://www.ptt.cc/bbs/Gossiping/M.1653202241.A.1EF.html
文章無人回應 刪除
不熱門了
分析完成
--------------------------------------------------
推播列表 []
作業完畢...兩小時後再次執行
*******************track.pyday2022_05_22********************
2022-05-22 16:41:02
執行中
DB連接成功
--------------------------------------------------
推噓數更新完畢...分析文章熱門程度
取消追蹤 https://www.ptt.cc/bbs/C_Chat/M.1653202787.A.B33.html
文章無人回應 刪除
不熱門了
分析完成
--------------------------------------------------
推噓數更新完畢...分析文章熱門程度
取消追蹤 https://www.ptt.cc/bbs/Gossiping/M.1653202831.A.AD4.html
文章無人回應 刪除
不熱門了
分析完成
--------------------------------------------------
推噓數更新完畢...分析文章熱門程度
取消追蹤 https://www.ptt.cc/bbs/Gossiping/M.1653202241.A.1EF.html
文章無人回應 刪除
不熱門了
分析完成
--------------------------------------------------
推噓數更新完畢...分析文章熱門程度
取消追蹤 https://www.ptt.cc/bbs/Gossiping/M.1653204188.A.985.html
文章無人回應 刪除
不熱門了
分析完成
--------------------------------------------------
推播列表 []
作業完畢...兩小時後再次執行
DB連接成功
--------------------------------------------------
推噓數更新完畢...分析文章熱門程度
資料量:  1
ERROR   https://www.ptt.cc/bbs/Gossiping/M.1653209518.A.A4E.html
--------------------------------------------------
推噓數更新完畢...分析文章熱門程度
資料量:  1
ERROR   https://www.ptt.cc/bbs/Gossiping/M.1653213035.A.B16.html
--------------------------------------------------
推播列表 []
作業完畢...兩小時後再次執行
DB連接成功
--------------------------------------------------
推噓數更新完畢...分析文章熱門程度
取消追蹤 https://www.ptt.cc/bbs/Gossiping/M.1653209518.A.A4E.html
文章無人回應 刪除
不熱門了
分析完成
--------------------------------------------------
推噓數更新完畢...分析文章熱門程度
取消追蹤 https://www.ptt.cc/bbs/Gossiping/M.1653213035.A.B16.html
文章無人回應 刪除
不熱門了
分析完成
--------------------------------------------------
推噓數更新完畢...分析文章熱門程度
資料量:  1
ERROR   https://www.ptt.cc/bbs/Gossiping/M.1653220664.A.8F9.html
--------------------------------------------------
推噓數更新完畢...分析文章熱門程度
資料量:  1
ERROR   https://www.ptt.cc/bbs/Gossiping/M.1653218303.A.A76.html
--------------------------------------------------
推噓數更新完畢...分析文章熱門程度
資料量:  1
ERROR   https://www.ptt.cc/bbs/Gossiping/M.1653218656.A.075.html
--------------------------------------------------
推噓數更新完畢...分析文章熱門程度
資料量:  1
ERROR   https://www.ptt.cc/bbs/Gossiping/M.1653219759.A.9C9.html
--------------------------------------------------
推播列表 []
作業完畢...兩小時後再次執行
DB連接成功
--------------------------------------------------
推噓數更新完畢...分析文章熱門程度
取消追蹤 https://www.ptt.cc/bbs/Gossiping/M.1653220664.A.8F9.html
文章無人回應 刪除
不熱門了
分析完成
--------------------------------------------------
推噓數更新完畢...分析文章熱門程度
取消追蹤 https://www.ptt.cc/bbs/Gossiping/M.1653218303.A.A76.html
文章無人回應 刪除
不熱門了
分析完成
--------------------------------------------------
推噓數更新完畢...分析文章熱門程度
分析完成
--------------------------------------------------
推噓數更新完畢...分析文章熱門程度
取消追蹤 https://www.ptt.cc/bbs/Gossiping/M.1653219759.A.9C9.html
文章無人回應 刪除
不熱門了
分析完成
--------------------------------------------------
推噓數更新完畢...分析文章熱門程度
資料量:  1
ERROR   https://www.ptt.cc/bbs/Gossiping/M.1653225036.A.8AA.html
--------------------------------------------------
推噓數更新完畢...分析文章熱門程度
資料量:  1
ERROR   https://www.ptt.cc/bbs/HatePolitics/M.1653223989.A.0D3.html
--------------------------------------------------
推噓數更新完畢...分析文章熱門程度
資料量:  1
ERROR   https://www.ptt.cc/bbs/Gossiping/M.1653224004.A.382.html
--------------------------------------------------
推噓數更新完畢...分析文章熱門程度
資料量:  1
ERROR   https://www.ptt.cc/bbs/Gossiping/M.1653227258.A.3D6.html
--------------------------------------------------
推噓數更新完畢...分析文章熱門程度
資料量:  1
ERROR   https://www.ptt.cc/bbs/Gossiping/M.1653224524.A.00C.html
--------------------------------------------------
推噓數更新完畢...分析文章熱門程度
資料量:  1
ERROR   https://www.ptt.cc/bbs/Gossiping/M.1653225654.A.3CD.html
--------------------------------------------------
推噓數更新完畢...分析文章熱門程度
資料量:  1
ERROR   https://www.ptt.cc/bbs/Gossiping/M.1653226694.A.38B.html
--------------------------------------------------
推播列表 [{'文章標題': '[新聞] 大街拍抖音遭制止\u3000管太多！北市4少亮刀', '文章網址': 'https://www.ptt.cc/bbs/Gossiping/M.1653218656.A.075.html', 'status': '熱烈討論'}]
作業完畢...兩小時後再次執行
DB連接成功
--------------------------------------------------
推噓數更新完畢...分析文章熱門程度
分析完成
--------------------------------------------------
推噓數更新完畢...分析文章熱門程度
取消追蹤 https://www.ptt.cc/bbs/Gossiping/M.1653225036.A.8AA.html
文章無人回應 刪除
不熱門了
分析完成
--------------------------------------------------
推噓數更新完畢...分析文章熱門程度
取消追蹤 https://www.ptt.cc/bbs/HatePolitics/M.1653223989.A.0D3.html
文章無人回應 刪除
不熱門了
分析完成
--------------------------------------------------
推噓數更新完畢...分析文章熱門程度
取消追蹤 https://www.ptt.cc/bbs/Gossiping/M.1653224004.A.382.html
文章無人回應 刪除
不熱門了
分析完成
--------------------------------------------------
推噓數更新完畢...分析文章熱門程度
取消追蹤 https://www.ptt.cc/bbs/Gossiping/M.1653227258.A.3D6.html
文章無人回應 刪除
不熱門了
分析完成
--------------------------------------------------
推噓數更新完畢...分析文章熱門程度
取消追蹤 https://www.ptt.cc/bbs/Gossiping/M.1653224524.A.00C.html
文章無人回應 刪除
不熱門了
分析完成
--------------------------------------------------
推噓數更新完畢...分析文章熱門程度
取消追蹤 https://www.ptt.cc/bbs/Gossiping/M.1653225654.A.3CD.html
文章無人回應 刪除
不熱門了
分析完成
--------------------------------------------------
推噓數更新完畢...分析文章熱門程度
取消追蹤 https://www.ptt.cc/bbs/Gossiping/M.1653226694.A.38B.html
文章無人回應 刪除
不熱門了
分析完成
--------------------------------------------------
推噓數更新完畢...分析文章熱門程度
資料量:  1
ERROR   https://www.ptt.cc/bbs/Gossiping/M.1653232295.A.EBF.html
--------------------------------------------------
推噓數更新完畢...分析文章熱門程度
資料量:  1
ERROR   https://www.ptt.cc/bbs/Baseball/M.1653233867.A.8E3.html
--------------------------------------------------
推播列表 [{'文章標題': '[新聞] 大街拍抖音遭制止\u3000管太多！北市4少亮刀', '文章網址': 'https://www.ptt.cc/bbs/Gossiping/M.1653218656.A.075.html', 'status': '熱烈討論'}]
作業完畢...兩小時後再次執行
DB連接成功
--------------------------------------------------
推噓數更新完畢...分析文章熱門程度
分析完成
--------------------------------------------------
ERROR   https://www.ptt.cc/bbs/Gossiping/M.1653232295.A.EBF.html
--------------------------------------------------
推噓數更新完畢...分析文章熱門程度
取消追蹤 https://www.ptt.cc/bbs/Baseball/M.1653233867.A.8E3.html
文章無人回應 刪除
不熱門了
分析完成
--------------------------------------------------
推噓數更新完畢...分析文章熱門程度
資料量:  1
ERROR   https://www.ptt.cc/bbs/Gossiping/M.1653238251.A.233.html
--------------------------------------------------
推噓數更新完畢...分析文章熱門程度
資料量:  1
ERROR   https://www.ptt.cc/bbs/Gossiping/M.1653237678.A.01D.html
--------------------------------------------------
推播列表 [{'文章標題': '[新聞] 大街拍抖音遭制止\u3000管太多！北市4少亮刀', '文章網址': 'https://www.ptt.cc/bbs/Gossiping/M.1653218656.A.075.html', 'status': '熱烈討論'}]
作業完畢...兩小時後再次執行
DB連接成功
--------------------------------------------------
推噓數更新完畢...分析文章熱門程度
取消追蹤 https://www.ptt.cc/bbs/Gossiping/M.1653218656.A.075.html
文章無人回應 刪除
不熱門了
分析完成
--------------------------------------------------
ERROR   https://www.ptt.cc/bbs/Gossiping/M.1653232295.A.EBF.html
--------------------------------------------------
推噓數更新完畢...分析文章熱門程度
取消追蹤 https://www.ptt.cc/bbs/Gossiping/M.1653238251.A.233.html
文章無人回應 刪除
不熱門了
分析完成
--------------------------------------------------
推噓數更新完畢...分析文章熱門程度
取消追蹤 https://www.ptt.cc/bbs/Gossiping/M.1653237678.A.01D.html
文章無人回應 刪除
不熱門了
分析完成
--------------------------------------------------
推播列表 []
作業完畢...兩小時後再次執行
DB連接成功
--------------------------------------------------
ERROR   https://www.ptt.cc/bbs/Gossiping/M.1653232295.A.EBF.html
--------------------------------------------------
推噓數更新完畢...分析文章熱門程度
資料量:  1
ERROR   https://www.ptt.cc/bbs/Gossiping/M.1653252316.A.F78.html
--------------------------------------------------
推播列表 []
作業完畢...兩小時後再次執行
DB連接成功
--------------------------------------------------
ERROR   https://www.ptt.cc/bbs/Gossiping/M.1653232295.A.EBF.html
--------------------------------------------------
推噓數更新完畢...分析文章熱門程度
分析完成
--------------------------------------------------
推噓數更新完畢...分析文章熱門程度
資料量:  1
ERROR   https://www.ptt.cc/bbs/Gossiping/M.1653262085.A.A3C.html
--------------------------------------------------
推播列表 [{'文章標題': '[問卦] 怎麼沒人抱怨一蘭拉麵要排很久', '文章網址': 'https://www.ptt.cc/bbs/Gossiping/M.1653252316.A.F78.html', 'status': '熱烈討論'}]
作業完畢...兩小時後再次執行
DB連接成功
--------------------------------------------------
ERROR   https://www.ptt.cc/bbs/Gossiping/M.1653232295.A.EBF.html
--------------------------------------------------
推噓數更新完畢...分析文章熱門程度
分析完成
--------------------------------------------------
推噓數更新完畢...分析文章熱門程度
分析完成
--------------------------------------------------
推噓數更新完畢...分析文章熱門程度
資料量:  1
ERROR   https://www.ptt.cc/bbs/Gossiping/M.1653268014.A.879.html
--------------------------------------------------
推噓數更新完畢...分析文章熱門程度
資料量:  1
ERROR   https://www.ptt.cc/bbs/Gossiping/M.1653267945.A.0F5.html
--------------------------------------------------
推播列表 [{'文章標題': '[問卦] 怎麼沒人抱怨一蘭拉麵要排很久', '文章網址': 'https://www.ptt.cc/bbs/Gossiping/M.1653252316.A.F78.html', 'status': '熱烈討論'}, {'文章標題': '[新聞] 基隆爆「停車場之亂」！繳停車費排隊2小', '文章網址': 'https://www.ptt.cc/bbs/Gossiping/M.1653262085.A.A3C.html', 'status': '熱烈討論'}]
作業完畢...兩小時後再次執行
DB連接成功
--------------------------------------------------
ERROR   https://www.ptt.cc/bbs/Gossiping/M.1653232295.A.EBF.html
--------------------------------------------------
推噓數更新完畢...分析文章熱門程度
取消追蹤 https://www.ptt.cc/bbs/Gossiping/M.1653252316.A.F78.html
文章無人回應 刪除
不熱門了
分析完成
--------------------------------------------------
推噓數更新完畢...分析文章熱門程度
分析完成
--------------------------------------------------
推噓數更新完畢...分析文章熱門程度
取消追蹤 https://www.ptt.cc/bbs/Gossiping/M.1653268014.A.879.html
文章無人回應 刪除
不熱門了
分析完成
--------------------------------------------------
推噓數更新完畢...分析文章熱門程度
取消追蹤 https://www.ptt.cc/bbs/Gossiping/M.1653267945.A.0F5.html
文章無人回應 刪除
不熱門了
分析完成
--------------------------------------------------
推噓數更新完畢...分析文章熱門程度
資料量:  1
ERROR   https://www.ptt.cc/bbs/Gossiping/M.1653276161.A.31A.html
--------------------------------------------------
推噓數更新完畢...分析文章熱門程度
資料量:  1
ERROR   https://www.ptt.cc/bbs/Gossiping/M.1653274587.A.0D1.html
--------------------------------------------------
推播列表 [{'文章標題': '[新聞] 基隆爆「停車場之亂」！繳停車費排隊2小', '文章網址': 'https://www.ptt.cc/bbs/Gossiping/M.1653262085.A.A3C.html', 'status': '熱烈討論'}]
作業完畢...兩小時後再次執行
