*******************track.pyday2022_05_25********************
2022-05-25 10:42:41
執行中
DB連接成功
--------------------------------------------------
ERROR   https://www.ptt.cc/bbs/Gossiping/M.1653232295.A.EBF.html
--------------------------------------------------
推噓數更新完畢...分析文章熱門程度
資料量:  1
ERROR   https://www.ptt.cc/bbs/Gossiping/M.1653378463.A.D9C.html
--------------------------------------------------
推噓數更新完畢...分析文章熱門程度
資料量:  1
ERROR   https://www.ptt.cc/bbs/Gossiping/M.1653384915.A.DFF.html
--------------------------------------------------
推噓數更新完畢...分析文章熱門程度
資料量:  1
ERROR   https://www.ptt.cc/bbs/HatePolitics/M.1653385786.A.878.html
--------------------------------------------------
推噓數更新完畢...分析文章熱門程度
資料量:  1
ERROR   https://www.ptt.cc/bbs/Gossiping/M.1653442507.A.DB4.html
--------------------------------------------------
推噓數更新完畢...分析文章熱門程度
資料量:  1
文章目前無人回應
ERROR   https://www.ptt.cc/bbs/Gossiping/M.1653441176.A.F5D.html
--------------------------------------------------
推噓數更新完畢...分析文章熱門程度
資料量:  1
ERROR   https://www.ptt.cc/bbs/HatePolitics/M.1653440350.A.898.html
--------------------------------------------------
推噓數更新完畢...分析文章熱門程度
資料量:  1
ERROR   https://www.ptt.cc/bbs/Gossiping/M.1653443426.A.9BA.html
--------------------------------------------------
推播列表 []
作業完畢...兩小時後再次執行
DB連接成功
--------------------------------------------------
ERROR   https://www.ptt.cc/bbs/Gossiping/M.1653232295.A.EBF.html
--------------------------------------------------
推噓數更新完畢...分析文章熱門程度
取消追蹤 https://www.ptt.cc/bbs/Gossiping/M.1653378463.A.D9C.html
文章無人回應 刪除
不熱門了
分析完成
--------------------------------------------------
推噓數更新完畢...分析文章熱門程度
取消追蹤 https://www.ptt.cc/bbs/Gossiping/M.1653384915.A.DFF.html
文章無人回應 刪除
不熱門了
分析完成
--------------------------------------------------
推噓數更新完畢...分析文章熱門程度
取消追蹤 https://www.ptt.cc/bbs/HatePolitics/M.1653385786.A.878.html
文章無人回應 刪除
不熱門了
分析完成
--------------------------------------------------
推噓數更新完畢...分析文章熱門程度
取消追蹤 https://www.ptt.cc/bbs/Gossiping/M.1653442507.A.DB4.html
文章無人回應 刪除
不熱門了
分析完成
--------------------------------------------------
推噓數更新完畢...分析文章熱門程度
取消追蹤 https://www.ptt.cc/bbs/Gossiping/M.1653441176.A.F5D.html
文章無人回應 刪除
不熱門了
分析完成
--------------------------------------------------
推噓數更新完畢...分析文章熱門程度
分析完成
--------------------------------------------------
推噓數更新完畢...分析文章熱門程度
分析完成
--------------------------------------------------
推噓數更新完畢...分析文章熱門程度
資料量:  1
ERROR   https://www.ptt.cc/bbs/Gossiping/M.1653449233.A.4B8.html
--------------------------------------------------
推噓數更新完畢...分析文章熱門程度
資料量:  1
ERROR   https://www.ptt.cc/bbs/HatePolitics/M.1653450508.A.C66.html
--------------------------------------------------
推噓數更新完畢...分析文章熱門程度
資料量:  1
ERROR   https://www.ptt.cc/bbs/Gossiping/M.1653448981.A.BCB.html
--------------------------------------------------
推噓數更新完畢...分析文章熱門程度
資料量:  1
文章目前無人回應
ERROR   https://www.ptt.cc/bbs/Gossiping/M.1653447391.A.C88.html
--------------------------------------------------
推噓數更新完畢...分析文章熱門程度
資料量:  1
文章目前無人回應
ERROR   https://www.ptt.cc/bbs/HatePolitics/M.1653448642.A.350.html
--------------------------------------------------
推播列表 [{'文章標題': 'Re: [討論] 德州發生恐怖槍擊屠殺事件', '文章網址': 'https://www.ptt.cc/bbs/HatePolitics/M.1653440350.A.898.html', 'state': '熱烈討論'}, {'文章標題': '[新聞] 美德州重大槍擊案！高中生先殺祖母再闖小', '文章網址': 'https://www.ptt.cc/bbs/Gossiping/M.1653443426.A.9BA.html', 'state': '熱烈討論'}]
{'文章標題': 'Re: [討論] 德州發生恐怖槍擊屠殺事件', '文章網址': 'https://www.ptt.cc/bbs/HatePolitics/M.1653440350.A.898.html', 'state': '熱烈討論'}
200
{'文章標題': '[新聞] 美德州重大槍擊案！高中生先殺祖母再闖小', '文章網址': 'https://www.ptt.cc/bbs/Gossiping/M.1653443426.A.9BA.html', 'state': '熱烈討論'}
200
{'文章標題': 'Re: [討論] 德州發生恐怖槍擊屠殺事件', '文章網址': 'https://www.ptt.cc/bbs/HatePolitics/M.1653440350.A.898.html', 'state': '熱烈討論'}
200
{'文章標題': '[新聞] 美德州重大槍擊案！高中生先殺祖母再闖小', '文章網址': 'https://www.ptt.cc/bbs/Gossiping/M.1653443426.A.9BA.html', 'state': '熱烈討論'}
200
作業完畢...兩小時後再次執行
DB連接成功
--------------------------------------------------
ERROR   https://www.ptt.cc/bbs/Gossiping/M.1653232295.A.EBF.html
--------------------------------------------------
推噓數更新完畢...分析文章熱門程度
取消追蹤 https://www.ptt.cc/bbs/HatePolitics/M.1653440350.A.898.html
文章無人回應 刪除
不熱門了
分析完成
--------------------------------------------------
推噓數更新完畢...分析文章熱門程度
取消追蹤 https://www.ptt.cc/bbs/Gossiping/M.1653443426.A.9BA.html
文章無人回應 刪除
不熱門了
分析完成
--------------------------------------------------
推噓數更新完畢...分析文章熱門程度
取消追蹤 https://www.ptt.cc/bbs/Gossiping/M.1653449233.A.4B8.html
文章無人回應 刪除
不熱門了
分析完成
--------------------------------------------------
推噓數更新完畢...分析文章熱門程度
分析完成
--------------------------------------------------
推噓數更新完畢...分析文章熱門程度
取消追蹤 https://www.ptt.cc/bbs/Gossiping/M.1653448981.A.BCB.html
文章無人回應 刪除
不熱門了
分析完成
--------------------------------------------------
推噓數更新完畢...分析文章熱門程度
取消追蹤 https://www.ptt.cc/bbs/Gossiping/M.1653447391.A.C88.html
文章無人回應 刪除
不熱門了
分析完成
--------------------------------------------------
推噓數更新完畢...分析文章熱門程度
取消追蹤 https://www.ptt.cc/bbs/HatePolitics/M.1653448642.A.350.html
文章無人回應 刪除
不熱門了
分析完成
--------------------------------------------------
推噓數更新完畢...分析文章熱門程度
資料量:  1
文章目前無人回應
ERROR   https://www.ptt.cc/bbs/HatePolitics/M.1653456223.A.360.html
--------------------------------------------------
推噓數更新完畢...分析文章熱門程度
資料量:  1
ERROR   https://www.ptt.cc/bbs/Gossiping/M.1653456104.A.8E4.html
--------------------------------------------------
推噓數更新完畢...分析文章熱門程度
資料量:  1
文章目前無人回應
ERROR   https://www.ptt.cc/bbs/Gossiping/M.1653456349.A.575.html
--------------------------------------------------
推噓數更新完畢...分析文章熱門程度
資料量:  1
ERROR   https://www.ptt.cc/bbs/Gossiping/M.1653456976.A.5FA.html
--------------------------------------------------
推噓數更新完畢...分析文章熱門程度
資料量:  1
ERROR   https://www.ptt.cc/bbs/Gossiping/M.1653454928.A.4B8.html
--------------------------------------------------
推噓數更新完畢...分析文章熱門程度
資料量:  1
ERROR   https://www.ptt.cc/bbs/Gossiping/M.1653454334.A.06C.html
--------------------------------------------------
推噓數更新完畢...分析文章熱門程度
資料量:  1
ERROR   https://www.ptt.cc/bbs/Gossiping/M.1653454848.A.689.html
--------------------------------------------------
推噓數更新完畢...分析文章熱門程度
資料量:  1
ERROR   https://www.ptt.cc/bbs/HatePolitics/M.1653454427.A.0B1.html
--------------------------------------------------
推噓數更新完畢...分析文章熱門程度
資料量:  1
ERROR   https://www.ptt.cc/bbs/Gossiping/M.1653455293.A.A21.html
--------------------------------------------------
推噓數更新完畢...分析文章熱門程度
資料量:  1
ERROR   https://www.ptt.cc/bbs/Gossiping/M.1653455354.A.22C.html
--------------------------------------------------
推噓數更新完畢...分析文章熱門程度
資料量:  1
ERROR   https://www.ptt.cc/bbs/Gossiping/M.1653453883.A.585.html
--------------------------------------------------
推噓數更新完畢...分析文章熱門程度
資料量:  1
文章目前無人回應
ERROR   https://www.ptt.cc/bbs/HatePolitics/M.1653457581.A.64C.html
--------------------------------------------------
推噓數更新完畢...分析文章熱門程度
資料量:  1
ERROR   https://www.ptt.cc/bbs/Gossiping/M.1653455899.A.D85.html
--------------------------------------------------
推播列表 [{'文章標題': 'Re: [討論] 苗博雅和周玉蔻對信義分局施壓', '文章網址': 'https://www.ptt.cc/bbs/HatePolitics/M.1653450508.A.C66.html', 'state': '熱烈討論'}]
{'文章標題': 'Re: [討論] 苗博雅和周玉蔻對信義分局施壓', '文章網址': 'https://www.ptt.cc/bbs/HatePolitics/M.1653450508.A.C66.html', 'state': '熱烈討論'}
200
{'文章標題': 'Re: [討論] 苗博雅和周玉蔻對信義分局施壓', '文章網址': 'https://www.ptt.cc/bbs/HatePolitics/M.1653450508.A.C66.html', 'state': '熱烈討論'}
200
作業完畢...兩小時後再次執行
DB連接成功
--------------------------------------------------
ERROR   https://www.ptt.cc/bbs/Gossiping/M.1653232295.A.EBF.html
--------------------------------------------------
推噓數更新完畢...分析文章熱門程度
取消追蹤 https://www.ptt.cc/bbs/HatePolitics/M.1653450508.A.C66.html
文章無人回應 刪除
不熱門了
分析完成
--------------------------------------------------
推噓數更新完畢...分析文章熱門程度
取消追蹤 https://www.ptt.cc/bbs/HatePolitics/M.1653456223.A.360.html
文章無人回應 刪除
不熱門了
分析完成
--------------------------------------------------
推噓數更新完畢...分析文章熱門程度
分析完成
--------------------------------------------------
推噓數更新完畢...分析文章熱門程度
取消追蹤 https://www.ptt.cc/bbs/Gossiping/M.1653456349.A.575.html
文章無人回應 刪除
不熱門了
分析完成
--------------------------------------------------
推噓數更新完畢...分析文章熱門程度
分析完成
--------------------------------------------------
推噓數更新完畢...分析文章熱門程度
取消追蹤 https://www.ptt.cc/bbs/Gossiping/M.1653454928.A.4B8.html
文章無人回應 刪除
不熱門了
分析完成
--------------------------------------------------
推噓數更新完畢...分析文章熱門程度
取消追蹤 https://www.ptt.cc/bbs/Gossiping/M.1653454334.A.06C.html
文章無人回應 刪除
不熱門了
分析完成
--------------------------------------------------
推噓數更新完畢...分析文章熱門程度
取消追蹤 https://www.ptt.cc/bbs/Gossiping/M.1653454848.A.689.html
文章無人回應 刪除
不熱門了
分析完成
--------------------------------------------------
推噓數更新完畢...分析文章熱門程度
分析完成
--------------------------------------------------
推噓數更新完畢...分析文章熱門程度
取消追蹤 https://www.ptt.cc/bbs/Gossiping/M.1653455293.A.A21.html
文章無人回應 刪除
不熱門了
分析完成
--------------------------------------------------
推噓數更新完畢...分析文章熱門程度
分析完成
--------------------------------------------------
推噓數更新完畢...分析文章熱門程度
分析完成
--------------------------------------------------
推噓數更新完畢...分析文章熱門程度
取消追蹤 https://www.ptt.cc/bbs/HatePolitics/M.1653457581.A.64C.html
文章無人回應 刪除
不熱門了
分析完成
--------------------------------------------------
推噓數更新完畢...分析文章熱門程度
取消追蹤 https://www.ptt.cc/bbs/Gossiping/M.1653455899.A.D85.html
文章無人回應 刪除
不熱門了
分析完成
--------------------------------------------------
推噓數更新完畢...分析文章熱門程度
資料量:  1
文章目前無人回應
ERROR   https://www.ptt.cc/bbs/Gossiping/M.1653464010.A.0D1.html
--------------------------------------------------
推噓數更新完畢...分析文章熱門程度
資料量:  1
文章目前無人回應
ERROR   https://www.ptt.cc/bbs/HatePolitics/M.1653464026.A.D68.html
--------------------------------------------------
推噓數更新完畢...分析文章熱門程度
資料量:  1
ERROR   https://www.ptt.cc/bbs/Gossiping/M.1653462728.A.70B.html
--------------------------------------------------
推噓數更新完畢...分析文章熱門程度
資料量:  1
ERROR   https://www.ptt.cc/bbs/HatePolitics/M.1653465303.A.C0A.html
--------------------------------------------------
推噓數更新完畢...分析文章熱門程度
資料量:  1
ERROR   https://www.ptt.cc/bbs/Gossiping/M.1653465184.A.52C.html
--------------------------------------------------
推播列表 [{'文章標題': '[新聞] 天虹科技副總撞死騎士！警高官陪作筆錄\u3000', '文章網址': 'https://www.ptt.cc/bbs/Gossiping/M.1653456104.A.8E4.html', 'state': '熱烈討論'}, {'文章標題': 'Re: [新聞] 天虹科技副總撞死騎士！警高官陪作筆錄\u3000', '文章網址': 'https://www.ptt.cc/bbs/Gossiping/M.1653456976.A.5FA.html', 'state': '熱烈討論'}, {'文章標題': 'Re: [討論] 德州發生恐怖槍擊屠殺事件', '文章網址': 'https://www.ptt.cc/bbs/HatePolitics/M.1653454427.A.0B1.html', 'state': '熱烈討論'}, {'文章標題': '[新聞] 天虹科技副總撞死騎士！「害命3寶」竟甩', '文章網址': 'https://www.ptt.cc/bbs/Gossiping/M.1653455354.A.22C.html', 'state': '熱烈討論'}, {'文章標題': 'Re: [問卦] 美國為何還不廢除合法擁槍？', '文章網址': 'https://www.ptt.cc/bbs/Gossiping/M.1653453883.A.585.html', 'state': '熱烈討論'}]
{'文章標題': '[新聞] 天虹科技副總撞死騎士！警高官陪作筆錄\u3000', '文章網址': 'https://www.ptt.cc/bbs/Gossiping/M.1653456104.A.8E4.html', 'state': '熱烈討論'}
200
{'文章標題': 'Re: [新聞] 天虹科技副總撞死騎士！警高官陪作筆錄\u3000', '文章網址': 'https://www.ptt.cc/bbs/Gossiping/M.1653456976.A.5FA.html', 'state': '熱烈討論'}
200
{'文章標題': 'Re: [討論] 德州發生恐怖槍擊屠殺事件', '文章網址': 'https://www.ptt.cc/bbs/HatePolitics/M.1653454427.A.0B1.html', 'state': '熱烈討論'}
200
{'文章標題': '[新聞] 天虹科技副總撞死騎士！「害命3寶」竟甩', '文章網址': 'https://www.ptt.cc/bbs/Gossiping/M.1653455354.A.22C.html', 'state': '熱烈討論'}
200
{'文章標題': 'Re: [問卦] 美國為何還不廢除合法擁槍？', '文章網址': 'https://www.ptt.cc/bbs/Gossiping/M.1653453883.A.585.html', 'state': '熱烈討論'}
200
{'文章標題': '[新聞] 天虹科技副總撞死騎士！警高官陪作筆錄\u3000', '文章網址': 'https://www.ptt.cc/bbs/Gossiping/M.1653456104.A.8E4.html', 'state': '熱烈討論'}
200
{'文章標題': 'Re: [新聞] 天虹科技副總撞死騎士！警高官陪作筆錄\u3000', '文章網址': 'https://www.ptt.cc/bbs/Gossiping/M.1653456976.A.5FA.html', 'state': '熱烈討論'}
200
{'文章標題': 'Re: [討論] 德州發生恐怖槍擊屠殺事件', '文章網址': 'https://www.ptt.cc/bbs/HatePolitics/M.1653454427.A.0B1.html', 'state': '熱烈討論'}
200
{'文章標題': '[新聞] 天虹科技副總撞死騎士！「害命3寶」竟甩', '文章網址': 'https://www.ptt.cc/bbs/Gossiping/M.1653455354.A.22C.html', 'state': '熱烈討論'}
200
{'文章標題': 'Re: [問卦] 美國為何還不廢除合法擁槍？', '文章網址': 'https://www.ptt.cc/bbs/Gossiping/M.1653453883.A.585.html', 'state': '熱烈討論'}
200
作業完畢...兩小時後再次執行
DB連接成功
--------------------------------------------------
ERROR   https://www.ptt.cc/bbs/Gossiping/M.1653232295.A.EBF.html
--------------------------------------------------
推噓數更新完畢...分析文章熱門程度
分析完成
--------------------------------------------------
推噓數更新完畢...分析文章熱門程度
分析完成
--------------------------------------------------
推噓數更新完畢...分析文章熱門程度
取消追蹤 https://www.ptt.cc/bbs/HatePolitics/M.1653454427.A.0B1.html
文章無人回應 刪除
不熱門了
分析完成
--------------------------------------------------
推噓數更新完畢...分析文章熱門程度
分析完成
--------------------------------------------------
推噓數更新完畢...分析文章熱門程度
取消追蹤 https://www.ptt.cc/bbs/Gossiping/M.1653453883.A.585.html
文章無人回應 刪除
不熱門了
分析完成
--------------------------------------------------
推噓數更新完畢...分析文章熱門程度
取消追蹤 https://www.ptt.cc/bbs/Gossiping/M.1653464010.A.0D1.html
文章無人回應 刪除
不熱門了
分析完成
--------------------------------------------------
推噓數更新完畢...分析文章熱門程度
取消追蹤 https://www.ptt.cc/bbs/HatePolitics/M.1653464026.A.D68.html
文章無人回應 刪除
不熱門了
分析完成
--------------------------------------------------
推噓數更新完畢...分析文章熱門程度
分析完成
--------------------------------------------------
推噓數更新完畢...分析文章熱門程度
取消追蹤 https://www.ptt.cc/bbs/HatePolitics/M.1653465303.A.C0A.html
文章無人回應 刪除
不熱門了
分析完成
--------------------------------------------------
推噓數更新完畢...分析文章熱門程度
取消追蹤 https://www.ptt.cc/bbs/Gossiping/M.1653465184.A.52C.html
文章無人回應 刪除
不熱門了
分析完成
--------------------------------------------------
推噓數更新完畢...分析文章熱門程度
資料量:  1
ERROR   https://www.ptt.cc/bbs/Baseball/M.1653470087.A.A9D.html
--------------------------------------------------
推噓數更新完畢...分析文章熱門程度
資料量:  1
ERROR   https://www.ptt.cc/bbs/Gossiping/M.1653472116.A.17D.html
--------------------------------------------------
推噓數更新完畢...分析文章熱門程度
資料量:  1
ERROR   https://www.ptt.cc/bbs/HatePolitics/M.1653470890.A.6C7.html
--------------------------------------------------
推噓數更新完畢...分析文章熱門程度
資料量:  1
文章目前無人回應
ERROR   https://www.ptt.cc/bbs/Gossiping/M.1653468290.A.84D.html
--------------------------------------------------
推噓數更新完畢...分析文章熱門程度
資料量:  1
文章目前無人回應
ERROR   https://www.ptt.cc/bbs/Gossiping/M.1653472694.A.2CB.html
--------------------------------------------------
推噓數更新完畢...分析文章熱門程度
資料量:  1
ERROR   https://www.ptt.cc/bbs/Baseball/M.1653472293.A.9F0.html
--------------------------------------------------
推噓數更新完畢...分析文章熱門程度
資料量:  1
ERROR   https://www.ptt.cc/bbs/Baseball/M.1653472186.A.6F2.html
--------------------------------------------------
推噓數更新完畢...分析文章熱門程度
資料量:  1
ERROR   https://www.ptt.cc/bbs/Baseball/M.1653470079.A.F62.html
--------------------------------------------------
推播列表 [{'文章標題': '[新聞] 天虹科技副總撞死騎士！警高官陪作筆錄\u3000', '文章網址': 'https://www.ptt.cc/bbs/Gossiping/M.1653456104.A.8E4.html', 'state': '熱烈討論'}, {'文章標題': 'Re: [新聞] 天虹科技副總撞死騎士！警高官陪作筆錄\u3000', '文章網址': 'https://www.ptt.cc/bbs/Gossiping/M.1653456976.A.5FA.html', 'state': '熱烈討論'}, {'文章標題': '[新聞] 天虹科技副總撞死騎士！「害命3寶」竟甩', '文章網址': 'https://www.ptt.cc/bbs/Gossiping/M.1653455354.A.22C.html', 'state': '熱烈討論'}, {'文章標題': '[新聞] 死亡車禍問家屬自殺傾向是SOP？分局長還', '文章網址': 'https://www.ptt.cc/bbs/Gossiping/M.1653462728.A.70B.html', 'state': '熱烈討論'}]
{'文章標題': '[新聞] 天虹科技副總撞死騎士！警高官陪作筆錄\u3000', '文章網址': 'https://www.ptt.cc/bbs/Gossiping/M.1653456104.A.8E4.html', 'state': '熱烈討論'}
200
{'文章標題': 'Re: [新聞] 天虹科技副總撞死騎士！警高官陪作筆錄\u3000', '文章網址': 'https://www.ptt.cc/bbs/Gossiping/M.1653456976.A.5FA.html', 'state': '熱烈討論'}
200
{'文章標題': '[新聞] 天虹科技副總撞死騎士！「害命3寶」竟甩', '文章網址': 'https://www.ptt.cc/bbs/Gossiping/M.1653455354.A.22C.html', 'state': '熱烈討論'}
200
{'文章標題': '[新聞] 死亡車禍問家屬自殺傾向是SOP？分局長還', '文章網址': 'https://www.ptt.cc/bbs/Gossiping/M.1653462728.A.70B.html', 'state': '熱烈討論'}
200
{'文章標題': '[新聞] 天虹科技副總撞死騎士！警高官陪作筆錄\u3000', '文章網址': 'https://www.ptt.cc/bbs/Gossiping/M.1653456104.A.8E4.html', 'state': '熱烈討論'}
200
{'文章標題': 'Re: [新聞] 天虹科技副總撞死騎士！警高官陪作筆錄\u3000', '文章網址': 'https://www.ptt.cc/bbs/Gossiping/M.1653456976.A.5FA.html', 'state': '熱烈討論'}
200
{'文章標題': '[新聞] 天虹科技副總撞死騎士！「害命3寶」竟甩', '文章網址': 'https://www.ptt.cc/bbs/Gossiping/M.1653455354.A.22C.html', 'state': '熱烈討論'}
200
{'文章標題': '[新聞] 死亡車禍問家屬自殺傾向是SOP？分局長還', '文章網址': 'https://www.ptt.cc/bbs/Gossiping/M.1653462728.A.70B.html', 'state': '熱烈討論'}
200
作業完畢...兩小時後再次執行
DB連接成功
--------------------------------------------------
ERROR   https://www.ptt.cc/bbs/Gossiping/M.1653232295.A.EBF.html
--------------------------------------------------
推噓數更新完畢...分析文章熱門程度
分析完成
--------------------------------------------------
推噓數更新完畢...分析文章熱門程度
分析完成
--------------------------------------------------
推噓數更新完畢...分析文章熱門程度
分析完成
--------------------------------------------------
推噓數更新完畢...分析文章熱門程度
分析完成
--------------------------------------------------
推噓數更新完畢...分析文章熱門程度
取消追蹤 https://www.ptt.cc/bbs/Baseball/M.1653470087.A.A9D.html
文章無人回應 刪除
不熱門了
分析完成
--------------------------------------------------
推噓數更新完畢...分析文章熱門程度
取消追蹤 https://www.ptt.cc/bbs/Gossiping/M.1653472116.A.17D.html
文章無人回應 刪除
不熱門了
分析完成
--------------------------------------------------
推噓數更新完畢...分析文章熱門程度
取消追蹤 https://www.ptt.cc/bbs/HatePolitics/M.1653470890.A.6C7.html
文章無人回應 刪除
不熱門了
分析完成
--------------------------------------------------
推噓數更新完畢...分析文章熱門程度
取消追蹤 https://www.ptt.cc/bbs/Gossiping/M.1653468290.A.84D.html
文章無人回應 刪除
不熱門了
分析完成
--------------------------------------------------
推噓數更新完畢...分析文章熱門程度
取消追蹤 https://www.ptt.cc/bbs/Gossiping/M.1653472694.A.2CB.html
文章無人回應 刪除
不熱門了
分析完成
--------------------------------------------------
推噓數更新完畢...分析文章熱門程度
取消追蹤 https://www.ptt.cc/bbs/Baseball/M.1653472293.A.9F0.html
文章無人回應 刪除
不熱門了
分析完成
--------------------------------------------------
推噓數更新完畢...分析文章熱門程度
分析完成
--------------------------------------------------
推噓數更新完畢...分析文章熱門程度
分析完成
--------------------------------------------------
推噓數更新完畢...分析文章熱門程度
資料量:  1
ERROR   https://www.ptt.cc/bbs/Gossiping/M.1653476598.A.FA0.html
--------------------------------------------------
推噓數更新完畢...分析文章熱門程度
資料量:  1
ERROR   https://www.ptt.cc/bbs/Gossiping/M.1653476277.A.116.html
--------------------------------------------------
推噓數更新完畢...分析文章熱門程度
資料量:  1
ERROR   https://www.ptt.cc/bbs/Gossiping/M.1653479525.A.901.html
--------------------------------------------------
推噓數更新完畢...分析文章熱門程度
資料量:  1
文章目前無人回應
ERROR   https://www.ptt.cc/bbs/Gossiping/M.1653477495.A.92A.html
--------------------------------------------------
推播列表 [{'文章標題': '[新聞] 天虹科技副總撞死騎士！警高官陪作筆錄\u3000', '文章網址': 'https://www.ptt.cc/bbs/Gossiping/M.1653456104.A.8E4.html', 'state': '熱烈討論'}, {'文章標題': 'Re: [新聞] 天虹科技副總撞死騎士！警高官陪作筆錄\u3000', '文章網址': 'https://www.ptt.cc/bbs/Gossiping/M.1653456976.A.5FA.html', 'state': '熱烈討論'}, {'文章標題': '[新聞] 天虹科技副總撞死騎士！「害命3寶」竟甩', '文章網址': 'https://www.ptt.cc/bbs/Gossiping/M.1653455354.A.22C.html', 'state': '熱烈討論'}, {'文章標題': '[新聞] 死亡車禍問家屬自殺傾向是SOP？分局長還', '文章網址': 'https://www.ptt.cc/bbs/Gossiping/M.1653462728.A.70B.html', 'state': '熱烈討論'}, {'文章標題': '[新聞] 古林睿煬被影射打假球 經紀公司決定對3名', '文章網址': 'https://www.ptt.cc/bbs/Baseball/M.1653472186.A.6F2.html', 'state': '熱烈討論'}, {'文章標題': '[新聞] 不忍了！古林睿煬遭影射放水 確定對3人提告', '文章網址': 'https://www.ptt.cc/bbs/Baseball/M.1653470079.A.F62.html', 'state': '熱烈討論'}]
{'文章標題': '[新聞] 天虹科技副總撞死騎士！警高官陪作筆錄\u3000', '文章網址': 'https://www.ptt.cc/bbs/Gossiping/M.1653456104.A.8E4.html', 'state': '熱烈討論'}
200
{'文章標題': 'Re: [新聞] 天虹科技副總撞死騎士！警高官陪作筆錄\u3000', '文章網址': 'https://www.ptt.cc/bbs/Gossiping/M.1653456976.A.5FA.html', 'state': '熱烈討論'}
200
{'文章標題': '[新聞] 天虹科技副總撞死騎士！「害命3寶」竟甩', '文章網址': 'https://www.ptt.cc/bbs/Gossiping/M.1653455354.A.22C.html', 'state': '熱烈討論'}
200
{'文章標題': '[新聞] 死亡車禍問家屬自殺傾向是SOP？分局長還', '文章網址': 'https://www.ptt.cc/bbs/Gossiping/M.1653462728.A.70B.html', 'state': '熱烈討論'}
200
{'文章標題': '[新聞] 古林睿煬被影射打假球 經紀公司決定對3名', '文章網址': 'https://www.ptt.cc/bbs/Baseball/M.1653472186.A.6F2.html', 'state': '熱烈討論'}
200
{'文章標題': '[新聞] 不忍了！古林睿煬遭影射放水 確定對3人提告', '文章網址': 'https://www.ptt.cc/bbs/Baseball/M.1653470079.A.F62.html', 'state': '熱烈討論'}
200
{'文章標題': '[新聞] 天虹科技副總撞死騎士！警高官陪作筆錄\u3000', '文章網址': 'https://www.ptt.cc/bbs/Gossiping/M.1653456104.A.8E4.html', 'state': '熱烈討論'}
200
{'文章標題': 'Re: [新聞] 天虹科技副總撞死騎士！警高官陪作筆錄\u3000', '文章網址': 'https://www.ptt.cc/bbs/Gossiping/M.1653456976.A.5FA.html', 'state': '熱烈討論'}
200
{'文章標題': '[新聞] 天虹科技副總撞死騎士！「害命3寶」竟甩', '文章網址': 'https://www.ptt.cc/bbs/Gossiping/M.1653455354.A.22C.html', 'state': '熱烈討論'}
200
{'文章標題': '[新聞] 死亡車禍問家屬自殺傾向是SOP？分局長還', '文章網址': 'https://www.ptt.cc/bbs/Gossiping/M.1653462728.A.70B.html', 'state': '熱烈討論'}
200
{'文章標題': '[新聞] 古林睿煬被影射打假球 經紀公司決定對3名', '文章網址': 'https://www.ptt.cc/bbs/Baseball/M.1653472186.A.6F2.html', 'state': '熱烈討論'}
200
{'文章標題': '[新聞] 不忍了！古林睿煬遭影射放水 確定對3人提告', '文章網址': 'https://www.ptt.cc/bbs/Baseball/M.1653470079.A.F62.html', 'state': '熱烈討論'}
200
作業完畢...兩小時後再次執行
DB連接成功
--------------------------------------------------
ERROR   https://www.ptt.cc/bbs/Gossiping/M.1653232295.A.EBF.html
--------------------------------------------------
推噓數更新完畢...分析文章熱門程度
分析完成
--------------------------------------------------
推噓數更新完畢...分析文章熱門程度
分析完成
--------------------------------------------------
推噓數更新完畢...分析文章熱門程度
取消追蹤 https://www.ptt.cc/bbs/Gossiping/M.1653455354.A.22C.html
文章無人回應 刪除
不熱門了
分析完成
--------------------------------------------------
推噓數更新完畢...分析文章熱門程度
分析完成
--------------------------------------------------
推噓數更新完畢...分析文章熱門程度
分析完成
--------------------------------------------------
推噓數更新完畢...分析文章熱門程度
取消追蹤 https://www.ptt.cc/bbs/Baseball/M.1653470079.A.F62.html
文章無人回應 刪除
不熱門了
分析完成
--------------------------------------------------
推噓數更新完畢...分析文章熱門程度
分析完成
--------------------------------------------------
推噓數更新完畢...分析文章熱門程度
取消追蹤 https://www.ptt.cc/bbs/Gossiping/M.1653476277.A.116.html
文章無人回應 刪除
不熱門了
分析完成
--------------------------------------------------
推噓數更新完畢...分析文章熱門程度
分析完成
--------------------------------------------------
推噓數更新完畢...分析文章熱門程度
取消追蹤 https://www.ptt.cc/bbs/Gossiping/M.1653477495.A.92A.html
文章無人回應 刪除
不熱門了
分析完成
--------------------------------------------------
推噓數更新完畢...分析文章熱門程度
資料量:  1
文章目前無人回應
ERROR   https://www.ptt.cc/bbs/C_Chat/M.1653486614.A.839.html
--------------------------------------------------
推噓數更新完畢...分析文章熱門程度
資料量:  1
ERROR   https://www.ptt.cc/bbs/Gossiping/M.1653486082.A.EA0.html
--------------------------------------------------
推噓數更新完畢...分析文章熱門程度
資料量:  1
ERROR   https://www.ptt.cc/bbs/Gossiping/M.1653485385.A.8C2.html
--------------------------------------------------
推噓數更新完畢...分析文章熱門程度
資料量:  1
ERROR   https://www.ptt.cc/bbs/HatePolitics/M.1653486465.A.EBE.html
--------------------------------------------------
推播列表 [{'文章標題': '[新聞] 天虹科技副總撞死騎士！警高官陪作筆錄\u3000', '文章網址': 'https://www.ptt.cc/bbs/Gossiping/M.1653456104.A.8E4.html', 'state': '熱烈討論'}, {'文章標題': 'Re: [新聞] 天虹科技副總撞死騎士！警高官陪作筆錄\u3000', '文章網址': 'https://www.ptt.cc/bbs/Gossiping/M.1653456976.A.5FA.html', 'state': '熱烈討論'}, {'文章標題': '[新聞] 死亡車禍問家屬自殺傾向是SOP？分局長還', '文章網址': 'https://www.ptt.cc/bbs/Gossiping/M.1653462728.A.70B.html', 'state': '熱烈討論'}, {'文章標題': '[新聞] 古林睿煬被影射打假球 經紀公司決定對3名', '文章網址': 'https://www.ptt.cc/bbs/Baseball/M.1653472186.A.6F2.html', 'state': '熱烈討論'}, {'文章標題': '[新聞] 天虹副總果然很夠力！撞死騎士分局長陪', '文章網址': 'https://www.ptt.cc/bbs/Gossiping/M.1653476598.A.FA0.html', 'state': '熱烈討論'}, {'文章標題': '[新聞] 有家暴令仍無法自救\u3000逆孫打死88歲阿嬤！檢方聲押', '文章網址': 'https://www.ptt.cc/bbs/Gossiping/M.1653479525.A.901.html', 'state': '熱烈討論'}]
{'文章標題': '[新聞] 天虹科技副總撞死騎士！警高官陪作筆錄\u3000', '文章網址': 'https://www.ptt.cc/bbs/Gossiping/M.1653456104.A.8E4.html', 'state': '熱烈討論'}
200
{'文章標題': 'Re: [新聞] 天虹科技副總撞死騎士！警高官陪作筆錄\u3000', '文章網址': 'https://www.ptt.cc/bbs/Gossiping/M.1653456976.A.5FA.html', 'state': '熱烈討論'}
200
{'文章標題': '[新聞] 死亡車禍問家屬自殺傾向是SOP？分局長還', '文章網址': 'https://www.ptt.cc/bbs/Gossiping/M.1653462728.A.70B.html', 'state': '熱烈討論'}
200
{'文章標題': '[新聞] 古林睿煬被影射打假球 經紀公司決定對3名', '文章網址': 'https://www.ptt.cc/bbs/Baseball/M.1653472186.A.6F2.html', 'state': '熱烈討論'}
200
{'文章標題': '[新聞] 天虹副總果然很夠力！撞死騎士分局長陪', '文章網址': 'https://www.ptt.cc/bbs/Gossiping/M.1653476598.A.FA0.html', 'state': '熱烈討論'}
200
{'文章標題': '[新聞] 有家暴令仍無法自救\u3000逆孫打死88歲阿嬤！檢方聲押', '文章網址': 'https://www.ptt.cc/bbs/Gossiping/M.1653479525.A.901.html', 'state': '熱烈討論'}
200
{'文章標題': '[新聞] 天虹科技副總撞死騎士！警高官陪作筆錄\u3000', '文章網址': 'https://www.ptt.cc/bbs/Gossiping/M.1653456104.A.8E4.html', 'state': '熱烈討論'}
200
{'文章標題': 'Re: [新聞] 天虹科技副總撞死騎士！警高官陪作筆錄\u3000', '文章網址': 'https://www.ptt.cc/bbs/Gossiping/M.1653456976.A.5FA.html', 'state': '熱烈討論'}
200
{'文章標題': '[新聞] 死亡車禍問家屬自殺傾向是SOP？分局長還', '文章網址': 'https://www.ptt.cc/bbs/Gossiping/M.1653462728.A.70B.html', 'state': '熱烈討論'}
200
{'文章標題': '[新聞] 古林睿煬被影射打假球 經紀公司決定對3名', '文章網址': 'https://www.ptt.cc/bbs/Baseball/M.1653472186.A.6F2.html', 'state': '熱烈討論'}
200
{'文章標題': '[新聞] 天虹副總果然很夠力！撞死騎士分局長陪', '文章網址': 'https://www.ptt.cc/bbs/Gossiping/M.1653476598.A.FA0.html', 'state': '熱烈討論'}
200
{'文章標題': '[新聞] 有家暴令仍無法自救\u3000逆孫打死88歲阿嬤！檢方聲押', '文章網址': 'https://www.ptt.cc/bbs/Gossiping/M.1653479525.A.901.html', 'state': '熱烈討論'}
200
作業完畢...兩小時後再次執行
DB連接成功
--------------------------------------------------
ERROR   https://www.ptt.cc/bbs/Gossiping/M.1653232295.A.EBF.html
--------------------------------------------------
推噓數更新完畢...分析文章熱門程度
分析完成
--------------------------------------------------
推噓數更新完畢...分析文章熱門程度
分析完成
--------------------------------------------------
推噓數更新完畢...分析文章熱門程度
分析完成
--------------------------------------------------
推噓數更新完畢...分析文章熱門程度
取消追蹤 https://www.ptt.cc/bbs/Baseball/M.1653472186.A.6F2.html
文章無人回應 刪除
不熱門了
分析完成
--------------------------------------------------
推噓數更新完畢...分析文章熱門程度
分析完成
--------------------------------------------------
推噓數更新完畢...分析文章熱門程度
分析完成
--------------------------------------------------
推噓數更新完畢...分析文章熱門程度
取消追蹤 https://www.ptt.cc/bbs/C_Chat/M.1653486614.A.839.html
文章無人回應 刪除
不熱門了
分析完成
--------------------------------------------------
推噓數更新完畢...分析文章熱門程度
取消追蹤 https://www.ptt.cc/bbs/Gossiping/M.1653486082.A.EA0.html
文章無人回應 刪除
不熱門了
分析完成
--------------------------------------------------
推噓數更新完畢...分析文章熱門程度
取消追蹤 https://www.ptt.cc/bbs/Gossiping/M.1653485385.A.8C2.html
文章無人回應 刪除
不熱門了
分析完成
--------------------------------------------------
推噓數更新完畢...分析文章熱門程度
取消追蹤 https://www.ptt.cc/bbs/HatePolitics/M.1653486465.A.EBE.html
文章無人回應 刪除
不熱門了
分析完成
--------------------------------------------------
推噓數更新完畢...分析文章熱門程度
資料量:  1
ERROR   https://www.ptt.cc/bbs/HatePolitics/M.1653492890.A.CF0.html
--------------------------------------------------
推噓數更新完畢...分析文章熱門程度
資料量:  1
文章目前無人回應
ERROR   https://www.ptt.cc/bbs/C_Chat/M.1653491626.A.E79.html
--------------------------------------------------
推噓數更新完畢...分析文章熱門程度
資料量:  1
文章目前無人回應
ERROR   https://www.ptt.cc/bbs/Gossiping/M.1653490646.A.284.html
--------------------------------------------------
推噓數更新完畢...分析文章熱門程度
資料量:  1
ERROR   https://www.ptt.cc/bbs/Gossiping/M.1653489992.A.B85.html
--------------------------------------------------
推噓數更新完畢...分析文章熱門程度
資料量:  1
ERROR   https://www.ptt.cc/bbs/HatePolitics/M.1653491236.A.289.html
--------------------------------------------------
推噓數更新完畢...分析文章熱門程度
資料量:  1
ERROR   https://www.ptt.cc/bbs/Gossiping/M.1653493244.A.AF7.html
--------------------------------------------------
推播列表 [{'文章標題': '[新聞] 天虹科技副總撞死騎士！警高官陪作筆錄\u3000', '文章網址': 'https://www.ptt.cc/bbs/Gossiping/M.1653456104.A.8E4.html', 'state': '熱烈討論'}, {'文章標題': 'Re: [新聞] 天虹科技副總撞死騎士！警高官陪作筆錄\u3000', '文章網址': 'https://www.ptt.cc/bbs/Gossiping/M.1653456976.A.5FA.html', 'state': '熱烈討論'}, {'文章標題': '[新聞] 死亡車禍問家屬自殺傾向是SOP？分局長還', '文章網址': 'https://www.ptt.cc/bbs/Gossiping/M.1653462728.A.70B.html', 'state': '熱烈討論'}, {'文章標題': '[新聞] 天虹副總果然很夠力！撞死騎士分局長陪', '文章網址': 'https://www.ptt.cc/bbs/Gossiping/M.1653476598.A.FA0.html', 'state': '熱烈討論'}, {'文章標題': '[新聞] 有家暴令仍無法自救\u3000逆孫打死88歲阿嬤！檢方聲押', '文章網址': 'https://www.ptt.cc/bbs/Gossiping/M.1653479525.A.901.html', 'state': '熱烈討論'}]
{'文章標題': '[新聞] 天虹科技副總撞死騎士！警高官陪作筆錄\u3000', '文章網址': 'https://www.ptt.cc/bbs/Gossiping/M.1653456104.A.8E4.html', 'state': '熱烈討論'}
200
{'文章標題': 'Re: [新聞] 天虹科技副總撞死騎士！警高官陪作筆錄\u3000', '文章網址': 'https://www.ptt.cc/bbs/Gossiping/M.1653456976.A.5FA.html', 'state': '熱烈討論'}
200
{'文章標題': '[新聞] 死亡車禍問家屬自殺傾向是SOP？分局長還', '文章網址': 'https://www.ptt.cc/bbs/Gossiping/M.1653462728.A.70B.html', 'state': '熱烈討論'}
200
{'文章標題': '[新聞] 天虹副總果然很夠力！撞死騎士分局長陪', '文章網址': 'https://www.ptt.cc/bbs/Gossiping/M.1653476598.A.FA0.html', 'state': '熱烈討論'}
200
{'文章標題': '[新聞] 有家暴令仍無法自救\u3000逆孫打死88歲阿嬤！檢方聲押', '文章網址': 'https://www.ptt.cc/bbs/Gossiping/M.1653479525.A.901.html', 'state': '熱烈討論'}
200
{'文章標題': '[新聞] 天虹科技副總撞死騎士！警高官陪作筆錄\u3000', '文章網址': 'https://www.ptt.cc/bbs/Gossiping/M.1653456104.A.8E4.html', 'state': '熱烈討論'}
200
{'文章標題': 'Re: [新聞] 天虹科技副總撞死騎士！警高官陪作筆錄\u3000', '文章網址': 'https://www.ptt.cc/bbs/Gossiping/M.1653456976.A.5FA.html', 'state': '熱烈討論'}
200
{'文章標題': '[新聞] 死亡車禍問家屬自殺傾向是SOP？分局長還', '文章網址': 'https://www.ptt.cc/bbs/Gossiping/M.1653462728.A.70B.html', 'state': '熱烈討論'}
200
{'文章標題': '[新聞] 天虹副總果然很夠力！撞死騎士分局長陪', '文章網址': 'https://www.ptt.cc/bbs/Gossiping/M.1653476598.A.FA0.html', 'state': '熱烈討論'}
200
{'文章標題': '[新聞] 有家暴令仍無法自救\u3000逆孫打死88歲阿嬤！檢方聲押', '文章網址': 'https://www.ptt.cc/bbs/Gossiping/M.1653479525.A.901.html', 'state': '熱烈討論'}
200
作業完畢...兩小時後再次執行
DB連接成功
--------------------------------------------------
ERROR   https://www.ptt.cc/bbs/Gossiping/M.1653232295.A.EBF.html
--------------------------------------------------
推噓數更新完畢...分析文章熱門程度
取消追蹤 https://www.ptt.cc/bbs/Gossiping/M.1653456104.A.8E4.html
文章無人回應 刪除
不熱門了
分析完成
--------------------------------------------------
推噓數更新完畢...分析文章熱門程度
分析完成
--------------------------------------------------
推噓數更新完畢...分析文章熱門程度
取消追蹤 https://www.ptt.cc/bbs/Gossiping/M.1653462728.A.70B.html
文章無人回應 刪除
不熱門了
分析完成
--------------------------------------------------
推噓數更新完畢...分析文章熱門程度
分析完成
--------------------------------------------------
推噓數更新完畢...分析文章熱門程度
取消追蹤 https://www.ptt.cc/bbs/Gossiping/M.1653479525.A.901.html
文章無人回應 刪除
不熱門了
分析完成
--------------------------------------------------
推噓數更新完畢...分析文章熱門程度
分析完成
--------------------------------------------------
推噓數更新完畢...分析文章熱門程度
取消追蹤 https://www.ptt.cc/bbs/C_Chat/M.1653491626.A.E79.html
文章無人回應 刪除
不熱門了
分析完成
--------------------------------------------------
推噓數更新完畢...分析文章熱門程度
取消追蹤 https://www.ptt.cc/bbs/Gossiping/M.1653490646.A.284.html
文章無人回應 刪除
不熱門了
分析完成
--------------------------------------------------
推噓數更新完畢...分析文章熱門程度
取消追蹤 https://www.ptt.cc/bbs/Gossiping/M.1653489992.A.B85.html
文章無人回應 刪除
不熱門了
分析完成
--------------------------------------------------
推噓數更新完畢...分析文章熱門程度
取消追蹤 https://www.ptt.cc/bbs/HatePolitics/M.1653491236.A.289.html
文章無人回應 刪除
不熱門了
分析完成
--------------------------------------------------
推噓數更新完畢...分析文章熱門程度
取消追蹤 https://www.ptt.cc/bbs/Gossiping/M.1653493244.A.AF7.html
文章無人回應 刪除
不熱門了
分析完成
--------------------------------------------------
推噓數更新完畢...分析文章熱門程度
資料量:  1
ERROR   https://www.ptt.cc/bbs/Gossiping/M.1653499652.A.427.html
--------------------------------------------------
推噓數更新完畢...分析文章熱門程度
資料量:  1
文章目前無人回應
ERROR   https://www.ptt.cc/bbs/C_Chat/M.1653498158.A.35A.html
--------------------------------------------------
推噓數更新完畢...分析文章熱門程度
資料量:  1
ERROR   https://www.ptt.cc/bbs/Gossiping/M.1653498841.A.632.html
--------------------------------------------------
推播列表 [{'文章標題': 'Re: [新聞] 天虹科技副總撞死騎士！警高官陪作筆錄\u3000', '文章網址': 'https://www.ptt.cc/bbs/Gossiping/M.1653456976.A.5FA.html', 'state': '熱烈討論'}, {'文章標題': '[新聞] 天虹副總果然很夠力！撞死騎士分局長陪', '文章網址': 'https://www.ptt.cc/bbs/Gossiping/M.1653476598.A.FA0.html', 'state': '熱烈討論'}, {'文章標題': '[轉錄] 洪秀柱臉書：新疆行腳（１）', '文章網址': 'https://www.ptt.cc/bbs/HatePolitics/M.1653492890.A.CF0.html', 'state': '熱烈討論'}]
{'文章標題': 'Re: [新聞] 天虹科技副總撞死騎士！警高官陪作筆錄\u3000', '文章網址': 'https://www.ptt.cc/bbs/Gossiping/M.1653456976.A.5FA.html', 'state': '熱烈討論'}
200
{'文章標題': '[新聞] 天虹副總果然很夠力！撞死騎士分局長陪', '文章網址': 'https://www.ptt.cc/bbs/Gossiping/M.1653476598.A.FA0.html', 'state': '熱烈討論'}
200
{'文章標題': '[轉錄] 洪秀柱臉書：新疆行腳（１）', '文章網址': 'https://www.ptt.cc/bbs/HatePolitics/M.1653492890.A.CF0.html', 'state': '熱烈討論'}
200
{'文章標題': 'Re: [新聞] 天虹科技副總撞死騎士！警高官陪作筆錄\u3000', '文章網址': 'https://www.ptt.cc/bbs/Gossiping/M.1653456976.A.5FA.html', 'state': '熱烈討論'}
200
{'文章標題': '[新聞] 天虹副總果然很夠力！撞死騎士分局長陪', '文章網址': 'https://www.ptt.cc/bbs/Gossiping/M.1653476598.A.FA0.html', 'state': '熱烈討論'}
200
{'文章標題': '[轉錄] 洪秀柱臉書：新疆行腳（１）', '文章網址': 'https://www.ptt.cc/bbs/HatePolitics/M.1653492890.A.CF0.html', 'state': '熱烈討論'}
200
作業完畢...兩小時後再次執行
DB連接成功
--------------------------------------------------
ERROR   https://www.ptt.cc/bbs/Gossiping/M.1653232295.A.EBF.html
--------------------------------------------------
推噓數更新完畢...分析文章熱門程度
取消追蹤 https://www.ptt.cc/bbs/Gossiping/M.1653456976.A.5FA.html
文章無人回應 刪除
不熱門了
分析完成
--------------------------------------------------
推噓數更新完畢...分析文章熱門程度
取消追蹤 https://www.ptt.cc/bbs/Gossiping/M.1653476598.A.FA0.html
文章無人回應 刪除
不熱門了
分析完成
--------------------------------------------------
推噓數更新完畢...分析文章熱門程度
取消追蹤 https://www.ptt.cc/bbs/HatePolitics/M.1653492890.A.CF0.html
文章無人回應 刪除
不熱門了
分析完成
--------------------------------------------------
推噓數更新完畢...分析文章熱門程度
取消追蹤 https://www.ptt.cc/bbs/Gossiping/M.1653499652.A.427.html
文章無人回應 刪除
不熱門了
分析完成
--------------------------------------------------
推噓數更新完畢...分析文章熱門程度
取消追蹤 https://www.ptt.cc/bbs/C_Chat/M.1653498158.A.35A.html
文章無人回應 刪除
不熱門了
分析完成
--------------------------------------------------
推噓數更新完畢...分析文章熱門程度
取消追蹤 https://www.ptt.cc/bbs/Gossiping/M.1653498841.A.632.html
文章無人回應 刪除
不熱門了
分析完成
--------------------------------------------------
推噓數更新完畢...分析文章熱門程度
資料量:  1
ERROR   https://www.ptt.cc/bbs/Gossiping/M.1653505959.A.4FE.html
--------------------------------------------------
推播列表 []
作業完畢...兩小時後再次執行
DB連接成功
--------------------------------------------------
ERROR   https://www.ptt.cc/bbs/Gossiping/M.1653232295.A.EBF.html
--------------------------------------------------
推噓數更新完畢...分析文章熱門程度
分析完成
--------------------------------------------------
推播列表 [{'文章標題': 'Re: [問卦] 怎麼樣可以清楚的看台灣刑案屍體照', '文章網址': 'https://www.ptt.cc/bbs/Gossiping/M.1653505959.A.4FE.html', 'state': '熱烈討論'}]
{'文章標題': 'Re: [問卦] 怎麼樣可以清楚的看台灣刑案屍體照', '文章網址': 'https://www.ptt.cc/bbs/Gossiping/M.1653505959.A.4FE.html', 'state': '熱烈討論'}
200
{'文章標題': 'Re: [問卦] 怎麼樣可以清楚的看台灣刑案屍體照', '文章網址': 'https://www.ptt.cc/bbs/Gossiping/M.1653505959.A.4FE.html', 'state': '熱烈討論'}
200
作業完畢...兩小時後再次執行
DB連接成功
--------------------------------------------------
ERROR   https://www.ptt.cc/bbs/Gossiping/M.1653232295.A.EBF.html
--------------------------------------------------
推噓數更新完畢...分析文章熱門程度
分析完成
--------------------------------------------------
推噓數更新完畢...分析文章熱門程度
資料量:  1
ERROR   https://www.ptt.cc/bbs/Gossiping/M.1653522459.A.266.html
--------------------------------------------------
推噓數更新完畢...分析文章熱門程度
資料量:  1
文章目前無人回應
ERROR   https://www.ptt.cc/bbs/HatePolitics/M.1653521898.A.D61.html
--------------------------------------------------
推噓數更新完畢...分析文章熱門程度
資料量:  1
ERROR   https://www.ptt.cc/bbs/Gossiping/M.1653522086.A.CD8.html
--------------------------------------------------
推播列表 [{'文章標題': 'Re: [問卦] 怎麼樣可以清楚的看台灣刑案屍體照', '文章網址': 'https://www.ptt.cc/bbs/Gossiping/M.1653505959.A.4FE.html', 'state': '熱烈討論'}]
{'文章標題': 'Re: [問卦] 怎麼樣可以清楚的看台灣刑案屍體照', '文章網址': 'https://www.ptt.cc/bbs/Gossiping/M.1653505959.A.4FE.html', 'state': '熱烈討論'}
200
{'文章標題': 'Re: [問卦] 怎麼樣可以清楚的看台灣刑案屍體照', '文章網址': 'https://www.ptt.cc/bbs/Gossiping/M.1653505959.A.4FE.html', 'state': '熱烈討論'}
200
作業完畢...兩小時後再次執行
DB連接成功
--------------------------------------------------
ERROR   https://www.ptt.cc/bbs/Gossiping/M.1653232295.A.EBF.html
--------------------------------------------------
推噓數更新完畢...分析文章熱門程度
分析完成
--------------------------------------------------
推噓數更新完畢...分析文章熱門程度
分析完成
--------------------------------------------------
推噓數更新完畢...分析文章熱門程度
取消追蹤 https://www.ptt.cc/bbs/HatePolitics/M.1653521898.A.D61.html
文章無人回應 刪除
不熱門了
分析完成
--------------------------------------------------
推噓數更新完畢...分析文章熱門程度
分析完成
--------------------------------------------------
推噓數更新完畢...分析文章熱門程度
資料量:  1
文章目前無人回應
ERROR   https://www.ptt.cc/bbs/Gossiping/M.1653527786.A.169.html
--------------------------------------------------
推噓數更新完畢...分析文章熱門程度
資料量:  1
ERROR   https://www.ptt.cc/bbs/Gossiping/M.1653526502.A.0BF.html
--------------------------------------------------
推噓數更新完畢...分析文章熱門程度
資料量:  1
文章目前無人回應
ERROR   https://www.ptt.cc/bbs/Gossiping/M.1653529339.A.2F0.html
--------------------------------------------------
推噓數更新完畢...分析文章熱門程度
資料量:  1
ERROR   https://www.ptt.cc/bbs/Gossiping/M.1653526905.A.304.html
--------------------------------------------------
推噓數更新完畢...分析文章熱門程度
資料量:  1
ERROR   https://www.ptt.cc/bbs/Gossiping/M.1653528416.A.F35.html
--------------------------------------------------
推噓數更新完畢...分析文章熱門程度
資料量:  1
ERROR   https://www.ptt.cc/bbs/Gossiping/M.1653527566.A.F2D.html
--------------------------------------------------
推噓數更新完畢...分析文章熱門程度
資料量:  1
ERROR   https://www.ptt.cc/bbs/Gossiping/M.1653529405.A.A99.html
--------------------------------------------------
推噓數更新完畢...分析文章熱門程度
資料量:  1
ERROR   https://www.ptt.cc/bbs/Gossiping/M.1653529169.A.161.html
--------------------------------------------------
推噓數更新完畢...分析文章熱門程度
資料量:  1
文章目前無人回應
ERROR   https://www.ptt.cc/bbs/Gossiping/M.1653529372.A.AE8.html
--------------------------------------------------
推噓數更新完畢...分析文章熱門程度
資料量:  1
ERROR   https://www.ptt.cc/bbs/Gossiping/M.1653529434.A.121.html
--------------------------------------------------
推噓數更新完畢...分析文章熱門程度
資料量:  1
ERROR   https://www.ptt.cc/bbs/HatePolitics/M.1653530283.A.908.html
--------------------------------------------------
推播列表 [{'文章標題': 'Re: [問卦] 怎麼樣可以清楚的看台灣刑案屍體照', '文章網址': 'https://www.ptt.cc/bbs/Gossiping/M.1653505959.A.4FE.html', 'state': '熱烈討論'}, {'文章標題': '[新聞] 「違停事件」續燒！ 周玉蔻爆徐巧芯為密', '文章網址': 'https://www.ptt.cc/bbs/Gossiping/M.1653522459.A.266.html', 'state': '熱烈討論'}, {'文章標題': 'Re: [問卦] 美國警察拔槍速度是不是超快啊?', '文章網址': 'https://www.ptt.cc/bbs/Gossiping/M.1653522086.A.CD8.html', 'state': '熱烈討論'}]
{'文章標題': 'Re: [問卦] 怎麼樣可以清楚的看台灣刑案屍體照', '文章網址': 'https://www.ptt.cc/bbs/Gossiping/M.1653505959.A.4FE.html', 'state': '熱烈討論'}
200
{'文章標題': '[新聞] 「違停事件」續燒！ 周玉蔻爆徐巧芯為密', '文章網址': 'https://www.ptt.cc/bbs/Gossiping/M.1653522459.A.266.html', 'state': '熱烈討論'}
200
{'文章標題': 'Re: [問卦] 美國警察拔槍速度是不是超快啊?', '文章網址': 'https://www.ptt.cc/bbs/Gossiping/M.1653522086.A.CD8.html', 'state': '熱烈討論'}
200
{'文章標題': 'Re: [問卦] 怎麼樣可以清楚的看台灣刑案屍體照', '文章網址': 'https://www.ptt.cc/bbs/Gossiping/M.1653505959.A.4FE.html', 'state': '熱烈討論'}
200
{'文章標題': '[新聞] 「違停事件」續燒！ 周玉蔻爆徐巧芯為密', '文章網址': 'https://www.ptt.cc/bbs/Gossiping/M.1653522459.A.266.html', 'state': '熱烈討論'}
200
{'文章標題': 'Re: [問卦] 美國警察拔槍速度是不是超快啊?', '文章網址': 'https://www.ptt.cc/bbs/Gossiping/M.1653522086.A.CD8.html', 'state': '熱烈討論'}
200
作業完畢...兩小時後再次執行
DB連接成功
--------------------------------------------------
ERROR   https://www.ptt.cc/bbs/Gossiping/M.1653232295.A.EBF.html
--------------------------------------------------
推噓數更新完畢...分析文章熱門程度
分析完成
--------------------------------------------------
推噓數更新完畢...分析文章熱門程度
取消追蹤 https://www.ptt.cc/bbs/Gossiping/M.1653522459.A.266.html
文章無人回應 刪除
不熱門了
分析完成
--------------------------------------------------
推噓數更新完畢...分析文章熱門程度
分析完成
--------------------------------------------------
推噓數更新完畢...分析文章熱門程度
取消追蹤 https://www.ptt.cc/bbs/Gossiping/M.1653527786.A.169.html
文章無人回應 刪除
不熱門了
分析完成
--------------------------------------------------
推噓數更新完畢...分析文章熱門程度
取消追蹤 https://www.ptt.cc/bbs/Gossiping/M.1653526502.A.0BF.html
文章無人回應 刪除
不熱門了
分析完成
--------------------------------------------------
推噓數更新完畢...分析文章熱門程度
取消追蹤 https://www.ptt.cc/bbs/Gossiping/M.1653529339.A.2F0.html
文章無人回應 刪除
不熱門了
分析完成
--------------------------------------------------
推噓數更新完畢...分析文章熱門程度
取消追蹤 https://www.ptt.cc/bbs/Gossiping/M.1653526905.A.304.html
文章無人回應 刪除
不熱門了
分析完成
--------------------------------------------------
推噓數更新完畢...分析文章熱門程度
分析完成
--------------------------------------------------
推噓數更新完畢...分析文章熱門程度
取消追蹤 https://www.ptt.cc/bbs/Gossiping/M.1653527566.A.F2D.html
文章無人回應 刪除
不熱門了
分析完成
--------------------------------------------------
推噓數更新完畢...分析文章熱門程度
取消追蹤 https://www.ptt.cc/bbs/Gossiping/M.1653529405.A.A99.html
文章無人回應 刪除
不熱門了
分析完成
--------------------------------------------------
推噓數更新完畢...分析文章熱門程度
取消追蹤 https://www.ptt.cc/bbs/Gossiping/M.1653529169.A.161.html
文章無人回應 刪除
不熱門了
分析完成
--------------------------------------------------
推噓數更新完畢...分析文章熱門程度
取消追蹤 https://www.ptt.cc/bbs/Gossiping/M.1653529372.A.AE8.html
文章無人回應 刪除
不熱門了
分析完成
--------------------------------------------------
推噓數更新完畢...分析文章熱門程度
分析完成
--------------------------------------------------
推噓數更新完畢...分析文章熱門程度
取消追蹤 https://www.ptt.cc/bbs/HatePolitics/M.1653530283.A.908.html
文章無人回應 刪除
不熱門了
分析完成
--------------------------------------------------
推播列表 [{'文章標題': 'Re: [問卦] 怎麼樣可以清楚的看台灣刑案屍體照', '文章網址': 'https://www.ptt.cc/bbs/Gossiping/M.1653505959.A.4FE.html', 'state': '熱烈討論'}, {'文章標題': 'Re: [問卦] 美國警察拔槍速度是不是超快啊?', '文章網址': 'https://www.ptt.cc/bbs/Gossiping/M.1653522086.A.CD8.html', 'state': '熱烈討論'}, {'文章標題': 'Re: [問卦] 收到Vek1112吳東穎的存證信函怎麼辦？', '文章網址': 'https://www.ptt.cc/bbs/Gossiping/M.1653528416.A.F35.html', 'state': '熱烈討論'}, {'文章標題': 'Re: [問卦] 收到Vek1112吳東穎的存證信函怎麼辦？', '文章網址': 'https://www.ptt.cc/bbs/Gossiping/M.1653529434.A.121.html', 'state': '熱烈討論'}]
{'文章標題': 'Re: [問卦] 怎麼樣可以清楚的看台灣刑案屍體照', '文章網址': 'https://www.ptt.cc/bbs/Gossiping/M.1653505959.A.4FE.html', 'state': '熱烈討論'}
200
{'文章標題': 'Re: [問卦] 美國警察拔槍速度是不是超快啊?', '文章網址': 'https://www.ptt.cc/bbs/Gossiping/M.1653522086.A.CD8.html', 'state': '熱烈討論'}
200
{'文章標題': 'Re: [問卦] 收到Vek1112吳東穎的存證信函怎麼辦？', '文章網址': 'https://www.ptt.cc/bbs/Gossiping/M.1653528416.A.F35.html', 'state': '熱烈討論'}
200
{'文章標題': 'Re: [問卦] 收到Vek1112吳東穎的存證信函怎麼辦？', '文章網址': 'https://www.ptt.cc/bbs/Gossiping/M.1653529434.A.121.html', 'state': '熱烈討論'}
200
{'文章標題': 'Re: [問卦] 怎麼樣可以清楚的看台灣刑案屍體照', '文章網址': 'https://www.ptt.cc/bbs/Gossiping/M.1653505959.A.4FE.html', 'state': '熱烈討論'}
200
{'文章標題': 'Re: [問卦] 美國警察拔槍速度是不是超快啊?', '文章網址': 'https://www.ptt.cc/bbs/Gossiping/M.1653522086.A.CD8.html', 'state': '熱烈討論'}
200
{'文章標題': 'Re: [問卦] 收到Vek1112吳東穎的存證信函怎麼辦？', '文章網址': 'https://www.ptt.cc/bbs/Gossiping/M.1653528416.A.F35.html', 'state': '熱烈討論'}
200
{'文章標題': 'Re: [問卦] 收到Vek1112吳東穎的存證信函怎麼辦？', '文章網址': 'https://www.ptt.cc/bbs/Gossiping/M.1653529434.A.121.html', 'state': '熱烈討論'}
200
作業完畢...兩小時後再次執行
DB連接成功
--------------------------------------------------
ERROR   https://www.ptt.cc/bbs/Gossiping/M.1653232295.A.EBF.html
--------------------------------------------------
推噓數更新完畢...分析文章熱門程度
分析完成
--------------------------------------------------
推噓數更新完畢...分析文章熱門程度
取消追蹤 https://www.ptt.cc/bbs/Gossiping/M.1653522086.A.CD8.html
文章無人回應 刪除
不熱門了
分析完成
--------------------------------------------------
ERROR   https://www.ptt.cc/bbs/Gossiping/M.1653528416.A.F35.html
--------------------------------------------------
ERROR   https://www.ptt.cc/bbs/Gossiping/M.1653529434.A.121.html
--------------------------------------------------
推播列表 [{'文章標題': 'Re: [問卦] 怎麼樣可以清楚的看台灣刑案屍體照', '文章網址': 'https://www.ptt.cc/bbs/Gossiping/M.1653505959.A.4FE.html', 'state': '熱烈討論'}]
{'文章標題': 'Re: [問卦] 怎麼樣可以清楚的看台灣刑案屍體照', '文章網址': 'https://www.ptt.cc/bbs/Gossiping/M.1653505959.A.4FE.html', 'state': '熱烈討論'}
200
{'文章標題': 'Re: [問卦] 怎麼樣可以清楚的看台灣刑案屍體照', '文章網址': 'https://www.ptt.cc/bbs/Gossiping/M.1653505959.A.4FE.html', 'state': '熱烈討論'}
200
作業完畢...兩小時後再次執行
DB連接成功
--------------------------------------------------
ERROR   https://www.ptt.cc/bbs/Gossiping/M.1653232295.A.EBF.html
--------------------------------------------------
推噓數更新完畢...分析文章熱門程度
取消追蹤 https://www.ptt.cc/bbs/Gossiping/M.1653505959.A.4FE.html
文章無人回應 刪除
不熱門了
分析完成
--------------------------------------------------
ERROR   https://www.ptt.cc/bbs/Gossiping/M.1653528416.A.F35.html
--------------------------------------------------
ERROR   https://www.ptt.cc/bbs/Gossiping/M.1653529434.A.121.html
--------------------------------------------------
推播列表 []
作業完畢...兩小時後再次執行
DB連接成功
--------------------------------------------------
ERROR   https://www.ptt.cc/bbs/Gossiping/M.1653232295.A.EBF.html
--------------------------------------------------
ERROR   https://www.ptt.cc/bbs/Gossiping/M.1653528416.A.F35.html
--------------------------------------------------
ERROR   https://www.ptt.cc/bbs/Gossiping/M.1653529434.A.121.html
--------------------------------------------------
推播列表 []
作業完畢...兩小時後再次執行
DB連接成功
--------------------------------------------------
ERROR   https://www.ptt.cc/bbs/Gossiping/M.1653232295.A.EBF.html
--------------------------------------------------
推噓數更新完畢...分析文章熱門程度
資料量:  1
ERROR   https://www.ptt.cc/bbs/Gossiping/M.1653528416.A.F35.html
--------------------------------------------------
推噓數更新完畢...分析文章熱門程度
資料量:  1
ERROR   https://www.ptt.cc/bbs/Gossiping/M.1653529434.A.121.html
--------------------------------------------------
推播列表 []
作業完畢...兩小時後再次執行
DB連接成功
--------------------------------------------------
ERROR   https://www.ptt.cc/bbs/Gossiping/M.1653232295.A.EBF.html
--------------------------------------------------
推噓數更新完畢...分析文章熱門程度
取消追蹤 https://www.ptt.cc/bbs/Gossiping/M.1653528416.A.F35.html
文章無人回應 刪除
不熱門了
分析完成
--------------------------------------------------
推噓數更新完畢...分析文章熱門程度
取消追蹤 https://www.ptt.cc/bbs/Gossiping/M.1653529434.A.121.html
文章無人回應 刪除
不熱門了
分析完成
--------------------------------------------------
推播列表 []
作業完畢...兩小時後再次執行
DB連接成功
--------------------------------------------------
ERROR   https://www.ptt.cc/bbs/Gossiping/M.1653232295.A.EBF.html
--------------------------------------------------
推播列表 []
作業完畢...兩小時後再次執行
DB連接成功
--------------------------------------------------
ERROR   https://www.ptt.cc/bbs/Gossiping/M.1653232295.A.EBF.html
--------------------------------------------------
推播列表 []
