*******************track.pyday2022_05_31********************
2022-05-31 22:10:18
執行中
DB連接成功
--------------------------------------------------
ERROR   https://www.ptt.cc/bbs/Gossiping/M.1653232295.A.EBF.html
--------------------------------------------------
推噓數更新完畢...分析文章熱門程度
取消追蹤 https://www.ptt.cc/bbs/HatePolitics/M.1653997495.A.646.html
文章無人回應 刪除
不熱門了
分析完成
--------------------------------------------------
推噓數更新完畢...分析文章熱門程度
取消追蹤 https://www.ptt.cc/bbs/HatePolitics/M.1653997679.A.232.html
文章無人回應 刪除
不熱門了
分析完成
--------------------------------------------------
推噓數更新完畢...分析文章熱門程度
取消追蹤 https://www.ptt.cc/bbs/HatePolitics/M.1653996955.A.046.html
文章無人回應 刪除
不熱門了
分析完成
--------------------------------------------------
推噓數更新完畢...分析文章熱門程度
資料量:  1
文章目前無人回應
ERROR   https://www.ptt.cc/bbs/Gossiping/M.1654000796.A.7A3.html
--------------------------------------------------
推噓數更新完畢...分析文章熱門程度
資料量:  1
ERROR   https://www.ptt.cc/bbs/Gossiping/M.1654001238.A.C5F.html
--------------------------------------------------
推噓數更新完畢...分析文章熱門程度
資料量:  1
ERROR   https://www.ptt.cc/bbs/Gossiping/M.1654001894.A.3E8.html
--------------------------------------------------
推噓數更新完畢...分析文章熱門程度
資料量:  1
文章目前無人回應
ERROR   https://www.ptt.cc/bbs/HatePolitics/M.1654000821.A.AE4.html
--------------------------------------------------
推噓數更新完畢...分析文章熱門程度
資料量:  1
ERROR   https://www.ptt.cc/bbs/Gossiping/M.1654003738.A.57C.html
--------------------------------------------------
推噓數更新完畢...分析文章熱門程度
資料量:  1
文章目前無人回應
ERROR   https://www.ptt.cc/bbs/HatePolitics/M.1654001850.A.351.html
--------------------------------------------------
推播列表 []
作業完畢...兩小時後再次執行
DB連接成功
--------------------------------------------------
ERROR   https://www.ptt.cc/bbs/Gossiping/M.1653232295.A.EBF.html
--------------------------------------------------
推噓數更新完畢...分析文章熱門程度
取消追蹤 https://www.ptt.cc/bbs/Gossiping/M.1654000796.A.7A3.html
文章無人回應 刪除
不熱門了
分析完成
--------------------------------------------------
推噓數更新完畢...分析文章熱門程度
取消追蹤 https://www.ptt.cc/bbs/Gossiping/M.1654001238.A.C5F.html
文章無人回應 刪除
不熱門了
分析完成
--------------------------------------------------
推噓數更新完畢...分析文章熱門程度
取消追蹤 https://www.ptt.cc/bbs/Gossiping/M.1654001894.A.3E8.html
文章無人回應 刪除
不熱門了
分析完成
--------------------------------------------------
推噓數更新完畢...分析文章熱門程度
取消追蹤 https://www.ptt.cc/bbs/HatePolitics/M.1654000821.A.AE4.html
文章無人回應 刪除
不熱門了
分析完成
--------------------------------------------------
推噓數更新完畢...分析文章熱門程度
取消追蹤 https://www.ptt.cc/bbs/Gossiping/M.1654003738.A.57C.html
文章無人回應 刪除
不熱門了
分析完成
--------------------------------------------------
推噓數更新完畢...分析文章熱門程度
取消追蹤 https://www.ptt.cc/bbs/HatePolitics/M.1654001850.A.351.html
文章無人回應 刪除
不熱門了
分析完成
--------------------------------------------------
推噓數更新完畢...分析文章熱門程度
資料量:  1
ERROR   https://www.ptt.cc/bbs/Gossiping/M.1654011293.A.C71.html
--------------------------------------------------
推噓數更新完畢...分析文章熱門程度
資料量:  1
ERROR   https://www.ptt.cc/bbs/Gossiping/M.1654010317.A.31A.html
--------------------------------------------------
推噓數更新完畢...分析文章熱門程度
資料量:  1
ERROR   https://www.ptt.cc/bbs/Gossiping/M.1654008031.A.F86.html
--------------------------------------------------
推噓數更新完畢...分析文章熱門程度
資料量:  1
ERROR   https://www.ptt.cc/bbs/Gossiping/M.1654012454.A.43D.html
--------------------------------------------------
推噓數更新完畢...分析文章熱門程度
資料量:  1
ERROR   https://www.ptt.cc/bbs/Gossiping/M.1654010746.A.EB7.html
--------------------------------------------------
推噓數更新完畢...分析文章熱門程度
資料量:  1
文章目前無人回應
ERROR   https://www.ptt.cc/bbs/Gossiping/M.1654012336.A.A41.html
--------------------------------------------------
推播列表 []
作業完畢...兩小時後再次執行
DB連接成功
--------------------------------------------------
ERROR   https://www.ptt.cc/bbs/Gossiping/M.1653232295.A.EBF.html
--------------------------------------------------
推噓數更新完畢...分析文章熱門程度
分析完成
--------------------------------------------------
推噓數更新完畢...分析文章熱門程度
取消追蹤 https://www.ptt.cc/bbs/Gossiping/M.1654010317.A.31A.html
文章無人回應 刪除
不熱門了
分析完成
--------------------------------------------------
推噓數更新完畢...分析文章熱門程度
取消追蹤 https://www.ptt.cc/bbs/Gossiping/M.1654008031.A.F86.html
文章無人回應 刪除
不熱門了
分析完成
--------------------------------------------------
推噓數更新完畢...分析文章熱門程度
取消追蹤 https://www.ptt.cc/bbs/Gossiping/M.1654012454.A.43D.html
文章無人回應 刪除
不熱門了
分析完成
--------------------------------------------------
推噓數更新完畢...分析文章熱門程度
取消追蹤 https://www.ptt.cc/bbs/Gossiping/M.1654010746.A.EB7.html
文章無人回應 刪除
不熱門了
分析完成
--------------------------------------------------
推噓數更新完畢...分析文章熱門程度
取消追蹤 https://www.ptt.cc/bbs/Gossiping/M.1654012336.A.A41.html
文章無人回應 刪除
不熱門了
分析完成
--------------------------------------------------
推噓數更新完畢...分析文章熱門程度
資料量:  1
ERROR   https://www.ptt.cc/bbs/Gossiping/M.1654014146.A.C57.html
--------------------------------------------------
推噓數更新完畢...分析文章熱門程度
資料量:  1
文章目前無人回應
ERROR   https://www.ptt.cc/bbs/Gossiping/M.1654014069.A.7D4.html
--------------------------------------------------
推噓數更新完畢...分析文章熱門程度
資料量:  1
文章目前無人回應
ERROR   https://www.ptt.cc/bbs/HatePolitics/M.1654014084.A.E7B.html
--------------------------------------------------
推噓數更新完畢...分析文章熱門程度
資料量:  1
文章目前無人回應
ERROR   https://www.ptt.cc/bbs/Gossiping/M.1654015812.A.F1D.html
--------------------------------------------------
推播列表 [{'文章標題': 'Re: [新聞] 天虹科技副總撞死人爆關說疑雲\u3000警政署加', '文章網址': 'https://www.ptt.cc/bbs/Gossiping/M.1654011293.A.C71.html', 'state': '熱烈討論'}]
{'文章標題': 'Re: [新聞] 天虹科技副總撞死人爆關說疑雲\u3000警政署加', '文章網址': 'https://www.ptt.cc/bbs/Gossiping/M.1654011293.A.C71.html', 'state': '熱烈討論'}
200
{'文章標題': 'Re: [新聞] 天虹科技副總撞死人爆關說疑雲\u3000警政署加', '文章網址': 'https://www.ptt.cc/bbs/Gossiping/M.1654011293.A.C71.html', 'state': '熱烈討論'}
200
作業完畢...兩小時後再次執行
DB連接成功
--------------------------------------------------
ERROR   https://www.ptt.cc/bbs/Gossiping/M.1653232295.A.EBF.html
--------------------------------------------------
推噓數更新完畢...分析文章熱門程度
取消追蹤 https://www.ptt.cc/bbs/Gossiping/M.1654011293.A.C71.html
文章無人回應 刪除
不熱門了
分析完成
--------------------------------------------------
推噓數更新完畢...分析文章熱門程度
取消追蹤 https://www.ptt.cc/bbs/Gossiping/M.1654014146.A.C57.html
文章無人回應 刪除
不熱門了
分析完成
--------------------------------------------------
推噓數更新完畢...分析文章熱門程度
取消追蹤 https://www.ptt.cc/bbs/Gossiping/M.1654014069.A.7D4.html
文章無人回應 刪除
不熱門了
分析完成
--------------------------------------------------
推噓數更新完畢...分析文章熱門程度
取消追蹤 https://www.ptt.cc/bbs/HatePolitics/M.1654014084.A.E7B.html
文章無人回應 刪除
不熱門了
分析完成
--------------------------------------------------
推噓數更新完畢...分析文章熱門程度
取消追蹤 https://www.ptt.cc/bbs/Gossiping/M.1654015812.A.F1D.html
文章無人回應 刪除
不熱門了
分析完成
--------------------------------------------------
推播列表 []
作業完畢...兩小時後再次執行
DB連接成功
--------------------------------------------------
ERROR   https://www.ptt.cc/bbs/Gossiping/M.1653232295.A.EBF.html
--------------------------------------------------
推播列表 []
作業完畢...兩小時後再次執行
DB連接成功
--------------------------------------------------
ERROR   https://www.ptt.cc/bbs/Gossiping/M.1653232295.A.EBF.html
--------------------------------------------------
推播列表 []
作業完畢...兩小時後再次執行
