*******************track.pyday2022_05_23********************
2022-05-23 15:31:50
執行中
DB連接成功
--------------------------------------------------
ERROR   https://www.ptt.cc/bbs/Gossiping/M.1653232295.A.EBF.html
--------------------------------------------------
推噓數更新完畢...分析文章熱門程度
分析完成
--------------------------------------------------
推噓數更新完畢...分析文章熱門程度
取消追蹤 https://www.ptt.cc/bbs/Gossiping/M.1653276161.A.31A.html
文章無人回應 刪除
不熱門了
分析完成
--------------------------------------------------
推噓數更新完畢...分析文章熱門程度
取消追蹤 https://www.ptt.cc/bbs/Gossiping/M.1653274587.A.0D1.html
文章無人回應 刪除
不熱門了
分析完成
--------------------------------------------------
推播列表 [{'文章標題': '[新聞] 基隆爆「停車場之亂」！繳停車費排隊2小', '文章網址': 'https://www.ptt.cc/bbs/Gossiping/M.1653262085.A.A3C.html', 'status': '熱烈討論'}]
作業完畢...兩小時後再次執行
*******************track.pyday2022_05_23********************
2022-05-23 15:32:10
執行中
DB連接成功
--------------------------------------------------
ERROR   https://www.ptt.cc/bbs/Gossiping/M.1653232295.A.EBF.html
--------------------------------------------------
推噓數更新完畢...分析文章熱門程度
分析完成
--------------------------------------------------
推噓數更新完畢...分析文章熱門程度
資料量:  1
ERROR   https://www.ptt.cc/bbs/Gossiping/M.1653285317.A.7A6.html
--------------------------------------------------
推播列表 [{'文章標題': '[新聞] 基隆爆「停車場之亂」！繳停車費排隊2小', '文章網址': 'https://www.ptt.cc/bbs/Gossiping/M.1653262085.A.A3C.html', 'status': '熱烈討論'}]
作業完畢...兩小時後再次執行
*******************track.pyday2022_05_23********************
2022-05-23 15:50:33
執行中
DB連接成功
--------------------------------------------------
ERROR   https://www.ptt.cc/bbs/Gossiping/M.1653232295.A.EBF.html
--------------------------------------------------
推噓數更新完畢...分析文章熱門程度
分析完成
--------------------------------------------------
推噓數更新完畢...分析文章熱門程度
取消追蹤 https://www.ptt.cc/bbs/Gossiping/M.1653285317.A.7A6.html
文章無人回應 刪除
不熱門了
分析完成
--------------------------------------------------
推播列表 [{'文章標題': '[新聞] 基隆爆「停車場之亂」！繳停車費排隊2小', '文章網址': 'https://www.ptt.cc/bbs/Gossiping/M.1653262085.A.A3C.html', 'status': '熱烈討論'}]
作業完畢...兩小時後再次執行
*******************track.pyday2022_05_23********************
2022-05-23 15:51:05
執行中
DB連接成功
--------------------------------------------------
ERROR   https://www.ptt.cc/bbs/Gossiping/M.1653232295.A.EBF.html
--------------------------------------------------
推噓數更新完畢...分析文章熱門程度
分析完成
--------------------------------------------------
推播列表 [{'文章標題': '[新聞] 基隆爆「停車場之亂」！繳停車費排隊2小', '文章網址': 'https://www.ptt.cc/bbs/Gossiping/M.1653262085.A.A3C.html', 'status': '熱烈討論'}]
作業完畢...兩小時後再次執行
*******************track.pyday2022_05_23********************
2022-05-23 15:51:51
執行中
DB連接成功
--------------------------------------------------
ERROR   https://www.ptt.cc/bbs/Gossiping/M.1653232295.A.EBF.html
--------------------------------------------------
推噓數更新完畢...分析文章熱門程度
分析完成
--------------------------------------------------
推播列表 [{'文章標題': '[新聞] 基隆爆「停車場之亂」！繳停車費排隊2小', '文章網址': 'https://www.ptt.cc/bbs/Gossiping/M.1653262085.A.A3C.html', 'status': '熱烈討論'}]
{'文章標題': '[新聞] 基隆爆「停車場之亂」！繳停車費排隊2小', '文章網址': 'https://www.ptt.cc/bbs/Gossiping/M.1653262085.A.A3C.html', 'status': '熱烈討論'}
200
作業完畢...兩小時後再次執行
*******************track.pyday2022_05_23********************
2022-05-23 15:56:58
執行中
DB連接成功
--------------------------------------------------
ERROR   https://www.ptt.cc/bbs/Gossiping/M.1653232295.A.EBF.html
--------------------------------------------------
推噓數更新完畢...分析文章熱門程度
分析完成
--------------------------------------------------
推播列表 [{'文章標題': '[新聞] 基隆爆「停車場之亂」！繳停車費排隊2小', '文章網址': 'https://www.ptt.cc/bbs/Gossiping/M.1653262085.A.A3C.html', 'status': '熱烈討論'}]
*******************track.pyday2022_05_23********************
2022-05-23 15:57:21
執行中
DB連接成功
--------------------------------------------------
ERROR   https://www.ptt.cc/bbs/Gossiping/M.1653232295.A.EBF.html
--------------------------------------------------
推噓數更新完畢...分析文章熱門程度
分析完成
--------------------------------------------------
推播列表 [{'文章標題': '[新聞] 基隆爆「停車場之亂」！繳停車費排隊2小', '文章網址': 'https://www.ptt.cc/bbs/Gossiping/M.1653262085.A.A3C.html', 'status': '熱烈討論'}]
{'文章標題': '[新聞] 基隆爆「停車場之亂」！繳停車費排隊2小', '文章網址': 'https://www.ptt.cc/bbs/Gossiping/M.1653262085.A.A3C.html', 'status': '熱烈討論'}
200
作業完畢...兩小時後再次執行
*******************track.pyday2022_05_23********************
2022-05-23 15:57:59
執行中
DB連接成功
--------------------------------------------------
ERROR   https://www.ptt.cc/bbs/Gossiping/M.1653232295.A.EBF.html
--------------------------------------------------
推噓數更新完畢...分析文章熱門程度
分析完成
--------------------------------------------------
推播列表 [{'文章標題': '[新聞] 基隆爆「停車場之亂」！繳停車費排隊2小', '文章網址': 'https://www.ptt.cc/bbs/Gossiping/M.1653262085.A.A3C.html', 'status': '熱烈討論'}]
{'文章標題': '[新聞] 基隆爆「停車場之亂」！繳停車費排隊2小', '文章網址': 'https://www.ptt.cc/bbs/Gossiping/M.1653262085.A.A3C.html', 'status': '熱烈討論'}
200
作業完畢...兩小時後再次執行
*******************track.pyday2022_05_23********************
2022-05-23 15:58:17
執行中
DB連接成功
--------------------------------------------------
ERROR   https://www.ptt.cc/bbs/Gossiping/M.1653232295.A.EBF.html
--------------------------------------------------
推噓數更新完畢...分析文章熱門程度
分析完成
--------------------------------------------------
推播列表 [{'文章標題': '[新聞] 基隆爆「停車場之亂」！繳停車費排隊2小', '文章網址': 'https://www.ptt.cc/bbs/Gossiping/M.1653262085.A.A3C.html', 'status': '熱烈討論'}]
{'文章標題': '[新聞] 基隆爆「停車場之亂」！繳停車費排隊2小', '文章網址': 'https://www.ptt.cc/bbs/Gossiping/M.1653262085.A.A3C.html', 'status': '熱烈討論'}
200
作業完畢...兩小時後再次執行
*******************track.pyday2022_05_23********************
2022-05-23 16:00:07
執行中
DB連接成功
--------------------------------------------------
ERROR   https://www.ptt.cc/bbs/Gossiping/M.1653232295.A.EBF.html
--------------------------------------------------
推噓數更新完畢...分析文章熱門程度
分析完成
--------------------------------------------------
推播列表 [{'文章標題': '[新聞] 基隆爆「停車場之亂」！繳停車費排隊2小', '文章網址': 'https://www.ptt.cc/bbs/Gossiping/M.1653262085.A.A3C.html', 'state': '熱烈討論'}]
{'文章標題': '[新聞] 基隆爆「停車場之亂」！繳停車費排隊2小', '文章網址': 'https://www.ptt.cc/bbs/Gossiping/M.1653262085.A.A3C.html', 'state': '熱烈討論'}
200
作業完畢...兩小時後再次執行
*******************track.pyday2022_05_23********************
2022-05-23 16:09:32
執行中
DB連接成功
--------------------------------------------------
ERROR   https://www.ptt.cc/bbs/Gossiping/M.1653232295.A.EBF.html
--------------------------------------------------
推噓數更新完畢...分析文章熱門程度
取消追蹤 https://www.ptt.cc/bbs/Gossiping/M.1653262085.A.A3C.html
文章無人回應 刪除
不熱門了
分析完成
--------------------------------------------------
推播列表 []
作業完畢...兩小時後再次執行
*******************track.pyday2022_05_23********************
2022-05-23 16:10:46
執行中
DB連接成功
--------------------------------------------------
ERROR   https://www.ptt.cc/bbs/Gossiping/M.1653232295.A.EBF.html
--------------------------------------------------
推播列表 []
作業完畢...兩小時後再次執行
*******************track.pyday2022_05_23********************
2022-05-23 16:11:06
執行中
DB連接成功
--------------------------------------------------
ERROR   https://www.ptt.cc/bbs/Gossiping/M.1653232295.A.EBF.html
--------------------------------------------------
推噓數更新完畢...分析文章熱門程度
資料量:  1
ERROR   https://www.ptt.cc/bbs/Gossiping/M.1653288516.A.55E.html
--------------------------------------------------
推噓數更新完畢...分析文章熱門程度
資料量:  1
ERROR   https://www.ptt.cc/bbs/HatePolitics/M.1653288575.A.F2A.html
--------------------------------------------------
推噓數更新完畢...分析文章熱門程度
資料量:  1
ERROR   https://www.ptt.cc/bbs/Gossiping/M.1653292524.A.474.html
--------------------------------------------------
推噓數更新完畢...分析文章熱門程度
資料量:  1
ERROR   https://www.ptt.cc/bbs/C_Chat/M.1653290791.A.078.html
--------------------------------------------------
推播列表 []
作業完畢...兩小時後再次執行
DB連接成功
--------------------------------------------------
ERROR   https://www.ptt.cc/bbs/Gossiping/M.1653232295.A.EBF.html
--------------------------------------------------
推噓數更新完畢...分析文章熱門程度
取消追蹤 https://www.ptt.cc/bbs/Gossiping/M.1653288516.A.55E.html
文章無人回應 刪除
不熱門了
分析完成
--------------------------------------------------
推噓數更新完畢...分析文章熱門程度
取消追蹤 https://www.ptt.cc/bbs/HatePolitics/M.1653288575.A.F2A.html
文章無人回應 刪除
不熱門了
分析完成
--------------------------------------------------
推噓數更新完畢...分析文章熱門程度
分析完成
--------------------------------------------------
推噓數更新完畢...分析文章熱門程度
取消追蹤 https://www.ptt.cc/bbs/C_Chat/M.1653290791.A.078.html
文章無人回應 刪除
不熱門了
分析完成
--------------------------------------------------
推播列表 [{'文章標題': '[問卦] 朋友對自己自卑 很難當朋友？', '文章網址': 'https://www.ptt.cc/bbs/Gossiping/M.1653292524.A.474.html', 'state': '熱烈討論'}]
{'文章標題': '[問卦] 朋友對自己自卑 很難當朋友？', '文章網址': 'https://www.ptt.cc/bbs/Gossiping/M.1653292524.A.474.html', 'state': '熱烈討論'}
200
{'文章標題': '[問卦] 朋友對自己自卑 很難當朋友？', '文章網址': 'https://www.ptt.cc/bbs/Gossiping/M.1653292524.A.474.html', 'state': '熱烈討論'}
200
作業完畢...兩小時後再次執行
*******************track.pyday2022_05_23********************
2022-05-23 18:17:04
執行中
DB連接成功
--------------------------------------------------
ERROR   https://www.ptt.cc/bbs/Gossiping/M.1653232295.A.EBF.html
--------------------------------------------------
推噓數更新完畢...分析文章熱門程度
分析完成
--------------------------------------------------
推噓數更新完畢...分析文章熱門程度
資料量:  1
ERROR   https://www.ptt.cc/bbs/C_Chat/M.1653294539.A.84A.html
--------------------------------------------------
推噓數更新完畢...分析文章熱門程度
資料量:  1
ERROR   https://www.ptt.cc/bbs/Gossiping/M.1653299757.A.610.html
--------------------------------------------------
推噓數更新完畢...分析文章熱門程度
資料量:  1
ERROR   https://www.ptt.cc/bbs/Gossiping/M.1653296858.A.03E.html
--------------------------------------------------
推噓數更新完畢...分析文章熱門程度
資料量:  1
ERROR   https://www.ptt.cc/bbs/HatePolitics/M.1653299172.A.18B.html
--------------------------------------------------
推噓數更新完畢...分析文章熱門程度
資料量:  1
ERROR   https://www.ptt.cc/bbs/Gossiping/M.1653297488.A.894.html
--------------------------------------------------
推播列表 [{'文章標題': '[問卦] 朋友對自己自卑 很難當朋友？', '文章網址': 'https://www.ptt.cc/bbs/Gossiping/M.1653292524.A.474.html', 'state': '熱烈討論'}]
{'文章標題': '[問卦] 朋友對自己自卑 很難當朋友？', '文章網址': 'https://www.ptt.cc/bbs/Gossiping/M.1653292524.A.474.html', 'state': '熱烈討論'}
200
{'文章標題': '[問卦] 朋友對自己自卑 很難當朋友？', '文章網址': 'https://www.ptt.cc/bbs/Gossiping/M.1653292524.A.474.html', 'state': '熱烈討論'}
200
作業完畢...兩小時後再次執行
*******************track.pyday2022_05_23********************
2022-05-23 18:19:29
執行中
DB連接成功
--------------------------------------------------
ERROR   https://www.ptt.cc/bbs/Gossiping/M.1653232295.A.EBF.html
--------------------------------------------------
推噓數更新完畢...分析文章熱門程度
分析完成
--------------------------------------------------
推噓數更新完畢...分析文章熱門程度
取消追蹤 https://www.ptt.cc/bbs/C_Chat/M.1653294539.A.84A.html
文章無人回應 刪除
不熱門了
分析完成
--------------------------------------------------
推噓數更新完畢...分析文章熱門程度
取消追蹤 https://www.ptt.cc/bbs/Gossiping/M.1653299757.A.610.html
文章無人回應 刪除
不熱門了
分析完成
--------------------------------------------------
推噓數更新完畢...分析文章熱門程度
取消追蹤 https://www.ptt.cc/bbs/Gossiping/M.1653296858.A.03E.html
文章無人回應 刪除
不熱門了
分析完成
--------------------------------------------------
推噓數更新完畢...分析文章熱門程度
取消追蹤 https://www.ptt.cc/bbs/HatePolitics/M.1653299172.A.18B.html
文章無人回應 刪除
不熱門了
分析完成
--------------------------------------------------
推噓數更新完畢...分析文章熱門程度
取消追蹤 https://www.ptt.cc/bbs/Gossiping/M.1653297488.A.894.html
文章無人回應 刪除
不熱門了
分析完成
--------------------------------------------------
推播列表 [{'文章標題': '[問卦] 朋友對自己自卑 很難當朋友？', '文章網址': 'https://www.ptt.cc/bbs/Gossiping/M.1653292524.A.474.html', 'state': '熱烈討論'}]
{'文章標題': '[問卦] 朋友對自己自卑 很難當朋友？', '文章網址': 'https://www.ptt.cc/bbs/Gossiping/M.1653292524.A.474.html', 'state': '熱烈討論'}
200
{'文章標題': '[問卦] 朋友對自己自卑 很難當朋友？', '文章網址': 'https://www.ptt.cc/bbs/Gossiping/M.1653292524.A.474.html', 'state': '熱烈討論'}
200
作業完畢...兩小時後再次執行
DB連接成功
--------------------------------------------------
ERROR   https://www.ptt.cc/bbs/Gossiping/M.1653232295.A.EBF.html
--------------------------------------------------
推噓數更新完畢...分析文章熱門程度
取消追蹤 https://www.ptt.cc/bbs/Gossiping/M.1653292524.A.474.html
文章無人回應 刪除
不熱門了
分析完成
--------------------------------------------------
推噓數更新完畢...分析文章熱門程度
資料量:  1
ERROR   https://www.ptt.cc/bbs/Gossiping/M.1653307013.A.73D.html
--------------------------------------------------
推噓數更新完畢...分析文章熱門程度
資料量:  1
ERROR   https://www.ptt.cc/bbs/Gossiping/M.1653302375.A.54D.html
--------------------------------------------------
推噓數更新完畢...分析文章熱門程度
資料量:  1
ERROR   https://www.ptt.cc/bbs/Gossiping/M.1653300822.A.74C.html
--------------------------------------------------
推噓數更新完畢...分析文章熱門程度
資料量:  1
ERROR   https://www.ptt.cc/bbs/Gossiping/M.1653303979.A.D64.html
--------------------------------------------------
推播列表 []
作業完畢...兩小時後再次執行
DB連接成功
--------------------------------------------------
ERROR   https://www.ptt.cc/bbs/Gossiping/M.1653232295.A.EBF.html
--------------------------------------------------
推噓數更新完畢...分析文章熱門程度
取消追蹤 https://www.ptt.cc/bbs/Gossiping/M.1653307013.A.73D.html
文章無人回應 刪除
不熱門了
分析完成
--------------------------------------------------
推噓數更新完畢...分析文章熱門程度
取消追蹤 https://www.ptt.cc/bbs/Gossiping/M.1653302375.A.54D.html
文章無人回應 刪除
不熱門了
分析完成
--------------------------------------------------
推噓數更新完畢...分析文章熱門程度
取消追蹤 https://www.ptt.cc/bbs/Gossiping/M.1653300822.A.74C.html
文章無人回應 刪除
不熱門了
分析完成
--------------------------------------------------
推噓數更新完畢...分析文章熱門程度
取消追蹤 https://www.ptt.cc/bbs/Gossiping/M.1653303979.A.D64.html
文章無人回應 刪除
不熱門了
分析完成
--------------------------------------------------
推噓數更新完畢...分析文章熱門程度
資料量:  1
ERROR   https://www.ptt.cc/bbs/Gossiping/M.1653313712.A.4FD.html
--------------------------------------------------
推噓數更新完畢...分析文章熱門程度
資料量:  1
ERROR   https://www.ptt.cc/bbs/C_Chat/M.1653313350.A.054.html
--------------------------------------------------
推噓數更新完畢...分析文章熱門程度
資料量:  1
ERROR   https://www.ptt.cc/bbs/Gossiping/M.1653310237.A.7CE.html
--------------------------------------------------
推噓數更新完畢...分析文章熱門程度
資料量:  1
ERROR   https://www.ptt.cc/bbs/Gossiping/M.1653313260.A.9BE.html
--------------------------------------------------
推播列表 []
作業完畢...兩小時後再次執行
DB連接成功
--------------------------------------------------
ERROR   https://www.ptt.cc/bbs/Gossiping/M.1653232295.A.EBF.html
--------------------------------------------------
推噓數更新完畢...分析文章熱門程度
取消追蹤 https://www.ptt.cc/bbs/Gossiping/M.1653313712.A.4FD.html
文章無人回應 刪除
不熱門了
分析完成
--------------------------------------------------
推噓數更新完畢...分析文章熱門程度
分析完成
--------------------------------------------------
推噓數更新完畢...分析文章熱門程度
分析完成
--------------------------------------------------
推噓數更新完畢...分析文章熱門程度
分析完成
--------------------------------------------------
推噓數更新完畢...分析文章熱門程度
資料量:  1
ERROR   https://www.ptt.cc/bbs/Gossiping/M.1653319683.A.212.html
--------------------------------------------------
推播列表 [{'文章標題': '[閒聊] 烏龍派出所有哪些難看的集數', '文章網址': 'https://www.ptt.cc/bbs/C_Chat/M.1653313350.A.054.html', 'state': '熱烈討論'}, {'文章標題': '[問卦] 美國警察真的很好考??', '文章網址': 'https://www.ptt.cc/bbs/Gossiping/M.1653310237.A.7CE.html', 'state': '熱烈討論'}, {'文章標題': '[新聞] 中國Vtuber消失半年自曝遭人口拐賣...期', '文章網址': 'https://www.ptt.cc/bbs/Gossiping/M.1653313260.A.9BE.html', 'state': '熱烈討論'}]
{'文章標題': '[閒聊] 烏龍派出所有哪些難看的集數', '文章網址': 'https://www.ptt.cc/bbs/C_Chat/M.1653313350.A.054.html', 'state': '熱烈討論'}
200
{'文章標題': '[問卦] 美國警察真的很好考??', '文章網址': 'https://www.ptt.cc/bbs/Gossiping/M.1653310237.A.7CE.html', 'state': '熱烈討論'}
200
{'文章標題': '[新聞] 中國Vtuber消失半年自曝遭人口拐賣...期', '文章網址': 'https://www.ptt.cc/bbs/Gossiping/M.1653313260.A.9BE.html', 'state': '熱烈討論'}
200
{'文章標題': '[閒聊] 烏龍派出所有哪些難看的集數', '文章網址': 'https://www.ptt.cc/bbs/C_Chat/M.1653313350.A.054.html', 'state': '熱烈討論'}
200
{'文章標題': '[問卦] 美國警察真的很好考??', '文章網址': 'https://www.ptt.cc/bbs/Gossiping/M.1653310237.A.7CE.html', 'state': '熱烈討論'}
200
{'文章標題': '[新聞] 中國Vtuber消失半年自曝遭人口拐賣...期', '文章網址': 'https://www.ptt.cc/bbs/Gossiping/M.1653313260.A.9BE.html', 'state': '熱烈討論'}
200
作業完畢...兩小時後再次執行
DB連接成功
--------------------------------------------------
ERROR   https://www.ptt.cc/bbs/Gossiping/M.1653232295.A.EBF.html
--------------------------------------------------
推噓數更新完畢...分析文章熱門程度
分析完成
--------------------------------------------------
推噓數更新完畢...分析文章熱門程度
取消追蹤 