*******************track.pyday2022_06_18********************
2022-06-18 12:31:52
執行中
DB連接成功
--------------------------------------------------
ERROR   https://www.ptt.cc/bbs/Gossiping/M.1653232295.A.EBF.html
--------------------------------------------------
ERROR   https://www.ptt.cc/bbs/Baseball/M.1654076359.A.AF8.html
--------------------------------------------------
ERROR   https://www.ptt.cc/bbs/Gossiping/M.1654234553.A.389.html
--------------------------------------------------
ERROR   https://www.ptt.cc/bbs/Gossiping/M.1654239396.A.446.html
--------------------------------------------------
ERROR   https://www.ptt.cc/bbs/Gossiping/M.1654420762.A.5B6.html
--------------------------------------------------
ERROR   https://www.ptt.cc/bbs/Gossiping/M.1654478679.A.1B5.html
--------------------------------------------------
ERROR   https://www.ptt.cc/bbs/Gossiping/M.1654500699.A.6D1.html
--------------------------------------------------
ERROR   https://www.ptt.cc/bbs/Gossiping/M.1655140781.A.01D.html
--------------------------------------------------
ERROR   https://www.ptt.cc/bbs/Gossiping/M.1655277250.A.B11.html
--------------------------------------------------
推噓數更新完畢...分析文章熱門程度
資料量:  1
文章目前無人回應
ERROR   https://www.ptt.cc/bbs/Gossiping/M.1655521622.A.9EA.html
--------------------------------------------------
推噓數更新完畢...分析文章熱門程度
資料量:  1
ERROR   https://www.ptt.cc/bbs/Gossiping/M.1655521558.A.78C.html
--------------------------------------------------
推噓數更新完畢...分析文章熱門程度
資料量:  1
ERROR   https://www.ptt.cc/bbs/C_Chat/M.1655521855.A.0E6.html
--------------------------------------------------
推噓數更新完畢...分析文章熱門程度
資料量:  1
文章目前無人回應
ERROR   https://www.ptt.cc/bbs/Gossiping/M.1655522259.A.8B5.html
--------------------------------------------------
推播列表 []
{'message': '目前無熱門討論文章'}
200
{'message': '目前無熱門討論文章'}
200
作業完畢...兩小時後再次執行
DB連接成功
--------------------------------------------------
ERROR   https://www.ptt.cc/bbs/Gossiping/M.1653232295.A.EBF.html
--------------------------------------------------
ERROR   https://www.ptt.cc/bbs/Baseball/M.1654076359.A.AF8.html
--------------------------------------------------
ERROR   https://www.ptt.cc/bbs/Gossiping/M.1654234553.A.389.html
--------------------------------------------------
ERROR   https://www.ptt.cc/bbs/Gossiping/M.1654239396.A.446.html
--------------------------------------------------
ERROR   https://www.ptt.cc/bbs/Gossiping/M.1654420762.A.5B6.html
--------------------------------------------------
ERROR   https://www.ptt.cc/bbs/Gossiping/M.1654478679.A.1B5.html
--------------------------------------------------
ERROR   https://www.ptt.cc/bbs/Gossiping/M.1654500699.A.6D1.html
--------------------------------------------------
ERROR   https://www.ptt.cc/bbs/Gossiping/M.1655140781.A.01D.html
--------------------------------------------------
ERROR   https://www.ptt.cc/bbs/Gossiping/M.1655277250.A.B11.html
--------------------------------------------------
推噓數更新完畢...分析文章熱門程度
取消追蹤 https://www.ptt.cc/bbs/Gossiping/M.1655521622.A.9EA.html
文章無人回應 刪除
不熱門了
分析完成
--------------------------------------------------
推噓數更新完畢...分析文章熱門程度
取消追蹤 https://www.ptt.cc/bbs/Gossiping/M.1655521558.A.78C.html
文章無人回應 刪除
不熱門了
分析完成
--------------------------------------------------
推噓數更新完畢...分析文章熱門程度
取消追蹤 https://www.ptt.cc/bbs/C_Chat/M.1655521855.A.0E6.html
文章無人回應 刪除
不熱門了
分析完成
--------------------------------------------------
推噓數更新完畢...分析文章熱門程度
取消追蹤 https://www.ptt.cc/bbs/Gossiping/M.1655522259.A.8B5.html
文章無人回應 刪除
不熱門了
分析完成
--------------------------------------------------
推噓數更新完畢...分析文章熱門程度
資料量:  1
ERROR   https://www.ptt.cc/bbs/Gossiping/M.1655528503.A.45F.html
--------------------------------------------------
推噓數更新完畢...分析文章熱門程度
資料量:  1
文章目前無人回應
ERROR   https://www.ptt.cc/bbs/Gossiping/M.1655526966.A.F4E.html
--------------------------------------------------
推噓數更新完畢...分析文章熱門程度
資料量:  1
ERROR   https://www.ptt.cc/bbs/HatePolitics/M.1655530507.A.D82.html
--------------------------------------------------
推噓數更新完畢...分析文章熱門程度
資料量:  1
文章目前無人回應
ERROR   https://www.ptt.cc/bbs/Gossiping/M.1655528726.A.782.html
--------------------------------------------------
推播列表 []
{'message': '目前無熱門討論文章'}
200
{'message': '目前無熱門討論文章'}
200
作業完畢...兩小時後再次執行
DB連接成功
--------------------------------------------------
ERROR   https://www.ptt.cc/bbs/Gossiping/M.1653232295.A.EBF.html
--------------------------------------------------
ERROR   https://www.ptt.cc/bbs/Baseball/M.1654076359.A.AF8.html
--------------------------------------------------
ERROR   https://www.ptt.cc/bbs/Gossiping/M.1654234553.A.389.html
--------------------------------------------------
ERROR   https://www.ptt.cc/bbs/Gossiping/M.1654239396.A.446.html
--------------------------------------------------
ERROR   https://www.ptt.cc/bbs/Gossiping/M.1654420762.A.5B6.html
--------------------------------------------------
ERROR   https://www.ptt.cc/bbs/Gossiping/M.1654478679.A.1B5.html
--------------------------------------------------
ERROR   https://www.ptt.cc/bbs/Gossiping/M.1654500699.A.6D1.html
--------------------------------------------------
ERROR   https://www.ptt.cc/bbs/Gossiping/M.1655140781.A.01D.html
--------------------------------------------------
ERROR   https://www.ptt.cc/bbs/Gossiping/M.1655277250.A.B11.html
--------------------------------------------------
推噓數更新完畢...分析文章熱門程度
取消追蹤 https://www.ptt.cc/bbs/Gossiping/M.1655528503.A.45F.html
文章無人回應 刪除
不熱門了
分析完成
--------------------------------------------------
推噓數更新完畢...分析文章熱門程度
取消追蹤 https://www.ptt.cc/bbs/Gossiping/M.1655526966.A.F4E.html
文章無人回應 刪除
不熱門了
分析完成
--------------------------------------------------
推噓數更新完畢...分析文章熱門程度
分析完成
--------------------------------------------------
推噓數更新完畢...分析文章熱門程度
取消追蹤 https://www.ptt.cc/bbs/Gossiping/M.1655528726.A.782.html
文章無人回應 刪除
不熱門了
分析完成
--------------------------------------------------
推噓數更新完畢...分析文章熱門程度
資料量:  1
文章目前無人回應
ERROR   https://www.ptt.cc/bbs/Gossiping/M.1655538391.A.3E9.html
--------------------------------------------------
推噓數更新完畢...分析文章熱門程度
資料量:  1
ERROR   https://www.ptt.cc/bbs/Gossiping/M.1655536457.A.D43.html
--------------------------------------------------
推噓數更新完畢...分析文章熱門程度
資料量:  1
ERROR   https://www.ptt.cc/bbs/Gossiping/M.1655537719.A.40A.html
--------------------------------------------------
推噓數更新完畢...分析文章熱門程度
資料量:  1
文章目前無人回應
ERROR   https://www.ptt.cc/bbs/Gossiping/M.1655538031.A.EC3.html
--------------------------------------------------
推噓數更新完畢...分析文章熱門程度
資料量:  1
文章目前無人回應
ERROR   https://www.ptt.cc/bbs/Gossiping/M.1655538204.A.A01.html
--------------------------------------------------
推播列表 