*******************track.pyday2022_06_19********************
2022-06-19 11:49:14
執行中
DB連接成功
--------------------------------------------------
ERROR   https://www.ptt.cc/bbs/Gossiping/M.1653232295.A.EBF.html
--------------------------------------------------
ERROR   https://www.ptt.cc/bbs/Baseball/M.1654076359.A.AF8.html
--------------------------------------------------
ERROR   https://www.ptt.cc/bbs/Gossiping/M.1654234553.A.389.html
--------------------------------------------------
ERROR   https://www.ptt.cc/bbs/Gossiping/M.1654239396.A.446.html
--------------------------------------------------
ERROR   https://www.ptt.cc/bbs/Gossiping/M.1654420762.A.5B6.html
--------------------------------------------------
ERROR   https://www.ptt.cc/bbs/Gossiping/M.1654478679.A.1B5.html
--------------------------------------------------
ERROR   https://www.ptt.cc/bbs/Gossiping/M.1654500699.A.6D1.html
--------------------------------------------------
ERROR   https://www.ptt.cc/bbs/Gossiping/M.1655140781.A.01D.html
--------------------------------------------------
ERROR   https://www.ptt.cc/bbs/Gossiping/M.1655277250.A.B11.html
--------------------------------------------------
推噓數更新完畢...分析文章熱門程度
資料量:  1
ERROR   https://www.ptt.cc/bbs/Gossiping/M.1655536457.A.D43.html
--------------------------------------------------
推噓數更新完畢...分析文章熱門程度
資料量:  1
文章目前無人回應
ERROR   https://www.ptt.cc/bbs/Gossiping/M.1655551435.A.99D.html
--------------------------------------------------
推噓數更新完畢...分析文章熱門程度
資料量:  1
ERROR   https://www.ptt.cc/bbs/C_Chat/M.1655550458.A.F71.html
--------------------------------------------------
推噓數更新完畢...分析文章熱門程度
資料量:  1
ERROR   https://www.ptt.cc/bbs/Gossiping/M.1655548866.A.43A.html
--------------------------------------------------
推噓數更新完畢...分析文章熱門程度
資料量:  1
ERROR   https://www.ptt.cc/bbs/Gossiping/M.1655552832.A.40A.html
--------------------------------------------------
推噓數更新完畢...分析文章熱門程度
資料量:  1
ERROR   https://www.ptt.cc/bbs/HatePolitics/M.1655548416.A.81C.html
--------------------------------------------------
推播列表 []
作業完畢...兩小時後再次執行
