*******************track.pyday2022_06_01********************
2022-06-01 08:44:17
執行中
DB連接成功
--------------------------------------------------
ERROR   https://www.ptt.cc/bbs/Gossiping/M.1653232295.A.EBF.html
--------------------------------------------------
推噓數更新完畢...分析文章熱門程度
資料量:  1
ERROR   https://www.ptt.cc/bbs/HatePolitics/M.1654035210.A.542.html
--------------------------------------------------
推噓數更新完畢...分析文章熱門程度
資料量:  1
ERROR   https://www.ptt.cc/bbs/Gossiping/M.1654040788.A.863.html
--------------------------------------------------
推播列表 []
作業完畢...兩小時後再次執行
*******************track.pyday2022_06_01********************
2022-06-01 08:45:47
執行中
DB連接成功
--------------------------------------------------
ERROR   https://www.ptt.cc/bbs/Gossiping/M.1653232295.A.EBF.html
--------------------------------------------------
推噓數更新完畢...分析文章熱門程度
取消追蹤 https://www.ptt.cc/bbs/HatePolitics/M.1654035210.A.542.html
文章無人回應 刪除
不熱門了
分析完成
--------------------------------------------------
推噓數更新完畢...分析文章熱門程度
取消追蹤 https://www.ptt.cc/bbs/Gossiping/M.1654040788.A.863.html
文章無人回應 刪除
不熱門了
分析完成
--------------------------------------------------
推播列表 []
作業完畢...兩小時後再次執行
DB連接成功
--------------------------------------------------
ERROR   https://www.ptt.cc/bbs/Gossiping/M.1653232295.A.EBF.html
--------------------------------------------------
推噓數更新完畢...分析文章熱門程度
資料量:  1
ERROR   https://www.ptt.cc/bbs/Gossiping/M.1654048455.A.B70.html
--------------------------------------------------
推噓數更新完畢...分析文章熱門程度
資料量:  1
ERROR   https://www.ptt.cc/bbs/Gossiping/M.1654043835.A.D9B.html
--------------------------------------------------
推噓數更新完畢...分析文章熱門程度
資料量:  1
ERROR   https://www.ptt.cc/bbs/Gossiping/M.1654047532.A.2CD.html
--------------------------------------------------
推噓數更新完畢...分析文章熱門程度
資料量:  1
ERROR   https://www.ptt.cc/bbs/Gossiping/M.1654046706.A.EB2.html
--------------------------------------------------
推噓數更新完畢...分析文章熱門程度
資料量:  1
ERROR   https://www.ptt.cc/bbs/Gossiping/M.1654043631.A.234.html
--------------------------------------------------
推噓數更新完畢...分析文章熱門程度
資料量:  1
ERROR   https://www.ptt.cc/bbs/Gossiping/M.1654045088.A.005.html
--------------------------------------------------
推噓數更新完畢...分析文章熱門程度
資料量:  1
ERROR   https://www.ptt.cc/bbs/Gossiping/M.1654043971.A.DE3.html
--------------------------------------------------
推噓數更新完畢...分析文章熱門程度
資料量:  1
ERROR   https://www.ptt.cc/bbs/Gossiping/M.1654046625.A.C5A.html
--------------------------------------------------
推噓數更新完畢...分析文章熱門程度
資料量:  1
ERROR   https://www.ptt.cc/bbs/Gossiping/M.1654047406.A.5C8.html
--------------------------------------------------
推噓數更新完畢...分析文章熱門程度
資料量:  1
ERROR   https://www.ptt.cc/bbs/HatePolitics/M.1654048430.A.00D.html
--------------------------------------------------
推噓數更新完畢...分析文章熱門程度
資料量:  1
ERROR   https://www.ptt.cc/bbs/Gossiping/M.1654045286.A.E44.html
--------------------------------------------------
推播列表 []
作業完畢...兩小時後再次執行
DB連接成功
--------------------------------------------------
ERROR   https://www.ptt.cc/bbs/Gossiping/M.1653232295.A.EBF.html
--------------------------------------------------
推噓數更新完畢...分析文章熱門程度
分析完成
--------------------------------------------------
推噓數更新完畢...分析文章熱門程度
取消追蹤 https://www.ptt.cc/bbs/Gossiping/M.1654043835.A.D9B.html
文章無人回應 刪除
不熱門了
分析完成
--------------------------------------------------
推噓數更新完畢...分析文章熱門程度
取消追蹤 https://www.ptt.cc/bbs/Gossiping/M.1654047532.A.2CD.html
文章無人回應 刪除
不熱門了
分析完成
--------------------------------------------------
推噓數更新完畢...分析文章熱門程度
分析完成
--------------------------------------------------
推噓數更新完畢...分析文章熱門程度
取消追蹤 https://www.ptt.cc/bbs/Gossiping/M.1654043631.A.234.html
文章無人回應 刪除
不熱門了
分析完成
--------------------------------------------------
推噓數更新完畢...分析文章熱門程度
分析完成
--------------------------------------------------
推噓數更新完畢...分析文章熱門程度
分析完成
--------------------------------------------------
推噓數更新完畢...分析文章熱門程度
取消追蹤 https://www.ptt.cc/bbs/Gossiping/M.1654046625.A.C5A.html
文章無人回應 刪除
不熱門了
分析完成
--------------------------------------------------
推噓數更新完畢...分析文章熱門程度
分析完成
--------------------------------------------------
推噓數更新完畢...分析文章熱門程度
取消追蹤 https://www.ptt.cc/bbs/HatePolitics/M.1654048430.A.00D.html
文章無人回應 刪除
不熱門了
分析完成
--------------------------------------------------
推噓數更新完畢...分析文章熱門程度
取消追蹤 https://www.ptt.cc/bbs/Gossiping/M.1654045286.A.E44.html
文章無人回應 刪除
不熱門了
分析完成
--------------------------------------------------
推噓數更新完畢...分析文章熱門程度
資料量:  1
ERROR   https://www.ptt.cc/bbs/Gossiping/M.1654053889.A.2A9.html
--------------------------------------------------
推噓數更新完畢...分析文章熱門程度
資料量:  1
文章目前無人回應
ERROR   https://www.ptt.cc/bbs/Gossiping/M.1654052314.A.7FB.html
--------------------------------------------------
推噓數更新完畢...分析文章熱門程度
資料量:  1
ERROR   https://www.ptt.cc/bbs/Gossiping/M.1654051981.A.129.html
--------------------------------------------------
推噓數更新完畢...分析文章熱門程度
資料量:  1
ERROR   https://www.ptt.cc/bbs/Gossiping/M.1654054611.A.C3F.html
--------------------------------------------------
推噓數更新完畢...分析文章熱門程度
資料量:  1
文章目前無人回應
ERROR   https://www.ptt.cc/bbs/Gossiping/M.1654049620.A.F31.html
--------------------------------------------------
推噓數更新完畢...分析文章熱門程度
資料量:  1
ERROR   https://www.ptt.cc/bbs/Gossiping/M.1654050937.A.A52.html
--------------------------------------------------
推噓數更新完畢...分析文章熱門程度
資料量:  1
ERROR   https://www.ptt.cc/bbs/Gossiping/M.1654050245.A.9F7.html
--------------------------------------------------
推噓數更新完畢...分析文章熱門程度
資料量:  1
文章目前無人回應
ERROR   https://www.ptt.cc/bbs/Gossiping/M.1654051210.A.146.html
--------------------------------------------------
推噓數更新完畢...分析文章熱門程度
資料量:  1
ERROR   https://www.ptt.cc/bbs/C_Chat/M.1654050782.A.E2E.html
--------------------------------------------------
推播列表 [{'文章標題': '[新聞] 警方為何掩護天虹科技副總？ 驚爆法律顧', '文章網址': 'https://www.ptt.cc/bbs/Gossiping/M.1654048455.A.B70.html', 'state': '熱烈討論'}, {'文章標題': '[新聞] 女大生上網約炮失敗嗆對方 反遭傳血腥照', '文章網址': 'https://www.ptt.cc/bbs/Gossiping/M.1654046706.A.EB2.html', 'state': '熱烈討論'}, {'文章標題': '[新聞] 發大財？高雄婦異想天開影印美鈔到銀行', '文章網址': 'https://www.ptt.cc/bbs/Gossiping/M.1654045088.A.005.html', 'state': '熱烈討論'}, {'文章標題': '[新聞] 恐怖！公園兒童遊具竟綁西瓜刀\u3000血跡斑', '文章網址': 'https://www.ptt.cc/bbs/Gossiping/M.1654043971.A.DE3.html', 'state': '熱烈討論'}, {'文章標題': '[新聞] 獨家｜快篩陽居隔4天趴趴走挨撞\u3000台南七旬阿伯慘了！受傷又傷荷包', '文章網址': 'https://www.ptt.cc/bbs/Gossiping/M.1654047406.A.5C8.html', 'state': '熱烈討論'}]
{'文章標題': '[新聞] 警方為何掩護天虹科技副總？ 驚爆法律顧', '文章網址': 'https://www.ptt.cc/bbs/Gossiping/M.1654048455.A.B70.html', 'state': '熱烈討論'}
200
{'文章標題': '[新聞] 女大生上網約炮失敗嗆對方 反遭傳血腥照', '文章網址': 'https://www.ptt.cc/bbs/Gossiping/M.1654046706.A.EB2.html', 'state': '熱烈討論'}
200
{'文章標題': '[新聞] 發大財？高雄婦異想天開影印美鈔到銀行', '文章網址': 'https://www.ptt.cc/bbs/Gossiping/M.1654045088.A.005.html', 'state': '熱烈討論'}
200
{'文章標題': '[新聞] 恐怖！公園兒童遊具竟綁西瓜刀\u3000血跡斑', '文章網址': 'https://www.ptt.cc/bbs/Gossiping/M.1654043971.A.DE3.html', 'state': '熱烈討論'}
200
{'文章標題': '[新聞] 獨家｜快篩陽居隔4天趴趴走挨撞\u3000台南七旬阿伯慘了！受傷又傷荷包', '文章網址': 'https://www.ptt.cc/bbs/Gossiping/M.1654047406.A.5C8.html', 'state': '熱烈討論'}
200
{'文章標題': '[新聞] 警方為何掩護天虹科技副總？ 驚爆法律顧', '文章網址': 'https://www.ptt.cc/bbs/Gossiping/M.1654048455.A.B70.html', 'state': '熱烈討論'}
200
{'文章標題': '[新聞] 女大生上網約炮失敗嗆對方 反遭傳血腥照', '文章網址': 'https://www.ptt.cc/bbs/Gossiping/M.1654046706.A.EB2.html', 'state': '熱烈討論'}
200
{'文章標題': '[新聞] 發大財？高雄婦異想天開影印美鈔到銀行', '文章網址': 'https://www.ptt.cc/bbs/Gossiping/M.1654045088.A.005.html', 'state': '熱烈討論'}
200
{'文章標題': '[新聞] 恐怖！公園兒童遊具竟綁西瓜刀\u3000血跡斑', '文章網址': 'https://www.ptt.cc/bbs/Gossiping/M.1654043971.A.DE3.html', 'state': '熱烈討論'}
200
{'文章標題': '[新聞] 獨家｜快篩陽居隔4天趴趴走挨撞\u3000台南七旬阿伯慘了！受傷又傷荷包', '文章網址': 'https://www.ptt.cc/bbs/Gossiping/M.1654047406.A.5C8.html', 'state': '熱烈討論'}
200
作業完畢...兩小時後再次執行
*******************track.pyday2022_06_01********************
2022-06-01 13:30:01
執行中
DB連接成功
--------------------------------------------------
ERROR   https://www.ptt.cc/bbs/Gossiping/M.1653232295.A.EBF.html
--------------------------------------------------
推噓數更新完畢...分析文章熱門程度
分析完成
--------------------------------------------------
推噓數更新完畢...分析文章熱門程度
分析完成
--------------------------------------------------
推噓數更新完畢...分析文章熱門程度
分析完成
--------------------------------------------------
推噓數更新完畢...分析文章熱門程度
分析完成
--------------------------------------------------
推噓數更新完畢...分析文章熱門程度
分析完成
--------------------------------------------------
推噓數更新完畢...分析文章熱門程度
取消追蹤 https://www.ptt.cc/bbs/Gossiping/M.1654053889.A.2A9.html
文章無人回應 刪除
不熱門了
分析完成
--------------------------------------------------
推噓數更新完畢...分析文章熱門程度
取消追蹤 https://www.ptt.cc/bbs/Gossiping/M.1654052314.A.7FB.html
文章無人回應 刪除
不熱門了
分析完成
--------------------------------------------------
推噓數更新完畢...分析文章熱門程度
取消追蹤 https://www.ptt.cc/bbs/Gossiping/M.1654051981.A.129.html
文章無人回應 刪除
不熱門了
分析完成
--------------------------------------------------
推噓數更新完畢...分析文章熱門程度
取消追蹤 https://www.ptt.cc/bbs/Gossiping/M.1654054611.A.C3F.html
文章無人回應 刪除
不熱門了
分析完成
--------------------------------------------------
推噓數更新完畢...分析文章熱門程度
取消追蹤 https://www.ptt.cc/bbs/Gossiping/M.1654049620.A.F31.html
文章無人回應 刪除
不熱門了
分析完成
--------------------------------------------------
推噓數更新完畢...分析文章熱門程度
取消追蹤 https://www.ptt.cc/bbs/Gossiping/M.1654050937.A.A52.html
文章無人回應 刪除
不熱門了
分析完成
--------------------------------------------------
推噓數更新完畢...分析文章熱門程度
取消追蹤 https://www.ptt.cc/bbs/Gossiping/M.1654050245.A.9F7.html
文章無人回應 刪除
不熱門了
分析完成
--------------------------------------------------
推噓數更新完畢...分析文章熱門程度
取消追蹤 https://www.ptt.cc/bbs/Gossiping/M.1654051210.A.146.html
文章無人回應 刪除
不熱門了
分析完成
--------------------------------------------------
推噓數更新完畢...分析文章熱門程度
取消追蹤 https://www.ptt.cc/bbs/C_Chat/M.1654050782.A.E2E.html
文章無人回應 刪除
不熱門了
分析完成
--------------------------------------------------
推噓數更新完畢...分析文章熱門程度
資料量:  1
ERROR   https://www.ptt.cc/bbs/Gossiping/M.1654055224.A.527.html
--------------------------------------------------
推播列表 [{'文章標題': '[新聞] 警方為何掩護天虹科技副總？ 驚爆法律顧', '文章網址': 'https://www.ptt.cc/bbs/Gossiping/M.1654048455.A.B70.html', 'state': '熱烈討論'}, {'文章標題': '[新聞] 女大生上網約炮失敗嗆對方 反遭傳血腥照', '文章網址': 'https://www.ptt.cc/bbs/Gossiping/M.1654046706.A.EB2.html', 'state': '熱烈討論'}, {'文章標題': '[新聞] 發大財？高雄婦異想天開影印美鈔到銀行', '文章網址': 'https://www.ptt.cc/bbs/Gossiping/M.1654045088.A.005.html', 'state': '熱烈討論'}, {'文章標題': '[新聞] 恐怖！公園兒童遊具竟綁西瓜刀\u3000血跡斑', '文章網址': 'https://www.ptt.cc/bbs/Gossiping/M.1654043971.A.DE3.html', 'state': '熱烈討論'}, {'文章標題': '[新聞] 獨家｜快篩陽居隔4天趴趴走挨撞\u3000台南七旬阿伯慘了！受傷又傷荷包', '文章網址': 'https://www.ptt.cc/bbs/Gossiping/M.1654047406.A.5C8.html', 'state': '熱烈討論'}]
{'文章標題': '[新聞] 警方為何掩護天虹科技副總？ 驚爆法律顧', '文章網址': 'https://www.ptt.cc/bbs/Gossiping/M.1654048455.A.B70.html', 'state': '熱烈討論'}
200
{'文章標題': '[新聞] 女大生上網約炮失敗嗆對方 反遭傳血腥照', '文章網址': 'https://www.ptt.cc/bbs/Gossiping/M.1654046706.A.EB2.html', 'state': '熱烈討論'}
200
{'文章標題': '[新聞] 發大財？高雄婦異想天開影印美鈔到銀行', '文章網址': 'https://www.ptt.cc/bbs/Gossiping/M.1654045088.A.005.html', 'state': '熱烈討論'}
200
{'文章標題': '[新聞] 恐怖！公園兒童遊具竟綁西瓜刀\u3000血跡斑', '文章網址': 'https://www.ptt.cc/bbs/Gossiping/M.1654043971.A.DE3.html', 'state': '熱烈討論'}
200
{'文章標題': '[新聞] 獨家｜快篩陽居隔4天趴趴走挨撞\u3000台南七旬阿伯慘了！受傷又傷荷包', '文章網址': 'https://www.ptt.cc/bbs/Gossiping/M.1654047406.A.5C8.html', 'state': '熱烈討論'}
200
{'文章標題': '[新聞] 警方為何掩護天虹科技副總？ 驚爆法律顧', '文章網址': 'https://www.ptt.cc/bbs/Gossiping/M.1654048455.A.B70.html', 'state': '熱烈討論'}
200
{'文章標題': '[新聞] 女大生上網約炮失敗嗆對方 反遭傳血腥照', '文章網址': 'https://www.ptt.cc/bbs/Gossiping/M.1654046706.A.EB2.html', 'state': '熱烈討論'}
200
{'文章標題': '[新聞] 發大財？高雄婦異想天開影印美鈔到銀行', '文章網址': 'https://www.ptt.cc/bbs/Gossiping/M.1654045088.A.005.html', 'state': '熱烈討論'}
200
{'文章標題': '[新聞] 恐怖！公園兒童遊具竟綁西瓜刀\u3000血跡斑', '文章網址': 'https://www.ptt.cc/bbs/Gossiping/M.1654043971.A.DE3.html', 'state': '熱烈討論'}
200
{'文章標題': '[新聞] 獨家｜快篩陽居隔4天趴趴走挨撞\u3000台南七旬阿伯慘了！受傷又傷荷包', '文章網址': 'https://www.ptt.cc/bbs/Gossiping/M.1654047406.A.5C8.html', 'state': '熱烈討論'}
200
{'文章標題': '[新聞] 警方為何掩護天虹科技副總？ 驚爆法律顧', '文章網址': 'https://www.ptt.cc/bbs/Gossiping/M.1654048455.A.B70.html', 'state': '熱烈討論'}
200
{'文章標題': '[新聞] 女大生上網約炮失敗嗆對方 反遭傳血腥照', '文章網址': 'https://www.ptt.cc/bbs/Gossiping/M.1654046706.A.EB2.html', 'state': '熱烈討論'}
200
{'文章標題': '[新聞] 發大財？高雄婦異想天開影印美鈔到銀行', '文章網址': 'https://www.ptt.cc/bbs/Gossiping/M.1654045088.A.005.html', 'state': '熱烈討論'}
200
{'文章標題': '[新聞] 恐怖！公園兒童遊具竟綁西瓜刀\u3000血跡斑', '文章網址': 'https://www.ptt.cc/bbs/Gossiping/M.1654043971.A.DE3.html', 'state': '熱烈討論'}
200
{'文章標題': '[新聞] 獨家｜快篩陽居隔4天趴趴走挨撞\u3000台南七旬阿伯慘了！受傷又傷荷包', '文章網址': 'https://www.ptt.cc/bbs/Gossiping/M.1654047406.A.5C8.html', 'state': '熱烈討論'}
200
作業完畢...兩小時後再次執行
DB連接成功
--------------------------------------------------
ERROR   https://www.ptt.cc/bbs/Gossiping/M.1653232295.A.EBF.html
--------------------------------------------------
推噓數更新完畢...分析文章熱門程度
分析完成
--------------------------------------------------
推噓數更新完畢...分析文章熱門程度
分析完成
--------------------------------------------------
推噓數更新完畢...分析文章熱門程度
分析完成
--------------------------------------------------
推噓數更新完畢...分析文章熱門程度
取消追蹤 https://www.ptt.cc/bbs/Gossiping/M.1654043971.A.DE3.html
文章無人回應 刪除
不熱門了
分析完成
--------------------------------------------------
推噓數更新完畢...分析文章熱門程度
取消追蹤 https://www.ptt.cc/bbs/Gossiping/M.1654047406.A.5C8.html
文章無人回應 刪除
不熱門了
分析完成
--------------------------------------------------
推噓數更新完畢...分析文章熱門程度
取消追蹤 https://www.ptt.cc/bbs/Gossiping/M.1654055224.A.527.html
文章無人回應 刪除
不熱門了
分析完成
--------------------------------------------------
推噓數更新完畢...分析文章熱門程度
資料量:  1
文章目前無人回應
ERROR   https://www.ptt.cc/bbs/Gossiping/M.1654061412.A.126.html
--------------------------------------------------
推噓數更新完畢...分析文章熱門程度
資料量:  1
ERROR   https://www.ptt.cc/bbs/C_Chat/M.1654062381.A.D0D.html
--------------------------------------------------
推噓數更新完畢...分析文章熱門程度
資料量:  1
ERROR   https://www.ptt.cc/bbs/Gossiping/M.1654061651.A.A01.html
--------------------------------------------------
推噓數更新完畢...分析文章熱門程度
資料量:  1
ERROR   https://www.ptt.cc/bbs/Gossiping/M.1654062830.A.EED.html
--------------------------------------------------
推播列表 [{'文章標題': '[新聞] 警方為何掩護天虹科技副總？ 驚爆法律顧', '文章網址': 'https://www.ptt.cc/bbs/Gossiping/M.1654048455.A.B70.html', 'state': '熱烈討論'}, {'文章標題': '[新聞] 女大生上網約炮失敗嗆對方 反遭傳血腥照', '文章網址': 'https://www.ptt.cc/bbs/Gossiping/M.1654046706.A.EB2.html', 'state': '熱烈討論'}, {'文章標題': '[新聞] 發大財？高雄婦異想天開影印美鈔到銀行', '文章網址': 'https://www.ptt.cc/bbs/Gossiping/M.1654045088.A.005.html', 'state': '熱烈討論'}]
{'文章標題': '[新聞] 警方為何掩護天虹科技副總？ 驚爆法律顧', '文章網址': 'https://www.ptt.cc/bbs/Gossiping/M.1654048455.A.B70.html', 'state': '熱烈討論'}
200
{'文章標題': '[新聞] 女大生上網約炮失敗嗆對方 反遭傳血腥照', '文章網址': 'https://www.ptt.cc/bbs/Gossiping/M.1654046706.A.EB2.html', 'state': '熱烈討論'}
200
{'文章標題': '[新聞] 發大財？高雄婦異想天開影印美鈔到銀行', '文章網址': 'https://www.ptt.cc/bbs/Gossiping/M.1654045088.A.005.html', 'state': '熱烈討論'}
200
{'文章標題': '[新聞] 警方為何掩護天虹科技副總？ 驚爆法律顧', '文章網址': 'https://www.ptt.cc/bbs/Gossiping/M.1654048455.A.B70.html', 'state': '熱烈討論'}
200
{'文章標題': '[新聞] 女大生上網約炮失敗嗆對方 反遭傳血腥照', '文章網址': 'https://www.ptt.cc/bbs/Gossiping/M.1654046706.A.EB2.html', 'state': '熱烈討論'}
200
{'文章標題': '[新聞] 發大財？高雄婦異想天開影印美鈔到銀行', '文章網址': 'https://www.ptt.cc/bbs/Gossiping/M.1654045088.A.005.html', 'state': '熱烈討論'}
200
{'文章標題': '[新聞] 警方為何掩護天虹科技副總？ 驚爆法律顧', '文章網址': 'https://www.ptt.cc/bbs/Gossiping/M.1654048455.A.B70.html', 'state': '熱烈討論'}
200
{'文章標題': '[新聞] 女大生上網約炮失敗嗆對方 反遭傳血腥照', '文章網址': 'https://www.ptt.cc/bbs/Gossiping/M.1654046706.A.EB2.html', 'state': '熱烈討論'}
200
{'文章標題': '[新聞] 發大財？高雄婦異想天開影印美鈔到銀行', '文章網址': 'https://www.ptt.cc/bbs/Gossiping/M.1654045088.A.005.html', 'state': '熱烈討論'}
200
作業完畢...兩小時後再次執行
DB連接成功
--------------------------------------------------
ERROR   https://www.ptt.cc/bbs/Gossiping/M.1653232295.A.EBF.html
--------------------------------------------------
推噓數更新完畢...分析文章熱門程度
分析完成
--------------------------------------------------
推噓數更新完畢...分析文章熱門程度
取消追蹤 https://www.ptt.cc/bbs/Gossiping/M.1654046706.A.EB2.html
文章無人回應 刪除
不熱門了
分析完成
--------------------------------------------------
推噓數更新完畢...分析文章熱門程度
取消追蹤 https://www.ptt.cc/bbs/Gossiping/M.1654045088.A.005.html
文章無人回應 刪除
不熱門了
分析完成
--------------------------------------------------
推噓數更新完畢...分析文章熱門程度
取消追蹤 https://www.ptt.cc/bbs/Gossiping/M.1654061412.A.126.html
文章無人回應 刪除
不熱門了
分析完成
--------------------------------------------------
推噓數更新完畢...分析文章熱門程度
分析完成
--------------------------------------------------
推噓數更新完畢...分析文章熱門程度
分析完成
--------------------------------------------------
推噓數更新完畢...分析文章熱門程度
取消追蹤 https://www.ptt.cc/bbs/Gossiping/M.1654062830.A.EED.html
文章無人回應 刪除
不熱門了
分析完成
--------------------------------------------------
推噓數更新完畢...分析文章熱門程度
資料量:  1
ERROR   https://www.ptt.cc/bbs/HatePolitics/M.1654069239.A.EF5.html
--------------------------------------------------
推噓數更新完畢...分析文章熱門程度
資料量:  1
文章目前無人回應
ERROR   https://www.ptt.cc/bbs/HatePolitics/M.1654069882.A.42D.html
--------------------------------------------------
推噓數更新完畢...分析文章熱門程度
資料量:  1
ERROR   https://www.ptt.cc/bbs/Gossiping/M.1654069360.A.344.html
--------------------------------------------------
推播列表 [{'文章標題': '[新聞] 警方為何掩護天虹科技副總？ 驚爆法律顧', '文章網址': 'https://www.ptt.cc/bbs/Gossiping/M.1654048455.A.B70.html', 'state': '熱烈討論'}, {'文章標題': '[閒聊] 烏龍派出所的好看保證是誰？', '文章網址': 'https://www.ptt.cc/bbs/C_Chat/M.1654062381.A.D0D.html', 'state': '熱烈討論'}, {'文章標題': '[新聞] 竹縣警局竟代發肇事者聲明 議員按鈴告發', '文章網址': 'https://www.ptt.cc/bbs/Gossiping/M.1654061651.A.A01.html', 'state': '熱烈討論'}]
{'文章標題': '[新聞] 警方為何掩護天虹科技副總？ 驚爆法律顧', '文章網址': 'https://www.ptt.cc/bbs/Gossiping/M.1654048455.A.B70.html', 'state': '熱烈討論'}
200
{'文章標題': '[閒聊] 烏龍派出所的好看保證是誰？', '文章網址': 'https://www.ptt.cc/bbs/C_Chat/M.1654062381.A.D0D.html', 'state': '熱烈討論'}
200
{'文章標題': '[新聞] 竹縣警局竟代發肇事者聲明 議員按鈴告發', '文章網址': 'https://www.ptt.cc/bbs/Gossiping/M.1654061651.A.A01.html', 'state': '熱烈討論'}
200
{'文章標題': '[新聞] 警方為何掩護天虹科技副總？ 驚爆法律顧', '文章網址': 'https://www.ptt.cc/bbs/Gossiping/M.1654048455.A.B70.html', 'state': '熱烈討論'}
200
{'文章標題': '[閒聊] 烏龍派出所的好看保證是誰？', '文章網址': 'https://www.ptt.cc/bbs/C_Chat/M.1654062381.A.D0D.html', 'state': '熱烈討論'}
200
{'文章標題': '[新聞] 竹縣警局竟代發肇事者聲明 議員按鈴告發', '文章網址': 'https://www.ptt.cc/bbs/Gossiping/M.1654061651.A.A01.html', 'state': '熱烈討論'}
200
{'文章標題': '[新聞] 警方為何掩護天虹科技副總？ 驚爆法律顧', '文章網址': 'https://www.ptt.cc/bbs/Gossiping/M.1654048455.A.B70.html', 'state': '熱烈討論'}
200
{'文章標題': '[閒聊] 烏龍派出所的好看保證是誰？', '文章網址': 'https://www.ptt.cc/bbs/C_Chat/M.1654062381.A.D0D.html', 'state': '熱烈討論'}
200
{'文章標題': '[新聞] 竹縣警局竟代發肇事者聲明 議員按鈴告發', '文章網址': 'https://www.ptt.cc/bbs/Gossiping/M.1654061651.A.A01.html', 'state': '熱烈討論'}
200
作業完畢...兩小時後再次執行
DB連接成功
--------------------------------------------------
ERROR   https://www.ptt.cc/bbs/Gossiping/M.1653232295.A.EBF.html
--------------------------------------------------
推噓數更新完畢...分析文章熱門程度
分析完成
--------------------------------------------------
推噓數更新完畢...分析文章熱門程度
取消追蹤 https://www.ptt.cc/bbs/C_Chat/M.1654062381.A.D0D.html
文章無人回應 刪除
不熱門了
分析完成
--------------------------------------------------
推噓數更新完畢...分析文章熱門程度
取消追蹤 https://www.ptt.cc/bbs/Gossiping/M.1654061651.A.A01.html
文章無人回應 刪除
不熱門了
分析完成
--------------------------------------------------
推噓數更新完畢...分析文章熱門程度
取消追蹤 https://www.ptt.cc/bbs/HatePolitics/M.1654069239.A.EF5.html
文章無人回應 刪除
不熱門了
分析完成
--------------------------------------------------
推噓數更新完畢...分析文章熱門程度
取消追蹤 https://www.ptt.cc/bbs/HatePolitics/M.1654069882.A.42D.html
文章無人回應 刪除
不熱門了
分析完成
--------------------------------------------------
推噓數更新完畢...分析文章熱門程度
取消追蹤 https://www.ptt.cc/bbs/Gossiping/M.1654069360.A.344.html
文章無人回應 刪除
不熱門了
分析完成
--------------------------------------------------
ERROR   https://www.ptt.cc/bbs/Baseball/M.1654076359.A.AF8.html
--------------------------------------------------
推噓數更新完畢...分析文章熱門程度
資料量:  1
ERROR   https://www.ptt.cc/bbs/Gossiping/M.1654076803.A.141.html
--------------------------------------------------
推播列表 [{'文章標題': '[新聞] 警方為何掩護天虹科技副總？ 驚爆法律顧', '文章網址': 'https://www.ptt.cc/bbs/Gossiping/M.1654048455.A.B70.html', 'state': '熱烈討論'}]
{'文章標題': '[新聞] 警方為何掩護天虹科技副總？ 驚爆法律顧', '文章網址': 'https://www.ptt.cc/bbs/Gossiping/M.1654048455.A.B70.html', 'state': '熱烈討論'}
200
{'文章標題': '[新聞] 警方為何掩護天虹科技副總？ 驚爆法律顧', '文章網址': 'https://www.ptt.cc/bbs/Gossiping/M.1654048455.A.B70.html', 'state': '熱烈討論'}
200
{'文章標題': '[新聞] 警方為何掩護天虹科技副總？ 驚爆法律顧', '文章網址': 'https://www.ptt.cc/bbs/Gossiping/M.1654048455.A.B70.html', 'state': '熱烈討論'}
200
作業完畢...兩小時後再次執行
DB連接成功
--------------------------------------------------
ERROR   https://www.ptt.cc/bbs/Gossiping/M.1653232295.A.EBF.html
--------------------------------------------------
推噓數更新完畢...分析文章熱門程度
分析完成
--------------------------------------------------
ERROR   https://www.ptt.cc/bbs/Baseball/M.1654076359.A.AF8.html
--------------------------------------------------
推噓數更新完畢...分析文章熱門程度
取消追蹤 https://www.ptt.cc/bbs/Gossiping/M.1654076803.A.141.html
文章無人回應 刪除
不熱門了
分析完成
--------------------------------------------------
推噓數更新完畢...分析文章熱門程度
資料量:  1
文章目前無人回應
ERROR   https://www.ptt.cc/bbs/C_Chat/M.1654083017.A.6D4.html
--------------------------------------------------
推播列表 [{'文章標題': '[新聞] 警方為何掩護天虹科技副總？ 驚爆法律顧', '文章網址': 'https://www.ptt.cc/bbs/Gossiping/M.1654048455.A.B70.html', 'state': '熱烈討論'}]
{'文章標題': '[新聞] 警方為何掩護天虹科技副總？ 驚爆法律顧', '文章網址': 'https://www.ptt.cc/bbs/Gossiping/M.1654048455.A.B70.html', 'state': '熱烈討論'}
200
{'文章標題': '[新聞] 警方為何掩護天虹科技副總？ 驚爆法律顧', '文章網址': 'https://www.ptt.cc/bbs/Gossiping/M.1654048455.A.B70.html', 'state': '熱烈討論'}
200
{'文章標題': '[新聞] 警方為何掩護天虹科技副總？ 驚爆法律顧', '文章網址': 'https://www.ptt.cc/bbs/Gossiping/M.1654048455.A.B70.html', 'state': '熱烈討論'}
200
作業完畢...兩小時後再次執行
DB連接成功
--------------------------------------------------
ERROR   https://www.ptt.cc/bbs/Gossiping/M.1653232295.A.EBF.html
--------------------------------------------------
推噓數更新完畢...分析文章熱門程度
取消追蹤 https://www.ptt.cc/bbs/Gossiping/M.1654048455.A.B70.html
文章無人回應 刪除
不熱門了
分析完成
--------------------------------------------------
ERROR   https://www.ptt.cc/bbs/Baseball/M.1654076359.A.AF8.html
--------------------------------------------------
推噓數更新完畢...分析文章熱門程度
取消追蹤 https://www.ptt.cc/bbs/C_Chat/M.1654083017.A.6D4.html
文章無人回應 刪除
不熱門了
分析完成
--------------------------------------------------
推噓數更新完畢...分析文章熱門程度
資料量:  1
ERROR   https://www.ptt.cc/bbs/Gossiping/M.1654090841.A.75B.html
--------------------------------------------------
推噓數更新完畢...分析文章熱門程度
資料量:  1
文章目前無人回應
ERROR   https://www.ptt.cc/bbs/C_Chat/M.1654090829.A.ED5.html
--------------------------------------------------
推噓數更新完畢...分析文章熱門程度
資料量:  1
文章目前無人回應
ERROR   https://www.ptt.cc/bbs/C_Chat/M.1654091662.A.B02.html
--------------------------------------------------
推播列表 []
作業完畢...兩小時後再次執行
DB連接成功
--------------------------------------------------
ERROR   https://www.ptt.cc/bbs/Gossiping/M.1653232295.A.EBF.html
--------------------------------------------------
ERROR   https://www.ptt.cc/bbs/Baseball/M.1654076359.A.AF8.html
--------------------------------------------------
推噓數更新完畢...分析文章熱門程度
取消追蹤 https://www.ptt.cc/bbs/Gossiping/M.1654090841.A.75B.html
文章無人回應 刪除
不熱門了
分析完成
--------------------------------------------------
推噓數更新完畢...分析文章熱門程度
取消追蹤 https://www.ptt.cc/bbs/C_Chat/M.1654090829.A.ED5.html
文章無人回應 刪除
不熱門了
分析完成
--------------------------------------------------
推噓數更新完畢...分析文章熱門程度
取消追蹤 https://www.ptt.cc/bbs/C_Chat/M.1654091662.A.B02.html
文章無人回應 刪除
不熱門了
分析完成
--------------------------------------------------
推噓數更新完畢...分析文章熱門程度
資料量:  1
ERROR   https://www.ptt.cc/bbs/C_Chat/M.1654098689.A.40A.html
--------------------------------------------------
推噓數更新完畢...分析文章熱門程度
資料量:  1
ERROR   https://www.ptt.cc/bbs/Gossiping/M.1654097461.A.498.html
--------------------------------------------------
推噓數更新完畢...分析文章熱門程度
資料量:  1
ERROR   https://www.ptt.cc/bbs/Gossiping/M.1654098445.A.E5B.html
--------------------------------------------------
推噓數更新完畢...分析文章熱門程度
資料量:  1
文章目前無人回應
ERROR   https://www.ptt.cc/bbs/Gossiping/M.1654098808.A.CFC.html
--------------------------------------------------
推播列表 []
作業完畢...兩小時後再次執行
DB連接成功
--------------------------------------------------
ERROR   https://www.ptt.cc/bbs/Gossiping/M.1653232295.A.EBF.html
--------------------------------------------------
ERROR   https://www.ptt.cc/bbs/Baseball/M.1654076359.A.AF8.html
--------------------------------------------------
推噓數更新完畢...分析文章熱門程度
取消追蹤 https://www.ptt.cc/bbs/C_Chat/M.1654098689.A.40A.html
文章無人回應 刪除
不熱門了
分析完成
--------------------------------------------------
推噓數更新完畢...分析文章熱門程度
取消追蹤 https://www.ptt.cc/bbs/Gossiping/M.1654097461.A.498.html
文章無人回應 刪除
不熱門了
分析完成
--------------------------------------------------
推噓數更新完畢...分析文章熱門程度
取消追蹤 https://www.ptt.cc/bbs/Gossiping/M.1654098445.A.E5B.html
文章無人回應 刪除
不熱門了
分析完成
--------------------------------------------------
推噓數更新完畢...分析文章熱門程度
取消追蹤 https://www.ptt.cc/bbs/Gossiping/M.1654098808.A.CFC.html
文章無人回應 刪除
不熱門了
分析完成
--------------------------------------------------
推播列表 []
作業完畢...兩小時後再次執行
DB連接成功
--------------------------------------------------
ERROR   https://www.ptt.cc/bbs/Gossiping/M.1653232295.A.EBF.html
--------------------------------------------------
ERROR   https://www.ptt.cc/bbs/Baseball/M.1654076359.A.AF8.html
--------------------------------------------------
推播列表 []
作業完畢...兩小時後再次執行
DB連接成功
--------------------------------------------------
ERROR   https://www.ptt.cc/bbs/Gossiping/M.1653232295.A.EBF.html
--------------------------------------------------
ERROR   https://www.ptt.cc/bbs/Baseball/M.1654076359.A.AF8.html
--------------------------------------------------
推播列表 []
作業完畢...兩小時後再次執行
DB連接成功
--------------------------------------------------
ERROR   https://www.ptt.cc/bbs/Gossiping/M.1653232295.A.EBF.html
--------------------------------------------------
ERROR   https://www.ptt.cc/bbs/Baseball/M.1654076359.A.AF8.html
--------------------------------------------------
推噓數更新完畢...分析文章熱門程度
資料量:  1
ERROR   https://www.ptt.cc/bbs/Gossiping/M.1654126538.A.6D0.html
--------------------------------------------------
推播列表 []
作業完畢...兩小時後再次執行
DB連接成功
--------------------------------------------------
ERROR   https://www.ptt.cc/bbs/Gossiping/M.1653232295.A.EBF.html
--------------------------------------------------
ERROR   https://www.ptt.cc/bbs/Baseball/M.1654076359.A.AF8.html
--------------------------------------------------
推噓數更新完畢...分析文章熱門程度
取消追蹤 https://www.ptt.cc/bbs/Gossiping/M.1654126538.A.6D0.html
文章無人回應 刪除
不熱門了
分析完成
--------------------------------------------------
推播列表 []
作業完畢...兩小時後再次執行
